2022-11-06 10:59:35.863 [ForkJoinPool.commonPool-worker-1] INFO  org.springframework.boot.SpringApplication - Starting application using Java 1.8.0_342 on zhangyundeAir.lan with PID 9212 (started by zhangyun in /Users/zhangyun/Documents/javaProject/FileCloud)
2022-11-06 10:59:35.865 [ForkJoinPool.commonPool-worker-1] INFO  org.springframework.boot.SpringApplication - The following profiles are active: dev
2022-11-06 10:59:36.684 [ForkJoinPool.commonPool-worker-1] INFO  o.s.boot.web.embedded.tomcat.TomcatWebServer - Tomcat initialized with port(s): 8081 (http)
2022-11-06 10:59:36.689 [ForkJoinPool.commonPool-worker-1] INFO  org.apache.catalina.core.StandardService - Starting service [Tomcat]
2022-11-06 10:59:36.690 [ForkJoinPool.commonPool-worker-1] INFO  org.apache.catalina.core.StandardEngine - Starting Servlet engine: [Apache Tomcat/9.0.54]
2022-11-06 10:59:36.723 [ForkJoinPool.commonPool-worker-1] INFO  o.a.c.core.ContainerBase.[Tomcat].[localhost].[/] - Initializing Spring embedded WebApplicationContext
2022-11-06 10:59:36.723 [ForkJoinPool.commonPool-worker-1] INFO  o.s.b.w.s.c.ServletWebServerApplicationContext - Root WebApplicationContext: initialization completed in 828 ms
2022-11-06 10:59:36.962 [ForkJoinPool.commonPool-worker-1] INFO  s.d.s.w.PropertySourcedRequestMappingHandlerMapping - Mapped URL path [/v2/api-docs] onto method [springfox.documentation.swagger2.web.Swagger2Controller#getDocumentation(String, HttpServletRequest)]
2022-11-06 10:59:37.086 [ForkJoinPool.commonPool-worker-1] INFO  o.s.boot.web.embedded.tomcat.TomcatWebServer - Tomcat started on port(s): 8081 (http) with context path ''
2022-11-06 10:59:37.087 [ForkJoinPool.commonPool-worker-1] INFO  s.d.s.web.plugins.DocumentationPluginsBootstrapper - Context refreshed
2022-11-06 10:59:37.094 [ForkJoinPool.commonPool-worker-1] INFO  s.d.s.web.plugins.DocumentationPluginsBootstrapper - Found 1 custom documentation plugin(s)
2022-11-06 10:59:37.105 [ForkJoinPool.commonPool-worker-1] INFO  s.d.spring.web.scanners.ApiListingReferenceScanner - Scanning for api listing references
2022-11-06 10:59:37.139 [ForkJoinPool.commonPool-worker-1] INFO  org.springframework.boot.SpringApplication - Started application in 1.766 seconds (JVM running for 2.241)
2022-11-06 10:59:37.148 [ForkJoinPool.commonPool-worker-1] INFO  c.z.filecloud.client.monitor.ClientFileMonitor - File Monitor启动成功！
2022-11-06 10:59:37.148 [ForkJoinPool.commonPool-worker-1] INFO  com.zhangyun.filecloud.client.service.NettyClient - netty client starting...
2022-11-06 10:59:37.152 [ForkJoinPool.commonPool-worker-1] INFO  com.zhangyun.filecloud.client.service.NettyClient - netty client start success
2022-11-06 10:59:37.179 [ForkJoinPool.commonPool-worker-1] INFO  com.zhangyun.filecloud.client.service.NettyClient - 建立连接：[id: 0xf85367bf, L:/127.0.0.1:65226 - R:localhost/127.0.0.1:8090]
2022-11-06 10:59:38.648 [nioEventLoopGroup-2-1] INFO  c.z.filecloud.common.protocol.MessageCodecSharable - 发送消息: {"messageType":5,"password":"1120","username":"zhangyun"}
2022-11-06 10:59:39.018 [nioEventLoopGroup-2-1] INFO  c.z.filecloud.common.protocol.MessageCodecSharable - 接收消息: {"code":200,"messageType":6,"msg":"登录成功！","token":"bc7b173c-528b-4250-8c66-a74223e83398"}
2022-11-06 10:59:39.019 [JavaFX Application Thread] INFO  c.zhangyun.filecloud.common.aspect.TraceLogAspect - 执行方法: LoginService.sendLoginMessage, 参数: username:"zhangyun"password:"1120" ====> LoginResponseMessage(code=200, msg=登录成功！, token=bc7b173c-528b-4250-8c66-a74223e83398), 时间: 430ms
2022-11-06 10:59:39.019 [JavaFX Application Thread] INFO  c.z.f.client.controller.LoginButtonController - 登录成功
2022-11-06 21:01:21.104 [ForkJoinPool.commonPool-worker-1] INFO  org.springframework.boot.SpringApplication - Starting application using Java 1.8.0_342 on zhangyundeMacBook-Air.local with PID 53045 (started by zhangyun in /Users/zhangyun/Documents/javaProject/FileCloud)
2022-11-06 21:01:21.106 [ForkJoinPool.commonPool-worker-1] INFO  org.springframework.boot.SpringApplication - The following profiles are active: dev
2022-11-06 21:01:21.726 [ForkJoinPool.commonPool-worker-1] INFO  o.s.boot.web.embedded.tomcat.TomcatWebServer - Tomcat initialized with port(s): 8081 (http)
2022-11-06 21:01:21.730 [ForkJoinPool.commonPool-worker-1] INFO  org.apache.catalina.core.StandardService - Starting service [Tomcat]
2022-11-06 21:01:21.731 [ForkJoinPool.commonPool-worker-1] INFO  org.apache.catalina.core.StandardEngine - Starting Servlet engine: [Apache Tomcat/9.0.54]
2022-11-06 21:01:21.766 [ForkJoinPool.commonPool-worker-1] INFO  o.a.c.core.ContainerBase.[Tomcat].[localhost].[/] - Initializing Spring embedded WebApplicationContext
2022-11-06 21:01:21.766 [ForkJoinPool.commonPool-worker-1] INFO  o.s.b.w.s.c.ServletWebServerApplicationContext - Root WebApplicationContext: initialization completed in 634 ms
2022-11-06 21:01:22.003 [ForkJoinPool.commonPool-worker-1] INFO  s.d.s.w.PropertySourcedRequestMappingHandlerMapping - Mapped URL path [/v2/api-docs] onto method [springfox.documentation.swagger2.web.Swagger2Controller#getDocumentation(String, HttpServletRequest)]
2022-11-06 21:01:22.140 [ForkJoinPool.commonPool-worker-1] INFO  o.s.boot.web.embedded.tomcat.TomcatWebServer - Tomcat started on port(s): 8081 (http) with context path ''
2022-11-06 21:01:22.141 [ForkJoinPool.commonPool-worker-1] INFO  s.d.s.web.plugins.DocumentationPluginsBootstrapper - Context refreshed
2022-11-06 21:01:22.146 [ForkJoinPool.commonPool-worker-1] INFO  s.d.s.web.plugins.DocumentationPluginsBootstrapper - Found 1 custom documentation plugin(s)
2022-11-06 21:01:22.159 [ForkJoinPool.commonPool-worker-1] INFO  s.d.spring.web.scanners.ApiListingReferenceScanner - Scanning for api listing references
2022-11-06 21:01:22.199 [ForkJoinPool.commonPool-worker-1] INFO  org.springframework.boot.SpringApplication - Started application in 1.5 seconds (JVM running for 2.118)
2022-11-06 21:01:22.210 [ForkJoinPool.commonPool-worker-1] INFO  c.z.filecloud.client.monitor.ClientFileMonitor - File Monitor启动成功！
2022-11-06 21:01:22.210 [ForkJoinPool.commonPool-worker-1] INFO  com.zhangyun.filecloud.client.service.NettyClient - netty client starting...
2022-11-06 21:01:22.213 [ForkJoinPool.commonPool-worker-1] INFO  com.zhangyun.filecloud.client.service.NettyClient - netty client start success
2022-11-06 21:01:22.241 [ForkJoinPool.commonPool-worker-1] INFO  com.zhangyun.filecloud.client.service.NettyClient - 建立连接：[id: 0x06343e2f, L:/127.0.0.1:53688 - R:localhost/127.0.0.1:8090]
2022-11-06 21:01:24.381 [nioEventLoopGroup-2-1] INFO  c.z.filecloud.common.protocol.MessageCodecSharable - 发送消息: {"messageType":5,"password":"1120","username":"zhangyun"}
2022-11-06 21:01:24.733 [nioEventLoopGroup-2-1] INFO  c.z.filecloud.common.protocol.MessageCodecSharable - 接收消息: {"code":200,"messageType":6,"msg":"登录成功！","token":"fab4918d-1757-42a8-815b-6ed0ddb150b6"}
2022-11-06 21:01:24.734 [JavaFX Application Thread] INFO  c.zhangyun.filecloud.common.aspect.TraceLogAspect - 执行方法: LoginService.sendLoginMessage, 参数: username:"zhangyun"password:"1120" ====> LoginResponseMessage(code=200, msg=登录成功！, token=fab4918d-1757-42a8-815b-6ed0ddb150b6), 时间: 410ms
2022-11-06 21:01:24.734 [JavaFX Application Thread] INFO  c.z.f.client.controller.LoginButtonController - 登录成功
2022-11-06 21:01:38.343 [JavaFX Application Thread] ERROR d.f.jfxsupport.AbstractJavaFxApplicationSupport - Failed to load application: 
java.lang.IllegalStateException: Cannot load devicename
	at de.felixroske.jfxsupport.AbstractFxmlView.loadSynchronously(AbstractFxmlView.java:162)
	at de.felixroske.jfxsupport.AbstractFxmlView.ensureFxmlLoaderInitialized(AbstractFxmlView.java:177)
	at de.felixroske.jfxsupport.AbstractFxmlView.getView(AbstractFxmlView.java:189)
	at de.felixroske.jfxsupport.AbstractJavaFxApplicationSupport.showView(AbstractJavaFxApplicationSupport.java:208)
	at com.zhangyun.filecloud.client.controller.initdevice.SelectFolderPathController.ok(SelectFolderPathController.java:48)
	at sun.reflect.NativeMethodAccessorImpl.invoke0(Native Method)
	at sun.reflect.NativeMethodAccessorImpl.invoke(NativeMethodAccessorImpl.java:62)
	at sun.reflect.DelegatingMethodAccessorImpl.invoke(DelegatingMethodAccessorImpl.java:43)
	at java.lang.reflect.Method.invoke(Method.java:498)
	at sun.reflect.misc.Trampoline.invoke(MethodUtil.java:72)
	at sun.reflect.GeneratedMethodAccessor35.invoke(Unknown Source)
	at sun.reflect.DelegatingMethodAccessorImpl.invoke(DelegatingMethodAccessorImpl.java:43)
	at java.lang.reflect.Method.invoke(Method.java:498)
	at sun.reflect.misc.MethodUtil.invoke(MethodUtil.java:276)
	at javafx.fxml.FXMLLoader$MethodHandler.invoke(FXMLLoader.java:1771)
	at javafx.fxml.FXMLLoader$ControllerMethodEventHandler.handle(FXMLLoader.java:1657)
	at com.sun.javafx.event.CompositeEventHandler.dispatchBubblingEvent(CompositeEventHandler.java:86)
	at com.sun.javafx.event.EventHandlerManager.dispatchBubblingEvent(EventHandlerManager.java:238)
	at com.sun.javafx.event.EventHandlerManager.dispatchBubblingEvent(EventHandlerManager.java:191)
	at com.sun.javafx.event.CompositeEventDispatcher.dispatchBubblingEvent(CompositeEventDispatcher.java:59)
	at com.sun.javafx.event.BasicEventDispatcher.dispatchEvent(BasicEventDispatcher.java:58)
	at com.sun.javafx.event.EventDispatchChainImpl.dispatchEvent(EventDispatchChainImpl.java:114)
	at com.sun.javafx.event.BasicEventDispatcher.dispatchEvent(BasicEventDispatcher.java:56)
	at com.sun.javafx.event.EventDispatchChainImpl.dispatchEvent(EventDispatchChainImpl.java:114)
	at com.sun.javafx.event.BasicEventDispatcher.dispatchEvent(BasicEventDispatcher.java:56)
	at com.sun.javafx.event.EventDispatchChainImpl.dispatchEvent(EventDispatchChainImpl.java:114)
	at com.sun.javafx.event.EventUtil.fireEventImpl(EventUtil.java:74)
	at com.sun.javafx.event.EventUtil.fireEvent(EventUtil.java:49)
	at javafx.event.Event.fireEvent(Event.java:198)
	at javafx.scene.Node.fireEvent(Node.java:8411)
	at javafx.scene.control.Button.fire(Button.java:185)
	at com.sun.javafx.scene.control.behavior.ButtonBehavior.mouseReleased(ButtonBehavior.java:182)
	at com.sun.javafx.scene.control.skin.BehaviorSkinBase$1.handle(BehaviorSkinBase.java:96)
	at com.sun.javafx.scene.control.skin.BehaviorSkinBase$1.handle(BehaviorSkinBase.java:89)
	at com.sun.javafx.event.CompositeEventHandler$NormalEventHandlerRecord.handleBubblingEvent(CompositeEventHandler.java:218)
	at com.sun.javafx.event.CompositeEventHandler.dispatchBubblingEvent(CompositeEventHandler.java:80)
	at com.sun.javafx.event.EventHandlerManager.dispatchBubblingEvent(EventHandlerManager.java:238)
	at com.sun.javafx.event.EventHandlerManager.dispatchBubblingEvent(EventHandlerManager.java:191)
	at com.sun.javafx.event.CompositeEventDispatcher.dispatchBubblingEvent(CompositeEventDispatcher.java:59)
	at com.sun.javafx.event.BasicEventDispatcher.dispatchEvent(BasicEventDispatcher.java:58)
	at com.sun.javafx.event.EventDispatchChainImpl.dispatchEvent(EventDispatchChainImpl.java:114)
	at com.sun.javafx.event.BasicEventDispatcher.dispatchEvent(BasicEventDispatcher.java:56)
	at com.sun.javafx.event.EventDispatchChainImpl.dispatchEvent(EventDispatchChainImpl.java:114)
	at com.sun.javafx.event.BasicEventDispatcher.dispatchEvent(BasicEventDispatcher.java:56)
	at com.sun.javafx.event.EventDispatchChainImpl.dispatchEvent(EventDispatchChainImpl.java:114)
	at com.sun.javafx.event.EventUtil.fireEventImpl(EventUtil.java:74)
	at com.sun.javafx.event.EventUtil.fireEvent(EventUtil.java:54)
	at javafx.event.Event.fireEvent(Event.java:198)
	at javafx.scene.Scene$MouseHandler.process(Scene.java:3760)
	at javafx.scene.Scene$MouseHandler.access$1500(Scene.java:3488)
	at javafx.scene.Scene.impl_processMouseEvent(Scene.java:1765)
	at javafx.scene.Scene$ScenePeerListener.mouseEvent(Scene.java:2497)
	at com.sun.javafx.tk.quantum.GlassViewEventHandler$MouseEventNotification.run(GlassViewEventHandler.java:394)
	at com.sun.javafx.tk.quantum.GlassViewEventHandler$MouseEventNotification.run(GlassViewEventHandler.java:295)
	at java.security.AccessController.doPrivileged(Native Method)
	at com.sun.javafx.tk.quantum.GlassViewEventHandler.lambda$handleMouseEvent$2(GlassViewEventHandler.java:432)
	at com.sun.javafx.tk.quantum.QuantumToolkit.runWithoutRenderLock(QuantumToolkit.java:389)
	at com.sun.javafx.tk.quantum.GlassViewEventHandler.handleMouseEvent(GlassViewEventHandler.java:431)
	at com.sun.glass.ui.View.handleMouseEvent(View.java:555)
	at com.sun.glass.ui.View.notifyMouse(View.java:937)
Caused by: javafx.fxml.LoadException: 
/Users/zhangyun/Documents/javaProject/FileCloud/client/target/classes/fxml/init_device/DeviceName.fxml:7

	at javafx.fxml.FXMLLoader.constructLoadException(FXMLLoader.java:2601)
	at javafx.fxml.FXMLLoader.access$700(FXMLLoader.java:103)
	at javafx.fxml.FXMLLoader$ValueElement.processAttribute(FXMLLoader.java:922)
	at javafx.fxml.FXMLLoader$InstanceDeclarationElement.processAttribute(FXMLLoader.java:971)
	at javafx.fxml.FXMLLoader$Element.processStartElement(FXMLLoader.java:220)
	at javafx.fxml.FXMLLoader$ValueElement.processStartElement(FXMLLoader.java:744)
	at javafx.fxml.FXMLLoader.processStartElement(FXMLLoader.java:2707)
	at javafx.fxml.FXMLLoader.loadImpl(FXMLLoader.java:2527)
	at javafx.fxml.FXMLLoader.loadImpl(FXMLLoader.java:2441)
	at javafx.fxml.FXMLLoader.load(FXMLLoader.java:2409)
	at de.felixroske.jfxsupport.AbstractFxmlView.loadSynchronously(AbstractFxmlView.java:160)
	... 59 common frames omitted
Caused by: java.lang.ClassNotFoundException: fxml.init_device.DeviceName
	at java.net.URLClassLoader.findClass(URLClassLoader.java:387)
	at java.lang.ClassLoader.loadClass(ClassLoader.java:418)
	at sun.misc.Launcher$AppClassLoader.loadClass(Launcher.java:352)
	at java.lang.ClassLoader.loadClass(ClassLoader.java:351)
	at javafx.fxml.FXMLLoader$ValueElement.processAttribute(FXMLLoader.java:920)
	... 67 common frames omitted
2022-11-06 21:03:47.605 [ForkJoinPool.commonPool-worker-1] INFO  org.springframework.boot.SpringApplication - Starting application using Java 1.8.0_342 on zhangyundeMacBook-Air.local with PID 53532 (started by zhangyun in /Users/zhangyun/Documents/javaProject/FileCloud)
2022-11-06 21:03:47.606 [ForkJoinPool.commonPool-worker-1] INFO  org.springframework.boot.SpringApplication - The following profiles are active: dev
2022-11-06 21:03:48.227 [ForkJoinPool.commonPool-worker-1] INFO  o.s.boot.web.embedded.tomcat.TomcatWebServer - Tomcat initialized with port(s): 8081 (http)
2022-11-06 21:03:48.232 [ForkJoinPool.commonPool-worker-1] INFO  org.apache.catalina.core.StandardService - Starting service [Tomcat]
2022-11-06 21:03:48.232 [ForkJoinPool.commonPool-worker-1] INFO  org.apache.catalina.core.StandardEngine - Starting Servlet engine: [Apache Tomcat/9.0.54]
2022-11-06 21:03:48.267 [ForkJoinPool.commonPool-worker-1] INFO  o.a.c.core.ContainerBase.[Tomcat].[localhost].[/] - Initializing Spring embedded WebApplicationContext
2022-11-06 21:03:48.267 [ForkJoinPool.commonPool-worker-1] INFO  o.s.b.w.s.c.ServletWebServerApplicationContext - Root WebApplicationContext: initialization completed in 635 ms
2022-11-06 21:03:48.507 [ForkJoinPool.commonPool-worker-1] INFO  s.d.s.w.PropertySourcedRequestMappingHandlerMapping - Mapped URL path [/v2/api-docs] onto method [springfox.documentation.swagger2.web.Swagger2Controller#getDocumentation(String, HttpServletRequest)]
2022-11-06 21:03:48.635 [ForkJoinPool.commonPool-worker-1] INFO  o.s.boot.web.embedded.tomcat.TomcatWebServer - Tomcat started on port(s): 8081 (http) with context path ''
2022-11-06 21:03:48.636 [ForkJoinPool.commonPool-worker-1] INFO  s.d.s.web.plugins.DocumentationPluginsBootstrapper - Context refreshed
2022-11-06 21:03:48.642 [ForkJoinPool.commonPool-worker-1] INFO  s.d.s.web.plugins.DocumentationPluginsBootstrapper - Found 1 custom documentation plugin(s)
2022-11-06 21:03:48.653 [ForkJoinPool.commonPool-worker-1] INFO  s.d.spring.web.scanners.ApiListingReferenceScanner - Scanning for api listing references
2022-11-06 21:03:48.691 [ForkJoinPool.commonPool-worker-1] INFO  org.springframework.boot.SpringApplication - Started application in 1.434 seconds (JVM running for 2.067)
2022-11-06 21:03:48.699 [ForkJoinPool.commonPool-worker-1] INFO  c.z.filecloud.client.monitor.ClientFileMonitor - File Monitor启动成功！
2022-11-06 21:03:48.699 [ForkJoinPool.commonPool-worker-1] INFO  com.zhangyun.filecloud.client.service.NettyClient - netty client starting...
2022-11-06 21:03:48.703 [ForkJoinPool.commonPool-worker-1] INFO  com.zhangyun.filecloud.client.service.NettyClient - netty client start success
2022-11-06 21:03:48.731 [ForkJoinPool.commonPool-worker-1] INFO  com.zhangyun.filecloud.client.service.NettyClient - 建立连接：[id: 0x20b5c15b, L:/127.0.0.1:53722 - R:localhost/127.0.0.1:8090]
2022-11-06 21:04:00.099 [nioEventLoopGroup-2-1] INFO  c.z.filecloud.common.protocol.MessageCodecSharable - 发送消息: {"messageType":5,"password":"1120","username":"zhangyun"}
2022-11-06 21:04:00.122 [nioEventLoopGroup-2-1] INFO  c.z.filecloud.common.protocol.MessageCodecSharable - 接收消息: {"code":200,"messageType":6,"msg":"登录成功！","token":"d03f1314-49fa-4844-8a51-cb8126261056"}
2022-11-06 21:04:00.123 [JavaFX Application Thread] INFO  c.zhangyun.filecloud.common.aspect.TraceLogAspect - 执行方法: LoginService.sendLoginMessage, 参数: username:"zhangyun"password:"1120" ====> LoginResponseMessage(code=200, msg=登录成功！, token=d03f1314-49fa-4844-8a51-cb8126261056), 时间: 70ms
2022-11-06 21:04:00.123 [JavaFX Application Thread] INFO  c.z.f.client.controller.LoginButtonController - 登录成功
2022-11-06 21:05:52.142 [ForkJoinPool.commonPool-worker-1] INFO  org.springframework.boot.SpringApplication - Starting application using Java 1.8.0_342 on zhangyundeMacBook-Air.local with PID 53930 (started by zhangyun in /Users/zhangyun/Documents/javaProject/FileCloud)
2022-11-06 21:05:52.144 [ForkJoinPool.commonPool-worker-1] INFO  org.springframework.boot.SpringApplication - The following profiles are active: dev
2022-11-06 21:05:52.787 [ForkJoinPool.commonPool-worker-1] INFO  o.s.boot.web.embedded.tomcat.TomcatWebServer - Tomcat initialized with port(s): 8081 (http)
2022-11-06 21:05:52.791 [ForkJoinPool.commonPool-worker-1] INFO  org.apache.catalina.core.StandardService - Starting service [Tomcat]
2022-11-06 21:05:52.792 [ForkJoinPool.commonPool-worker-1] INFO  org.apache.catalina.core.StandardEngine - Starting Servlet engine: [Apache Tomcat/9.0.54]
2022-11-06 21:05:52.827 [ForkJoinPool.commonPool-worker-1] INFO  o.a.c.core.ContainerBase.[Tomcat].[localhost].[/] - Initializing Spring embedded WebApplicationContext
2022-11-06 21:05:52.827 [ForkJoinPool.commonPool-worker-1] INFO  o.s.b.w.s.c.ServletWebServerApplicationContext - Root WebApplicationContext: initialization completed in 654 ms
2022-11-06 21:05:53.060 [ForkJoinPool.commonPool-worker-1] INFO  s.d.s.w.PropertySourcedRequestMappingHandlerMapping - Mapped URL path [/v2/api-docs] onto method [springfox.documentation.swagger2.web.Swagger2Controller#getDocumentation(String, HttpServletRequest)]
2022-11-06 21:05:53.189 [ForkJoinPool.commonPool-worker-1] INFO  o.s.boot.web.embedded.tomcat.TomcatWebServer - Tomcat started on port(s): 8081 (http) with context path ''
2022-11-06 21:05:53.189 [ForkJoinPool.commonPool-worker-1] INFO  s.d.s.web.plugins.DocumentationPluginsBootstrapper - Context refreshed
2022-11-06 21:05:53.195 [ForkJoinPool.commonPool-worker-1] INFO  s.d.s.web.plugins.DocumentationPluginsBootstrapper - Found 1 custom documentation plugin(s)
2022-11-06 21:05:53.207 [ForkJoinPool.commonPool-worker-1] INFO  s.d.spring.web.scanners.ApiListingReferenceScanner - Scanning for api listing references
2022-11-06 21:05:53.244 [ForkJoinPool.commonPool-worker-1] INFO  org.springframework.boot.SpringApplication - Started application in 1.431 seconds (JVM running for 2.129)
2022-11-06 21:05:53.250 [ForkJoinPool.commonPool-worker-1] INFO  c.z.filecloud.client.monitor.ClientFileMonitor - File Monitor启动成功！
2022-11-06 21:05:53.251 [ForkJoinPool.commonPool-worker-1] INFO  com.zhangyun.filecloud.client.service.NettyClient - netty client starting...
2022-11-06 21:05:53.254 [ForkJoinPool.commonPool-worker-1] INFO  com.zhangyun.filecloud.client.service.NettyClient - netty client start success
2022-11-06 21:05:53.294 [ForkJoinPool.commonPool-worker-1] INFO  com.zhangyun.filecloud.client.service.NettyClient - 建立连接：[id: 0xb2eb8bd1, L:/127.0.0.1:53750 - R:localhost/127.0.0.1:8090]
2022-11-06 21:05:54.726 [nioEventLoopGroup-2-1] INFO  c.z.filecloud.common.protocol.MessageCodecSharable - 发送消息: {"messageType":5,"password":"1120","username":"zhangyun"}
2022-11-06 21:05:54.747 [nioEventLoopGroup-2-1] INFO  c.z.filecloud.common.protocol.MessageCodecSharable - 接收消息: {"code":200,"messageType":6,"msg":"登录成功！","token":"6f355f78-2597-47ae-a78c-42df336cf97d"}
2022-11-06 21:05:54.748 [JavaFX Application Thread] INFO  c.zhangyun.filecloud.common.aspect.TraceLogAspect - 执行方法: LoginService.sendLoginMessage, 参数: username:"zhangyun"password:"1120" ====> LoginResponseMessage(code=200, msg=登录成功！, token=6f355f78-2597-47ae-a78c-42df336cf97d), 时间: 76ms
2022-11-06 21:05:54.749 [JavaFX Application Thread] INFO  c.z.f.client.controller.LoginButtonController - 登录成功
2022-11-06 21:14:36.953 [ForkJoinPool.commonPool-worker-1] INFO  org.springframework.boot.SpringApplication - Starting application using Java 1.8.0_342 on zhangyundeMacBook-Air.local with PID 55617 (started by zhangyun in /Users/zhangyun/Documents/javaProject/FileCloud)
2022-11-06 21:14:36.954 [ForkJoinPool.commonPool-worker-1] INFO  org.springframework.boot.SpringApplication - The following profiles are active: dev
2022-11-06 21:14:37.566 [ForkJoinPool.commonPool-worker-1] INFO  o.s.boot.web.embedded.tomcat.TomcatWebServer - Tomcat initialized with port(s): 8081 (http)
2022-11-06 21:14:37.570 [ForkJoinPool.commonPool-worker-1] INFO  org.apache.catalina.core.StandardService - Starting service [Tomcat]
2022-11-06 21:14:37.570 [ForkJoinPool.commonPool-worker-1] INFO  org.apache.catalina.core.StandardEngine - Starting Servlet engine: [Apache Tomcat/9.0.54]
2022-11-06 21:14:37.604 [ForkJoinPool.commonPool-worker-1] INFO  o.a.c.core.ContainerBase.[Tomcat].[localhost].[/] - Initializing Spring embedded WebApplicationContext
2022-11-06 21:14:37.604 [ForkJoinPool.commonPool-worker-1] INFO  o.s.b.w.s.c.ServletWebServerApplicationContext - Root WebApplicationContext: initialization completed in 626 ms
2022-11-06 21:14:37.841 [ForkJoinPool.commonPool-worker-1] INFO  s.d.s.w.PropertySourcedRequestMappingHandlerMapping - Mapped URL path [/v2/api-docs] onto method [springfox.documentation.swagger2.web.Swagger2Controller#getDocumentation(String, HttpServletRequest)]
2022-11-06 21:14:37.962 [ForkJoinPool.commonPool-worker-1] INFO  o.s.boot.web.embedded.tomcat.TomcatWebServer - Tomcat started on port(s): 8081 (http) with context path ''
2022-11-06 21:14:37.963 [ForkJoinPool.commonPool-worker-1] INFO  s.d.s.web.plugins.DocumentationPluginsBootstrapper - Context refreshed
2022-11-06 21:14:37.969 [ForkJoinPool.commonPool-worker-1] INFO  s.d.s.web.plugins.DocumentationPluginsBootstrapper - Found 1 custom documentation plugin(s)
2022-11-06 21:14:37.980 [ForkJoinPool.commonPool-worker-1] INFO  s.d.spring.web.scanners.ApiListingReferenceScanner - Scanning for api listing references
2022-11-06 21:14:38.015 [ForkJoinPool.commonPool-worker-1] INFO  org.springframework.boot.SpringApplication - Started application in 1.394 seconds (JVM running for 2.023)
2022-11-06 21:14:38.022 [ForkJoinPool.commonPool-worker-1] INFO  c.z.filecloud.client.monitor.ClientFileMonitor - File Monitor启动成功！
2022-11-06 21:14:38.023 [ForkJoinPool.commonPool-worker-1] INFO  com.zhangyun.filecloud.client.service.NettyClient - netty client starting...
2022-11-06 21:14:38.026 [ForkJoinPool.commonPool-worker-1] INFO  com.zhangyun.filecloud.client.service.NettyClient - netty client start success
2022-11-06 21:14:38.053 [ForkJoinPool.commonPool-worker-1] INFO  com.zhangyun.filecloud.client.service.NettyClient - 建立连接：[id: 0xa309312f, L:/127.0.0.1:53981 - R:localhost/127.0.0.1:8090]
2022-11-06 21:14:42.016 [nioEventLoopGroup-2-1] INFO  c.z.filecloud.common.protocol.MessageCodecSharable - 发送消息: {"messageType":5,"password":"1120","username":"zhangyun"}
2022-11-06 21:14:42.040 [nioEventLoopGroup-2-1] INFO  c.z.filecloud.common.protocol.MessageCodecSharable - 接收消息: {"code":200,"messageType":6,"msg":"登录成功！","token":"ad846303-b688-412b-aa1a-46b370aa2448"}
2022-11-06 21:14:42.041 [JavaFX Application Thread] INFO  c.zhangyun.filecloud.common.aspect.TraceLogAspect - 执行方法: LoginService.sendLoginMessage, 参数: username:"zhangyun"password:"1120" ====> LoginResponseMessage(code=200, msg=登录成功！, token=ad846303-b688-412b-aa1a-46b370aa2448), 时间: 80ms
2022-11-06 21:14:42.041 [JavaFX Application Thread] INFO  c.z.f.client.controller.LoginButtonController - 登录成功
2022-11-06 21:14:51.400 [JavaFX Application Thread] ERROR d.f.jfxsupport.AbstractJavaFxApplicationSupport - Failed to load application: 
java.lang.IllegalStateException: Cannot load devicename
	at de.felixroske.jfxsupport.AbstractFxmlView.loadSynchronously(AbstractFxmlView.java:162)
	at de.felixroske.jfxsupport.AbstractFxmlView.ensureFxmlLoaderInitialized(AbstractFxmlView.java:177)
	at de.felixroske.jfxsupport.AbstractFxmlView.getView(AbstractFxmlView.java:189)
	at de.felixroske.jfxsupport.AbstractJavaFxApplicationSupport.showView(AbstractJavaFxApplicationSupport.java:208)
	at com.zhangyun.filecloud.client.controller.initdevice.SelectFolderPathController.ok(SelectFolderPathController.java:54)
	at sun.reflect.NativeMethodAccessorImpl.invoke0(Native Method)
	at sun.reflect.NativeMethodAccessorImpl.invoke(NativeMethodAccessorImpl.java:62)
	at sun.reflect.DelegatingMethodAccessorImpl.invoke(DelegatingMethodAccessorImpl.java:43)
	at java.lang.reflect.Method.invoke(Method.java:498)
	at sun.reflect.misc.Trampoline.invoke(MethodUtil.java:72)
	at sun.reflect.GeneratedMethodAccessor35.invoke(Unknown Source)
	at sun.reflect.DelegatingMethodAccessorImpl.invoke(DelegatingMethodAccessorImpl.java:43)
	at java.lang.reflect.Method.invoke(Method.java:498)
	at sun.reflect.misc.MethodUtil.invoke(MethodUtil.java:276)
	at javafx.fxml.FXMLLoader$MethodHandler.invoke(FXMLLoader.java:1771)
	at javafx.fxml.FXMLLoader$ControllerMethodEventHandler.handle(FXMLLoader.java:1657)
	at com.sun.javafx.event.CompositeEventHandler.dispatchBubblingEvent(CompositeEventHandler.java:86)
	at com.sun.javafx.event.EventHandlerManager.dispatchBubblingEvent(EventHandlerManager.java:238)
	at com.sun.javafx.event.EventHandlerManager.dispatchBubblingEvent(EventHandlerManager.java:191)
	at com.sun.javafx.event.CompositeEventDispatcher.dispatchBubblingEvent(CompositeEventDispatcher.java:59)
	at com.sun.javafx.event.BasicEventDispatcher.dispatchEvent(BasicEventDispatcher.java:58)
	at com.sun.javafx.event.EventDispatchChainImpl.dispatchEvent(EventDispatchChainImpl.java:114)
	at com.sun.javafx.event.BasicEventDispatcher.dispatchEvent(BasicEventDispatcher.java:56)
	at com.sun.javafx.event.EventDispatchChainImpl.dispatchEvent(EventDispatchChainImpl.java:114)
	at com.sun.javafx.event.BasicEventDispatcher.dispatchEvent(BasicEventDispatcher.java:56)
	at com.sun.javafx.event.EventDispatchChainImpl.dispatchEvent(EventDispatchChainImpl.java:114)
	at com.sun.javafx.event.EventUtil.fireEventImpl(EventUtil.java:74)
	at com.sun.javafx.event.EventUtil.fireEvent(EventUtil.java:49)
	at javafx.event.Event.fireEvent(Event.java:198)
	at javafx.scene.Node.fireEvent(Node.java:8411)
	at javafx.scene.control.Button.fire(Button.java:185)
	at com.sun.javafx.scene.control.behavior.ButtonBehavior.mouseReleased(ButtonBehavior.java:182)
	at com.sun.javafx.scene.control.skin.BehaviorSkinBase$1.handle(BehaviorSkinBase.java:96)
	at com.sun.javafx.scene.control.skin.BehaviorSkinBase$1.handle(BehaviorSkinBase.java:89)
	at com.sun.javafx.event.CompositeEventHandler$NormalEventHandlerRecord.handleBubblingEvent(CompositeEventHandler.java:218)
	at com.sun.javafx.event.CompositeEventHandler.dispatchBubblingEvent(CompositeEventHandler.java:80)
	at com.sun.javafx.event.EventHandlerManager.dispatchBubblingEvent(EventHandlerManager.java:238)
	at com.sun.javafx.event.EventHandlerManager.dispatchBubblingEvent(EventHandlerManager.java:191)
	at com.sun.javafx.event.CompositeEventDispatcher.dispatchBubblingEvent(CompositeEventDispatcher.java:59)
	at com.sun.javafx.event.BasicEventDispatcher.dispatchEvent(BasicEventDispatcher.java:58)
	at com.sun.javafx.event.EventDispatchChainImpl.dispatchEvent(EventDispatchChainImpl.java:114)
	at com.sun.javafx.event.BasicEventDispatcher.dispatchEvent(BasicEventDispatcher.java:56)
	at com.sun.javafx.event.EventDispatchChainImpl.dispatchEvent(EventDispatchChainImpl.java:114)
	at com.sun.javafx.event.BasicEventDispatcher.dispatchEvent(BasicEventDispatcher.java:56)
	at com.sun.javafx.event.EventDispatchChainImpl.dispatchEvent(EventDispatchChainImpl.java:114)
	at com.sun.javafx.event.EventUtil.fireEventImpl(EventUtil.java:74)
	at com.sun.javafx.event.EventUtil.fireEvent(EventUtil.java:54)
	at javafx.event.Event.fireEvent(Event.java:198)
	at javafx.scene.Scene$MouseHandler.process(Scene.java:3760)
	at javafx.scene.Scene$MouseHandler.access$1500(Scene.java:3488)
	at javafx.scene.Scene.impl_processMouseEvent(Scene.java:1765)
	at javafx.scene.Scene$ScenePeerListener.mouseEvent(Scene.java:2497)
	at com.sun.javafx.tk.quantum.GlassViewEventHandler$MouseEventNotification.run(GlassViewEventHandler.java:394)
	at com.sun.javafx.tk.quantum.GlassViewEventHandler$MouseEventNotification.run(GlassViewEventHandler.java:295)
	at java.security.AccessController.doPrivileged(Native Method)
	at com.sun.javafx.tk.quantum.GlassViewEventHandler.lambda$handleMouseEvent$2(GlassViewEventHandler.java:432)
	at com.sun.javafx.tk.quantum.QuantumToolkit.runWithoutRenderLock(QuantumToolkit.java:389)
	at com.sun.javafx.tk.quantum.GlassViewEventHandler.handleMouseEvent(GlassViewEventHandler.java:431)
	at com.sun.glass.ui.View.handleMouseEvent(View.java:555)
	at com.sun.glass.ui.View.notifyMouse(View.java:937)
Caused by: javafx.fxml.LoadException: 
/Users/zhangyun/Documents/javaProject/FileCloud/client/target/classes/fxml/init_device/DeviceName.fxml

	at javafx.fxml.FXMLLoader.constructLoadException(FXMLLoader.java:2601)
	at javafx.fxml.FXMLLoader.loadImpl(FXMLLoader.java:2579)
	at javafx.fxml.FXMLLoader.loadImpl(FXMLLoader.java:2441)
	at javafx.fxml.FXMLLoader.load(FXMLLoader.java:2409)
	at de.felixroske.jfxsupport.AbstractFxmlView.loadSynchronously(AbstractFxmlView.java:160)
	... 59 common frames omitted
Caused by: java.lang.NullPointerException: null
	at com.zhangyun.filecloud.client.controller.initdevice.DeviceNameController.initialize(DeviceNameController.java:28)
	at javafx.fxml.FXMLLoader.loadImpl(FXMLLoader.java:2548)
	... 62 common frames omitted
2022-11-06 21:16:06.099 [ForkJoinPool.commonPool-worker-1] INFO  org.springframework.boot.SpringApplication - Starting application using Java 1.8.0_342 on zhangyundeMacBook-Air.local with PID 55908 (started by zhangyun in /Users/zhangyun/Documents/javaProject/FileCloud)
2022-11-06 21:16:06.102 [ForkJoinPool.commonPool-worker-1] INFO  org.springframework.boot.SpringApplication - The following profiles are active: dev
2022-11-06 21:16:06.749 [ForkJoinPool.commonPool-worker-1] INFO  o.s.boot.web.embedded.tomcat.TomcatWebServer - Tomcat initialized with port(s): 8081 (http)
2022-11-06 21:16:06.753 [ForkJoinPool.commonPool-worker-1] INFO  org.apache.catalina.core.StandardService - Starting service [Tomcat]
2022-11-06 21:16:06.753 [ForkJoinPool.commonPool-worker-1] INFO  org.apache.catalina.core.StandardEngine - Starting Servlet engine: [Apache Tomcat/9.0.54]
2022-11-06 21:16:06.787 [ForkJoinPool.commonPool-worker-1] INFO  o.a.c.core.ContainerBase.[Tomcat].[localhost].[/] - Initializing Spring embedded WebApplicationContext
2022-11-06 21:16:06.787 [ForkJoinPool.commonPool-worker-1] INFO  o.s.b.w.s.c.ServletWebServerApplicationContext - Root WebApplicationContext: initialization completed in 639 ms
2022-11-06 21:16:07.028 [ForkJoinPool.commonPool-worker-1] INFO  s.d.s.w.PropertySourcedRequestMappingHandlerMapping - Mapped URL path [/v2/api-docs] onto method [springfox.documentation.swagger2.web.Swagger2Controller#getDocumentation(String, HttpServletRequest)]
2022-11-06 21:16:07.149 [ForkJoinPool.commonPool-worker-1] INFO  o.s.boot.web.embedded.tomcat.TomcatWebServer - Tomcat started on port(s): 8081 (http) with context path ''
2022-11-06 21:16:07.150 [ForkJoinPool.commonPool-worker-1] INFO  s.d.s.web.plugins.DocumentationPluginsBootstrapper - Context refreshed
2022-11-06 21:16:07.156 [ForkJoinPool.commonPool-worker-1] INFO  s.d.s.web.plugins.DocumentationPluginsBootstrapper - Found 1 custom documentation plugin(s)
2022-11-06 21:16:07.167 [ForkJoinPool.commonPool-worker-1] INFO  s.d.spring.web.scanners.ApiListingReferenceScanner - Scanning for api listing references
2022-11-06 21:16:07.204 [ForkJoinPool.commonPool-worker-1] INFO  org.springframework.boot.SpringApplication - Started application in 1.468 seconds (JVM running for 1.934)
2022-11-06 21:16:07.212 [ForkJoinPool.commonPool-worker-1] INFO  c.z.filecloud.client.monitor.ClientFileMonitor - File Monitor启动成功！
2022-11-06 21:16:07.212 [ForkJoinPool.commonPool-worker-1] INFO  com.zhangyun.filecloud.client.service.NettyClient - netty client starting...
2022-11-06 21:16:07.215 [ForkJoinPool.commonPool-worker-1] INFO  com.zhangyun.filecloud.client.service.NettyClient - netty client start success
2022-11-06 21:16:07.242 [ForkJoinPool.commonPool-worker-1] INFO  com.zhangyun.filecloud.client.service.NettyClient - 建立连接：[id: 0xe8e9a60a, L:/127.0.0.1:54008 - R:localhost/127.0.0.1:8090]
2022-11-06 21:16:16.734 [nioEventLoopGroup-2-1] INFO  c.z.filecloud.common.protocol.MessageCodecSharable - 发送消息: {"messageType":5,"password":"1120","username":"zhangyun"}
2022-11-06 21:16:16.753 [nioEventLoopGroup-2-1] INFO  c.z.filecloud.common.protocol.MessageCodecSharable - 接收消息: {"code":200,"messageType":6,"msg":"登录成功！","token":"0a64d0a4-24a8-40f8-bfe7-2d4fcad33cd5"}
2022-11-06 21:16:16.754 [JavaFX Application Thread] INFO  c.zhangyun.filecloud.common.aspect.TraceLogAspect - 执行方法: LoginService.sendLoginMessage, 参数: username:"zhangyun"password:"1120" ====> LoginResponseMessage(code=200, msg=登录成功！, token=0a64d0a4-24a8-40f8-bfe7-2d4fcad33cd5), 时间: 76ms
2022-11-06 21:16:16.754 [JavaFX Application Thread] INFO  c.z.f.client.controller.LoginButtonController - 登录成功
2022-11-06 21:47:27.544 [ForkJoinPool.commonPool-worker-1] INFO  org.springframework.boot.SpringApplication - Starting application using Java 1.8.0_342 on zhangyundeMacBook-Air.local with PID 61758 (started by zhangyun in /Users/zhangyun/Documents/javaProject/FileCloud)
2022-11-06 21:47:27.546 [ForkJoinPool.commonPool-worker-1] INFO  org.springframework.boot.SpringApplication - The following profiles are active: dev
2022-11-06 21:47:28.176 [ForkJoinPool.commonPool-worker-1] INFO  o.s.boot.web.embedded.tomcat.TomcatWebServer - Tomcat initialized with port(s): 8081 (http)
2022-11-06 21:47:28.180 [ForkJoinPool.commonPool-worker-1] INFO  org.apache.catalina.core.StandardService - Starting service [Tomcat]
2022-11-06 21:47:28.180 [ForkJoinPool.commonPool-worker-1] INFO  org.apache.catalina.core.StandardEngine - Starting Servlet engine: [Apache Tomcat/9.0.54]
2022-11-06 21:47:28.214 [ForkJoinPool.commonPool-worker-1] INFO  o.a.c.core.ContainerBase.[Tomcat].[localhost].[/] - Initializing Spring embedded WebApplicationContext
2022-11-06 21:47:28.215 [ForkJoinPool.commonPool-worker-1] INFO  o.s.b.w.s.c.ServletWebServerApplicationContext - Root WebApplicationContext: initialization completed in 646 ms
2022-11-06 21:47:28.444 [ForkJoinPool.commonPool-worker-1] INFO  s.d.s.w.PropertySourcedRequestMappingHandlerMapping - Mapped URL path [/v2/api-docs] onto method [springfox.documentation.swagger2.web.Swagger2Controller#getDocumentation(String, HttpServletRequest)]
2022-11-06 21:47:28.571 [ForkJoinPool.commonPool-worker-1] INFO  o.s.boot.web.embedded.tomcat.TomcatWebServer - Tomcat started on port(s): 8081 (http) with context path ''
2022-11-06 21:47:28.571 [ForkJoinPool.commonPool-worker-1] INFO  s.d.s.web.plugins.DocumentationPluginsBootstrapper - Context refreshed
2022-11-06 21:47:28.577 [ForkJoinPool.commonPool-worker-1] INFO  s.d.s.web.plugins.DocumentationPluginsBootstrapper - Found 1 custom documentation plugin(s)
2022-11-06 21:47:28.589 [ForkJoinPool.commonPool-worker-1] INFO  s.d.spring.web.scanners.ApiListingReferenceScanner - Scanning for api listing references
2022-11-06 21:47:28.636 [ForkJoinPool.commonPool-worker-1] INFO  org.springframework.boot.SpringApplication - Started application in 1.503 seconds (JVM running for 2.153)
2022-11-06 21:47:28.643 [ForkJoinPool.commonPool-worker-1] INFO  c.z.filecloud.client.monitor.ClientFileMonitor - File Monitor启动成功！
2022-11-06 21:47:28.644 [ForkJoinPool.commonPool-worker-1] INFO  com.zhangyun.filecloud.client.service.NettyClient - netty client starting...
2022-11-06 21:47:28.647 [ForkJoinPool.commonPool-worker-1] INFO  com.zhangyun.filecloud.client.service.NettyClient - netty client start success
2022-11-06 21:47:28.676 [ForkJoinPool.commonPool-worker-1] INFO  com.zhangyun.filecloud.client.service.NettyClient - 建立连接：[id: 0xceb4b63f, L:/127.0.0.1:54308 - R:localhost/127.0.0.1:8090]
2022-11-06 21:47:47.658 [nioEventLoopGroup-2-1] INFO  c.z.filecloud.common.protocol.MessageCodecSharable - 发送消息: {"messageType":5,"password":"1120","username":"zhangyun"}
2022-11-06 21:47:47.679 [nioEventLoopGroup-2-1] INFO  c.z.filecloud.common.protocol.MessageCodecSharable - 接收消息: {"code":200,"messageType":6,"msg":"登录成功！","token":"98653839-6183-408e-b633-395ff1362ca0"}
2022-11-06 21:47:47.680 [JavaFX Application Thread] INFO  c.zhangyun.filecloud.common.aspect.TraceLogAspect - 执行方法: LoginService.sendLoginMessage, 参数: username:"zhangyun"password:"1120" ====> LoginResponseMessage(code=200, msg=登录成功！, token=98653839-6183-408e-b633-395ff1362ca0), 时间: 78ms
2022-11-06 21:47:47.680 [JavaFX Application Thread] INFO  c.z.f.client.controller.LoginButtonController - 登录成功
2022-11-06 21:49:13.146 [ForkJoinPool.commonPool-worker-1] INFO  org.springframework.boot.SpringApplication - Starting application using Java 1.8.0_342 on zhangyundeMacBook-Air.local with PID 62106 (started by zhangyun in /Users/zhangyun/Documents/javaProject/FileCloud)
2022-11-06 21:49:13.147 [ForkJoinPool.commonPool-worker-1] INFO  org.springframework.boot.SpringApplication - The following profiles are active: dev
2022-11-06 21:49:13.772 [ForkJoinPool.commonPool-worker-1] INFO  o.s.boot.web.embedded.tomcat.TomcatWebServer - Tomcat initialized with port(s): 8081 (http)
2022-11-06 21:49:13.776 [ForkJoinPool.commonPool-worker-1] INFO  org.apache.catalina.core.StandardService - Starting service [Tomcat]
2022-11-06 21:49:13.776 [ForkJoinPool.commonPool-worker-1] INFO  org.apache.catalina.core.StandardEngine - Starting Servlet engine: [Apache Tomcat/9.0.54]
2022-11-06 21:49:13.810 [ForkJoinPool.commonPool-worker-1] INFO  o.a.c.core.ContainerBase.[Tomcat].[localhost].[/] - Initializing Spring embedded WebApplicationContext
2022-11-06 21:49:13.811 [ForkJoinPool.commonPool-worker-1] INFO  o.s.b.w.s.c.ServletWebServerApplicationContext - Root WebApplicationContext: initialization completed in 636 ms
2022-11-06 21:49:14.052 [ForkJoinPool.commonPool-worker-1] INFO  s.d.s.w.PropertySourcedRequestMappingHandlerMapping - Mapped URL path [/v2/api-docs] onto method [springfox.documentation.swagger2.web.Swagger2Controller#getDocumentation(String, HttpServletRequest)]
2022-11-06 21:49:14.173 [ForkJoinPool.commonPool-worker-1] INFO  o.s.boot.web.embedded.tomcat.TomcatWebServer - Tomcat started on port(s): 8081 (http) with context path ''
2022-11-06 21:49:14.174 [ForkJoinPool.commonPool-worker-1] INFO  s.d.s.web.plugins.DocumentationPluginsBootstrapper - Context refreshed
2022-11-06 21:49:14.180 [ForkJoinPool.commonPool-worker-1] INFO  s.d.s.web.plugins.DocumentationPluginsBootstrapper - Found 1 custom documentation plugin(s)
2022-11-06 21:49:14.191 [ForkJoinPool.commonPool-worker-1] INFO  s.d.spring.web.scanners.ApiListingReferenceScanner - Scanning for api listing references
2022-11-06 21:49:14.227 [ForkJoinPool.commonPool-worker-1] INFO  org.springframework.boot.SpringApplication - Started application in 1.451 seconds (JVM running for 1.924)
2022-11-06 21:49:14.234 [ForkJoinPool.commonPool-worker-1] INFO  c.z.filecloud.client.monitor.ClientFileMonitor - File Monitor启动成功！
2022-11-06 21:49:14.235 [ForkJoinPool.commonPool-worker-1] INFO  com.zhangyun.filecloud.client.service.NettyClient - netty client starting...
2022-11-06 21:49:14.238 [ForkJoinPool.commonPool-worker-1] INFO  com.zhangyun.filecloud.client.service.NettyClient - netty client start success
2022-11-06 21:49:14.263 [ForkJoinPool.commonPool-worker-1] INFO  com.zhangyun.filecloud.client.service.NettyClient - 建立连接：[id: 0x2d27a773, L:/127.0.0.1:54370 - R:localhost/127.0.0.1:8090]
2022-11-06 21:51:12.984 [nioEventLoopGroup-2-1] INFO  c.z.filecloud.common.protocol.MessageCodecSharable - 发送消息: {"messageType":5,"password":"1120","username":"zhangyun"}
2022-11-06 21:51:13.005 [nioEventLoopGroup-2-1] INFO  c.z.filecloud.common.protocol.MessageCodecSharable - 接收消息: {"code":200,"messageType":6,"msg":"登录成功！","token":"a3314fd2-868d-445a-ace5-3d0d9492691f"}
2022-11-06 21:51:13.006 [JavaFX Application Thread] INFO  c.zhangyun.filecloud.common.aspect.TraceLogAspect - 执行方法: LoginService.sendLoginMessage, 参数: username:"zhangyun"password:"1120" ====> LoginResponseMessage(code=200, msg=登录成功！, token=a3314fd2-868d-445a-ace5-3d0d9492691f), 时间: 82ms
2022-11-06 21:51:13.006 [JavaFX Application Thread] INFO  c.z.f.client.controller.LoginButtonController - 登录成功
2022-11-06 22:05:22.472 [ForkJoinPool.commonPool-worker-1] INFO  org.springframework.boot.SpringApplication - Starting application using Java 1.8.0_342 on zhangyundeMacBook-Air.local with PID 65295 (started by zhangyun in /Users/zhangyun/Documents/javaProject/FileCloud)
2022-11-06 22:05:22.473 [ForkJoinPool.commonPool-worker-1] INFO  org.springframework.boot.SpringApplication - The following profiles are active: dev
2022-11-06 22:05:23.092 [ForkJoinPool.commonPool-worker-1] INFO  o.s.boot.web.embedded.tomcat.TomcatWebServer - Tomcat initialized with port(s): 8081 (http)
2022-11-06 22:05:23.097 [ForkJoinPool.commonPool-worker-1] INFO  org.apache.catalina.core.StandardService - Starting service [Tomcat]
2022-11-06 22:05:23.097 [ForkJoinPool.commonPool-worker-1] INFO  org.apache.catalina.core.StandardEngine - Starting Servlet engine: [Apache Tomcat/9.0.54]
2022-11-06 22:05:23.133 [ForkJoinPool.commonPool-worker-1] INFO  o.a.c.core.ContainerBase.[Tomcat].[localhost].[/] - Initializing Spring embedded WebApplicationContext
2022-11-06 22:05:23.134 [ForkJoinPool.commonPool-worker-1] INFO  o.s.b.w.s.c.ServletWebServerApplicationContext - Root WebApplicationContext: initialization completed in 636 ms
2022-11-06 22:05:23.368 [ForkJoinPool.commonPool-worker-1] INFO  s.d.s.w.PropertySourcedRequestMappingHandlerMapping - Mapped URL path [/v2/api-docs] onto method [springfox.documentation.swagger2.web.Swagger2Controller#getDocumentation(String, HttpServletRequest)]
2022-11-06 22:05:23.495 [ForkJoinPool.commonPool-worker-1] INFO  o.s.boot.web.embedded.tomcat.TomcatWebServer - Tomcat started on port(s): 8081 (http) with context path ''
2022-11-06 22:05:23.495 [ForkJoinPool.commonPool-worker-1] INFO  s.d.s.web.plugins.DocumentationPluginsBootstrapper - Context refreshed
2022-11-06 22:05:23.501 [ForkJoinPool.commonPool-worker-1] INFO  s.d.s.web.plugins.DocumentationPluginsBootstrapper - Found 1 custom documentation plugin(s)
2022-11-06 22:05:23.518 [ForkJoinPool.commonPool-worker-1] INFO  s.d.spring.web.scanners.ApiListingReferenceScanner - Scanning for api listing references
2022-11-06 22:05:23.554 [ForkJoinPool.commonPool-worker-1] INFO  org.springframework.boot.SpringApplication - Started application in 1.457 seconds (JVM running for 1.929)
2022-11-06 22:05:23.561 [ForkJoinPool.commonPool-worker-1] INFO  c.z.filecloud.client.monitor.ClientFileMonitor - File Monitor启动成功！
2022-11-06 22:05:23.561 [ForkJoinPool.commonPool-worker-1] INFO  com.zhangyun.filecloud.client.service.NettyClient - netty client starting...
2022-11-06 22:05:23.564 [ForkJoinPool.commonPool-worker-1] INFO  com.zhangyun.filecloud.client.service.NettyClient - netty client start success
2022-11-06 22:05:23.593 [ForkJoinPool.commonPool-worker-1] INFO  com.zhangyun.filecloud.client.service.NettyClient - 建立连接：[id: 0xd3bf0014, L:/127.0.0.1:54542 - R:localhost/127.0.0.1:8090]
2022-11-06 22:05:27.649 [nioEventLoopGroup-2-1] INFO  c.z.filecloud.common.protocol.MessageCodecSharable - 发送消息: {"messageType":5,"password":"1120","username":"zhangyun"}
2022-11-06 22:05:27.994 [nioEventLoopGroup-2-1] INFO  c.z.filecloud.common.protocol.MessageCodecSharable - 接收消息: {"code":200,"messageType":6,"msg":"登录成功！","token":"c799a969-b264-4d63-8744-0de4afc314f3"}
2022-11-06 22:05:27.995 [JavaFX Application Thread] INFO  c.zhangyun.filecloud.common.aspect.TraceLogAspect - 执行方法: LoginService.sendLoginMessage, 参数: username:"zhangyun"password:"1120" ====> LoginResponseMessage(code=200, msg=登录成功！, token=c799a969-b264-4d63-8744-0de4afc314f3), 时间: 402ms
2022-11-06 22:05:27.995 [JavaFX Application Thread] INFO  c.z.f.client.controller.LoginButtonController - 登录成功
2022-11-06 22:13:45.918 [ForkJoinPool.commonPool-worker-1] INFO  org.springframework.boot.SpringApplication - Starting application using Java 1.8.0_342 on zhangyundeMacBook-Air.local with PID 66919 (started by zhangyun in /Users/zhangyun/Documents/javaProject/FileCloud)
2022-11-06 22:13:45.920 [ForkJoinPool.commonPool-worker-1] INFO  org.springframework.boot.SpringApplication - The following profiles are active: dev
2022-11-06 22:13:46.551 [ForkJoinPool.commonPool-worker-1] INFO  o.s.boot.web.embedded.tomcat.TomcatWebServer - Tomcat initialized with port(s): 8081 (http)
2022-11-06 22:13:46.555 [ForkJoinPool.commonPool-worker-1] INFO  org.apache.catalina.core.StandardService - Starting service [Tomcat]
2022-11-06 22:13:46.555 [ForkJoinPool.commonPool-worker-1] INFO  org.apache.catalina.core.StandardEngine - Starting Servlet engine: [Apache Tomcat/9.0.54]
2022-11-06 22:13:46.589 [ForkJoinPool.commonPool-worker-1] INFO  o.a.c.core.ContainerBase.[Tomcat].[localhost].[/] - Initializing Spring embedded WebApplicationContext
2022-11-06 22:13:46.590 [ForkJoinPool.commonPool-worker-1] INFO  o.s.b.w.s.c.ServletWebServerApplicationContext - Root WebApplicationContext: initialization completed in 645 ms
2022-11-06 22:13:46.830 [ForkJoinPool.commonPool-worker-1] INFO  s.d.s.w.PropertySourcedRequestMappingHandlerMapping - Mapped URL path [/v2/api-docs] onto method [springfox.documentation.swagger2.web.Swagger2Controller#getDocumentation(String, HttpServletRequest)]
2022-11-06 22:13:46.958 [ForkJoinPool.commonPool-worker-1] INFO  o.s.boot.web.embedded.tomcat.TomcatWebServer - Tomcat started on port(s): 8081 (http) with context path ''
2022-11-06 22:13:46.958 [ForkJoinPool.commonPool-worker-1] INFO  s.d.s.web.plugins.DocumentationPluginsBootstrapper - Context refreshed
2022-11-06 22:13:46.964 [ForkJoinPool.commonPool-worker-1] INFO  s.d.s.web.plugins.DocumentationPluginsBootstrapper - Found 1 custom documentation plugin(s)
2022-11-06 22:13:46.978 [ForkJoinPool.commonPool-worker-1] INFO  s.d.spring.web.scanners.ApiListingReferenceScanner - Scanning for api listing references
2022-11-06 22:13:47.014 [ForkJoinPool.commonPool-worker-1] INFO  org.springframework.boot.SpringApplication - Started application in 1.457 seconds (JVM running for 2.062)
2022-11-06 22:13:47.023 [ForkJoinPool.commonPool-worker-1] INFO  c.z.filecloud.client.monitor.ClientFileMonitor - File Monitor启动成功！
2022-11-06 22:13:47.023 [ForkJoinPool.commonPool-worker-1] INFO  com.zhangyun.filecloud.client.service.NettyClient - netty client starting...
2022-11-06 22:13:47.026 [ForkJoinPool.commonPool-worker-1] INFO  com.zhangyun.filecloud.client.service.NettyClient - netty client start success
2022-11-06 22:13:47.054 [ForkJoinPool.commonPool-worker-1] INFO  com.zhangyun.filecloud.client.service.NettyClient - 建立连接：[id: 0x9287353b, L:/127.0.0.1:54798 - R:localhost/127.0.0.1:8090]
2022-11-06 22:13:53.504 [nioEventLoopGroup-2-1] INFO  c.z.filecloud.common.protocol.MessageCodecSharable - 发送消息: {"messageType":5,"password":"1120","username":"zhangyun"}
2022-11-06 22:13:53.529 [nioEventLoopGroup-2-1] INFO  c.z.filecloud.common.protocol.MessageCodecSharable - 接收消息: {"code":200,"messageType":6,"msg":"登录成功！","token":"0e153188-b3bc-4eb9-8f5f-a4dc183de898"}
2022-11-06 22:13:53.530 [JavaFX Application Thread] INFO  c.zhangyun.filecloud.common.aspect.TraceLogAspect - 执行方法: LoginService.sendLoginMessage, 参数: username:"zhangyun"password:"1120" ====> LoginResponseMessage(code=200, msg=登录成功！, token=0e153188-b3bc-4eb9-8f5f-a4dc183de898), 时间: 86ms
2022-11-06 22:13:53.530 [JavaFX Application Thread] INFO  c.z.f.client.controller.LoginButtonController - 登录成功
2022-11-06 22:13:55.796 [JavaFX Application Thread] INFO  c.z.f.c.controller.initdevice.DeviceNameController - 300.0, 200.0
2022-11-06 22:16:21.573 [ForkJoinPool.commonPool-worker-1] INFO  org.springframework.boot.SpringApplication - Starting application using Java 1.8.0_342 on zhangyundeMacBook-Air.local with PID 67407 (started by zhangyun in /Users/zhangyun/Documents/javaProject/FileCloud)
2022-11-06 22:16:21.575 [ForkJoinPool.commonPool-worker-1] INFO  org.springframework.boot.SpringApplication - The following profiles are active: dev
2022-11-06 22:16:22.216 [ForkJoinPool.commonPool-worker-1] INFO  o.s.boot.web.embedded.tomcat.TomcatWebServer - Tomcat initialized with port(s): 8081 (http)
2022-11-06 22:16:22.220 [ForkJoinPool.commonPool-worker-1] INFO  org.apache.catalina.core.StandardService - Starting service [Tomcat]
2022-11-06 22:16:22.220 [ForkJoinPool.commonPool-worker-1] INFO  org.apache.catalina.core.StandardEngine - Starting Servlet engine: [Apache Tomcat/9.0.54]
2022-11-06 22:16:22.256 [ForkJoinPool.commonPool-worker-1] INFO  o.a.c.core.ContainerBase.[Tomcat].[localhost].[/] - Initializing Spring embedded WebApplicationContext
2022-11-06 22:16:22.257 [ForkJoinPool.commonPool-worker-1] INFO  o.s.b.w.s.c.ServletWebServerApplicationContext - Root WebApplicationContext: initialization completed in 658 ms
2022-11-06 22:16:22.493 [ForkJoinPool.commonPool-worker-1] INFO  s.d.s.w.PropertySourcedRequestMappingHandlerMapping - Mapped URL path [/v2/api-docs] onto method [springfox.documentation.swagger2.web.Swagger2Controller#getDocumentation(String, HttpServletRequest)]
2022-11-06 22:16:22.622 [ForkJoinPool.commonPool-worker-1] INFO  o.s.boot.web.embedded.tomcat.TomcatWebServer - Tomcat started on port(s): 8081 (http) with context path ''
2022-11-06 22:16:22.623 [ForkJoinPool.commonPool-worker-1] INFO  s.d.s.web.plugins.DocumentationPluginsBootstrapper - Context refreshed
2022-11-06 22:16:22.630 [ForkJoinPool.commonPool-worker-1] INFO  s.d.s.web.plugins.DocumentationPluginsBootstrapper - Found 1 custom documentation plugin(s)
2022-11-06 22:16:22.646 [ForkJoinPool.commonPool-worker-1] INFO  s.d.spring.web.scanners.ApiListingReferenceScanner - Scanning for api listing references
2022-11-06 22:16:22.700 [ForkJoinPool.commonPool-worker-1] INFO  org.springframework.boot.SpringApplication - Started application in 1.466 seconds (JVM running for 2.136)
2022-11-06 22:16:22.709 [ForkJoinPool.commonPool-worker-1] INFO  c.z.filecloud.client.monitor.ClientFileMonitor - File Monitor启动成功！
2022-11-06 22:16:22.710 [ForkJoinPool.commonPool-worker-1] INFO  com.zhangyun.filecloud.client.service.NettyClient - netty client starting...
2022-11-06 22:16:22.714 [ForkJoinPool.commonPool-worker-1] INFO  com.zhangyun.filecloud.client.service.NettyClient - netty client start success
2022-11-06 22:16:22.750 [ForkJoinPool.commonPool-worker-1] INFO  com.zhangyun.filecloud.client.service.NettyClient - 建立连接：[id: 0xf3da1f45, L:/127.0.0.1:54843 - R:localhost/127.0.0.1:8090]
2022-11-06 22:16:39.538 [nioEventLoopGroup-2-1] INFO  c.z.filecloud.common.protocol.MessageCodecSharable - 发送消息: {"messageType":5,"password":"1120","username":"zhangyun"}
2022-11-06 22:16:39.557 [nioEventLoopGroup-2-1] INFO  c.z.filecloud.common.protocol.MessageCodecSharable - 接收消息: {"code":200,"messageType":6,"msg":"登录成功！","token":"1271c9ce-c036-467e-ad95-64b2285876ca"}
2022-11-06 22:16:39.558 [JavaFX Application Thread] INFO  c.zhangyun.filecloud.common.aspect.TraceLogAspect - 执行方法: LoginService.sendLoginMessage, 参数: username:"zhangyun"password:"1120" ====> LoginResponseMessage(code=200, msg=登录成功！, token=1271c9ce-c036-467e-ad95-64b2285876ca), 时间: 78ms
2022-11-06 22:16:39.558 [JavaFX Application Thread] INFO  c.z.f.client.controller.LoginButtonController - 登录成功
2022-11-06 22:17:41.605 [ForkJoinPool.commonPool-worker-1] INFO  org.springframework.boot.SpringApplication - Starting application using Java 1.8.0_342 on zhangyundeMacBook-Air.local with PID 67663 (started by zhangyun in /Users/zhangyun/Documents/javaProject/FileCloud)
2022-11-06 22:17:41.607 [ForkJoinPool.commonPool-worker-1] INFO  org.springframework.boot.SpringApplication - The following profiles are active: dev
2022-11-06 22:17:42.250 [ForkJoinPool.commonPool-worker-1] INFO  o.s.boot.web.embedded.tomcat.TomcatWebServer - Tomcat initialized with port(s): 8081 (http)
2022-11-06 22:17:42.254 [ForkJoinPool.commonPool-worker-1] INFO  org.apache.catalina.core.StandardService - Starting service [Tomcat]
2022-11-06 22:17:42.255 [ForkJoinPool.commonPool-worker-1] INFO  org.apache.catalina.core.StandardEngine - Starting Servlet engine: [Apache Tomcat/9.0.54]
2022-11-06 22:17:42.290 [ForkJoinPool.commonPool-worker-1] INFO  o.a.c.core.ContainerBase.[Tomcat].[localhost].[/] - Initializing Spring embedded WebApplicationContext
2022-11-06 22:17:42.290 [ForkJoinPool.commonPool-worker-1] INFO  o.s.b.w.s.c.ServletWebServerApplicationContext - Root WebApplicationContext: initialization completed in 660 ms
2022-11-06 22:17:42.523 [ForkJoinPool.commonPool-worker-1] INFO  s.d.s.w.PropertySourcedRequestMappingHandlerMapping - Mapped URL path [/v2/api-docs] onto method [springfox.documentation.swagger2.web.Swagger2Controller#getDocumentation(String, HttpServletRequest)]
2022-11-06 22:17:42.653 [ForkJoinPool.commonPool-worker-1] INFO  o.s.boot.web.embedded.tomcat.TomcatWebServer - Tomcat started on port(s): 8081 (http) with context path ''
2022-11-06 22:17:42.653 [ForkJoinPool.commonPool-worker-1] INFO  s.d.s.web.plugins.DocumentationPluginsBootstrapper - Context refreshed
2022-11-06 22:17:42.659 [ForkJoinPool.commonPool-worker-1] INFO  s.d.s.web.plugins.DocumentationPluginsBootstrapper - Found 1 custom documentation plugin(s)
2022-11-06 22:17:42.678 [ForkJoinPool.commonPool-worker-1] INFO  s.d.spring.web.scanners.ApiListingReferenceScanner - Scanning for api listing references
2022-11-06 22:17:42.713 [ForkJoinPool.commonPool-worker-1] INFO  org.springframework.boot.SpringApplication - Started application in 1.466 seconds (JVM running for 2.072)
2022-11-06 22:17:42.719 [ForkJoinPool.commonPool-worker-1] INFO  c.z.filecloud.client.monitor.ClientFileMonitor - File Monitor启动成功！
2022-11-06 22:17:42.720 [ForkJoinPool.commonPool-worker-1] INFO  com.zhangyun.filecloud.client.service.NettyClient - netty client starting...
2022-11-06 22:17:42.723 [ForkJoinPool.commonPool-worker-1] INFO  com.zhangyun.filecloud.client.service.NettyClient - netty client start success
2022-11-06 22:17:42.751 [ForkJoinPool.commonPool-worker-1] INFO  com.zhangyun.filecloud.client.service.NettyClient - 建立连接：[id: 0xe77e6a4a, L:/127.0.0.1:54867 - R:localhost/127.0.0.1:8090]
2022-11-06 22:17:44.296 [nioEventLoopGroup-2-1] INFO  c.z.filecloud.common.protocol.MessageCodecSharable - 发送消息: {"messageType":5,"password":"1120","username":"zhangyun"}
2022-11-06 22:17:44.315 [nioEventLoopGroup-2-1] INFO  c.z.filecloud.common.protocol.MessageCodecSharable - 接收消息: {"code":200,"messageType":6,"msg":"登录成功！","token":"32786393-e67b-4806-87f1-c9c9a849ec24"}
2022-11-06 22:17:44.316 [JavaFX Application Thread] INFO  c.zhangyun.filecloud.common.aspect.TraceLogAspect - 执行方法: LoginService.sendLoginMessage, 参数: username:"zhangyun"password:"1120" ====> LoginResponseMessage(code=200, msg=登录成功！, token=32786393-e67b-4806-87f1-c9c9a849ec24), 时间: 72ms
2022-11-06 22:17:44.316 [JavaFX Application Thread] INFO  c.z.f.client.controller.LoginButtonController - 登录成功
2022-11-06 22:17:48.083 [JavaFX Application Thread] INFO  c.z.f.c.controller.initdevice.DeviceNameController - 300.0, 250.0
2022-11-06 22:19:22.758 [ForkJoinPool.commonPool-worker-1] INFO  org.springframework.boot.SpringApplication - Starting application using Java 1.8.0_342 on zhangyundeMacBook-Air.local with PID 67992 (started by zhangyun in /Users/zhangyun/Documents/javaProject/FileCloud)
2022-11-06 22:19:22.760 [ForkJoinPool.commonPool-worker-1] INFO  org.springframework.boot.SpringApplication - The following profiles are active: dev
2022-11-06 22:19:23.443 [ForkJoinPool.commonPool-worker-1] INFO  o.s.boot.web.embedded.tomcat.TomcatWebServer - Tomcat initialized with port(s): 8081 (http)
2022-11-06 22:19:23.448 [ForkJoinPool.commonPool-worker-1] INFO  org.apache.catalina.core.StandardService - Starting service [Tomcat]
2022-11-06 22:19:23.448 [ForkJoinPool.commonPool-worker-1] INFO  org.apache.catalina.core.StandardEngine - Starting Servlet engine: [Apache Tomcat/9.0.54]
2022-11-06 22:19:23.484 [ForkJoinPool.commonPool-worker-1] INFO  o.a.c.core.ContainerBase.[Tomcat].[localhost].[/] - Initializing Spring embedded WebApplicationContext
2022-11-06 22:19:23.484 [ForkJoinPool.commonPool-worker-1] INFO  o.s.b.w.s.c.ServletWebServerApplicationContext - Root WebApplicationContext: initialization completed in 680 ms
2022-11-06 22:19:23.723 [ForkJoinPool.commonPool-worker-1] INFO  s.d.s.w.PropertySourcedRequestMappingHandlerMapping - Mapped URL path [/v2/api-docs] onto method [springfox.documentation.swagger2.web.Swagger2Controller#getDocumentation(String, HttpServletRequest)]
2022-11-06 22:19:23.851 [ForkJoinPool.commonPool-worker-1] INFO  o.s.boot.web.embedded.tomcat.TomcatWebServer - Tomcat started on port(s): 8081 (http) with context path ''
2022-11-06 22:19:23.852 [ForkJoinPool.commonPool-worker-1] INFO  s.d.s.web.plugins.DocumentationPluginsBootstrapper - Context refreshed
2022-11-06 22:19:23.858 [ForkJoinPool.commonPool-worker-1] INFO  s.d.s.web.plugins.DocumentationPluginsBootstrapper - Found 1 custom documentation plugin(s)
2022-11-06 22:19:23.869 [ForkJoinPool.commonPool-worker-1] INFO  s.d.spring.web.scanners.ApiListingReferenceScanner - Scanning for api listing references
2022-11-06 22:19:23.905 [ForkJoinPool.commonPool-worker-1] INFO  org.springframework.boot.SpringApplication - Started application in 1.492 seconds (JVM running for 2.249)
2022-11-06 22:19:23.912 [ForkJoinPool.commonPool-worker-1] INFO  c.z.filecloud.client.monitor.ClientFileMonitor - File Monitor启动成功！
2022-11-06 22:19:23.913 [ForkJoinPool.commonPool-worker-1] INFO  com.zhangyun.filecloud.client.service.NettyClient - netty client starting...
2022-11-06 22:19:23.916 [ForkJoinPool.commonPool-worker-1] INFO  com.zhangyun.filecloud.client.service.NettyClient - netty client start success
2022-11-06 22:19:23.941 [ForkJoinPool.commonPool-worker-1] INFO  com.zhangyun.filecloud.client.service.NettyClient - 建立连接：[id: 0xc10d3d22, L:/127.0.0.1:54888 - R:localhost/127.0.0.1:8090]
2022-11-06 22:19:26.872 [nioEventLoopGroup-2-1] INFO  c.z.filecloud.common.protocol.MessageCodecSharable - 发送消息: {"messageType":5,"password":"1120","username":"zhangyun"}
2022-11-06 22:19:26.897 [nioEventLoopGroup-2-1] INFO  c.z.filecloud.common.protocol.MessageCodecSharable - 接收消息: {"code":200,"messageType":6,"msg":"登录成功！","token":"56b7dda5-7907-47dc-9e23-b3a888c9addb"}
2022-11-06 22:19:26.898 [JavaFX Application Thread] INFO  c.zhangyun.filecloud.common.aspect.TraceLogAspect - 执行方法: LoginService.sendLoginMessage, 参数: username:"zhangyun"password:"1120" ====> LoginResponseMessage(code=200, msg=登录成功！, token=56b7dda5-7907-47dc-9e23-b3a888c9addb), 时间: 83ms
2022-11-06 22:19:26.898 [JavaFX Application Thread] INFO  c.z.f.client.controller.LoginButtonController - 登录成功
2022-11-06 22:20:23.457 [ForkJoinPool.commonPool-worker-1] INFO  org.springframework.boot.SpringApplication - Starting application using Java 1.8.0_342 on zhangyundeMacBook-Air.local with PID 68182 (started by zhangyun in /Users/zhangyun/Documents/javaProject/FileCloud)
2022-11-06 22:20:23.459 [ForkJoinPool.commonPool-worker-1] INFO  org.springframework.boot.SpringApplication - The following profiles are active: dev
2022-11-06 22:20:24.097 [ForkJoinPool.commonPool-worker-1] INFO  o.s.boot.web.embedded.tomcat.TomcatWebServer - Tomcat initialized with port(s): 8081 (http)
2022-11-06 22:20:24.102 [ForkJoinPool.commonPool-worker-1] INFO  org.apache.catalina.core.StandardService - Starting service [Tomcat]
2022-11-06 22:20:24.102 [ForkJoinPool.commonPool-worker-1] INFO  org.apache.catalina.core.StandardEngine - Starting Servlet engine: [Apache Tomcat/9.0.54]
2022-11-06 22:20:24.137 [ForkJoinPool.commonPool-worker-1] INFO  o.a.c.core.ContainerBase.[Tomcat].[localhost].[/] - Initializing Spring embedded WebApplicationContext
2022-11-06 22:20:24.137 [ForkJoinPool.commonPool-worker-1] INFO  o.s.b.w.s.c.ServletWebServerApplicationContext - Root WebApplicationContext: initialization completed in 651 ms
2022-11-06 22:20:24.372 [ForkJoinPool.commonPool-worker-1] INFO  s.d.s.w.PropertySourcedRequestMappingHandlerMapping - Mapped URL path [/v2/api-docs] onto method [springfox.documentation.swagger2.web.Swagger2Controller#getDocumentation(String, HttpServletRequest)]
2022-11-06 22:20:24.503 [ForkJoinPool.commonPool-worker-1] INFO  o.s.boot.web.embedded.tomcat.TomcatWebServer - Tomcat started on port(s): 8081 (http) with context path ''
2022-11-06 22:20:24.503 [ForkJoinPool.commonPool-worker-1] INFO  s.d.s.web.plugins.DocumentationPluginsBootstrapper - Context refreshed
2022-11-06 22:20:24.509 [ForkJoinPool.commonPool-worker-1] INFO  s.d.s.web.plugins.DocumentationPluginsBootstrapper - Found 1 custom documentation plugin(s)
2022-11-06 22:20:24.521 [ForkJoinPool.commonPool-worker-1] INFO  s.d.spring.web.scanners.ApiListingReferenceScanner - Scanning for api listing references
2022-11-06 22:20:24.564 [ForkJoinPool.commonPool-worker-1] INFO  org.springframework.boot.SpringApplication - Started application in 1.528 seconds (JVM running for 2.115)
2022-11-06 22:20:24.571 [ForkJoinPool.commonPool-worker-1] INFO  c.z.filecloud.client.monitor.ClientFileMonitor - File Monitor启动成功！
2022-11-06 22:20:24.571 [ForkJoinPool.commonPool-worker-1] INFO  com.zhangyun.filecloud.client.service.NettyClient - netty client starting...
2022-11-06 22:20:24.574 [ForkJoinPool.commonPool-worker-1] INFO  com.zhangyun.filecloud.client.service.NettyClient - netty client start success
2022-11-06 22:20:24.603 [ForkJoinPool.commonPool-worker-1] INFO  com.zhangyun.filecloud.client.service.NettyClient - 建立连接：[id: 0x20195560, L:/127.0.0.1:54904 - R:localhost/127.0.0.1:8090]
2022-11-06 22:20:25.888 [nioEventLoopGroup-2-1] INFO  c.z.filecloud.common.protocol.MessageCodecSharable - 发送消息: {"messageType":5,"password":"1120","username":"zhangyun"}
2022-11-06 22:20:25.918 [nioEventLoopGroup-2-1] INFO  c.z.filecloud.common.protocol.MessageCodecSharable - 接收消息: {"code":200,"messageType":6,"msg":"登录成功！","token":"3780dc8a-d027-4389-8c82-2d3a7a5e3fa9"}
2022-11-06 22:20:25.919 [JavaFX Application Thread] INFO  c.zhangyun.filecloud.common.aspect.TraceLogAspect - 执行方法: LoginService.sendLoginMessage, 参数: username:"zhangyun"password:"1120" ====> LoginResponseMessage(code=200, msg=登录成功！, token=3780dc8a-d027-4389-8c82-2d3a7a5e3fa9), 时间: 87ms
2022-11-06 22:20:25.919 [JavaFX Application Thread] INFO  c.z.f.client.controller.LoginButtonController - 登录成功
2022-11-06 22:23:13.580 [ForkJoinPool.commonPool-worker-1] INFO  org.springframework.boot.SpringApplication - Starting application using Java 1.8.0_342 on zhangyundeMacBook-Air.local with PID 68752 (started by zhangyun in /Users/zhangyun/Documents/javaProject/FileCloud)
2022-11-06 22:23:13.582 [ForkJoinPool.commonPool-worker-1] INFO  org.springframework.boot.SpringApplication - The following profiles are active: dev
2022-11-06 22:23:14.193 [ForkJoinPool.commonPool-worker-1] INFO  o.s.boot.web.embedded.tomcat.TomcatWebServer - Tomcat initialized with port(s): 8081 (http)
2022-11-06 22:23:14.198 [ForkJoinPool.commonPool-worker-1] INFO  org.apache.catalina.core.StandardService - Starting service [Tomcat]
2022-11-06 22:23:14.198 [ForkJoinPool.commonPool-worker-1] INFO  org.apache.catalina.core.StandardEngine - Starting Servlet engine: [Apache Tomcat/9.0.54]
2022-11-06 22:23:14.231 [ForkJoinPool.commonPool-worker-1] INFO  o.a.c.core.ContainerBase.[Tomcat].[localhost].[/] - Initializing Spring embedded WebApplicationContext
2022-11-06 22:23:14.231 [ForkJoinPool.commonPool-worker-1] INFO  o.s.b.w.s.c.ServletWebServerApplicationContext - Root WebApplicationContext: initialization completed in 629 ms
2022-11-06 22:23:14.464 [ForkJoinPool.commonPool-worker-1] INFO  s.d.s.w.PropertySourcedRequestMappingHandlerMapping - Mapped URL path [/v2/api-docs] onto method [springfox.documentation.swagger2.web.Swagger2Controller#getDocumentation(String, HttpServletRequest)]
2022-11-06 22:23:14.591 [ForkJoinPool.commonPool-worker-1] INFO  o.s.boot.web.embedded.tomcat.TomcatWebServer - Tomcat started on port(s): 8081 (http) with context path ''
2022-11-06 22:23:14.592 [ForkJoinPool.commonPool-worker-1] INFO  s.d.s.web.plugins.DocumentationPluginsBootstrapper - Context refreshed
2022-11-06 22:23:14.598 [ForkJoinPool.commonPool-worker-1] INFO  s.d.s.web.plugins.DocumentationPluginsBootstrapper - Found 1 custom documentation plugin(s)
2022-11-06 22:23:14.611 [ForkJoinPool.commonPool-worker-1] INFO  s.d.spring.web.scanners.ApiListingReferenceScanner - Scanning for api listing references
2022-11-06 22:23:14.654 [ForkJoinPool.commonPool-worker-1] INFO  org.springframework.boot.SpringApplication - Started application in 1.478 seconds (JVM running for 2.094)
2022-11-06 22:23:14.660 [ForkJoinPool.commonPool-worker-1] INFO  c.z.filecloud.client.monitor.ClientFileMonitor - File Monitor启动成功！
2022-11-06 22:23:14.660 [ForkJoinPool.commonPool-worker-1] INFO  com.zhangyun.filecloud.client.service.NettyClient - netty client starting...
2022-11-06 22:23:14.663 [ForkJoinPool.commonPool-worker-1] INFO  com.zhangyun.filecloud.client.service.NettyClient - netty client start success
2022-11-06 22:23:14.692 [ForkJoinPool.commonPool-worker-1] INFO  com.zhangyun.filecloud.client.service.NettyClient - 建立连接：[id: 0xdea2ec72, L:/127.0.0.1:55153 - R:localhost/127.0.0.1:8090]
2022-11-06 22:23:16.492 [nioEventLoopGroup-2-1] INFO  c.z.filecloud.common.protocol.MessageCodecSharable - 发送消息: {"messageType":5,"password":"1120","username":"zhangyun"}
2022-11-06 22:23:16.837 [nioEventLoopGroup-2-1] INFO  c.z.filecloud.common.protocol.MessageCodecSharable - 接收消息: {"code":200,"messageType":6,"msg":"登录成功！","token":"2659ee59-0aea-4ecc-a0b0-2aea41f7c206"}
2022-11-06 22:23:16.838 [JavaFX Application Thread] INFO  c.zhangyun.filecloud.common.aspect.TraceLogAspect - 执行方法: LoginService.sendLoginMessage, 参数: username:"zhangyun"password:"1120" ====> LoginResponseMessage(code=200, msg=登录成功！, token=2659ee59-0aea-4ecc-a0b0-2aea41f7c206), 时间: 403ms
2022-11-06 22:23:16.838 [JavaFX Application Thread] INFO  c.z.f.client.controller.LoginButtonController - 登录成功
2022-11-06 22:46:02.766 [ForkJoinPool.commonPool-worker-1] INFO  org.springframework.boot.SpringApplication - Starting application using Java 1.8.0_342 on zhangyundeMacBook-Air.local with PID 73093 (started by zhangyun in /Users/zhangyun/Documents/javaProject/FileCloud)
2022-11-06 22:46:02.768 [ForkJoinPool.commonPool-worker-1] INFO  org.springframework.boot.SpringApplication - The following profiles are active: dev
2022-11-06 22:46:03.393 [ForkJoinPool.commonPool-worker-1] INFO  o.s.boot.web.embedded.tomcat.TomcatWebServer - Tomcat initialized with port(s): 8081 (http)
2022-11-06 22:46:03.397 [ForkJoinPool.commonPool-worker-1] INFO  org.apache.catalina.core.StandardService - Starting service [Tomcat]
2022-11-06 22:46:03.398 [ForkJoinPool.commonPool-worker-1] INFO  org.apache.catalina.core.StandardEngine - Starting Servlet engine: [Apache Tomcat/9.0.54]
2022-11-06 22:46:03.434 [ForkJoinPool.commonPool-worker-1] INFO  o.a.c.core.ContainerBase.[Tomcat].[localhost].[/] - Initializing Spring embedded WebApplicationContext
2022-11-06 22:46:03.434 [ForkJoinPool.commonPool-worker-1] INFO  o.s.b.w.s.c.ServletWebServerApplicationContext - Root WebApplicationContext: initialization completed in 640 ms
2022-11-06 22:46:03.676 [ForkJoinPool.commonPool-worker-1] INFO  s.d.s.w.PropertySourcedRequestMappingHandlerMapping - Mapped URL path [/v2/api-docs] onto method [springfox.documentation.swagger2.web.Swagger2Controller#getDocumentation(String, HttpServletRequest)]
2022-11-06 22:46:03.799 [ForkJoinPool.commonPool-worker-1] INFO  o.s.boot.web.embedded.tomcat.TomcatWebServer - Tomcat started on port(s): 8081 (http) with context path ''
2022-11-06 22:46:03.800 [ForkJoinPool.commonPool-worker-1] INFO  s.d.s.web.plugins.DocumentationPluginsBootstrapper - Context refreshed
2022-11-06 22:46:03.805 [ForkJoinPool.commonPool-worker-1] INFO  s.d.s.web.plugins.DocumentationPluginsBootstrapper - Found 1 custom documentation plugin(s)
2022-11-06 22:46:03.817 [ForkJoinPool.commonPool-worker-1] INFO  s.d.spring.web.scanners.ApiListingReferenceScanner - Scanning for api listing references
2022-11-06 22:46:03.852 [ForkJoinPool.commonPool-worker-1] INFO  org.springframework.boot.SpringApplication - Started application in 1.437 seconds (JVM running for 2.03)
2022-11-06 22:46:03.859 [ForkJoinPool.commonPool-worker-1] INFO  c.z.filecloud.client.monitor.ClientFileMonitor - File Monitor启动成功！
2022-11-06 22:46:03.860 [ForkJoinPool.commonPool-worker-1] INFO  com.zhangyun.filecloud.client.service.NettyClient - netty client starting...
2022-11-06 22:46:03.863 [ForkJoinPool.commonPool-worker-1] INFO  com.zhangyun.filecloud.client.service.NettyClient - netty client start success
2022-11-06 22:46:03.888 [ForkJoinPool.commonPool-worker-1] INFO  com.zhangyun.filecloud.client.service.NettyClient - 建立连接：[id: 0x07e55c9e, L:/127.0.0.1:55484 - R:localhost/127.0.0.1:8090]
2022-11-06 22:46:15.039 [nioEventLoopGroup-2-1] INFO  c.z.filecloud.common.protocol.MessageCodecSharable - 发送消息: {"messageType":5,"password":"1120","username":"zhangyun"}
2022-11-06 22:46:15.064 [nioEventLoopGroup-2-1] INFO  c.z.filecloud.common.protocol.MessageCodecSharable - 接收消息: {"code":200,"messageType":6,"msg":"登录成功！","token":"a4972404-5a6d-4bb1-af3a-f82c5a90f321"}
2022-11-06 22:46:15.065 [JavaFX Application Thread] INFO  c.zhangyun.filecloud.common.aspect.TraceLogAspect - 执行方法: LoginService.sendLoginMessage, 参数: username:"zhangyun"password:"1120" ====> LoginResponseMessage(code=200, msg=登录成功！, token=a4972404-5a6d-4bb1-af3a-f82c5a90f321), 时间: 83ms
2022-11-06 22:46:15.065 [JavaFX Application Thread] INFO  c.z.f.client.controller.LoginButtonController - 登录成功
2022-11-06 22:46:17.482 [JavaFX Application Thread] INFO  c.z.f.c.controller.initdevice.DeviceNameController - 300.0, 200.0
2022-11-06 23:21:35.015 [ForkJoinPool.commonPool-worker-1] INFO  org.springframework.boot.SpringApplication - Starting application using Java 1.8.0_342 on zhangyundeMacBook-Air.local with PID 80366 (started by zhangyun in /Users/zhangyun/Documents/javaProject/FileCloud)
2022-11-06 23:21:35.017 [ForkJoinPool.commonPool-worker-1] INFO  org.springframework.boot.SpringApplication - The following profiles are active: dev
2022-11-06 23:21:35.713 [ForkJoinPool.commonPool-worker-1] INFO  o.s.boot.web.embedded.tomcat.TomcatWebServer - Tomcat initialized with port(s): 8081 (http)
2022-11-06 23:21:35.718 [ForkJoinPool.commonPool-worker-1] INFO  org.apache.catalina.core.StandardService - Starting service [Tomcat]
2022-11-06 23:21:35.718 [ForkJoinPool.commonPool-worker-1] INFO  org.apache.catalina.core.StandardEngine - Starting Servlet engine: [Apache Tomcat/9.0.54]
2022-11-06 23:21:35.753 [ForkJoinPool.commonPool-worker-1] INFO  o.a.c.core.ContainerBase.[Tomcat].[localhost].[/] - Initializing Spring embedded WebApplicationContext
2022-11-06 23:21:35.754 [ForkJoinPool.commonPool-worker-1] INFO  o.s.b.w.s.c.ServletWebServerApplicationContext - Root WebApplicationContext: initialization completed in 715 ms
2022-11-06 23:21:35.995 [ForkJoinPool.commonPool-worker-1] INFO  s.d.s.w.PropertySourcedRequestMappingHandlerMapping - Mapped URL path [/v2/api-docs] onto method [springfox.documentation.swagger2.web.Swagger2Controller#getDocumentation(String, HttpServletRequest)]
2022-11-06 23:21:36.129 [ForkJoinPool.commonPool-worker-1] INFO  o.s.boot.web.embedded.tomcat.TomcatWebServer - Tomcat started on port(s): 8081 (http) with context path ''
2022-11-06 23:21:36.130 [ForkJoinPool.commonPool-worker-1] INFO  s.d.s.web.plugins.DocumentationPluginsBootstrapper - Context refreshed
2022-11-06 23:21:36.143 [ForkJoinPool.commonPool-worker-1] INFO  s.d.s.web.plugins.DocumentationPluginsBootstrapper - Found 1 custom documentation plugin(s)
2022-11-06 23:21:36.154 [ForkJoinPool.commonPool-worker-1] INFO  s.d.spring.web.scanners.ApiListingReferenceScanner - Scanning for api listing references
2022-11-06 23:21:36.189 [ForkJoinPool.commonPool-worker-1] INFO  org.springframework.boot.SpringApplication - Started application in 1.747 seconds (JVM running for 2.309)
2022-11-06 23:21:36.196 [ForkJoinPool.commonPool-worker-1] INFO  c.z.filecloud.client.monitor.ClientFileMonitor - File Monitor启动成功！
2022-11-06 23:21:36.197 [ForkJoinPool.commonPool-worker-1] INFO  com.zhangyun.filecloud.client.service.NettyClient - netty client starting...
2022-11-06 23:21:36.200 [ForkJoinPool.commonPool-worker-1] INFO  com.zhangyun.filecloud.client.service.NettyClient - netty client start success
2022-11-06 23:21:36.231 [ForkJoinPool.commonPool-worker-1] INFO  com.zhangyun.filecloud.client.service.NettyClient - 建立连接：[id: 0x7f11780c, L:/127.0.0.1:56918 - R:localhost/127.0.0.1:8090]
2022-11-06 23:25:02.791 [nioEventLoopGroup-2-1] INFO  c.z.filecloud.common.protocol.MessageCodecSharable - 发送消息: {"messageType":5,"password":"1120","username":"zhangyun"}
2022-11-06 23:25:03.159 [nioEventLoopGroup-2-1] INFO  c.z.filecloud.common.protocol.MessageCodecSharable - 接收消息: {"code":200,"messageType":6,"msg":"登录成功！","token":"1994009d-c393-41d0-a22e-2bb67bdd626f"}
2022-11-06 23:25:03.160 [JavaFX Application Thread] INFO  c.zhangyun.filecloud.common.aspect.TraceLogAspect - 执行方法: LoginService.sendLoginMessage, 参数: username:"zhangyun"password:"1120" ====> LoginResponseMessage(code=200, msg=登录成功！, token=1994009d-c393-41d0-a22e-2bb67bdd626f), 时间: 424ms
2022-11-06 23:25:03.161 [JavaFX Application Thread] INFO  c.z.f.client.controller.LoginButtonController - 登录成功
2022-11-06 23:25:07.948 [JavaFX Application Thread] INFO  c.z.f.c.controller.initdevice.DeviceNameController - 300.0, 200.0
2022-11-06 23:57:34.488 [ForkJoinPool.commonPool-worker-1] INFO  org.springframework.boot.SpringApplication - Starting application using Java 1.8.0_342 on zhangyundeMacBook-Air.local with PID 87297 (started by zhangyun in /Users/zhangyun/Documents/javaProject/FileCloud)
2022-11-06 23:57:34.489 [ForkJoinPool.commonPool-worker-1] INFO  org.springframework.boot.SpringApplication - The following profiles are active: dev
2022-11-06 23:57:35.121 [ForkJoinPool.commonPool-worker-1] INFO  o.s.boot.web.embedded.tomcat.TomcatWebServer - Tomcat initialized with port(s): 8081 (http)
2022-11-06 23:57:35.126 [ForkJoinPool.commonPool-worker-1] INFO  org.apache.catalina.core.StandardService - Starting service [Tomcat]
2022-11-06 23:57:35.126 [ForkJoinPool.commonPool-worker-1] INFO  org.apache.catalina.core.StandardEngine - Starting Servlet engine: [Apache Tomcat/9.0.54]
2022-11-06 23:57:35.168 [ForkJoinPool.commonPool-worker-1] INFO  o.a.c.core.ContainerBase.[Tomcat].[localhost].[/] - Initializing Spring embedded WebApplicationContext
2022-11-06 23:57:35.168 [ForkJoinPool.commonPool-worker-1] INFO  o.s.b.w.s.c.ServletWebServerApplicationContext - Root WebApplicationContext: initialization completed in 654 ms
2022-11-06 23:57:35.418 [ForkJoinPool.commonPool-worker-1] INFO  s.d.s.w.PropertySourcedRequestMappingHandlerMapping - Mapped URL path [/v2/api-docs] onto method [springfox.documentation.swagger2.web.Swagger2Controller#getDocumentation(String, HttpServletRequest)]
2022-11-06 23:57:35.547 [ForkJoinPool.commonPool-worker-1] INFO  o.s.boot.web.embedded.tomcat.TomcatWebServer - Tomcat started on port(s): 8081 (http) with context path ''
2022-11-06 23:57:35.548 [ForkJoinPool.commonPool-worker-1] INFO  s.d.s.web.plugins.DocumentationPluginsBootstrapper - Context refreshed
2022-11-06 23:57:35.554 [ForkJoinPool.commonPool-worker-1] INFO  s.d.s.web.plugins.DocumentationPluginsBootstrapper - Found 1 custom documentation plugin(s)
2022-11-06 23:57:35.565 [ForkJoinPool.commonPool-worker-1] INFO  s.d.spring.web.scanners.ApiListingReferenceScanner - Scanning for api listing references
2022-11-06 23:57:35.603 [ForkJoinPool.commonPool-worker-1] INFO  org.springframework.boot.SpringApplication - Started application in 1.433 seconds (JVM running for 2.081)
2022-11-06 23:57:35.611 [ForkJoinPool.commonPool-worker-1] INFO  c.z.filecloud.client.monitor.ClientFileMonitor - File Monitor启动成功！
2022-11-06 23:57:35.611 [ForkJoinPool.commonPool-worker-1] INFO  com.zhangyun.filecloud.client.service.NettyClient - netty client starting...
2022-11-06 23:57:35.614 [ForkJoinPool.commonPool-worker-1] INFO  com.zhangyun.filecloud.client.service.NettyClient - netty client start success
2022-11-06 23:57:35.641 [ForkJoinPool.commonPool-worker-1] INFO  com.zhangyun.filecloud.client.service.NettyClient - 建立连接：[id: 0xac555d1f, L:/127.0.0.1:57727 - R:localhost/127.0.0.1:8090]
2022-11-06 23:57:36.890 [nioEventLoopGroup-2-1] INFO  c.z.filecloud.common.protocol.MessageCodecSharable - 发送消息: {"messageType":5,"password":"1120","username":"zhangyun"}
2022-11-06 23:57:36.926 [nioEventLoopGroup-2-1] INFO  c.z.filecloud.common.protocol.MessageCodecSharable - 接收消息: {"code":200,"messageType":6,"msg":"登录成功！","token":"086ed595-b3fb-42ac-b005-4c537d6cf56d"}
2022-11-06 23:57:36.927 [JavaFX Application Thread] INFO  c.zhangyun.filecloud.common.aspect.TraceLogAspect - 执行方法: LoginService.sendLoginMessage, 参数: username:"zhangyun"password:"1120" ====> LoginResponseMessage(code=200, msg=登录成功！, token=086ed595-b3fb-42ac-b005-4c537d6cf56d), 时间: 94ms
2022-11-06 23:57:36.927 [JavaFX Application Thread] INFO  c.z.f.client.controller.LoginButtonController - 登录成功
2022-11-06 23:57:49.438 [JavaFX Application Thread] INFO  c.z.f.c.controller.initdevice.DeviceNameController - 300.0, 200.0
2022-11-06 23:57:56.673 [JavaFX Application Thread] INFO  c.z.f.c.controller.initdevice.DeviceNameController - 科室领导荆防颗粒
