2022-11-02 10:47:49.122 [main] INFO  com.zhangyun.filecloud.client.ClientApplication - Starting ClientApplication using Java 1.8.0_342 on zhangyundeAir.lan with PID 63530 (/Users/zhangyun/Documents/javaProject/FileCloud/client/target/classes started by zhangyun in /Users/zhangyun/Documents/javaProject/FileCloud)
2022-11-02 10:47:49.124 [main] INFO  com.zhangyun.filecloud.client.ClientApplication - The following profiles are active: dev
2022-11-02 10:47:49.775 [main] INFO  o.s.boot.web.embedded.tomcat.TomcatWebServer - Tomcat initialized with port(s): 8081 (http)
2022-11-02 10:47:49.781 [main] INFO  org.apache.catalina.core.StandardService - Starting service [Tomcat]
2022-11-02 10:47:49.781 [main] INFO  org.apache.catalina.core.StandardEngine - Starting Servlet engine: [Apache Tomcat/9.0.54]
2022-11-02 10:47:49.817 [main] INFO  o.a.c.core.ContainerBase.[Tomcat].[localhost].[/] - Initializing Spring embedded WebApplicationContext
2022-11-02 10:47:49.818 [main] INFO  o.s.b.w.s.c.ServletWebServerApplicationContext - Root WebApplicationContext: initialization completed in 664 ms
2022-11-02 10:47:50.059 [main] INFO  s.d.s.w.PropertySourcedRequestMappingHandlerMapping - Mapped URL path [/v2/api-docs] onto method [springfox.documentation.swagger2.web.Swagger2Controller#getDocumentation(String, HttpServletRequest)]
2022-11-02 10:47:50.213 [main] INFO  o.s.boot.web.embedded.tomcat.TomcatWebServer - Tomcat started on port(s): 8081 (http) with context path ''
2022-11-02 10:47:50.214 [main] INFO  s.d.s.web.plugins.DocumentationPluginsBootstrapper - Context refreshed
2022-11-02 10:47:50.220 [main] INFO  s.d.s.web.plugins.DocumentationPluginsBootstrapper - Found 1 custom documentation plugin(s)
2022-11-02 10:47:50.230 [main] INFO  s.d.spring.web.scanners.ApiListingReferenceScanner - Scanning for api listing references
2022-11-02 10:47:50.267 [main] INFO  com.zhangyun.filecloud.client.ClientApplication - Started ClientApplication in 1.417 seconds (JVM running for 1.689)
2022-11-02 10:47:50.275 [main] INFO  c.z.filecloud.client.monitor.ClientFileMonitor - File Monitor启动成功！
2022-11-02 10:47:50.275 [main] INFO  com.zhangyun.filecloud.client.service.NettyClient - netty client starting...
2022-11-02 10:47:50.278 [main] INFO  com.zhangyun.filecloud.client.service.NettyClient - netty client start success
2022-11-02 11:00:39.214 [ForkJoinPool.commonPool-worker-1] INFO  org.springframework.boot.SpringApplication - Starting application using Java 1.8.0_342 on zhangyundeAir.lan with PID 66006 (started by zhangyun in /Users/zhangyun/Documents/javaProject/FileCloud)
2022-11-02 11:00:39.215 [ForkJoinPool.commonPool-worker-1] INFO  org.springframework.boot.SpringApplication - The following profiles are active: dev
2022-11-02 11:00:39.832 [ForkJoinPool.commonPool-worker-1] INFO  o.s.boot.web.embedded.tomcat.TomcatWebServer - Tomcat initialized with port(s): 8081 (http)
2022-11-02 11:00:39.836 [ForkJoinPool.commonPool-worker-1] INFO  org.apache.catalina.core.StandardService - Starting service [Tomcat]
2022-11-02 11:00:39.837 [ForkJoinPool.commonPool-worker-1] INFO  org.apache.catalina.core.StandardEngine - Starting Servlet engine: [Apache Tomcat/9.0.54]
2022-11-02 11:00:39.870 [ForkJoinPool.commonPool-worker-1] INFO  o.a.c.core.ContainerBase.[Tomcat].[localhost].[/] - Initializing Spring embedded WebApplicationContext
2022-11-02 11:00:39.871 [ForkJoinPool.commonPool-worker-1] INFO  o.s.b.w.s.c.ServletWebServerApplicationContext - Root WebApplicationContext: initialization completed in 634 ms
2022-11-02 11:00:40.151 [ForkJoinPool.commonPool-worker-1] INFO  s.d.s.w.PropertySourcedRequestMappingHandlerMapping - Mapped URL path [/v2/api-docs] onto method [springfox.documentation.swagger2.web.Swagger2Controller#getDocumentation(String, HttpServletRequest)]
2022-11-02 11:00:40.284 [ForkJoinPool.commonPool-worker-1] INFO  o.s.boot.web.embedded.tomcat.TomcatWebServer - Tomcat started on port(s): 8081 (http) with context path ''
2022-11-02 11:00:40.285 [ForkJoinPool.commonPool-worker-1] INFO  s.d.s.web.plugins.DocumentationPluginsBootstrapper - Context refreshed
2022-11-02 11:00:40.291 [ForkJoinPool.commonPool-worker-1] INFO  s.d.s.web.plugins.DocumentationPluginsBootstrapper - Found 1 custom documentation plugin(s)
2022-11-02 11:00:40.301 [ForkJoinPool.commonPool-worker-1] INFO  s.d.spring.web.scanners.ApiListingReferenceScanner - Scanning for api listing references
2022-11-02 11:00:40.343 [ForkJoinPool.commonPool-worker-1] INFO  org.springframework.boot.SpringApplication - Started application in 1.576 seconds (JVM running for 2.102)
2022-11-02 11:00:40.350 [ForkJoinPool.commonPool-worker-1] INFO  c.z.filecloud.client.monitor.ClientFileMonitor - File Monitor启动成功！
2022-11-02 11:00:40.351 [ForkJoinPool.commonPool-worker-1] INFO  com.zhangyun.filecloud.client.service.NettyClient - netty client starting...
2022-11-02 11:00:40.354 [ForkJoinPool.commonPool-worker-1] INFO  com.zhangyun.filecloud.client.service.NettyClient - netty client start success
2022-11-02 11:00:45.999 [main] INFO  com.zhangyun.filecloud.client.ClientApplication - Starting ClientApplication using Java 1.8.0_342 on zhangyundeAir.lan with PID 66006 (/Users/zhangyun/Documents/javaProject/FileCloud/client/target/classes started by zhangyun in /Users/zhangyun/Documents/javaProject/FileCloud)
2022-11-02 11:00:45.999 [main] INFO  com.zhangyun.filecloud.client.ClientApplication - The following profiles are active: dev
2022-11-02 11:00:46.157 [main] INFO  o.s.boot.web.embedded.tomcat.TomcatWebServer - Tomcat initialized with port(s): 8081 (http)
2022-11-02 11:00:46.157 [main] INFO  org.apache.catalina.core.StandardService - Starting service [Tomcat]
2022-11-02 11:00:46.157 [main] INFO  org.apache.catalina.core.StandardEngine - Starting Servlet engine: [Apache Tomcat/9.0.54]
2022-11-02 11:00:46.160 [main] INFO  o.a.c.core.ContainerBase.[Tomcat].[localhost].[/] - Initializing Spring embedded WebApplicationContext
2022-11-02 11:00:46.161 [main] INFO  o.s.b.w.s.c.ServletWebServerApplicationContext - Root WebApplicationContext: initialization completed in 160 ms
2022-11-02 11:00:46.232 [main] INFO  s.d.s.w.PropertySourcedRequestMappingHandlerMapping - Mapped URL path [/v2/api-docs] onto method [springfox.documentation.swagger2.web.Swagger2Controller#getDocumentation(String, HttpServletRequest)]
2022-11-02 11:00:46.281 [main] INFO  o.s.boot.web.embedded.tomcat.TomcatWebServer - Tomcat started on port(s): 8081 (http) with context path ''
2022-11-02 11:00:46.281 [main] INFO  s.d.s.web.plugins.DocumentationPluginsBootstrapper - Context refreshed
2022-11-02 11:00:46.281 [main] INFO  s.d.s.web.plugins.DocumentationPluginsBootstrapper - Found 1 custom documentation plugin(s)
2022-11-02 11:00:46.284 [main] INFO  s.d.spring.web.scanners.ApiListingReferenceScanner - Scanning for api listing references
2022-11-02 11:00:46.290 [main] INFO  com.zhangyun.filecloud.client.ClientApplication - Started ClientApplication in 0.32 seconds (JVM running for 8.05)
2022-11-02 11:00:46.291 [main] INFO  c.z.filecloud.client.monitor.ClientFileMonitor - File Monitor启动成功！
2022-11-02 11:00:46.291 [main] INFO  com.zhangyun.filecloud.client.service.NettyClient - netty client starting...
2022-11-02 11:00:46.291 [main] INFO  com.zhangyun.filecloud.client.service.NettyClient - netty client start success
2022-11-02 11:01:24.776 [http-nio-8081-exec-2] INFO  o.a.c.core.ContainerBase.[Tomcat].[localhost].[/] - Initializing Spring DispatcherServlet 'dispatcherServlet'
2022-11-02 11:01:24.777 [http-nio-8081-exec-2] INFO  org.springframework.web.servlet.DispatcherServlet - Initializing Servlet 'dispatcherServlet'
2022-11-02 11:01:24.777 [http-nio-8081-exec-2] INFO  org.springframework.web.servlet.DispatcherServlet - Completed initialization in 0 ms
2022-11-02 11:01:32.964 [http-nio-8081-exec-7] INFO  c.z.f.client.controller.FileMonitorController - File Monitor停止
2022-11-02 11:01:38.782 [http-nio-8081-exec-1] ERROR o.a.c.c.C.[.[localhost].[/].[dispatcherServlet] - Servlet.service() for servlet [dispatcherServlet] in context with path [] threw exception [Request processing failed; nested exception is java.lang.IllegalStateException: Monitor is not running] with root cause
java.lang.IllegalStateException: Monitor is not running
	at org.apache.commons.io.monitor.FileAlterationMonitor.stop(FileAlterationMonitor.java:187)
	at org.apache.commons.io.monitor.FileAlterationMonitor.stop(FileAlterationMonitor.java:174)
	at com.zhangyun.filecloud.client.controller.FileMonitorController.stopMonitor(FileMonitorController.java:26)
	at sun.reflect.NativeMethodAccessorImpl.invoke0(Native Method)
	at sun.reflect.NativeMethodAccessorImpl.invoke(NativeMethodAccessorImpl.java:62)
	at sun.reflect.DelegatingMethodAccessorImpl.invoke(DelegatingMethodAccessorImpl.java:43)
	at java.lang.reflect.Method.invoke(Method.java:498)
	at org.springframework.web.method.support.InvocableHandlerMethod.doInvoke(InvocableHandlerMethod.java:205)
	at org.springframework.web.method.support.InvocableHandlerMethod.invokeForRequest(InvocableHandlerMethod.java:150)
	at org.springframework.web.servlet.mvc.method.annotation.ServletInvocableHandlerMethod.invokeAndHandle(ServletInvocableHandlerMethod.java:117)
	at org.springframework.web.servlet.mvc.method.annotation.RequestMappingHandlerAdapter.invokeHandlerMethod(RequestMappingHandlerAdapter.java:895)
	at org.springframework.web.servlet.mvc.method.annotation.RequestMappingHandlerAdapter.handleInternal(RequestMappingHandlerAdapter.java:808)
	at org.springframework.web.servlet.mvc.method.AbstractHandlerMethodAdapter.handle(AbstractHandlerMethodAdapter.java:87)
	at org.springframework.web.servlet.DispatcherServlet.doDispatch(DispatcherServlet.java:1067)
	at org.springframework.web.servlet.DispatcherServlet.doService(DispatcherServlet.java:963)
	at org.springframework.web.servlet.FrameworkServlet.processRequest(FrameworkServlet.java:1006)
	at org.springframework.web.servlet.FrameworkServlet.doGet(FrameworkServlet.java:898)
	at javax.servlet.http.HttpServlet.service(HttpServlet.java:655)
	at org.springframework.web.servlet.FrameworkServlet.service(FrameworkServlet.java:883)
	at javax.servlet.http.HttpServlet.service(HttpServlet.java:764)
	at org.apache.catalina.core.ApplicationFilterChain.internalDoFilter(ApplicationFilterChain.java:227)
	at org.apache.catalina.core.ApplicationFilterChain.doFilter(ApplicationFilterChain.java:162)
	at org.apache.tomcat.websocket.server.WsFilter.doFilter(WsFilter.java:53)
	at org.apache.catalina.core.ApplicationFilterChain.internalDoFilter(ApplicationFilterChain.java:189)
	at org.apache.catalina.core.ApplicationFilterChain.doFilter(ApplicationFilterChain.java:162)
	at org.springframework.web.filter.RequestContextFilter.doFilterInternal(RequestContextFilter.java:100)
	at org.springframework.web.filter.OncePerRequestFilter.doFilter(OncePerRequestFilter.java:119)
	at org.apache.catalina.core.ApplicationFilterChain.internalDoFilter(ApplicationFilterChain.java:189)
	at org.apache.catalina.core.ApplicationFilterChain.doFilter(ApplicationFilterChain.java:162)
	at org.springframework.web.filter.FormContentFilter.doFilterInternal(FormContentFilter.java:93)
	at org.springframework.web.filter.OncePerRequestFilter.doFilter(OncePerRequestFilter.java:119)
	at org.apache.catalina.core.ApplicationFilterChain.internalDoFilter(ApplicationFilterChain.java:189)
	at org.apache.catalina.core.ApplicationFilterChain.doFilter(ApplicationFilterChain.java:162)
	at org.springframework.web.filter.CharacterEncodingFilter.doFilterInternal(CharacterEncodingFilter.java:201)
	at org.springframework.web.filter.OncePerRequestFilter.doFilter(OncePerRequestFilter.java:119)
	at org.apache.catalina.core.ApplicationFilterChain.internalDoFilter(ApplicationFilterChain.java:189)
	at org.apache.catalina.core.ApplicationFilterChain.doFilter(ApplicationFilterChain.java:162)
	at org.apache.catalina.core.StandardWrapperValve.invoke(StandardWrapperValve.java:197)
	at org.apache.catalina.core.StandardContextValve.invoke(StandardContextValve.java:97)
	at org.apache.catalina.authenticator.AuthenticatorBase.invoke(AuthenticatorBase.java:540)
	at org.apache.catalina.core.StandardHostValve.invoke(StandardHostValve.java:135)
	at org.apache.catalina.valves.ErrorReportValve.invoke(ErrorReportValve.java:92)
	at org.apache.catalina.core.StandardEngineValve.invoke(StandardEngineValve.java:78)
	at org.apache.catalina.connector.CoyoteAdapter.service(CoyoteAdapter.java:357)
	at org.apache.coyote.http11.Http11Processor.service(Http11Processor.java:382)
	at org.apache.coyote.AbstractProcessorLight.process(AbstractProcessorLight.java:65)
	at org.apache.coyote.AbstractProtocol$ConnectionHandler.process(AbstractProtocol.java:895)
	at org.apache.tomcat.util.net.NioEndpoint$SocketProcessor.doRun(NioEndpoint.java:1722)
	at org.apache.tomcat.util.net.SocketProcessorBase.run(SocketProcessorBase.java:49)
	at org.apache.tomcat.util.threads.ThreadPoolExecutor.runWorker(ThreadPoolExecutor.java:1191)
	at org.apache.tomcat.util.threads.ThreadPoolExecutor$Worker.run(ThreadPoolExecutor.java:659)
	at org.apache.tomcat.util.threads.TaskThread$WrappingRunnable.run(TaskThread.java:61)
	at java.lang.Thread.run(Thread.java:750)
2022-11-02 11:01:44.591 [http-nio-8081-exec-10] INFO  c.z.f.client.controller.FileMonitorController - File Monitor启动
2022-11-02 11:01:49.389 [http-nio-8081-exec-8] INFO  c.z.f.client.controller.FileMonitorController - File Monitor停止
2022-11-02 15:22:38.567 [ForkJoinPool.commonPool-worker-1] INFO  org.springframework.boot.SpringApplication - Starting application using Java 1.8.0_342 on zhangyundeMacBook-Air.local with PID 90828 (started by zhangyun in /Users/zhangyun/Documents/javaProject/FileCloud)
2022-11-02 15:22:38.570 [ForkJoinPool.commonPool-worker-1] INFO  org.springframework.boot.SpringApplication - The following profiles are active: dev
2022-11-02 15:22:39.280 [ForkJoinPool.commonPool-worker-1] INFO  o.s.boot.web.embedded.tomcat.TomcatWebServer - Tomcat initialized with port(s): 8081 (http)
2022-11-02 15:22:39.285 [ForkJoinPool.commonPool-worker-1] INFO  org.apache.catalina.core.StandardService - Starting service [Tomcat]
2022-11-02 15:22:39.285 [ForkJoinPool.commonPool-worker-1] INFO  org.apache.catalina.core.StandardEngine - Starting Servlet engine: [Apache Tomcat/9.0.54]
2022-11-02 15:22:39.319 [ForkJoinPool.commonPool-worker-1] INFO  o.a.c.core.ContainerBase.[Tomcat].[localhost].[/] - Initializing Spring embedded WebApplicationContext
2022-11-02 15:22:39.319 [ForkJoinPool.commonPool-worker-1] INFO  o.s.b.w.s.c.ServletWebServerApplicationContext - Root WebApplicationContext: initialization completed in 668 ms
2022-11-02 15:22:39.596 [ForkJoinPool.commonPool-worker-1] INFO  s.d.s.w.PropertySourcedRequestMappingHandlerMapping - Mapped URL path [/v2/api-docs] onto method [springfox.documentation.swagger2.web.Swagger2Controller#getDocumentation(String, HttpServletRequest)]
2022-11-02 15:22:39.727 [ForkJoinPool.commonPool-worker-1] INFO  o.s.boot.web.embedded.tomcat.TomcatWebServer - Tomcat started on port(s): 8081 (http) with context path ''
2022-11-02 15:22:39.727 [ForkJoinPool.commonPool-worker-1] INFO  s.d.s.web.plugins.DocumentationPluginsBootstrapper - Context refreshed
2022-11-02 15:22:39.734 [ForkJoinPool.commonPool-worker-1] INFO  s.d.s.web.plugins.DocumentationPluginsBootstrapper - Found 1 custom documentation plugin(s)
2022-11-02 15:22:39.744 [ForkJoinPool.commonPool-worker-1] INFO  s.d.spring.web.scanners.ApiListingReferenceScanner - Scanning for api listing references
2022-11-02 15:22:39.782 [ForkJoinPool.commonPool-worker-1] INFO  org.springframework.boot.SpringApplication - Started application in 1.585 seconds (JVM running for 2.305)
2022-11-02 15:22:39.791 [ForkJoinPool.commonPool-worker-1] INFO  c.z.filecloud.client.monitor.ClientFileMonitor - File Monitor启动成功！
2022-11-02 15:22:39.791 [ForkJoinPool.commonPool-worker-1] INFO  com.zhangyun.filecloud.client.service.NettyClient - netty client starting...
2022-11-02 15:22:39.795 [ForkJoinPool.commonPool-worker-1] INFO  com.zhangyun.filecloud.client.service.NettyClient - netty client start success
2022-11-02 15:22:43.517 [main] INFO  com.zhangyun.filecloud.client.ClientApplication - Starting ClientApplication using Java 1.8.0_342 on zhangyundeMacBook-Air.local with PID 90828 (/Users/zhangyun/Documents/javaProject/FileCloud/client/target/classes started by zhangyun in /Users/zhangyun/Documents/javaProject/FileCloud)
2022-11-02 15:22:43.517 [main] INFO  com.zhangyun.filecloud.client.ClientApplication - The following profiles are active: dev
2022-11-02 15:22:43.670 [main] INFO  o.s.boot.web.embedded.tomcat.TomcatWebServer - Tomcat initialized with port(s): 8081 (http)
2022-11-02 15:22:43.671 [main] INFO  org.apache.catalina.core.StandardService - Starting service [Tomcat]
2022-11-02 15:22:43.671 [main] INFO  org.apache.catalina.core.StandardEngine - Starting Servlet engine: [Apache Tomcat/9.0.54]
2022-11-02 15:22:43.674 [main] INFO  o.a.c.core.ContainerBase.[Tomcat].[localhost].[/] - Initializing Spring embedded WebApplicationContext
2022-11-02 15:22:43.674 [main] INFO  o.s.b.w.s.c.ServletWebServerApplicationContext - Root WebApplicationContext: initialization completed in 155 ms
2022-11-02 15:22:43.747 [main] INFO  s.d.s.w.PropertySourcedRequestMappingHandlerMapping - Mapped URL path [/v2/api-docs] onto method [springfox.documentation.swagger2.web.Swagger2Controller#getDocumentation(String, HttpServletRequest)]
2022-11-02 15:22:43.796 [main] INFO  o.s.boot.web.embedded.tomcat.TomcatWebServer - Tomcat started on port(s): 8081 (http) with context path ''
2022-11-02 15:22:43.797 [main] INFO  s.d.s.web.plugins.DocumentationPluginsBootstrapper - Context refreshed
2022-11-02 15:22:43.797 [main] INFO  s.d.s.web.plugins.DocumentationPluginsBootstrapper - Found 1 custom documentation plugin(s)
2022-11-02 15:22:43.799 [main] INFO  s.d.spring.web.scanners.ApiListingReferenceScanner - Scanning for api listing references
2022-11-02 15:22:43.806 [main] INFO  com.zhangyun.filecloud.client.ClientApplication - Started ClientApplication in 0.309 seconds (JVM running for 6.328)
2022-11-02 15:22:43.807 [main] INFO  c.z.filecloud.client.monitor.ClientFileMonitor - File Monitor启动成功！
2022-11-02 15:22:43.807 [main] INFO  com.zhangyun.filecloud.client.service.NettyClient - netty client starting...
2022-11-02 15:22:43.807 [main] INFO  com.zhangyun.filecloud.client.service.NettyClient - netty client start success
2022-11-02 15:23:17.032 [ForkJoinPool.commonPool-worker-1] INFO  org.springframework.boot.SpringApplication - Starting application using Java 1.8.0_342 on zhangyundeMacBook-Air.local with PID 90963 (started by zhangyun in /Users/zhangyun/Documents/javaProject/FileCloud)
2022-11-02 15:23:17.035 [ForkJoinPool.commonPool-worker-1] INFO  org.springframework.boot.SpringApplication - The following profiles are active: dev
2022-11-02 15:23:17.831 [ForkJoinPool.commonPool-worker-1] INFO  o.s.boot.web.embedded.tomcat.TomcatWebServer - Tomcat initialized with port(s): 8081 (http)
2022-11-02 15:23:17.836 [ForkJoinPool.commonPool-worker-1] INFO  org.apache.catalina.core.StandardService - Starting service [Tomcat]
2022-11-02 15:23:17.836 [ForkJoinPool.commonPool-worker-1] INFO  org.apache.catalina.core.StandardEngine - Starting Servlet engine: [Apache Tomcat/9.0.54]
2022-11-02 15:23:17.876 [ForkJoinPool.commonPool-worker-1] INFO  o.a.c.core.ContainerBase.[Tomcat].[localhost].[/] - Initializing Spring embedded WebApplicationContext
2022-11-02 15:23:17.877 [ForkJoinPool.commonPool-worker-1] INFO  o.s.b.w.s.c.ServletWebServerApplicationContext - Root WebApplicationContext: initialization completed in 806 ms
2022-11-02 15:23:18.152 [ForkJoinPool.commonPool-worker-1] INFO  s.d.s.w.PropertySourcedRequestMappingHandlerMapping - Mapped URL path [/v2/api-docs] onto method [springfox.documentation.swagger2.web.Swagger2Controller#getDocumentation(String, HttpServletRequest)]
2022-11-02 15:23:18.301 [ForkJoinPool.commonPool-worker-1] INFO  o.s.boot.web.embedded.tomcat.TomcatWebServer - Tomcat started on port(s): 8081 (http) with context path ''
2022-11-02 15:23:18.302 [ForkJoinPool.commonPool-worker-1] INFO  s.d.s.web.plugins.DocumentationPluginsBootstrapper - Context refreshed
2022-11-02 15:23:18.310 [ForkJoinPool.commonPool-worker-1] INFO  s.d.s.web.plugins.DocumentationPluginsBootstrapper - Found 1 custom documentation plugin(s)
2022-11-02 15:23:18.321 [ForkJoinPool.commonPool-worker-1] INFO  s.d.spring.web.scanners.ApiListingReferenceScanner - Scanning for api listing references
2022-11-02 15:23:18.361 [ForkJoinPool.commonPool-worker-1] INFO  org.springframework.boot.SpringApplication - Started application in 1.74 seconds (JVM running for 2.273)
2022-11-02 15:23:18.369 [ForkJoinPool.commonPool-worker-1] INFO  c.z.filecloud.client.monitor.ClientFileMonitor - File Monitor启动成功！
2022-11-02 15:23:18.369 [ForkJoinPool.commonPool-worker-1] INFO  com.zhangyun.filecloud.client.service.NettyClient - netty client starting...
2022-11-02 15:23:18.375 [ForkJoinPool.commonPool-worker-1] INFO  com.zhangyun.filecloud.client.service.NettyClient - netty client start success
2022-11-02 15:23:18.396 [JavaFX Application Thread] ERROR d.f.jfxsupport.AbstractJavaFxApplicationSupport - Failed to load application: 
java.lang.IllegalStateException: Cannot load login
	at de.felixroske.jfxsupport.AbstractFxmlView.loadSynchronously(AbstractFxmlView.java:162)
	at de.felixroske.jfxsupport.AbstractFxmlView.ensureFxmlLoaderInitialized(AbstractFxmlView.java:177)
	at de.felixroske.jfxsupport.AbstractFxmlView.getView(AbstractFxmlView.java:189)
	at de.felixroske.jfxsupport.AbstractJavaFxApplicationSupport.showView(AbstractJavaFxApplicationSupport.java:206)
	at de.felixroske.jfxsupport.AbstractJavaFxApplicationSupport.showInitialView(AbstractJavaFxApplicationSupport.java:185)
	at de.felixroske.jfxsupport.AbstractJavaFxApplicationSupport.lambda$start$6(AbstractJavaFxApplicationSupport.java:163)
	at com.sun.javafx.application.PlatformImpl.lambda$null$5(PlatformImpl.java:295)
	at java.security.AccessController.doPrivileged(Native Method)
	at com.sun.javafx.application.PlatformImpl.lambda$runLater$6(PlatformImpl.java:294)
	at com.sun.glass.ui.InvokeLaterDispatcher$Future.run(InvokeLaterDispatcher.java:95)
Caused by: javafx.fxml.LoadException: 
/Users/zhangyun/Documents/javaProject/FileCloud/client/target/classes/fxml/login.fxml:9

	at javafx.fxml.FXMLLoader.constructLoadException(FXMLLoader.java:2601)
	at javafx.fxml.FXMLLoader.access$700(FXMLLoader.java:103)
	at javafx.fxml.FXMLLoader$ValueElement.processAttribute(FXMLLoader.java:922)
	at javafx.fxml.FXMLLoader$InstanceDeclarationElement.processAttribute(FXMLLoader.java:971)
	at javafx.fxml.FXMLLoader$Element.processStartElement(FXMLLoader.java:220)
	at javafx.fxml.FXMLLoader$ValueElement.processStartElement(FXMLLoader.java:744)
	at javafx.fxml.FXMLLoader.processStartElement(FXMLLoader.java:2707)
	at javafx.fxml.FXMLLoader.loadImpl(FXMLLoader.java:2527)
	at javafx.fxml.FXMLLoader.loadImpl(FXMLLoader.java:2441)
	at javafx.fxml.FXMLLoader.load(FXMLLoader.java:2409)
	at de.felixroske.jfxsupport.AbstractFxmlView.loadSynchronously(AbstractFxmlView.java:160)
	... 9 common frames omitted
Caused by: java.lang.ClassNotFoundException: FxmlLogin
	at java.net.URLClassLoader.findClass(URLClassLoader.java:387)
	at java.lang.ClassLoader.loadClass(ClassLoader.java:418)
	at sun.misc.Launcher$AppClassLoader.loadClass(Launcher.java:352)
	at java.lang.ClassLoader.loadClass(ClassLoader.java:351)
	at javafx.fxml.FXMLLoader$ValueElement.processAttribute(FXMLLoader.java:920)
	... 17 common frames omitted
2022-11-02 15:23:22.424 [main] INFO  com.zhangyun.filecloud.client.ClientApplication - Starting ClientApplication using Java 1.8.0_342 on zhangyundeMacBook-Air.local with PID 90963 (/Users/zhangyun/Documents/javaProject/FileCloud/client/target/classes started by zhangyun in /Users/zhangyun/Documents/javaProject/FileCloud)
2022-11-02 15:23:22.424 [main] INFO  com.zhangyun.filecloud.client.ClientApplication - The following profiles are active: dev
2022-11-02 15:23:22.563 [main] INFO  o.s.boot.web.embedded.tomcat.TomcatWebServer - Tomcat initialized with port(s): 8081 (http)
2022-11-02 15:23:22.564 [main] INFO  org.apache.catalina.core.StandardService - Starting service [Tomcat]
2022-11-02 15:23:22.564 [main] INFO  org.apache.catalina.core.StandardEngine - Starting Servlet engine: [Apache Tomcat/9.0.54]
2022-11-02 15:23:22.567 [main] INFO  o.a.c.core.ContainerBase.[Tomcat].[localhost].[/] - Initializing Spring embedded WebApplicationContext
2022-11-02 15:23:22.567 [main] INFO  o.s.b.w.s.c.ServletWebServerApplicationContext - Root WebApplicationContext: initialization completed in 141 ms
2022-11-02 15:23:22.639 [main] INFO  s.d.s.w.PropertySourcedRequestMappingHandlerMapping - Mapped URL path [/v2/api-docs] onto method [springfox.documentation.swagger2.web.Swagger2Controller#getDocumentation(String, HttpServletRequest)]
2022-11-02 15:23:22.695 [main] INFO  o.s.boot.web.embedded.tomcat.TomcatWebServer - Tomcat started on port(s): 8081 (http) with context path ''
2022-11-02 15:23:22.695 [main] INFO  s.d.s.web.plugins.DocumentationPluginsBootstrapper - Context refreshed
2022-11-02 15:23:22.695 [main] INFO  s.d.s.web.plugins.DocumentationPluginsBootstrapper - Found 1 custom documentation plugin(s)
2022-11-02 15:23:22.698 [main] INFO  s.d.spring.web.scanners.ApiListingReferenceScanner - Scanning for api listing references
2022-11-02 15:23:22.705 [main] INFO  com.zhangyun.filecloud.client.ClientApplication - Started ClientApplication in 0.303 seconds (JVM running for 6.617)
2022-11-02 15:23:22.706 [main] INFO  c.z.filecloud.client.monitor.ClientFileMonitor - File Monitor启动成功！
2022-11-02 15:23:22.706 [main] INFO  com.zhangyun.filecloud.client.service.NettyClient - netty client starting...
2022-11-02 15:23:22.706 [main] INFO  com.zhangyun.filecloud.client.service.NettyClient - netty client start success
2022-11-02 15:30:07.924 [ForkJoinPool.commonPool-worker-1] INFO  org.springframework.boot.SpringApplication - Starting application using Java 1.8.0_342 on zhangyundeMacBook-Air.local with PID 92307 (started by zhangyun in /Users/zhangyun/Documents/javaProject/FileCloud)
2022-11-02 15:30:07.926 [ForkJoinPool.commonPool-worker-1] INFO  org.springframework.boot.SpringApplication - The following profiles are active: dev
2022-11-02 15:30:08.688 [ForkJoinPool.commonPool-worker-1] INFO  o.s.boot.web.embedded.tomcat.TomcatWebServer - Tomcat initialized with port(s): 8081 (http)
2022-11-02 15:30:08.694 [ForkJoinPool.commonPool-worker-1] INFO  org.apache.catalina.core.StandardService - Starting service [Tomcat]
2022-11-02 15:30:08.694 [ForkJoinPool.commonPool-worker-1] INFO  org.apache.catalina.core.StandardEngine - Starting Servlet engine: [Apache Tomcat/9.0.54]
2022-11-02 15:30:08.728 [ForkJoinPool.commonPool-worker-1] INFO  o.a.c.core.ContainerBase.[Tomcat].[localhost].[/] - Initializing Spring embedded WebApplicationContext
2022-11-02 15:30:08.728 [ForkJoinPool.commonPool-worker-1] INFO  o.s.b.w.s.c.ServletWebServerApplicationContext - Root WebApplicationContext: initialization completed in 761 ms
2022-11-02 15:30:08.976 [ForkJoinPool.commonPool-worker-1] INFO  s.d.s.w.PropertySourcedRequestMappingHandlerMapping - Mapped URL path [/v2/api-docs] onto method [springfox.documentation.swagger2.web.Swagger2Controller#getDocumentation(String, HttpServletRequest)]
2022-11-02 15:30:09.109 [ForkJoinPool.commonPool-worker-1] INFO  o.s.boot.web.embedded.tomcat.TomcatWebServer - Tomcat started on port(s): 8081 (http) with context path ''
2022-11-02 15:30:09.110 [ForkJoinPool.commonPool-worker-1] INFO  s.d.s.web.plugins.DocumentationPluginsBootstrapper - Context refreshed
2022-11-02 15:30:09.116 [ForkJoinPool.commonPool-worker-1] INFO  s.d.s.web.plugins.DocumentationPluginsBootstrapper - Found 1 custom documentation plugin(s)
2022-11-02 15:30:09.128 [ForkJoinPool.commonPool-worker-1] INFO  s.d.spring.web.scanners.ApiListingReferenceScanner - Scanning for api listing references
2022-11-02 15:30:09.167 [ForkJoinPool.commonPool-worker-1] INFO  org.springframework.boot.SpringApplication - Started application in 1.71 seconds (JVM running for 2.439)
2022-11-02 15:30:09.174 [ForkJoinPool.commonPool-worker-1] INFO  c.z.filecloud.client.monitor.ClientFileMonitor - File Monitor启动成功！
2022-11-02 15:30:09.175 [ForkJoinPool.commonPool-worker-1] INFO  com.zhangyun.filecloud.client.service.NettyClient - netty client starting...
2022-11-02 15:30:09.179 [ForkJoinPool.commonPool-worker-1] INFO  com.zhangyun.filecloud.client.service.NettyClient - netty client start success
2022-11-02 15:30:09.194 [JavaFX Application Thread] ERROR d.f.jfxsupport.AbstractJavaFxApplicationSupport - Failed to load application: 
java.lang.IllegalStateException: Cannot load login
	at de.felixroske.jfxsupport.AbstractFxmlView.loadSynchronously(AbstractFxmlView.java:162)
	at de.felixroske.jfxsupport.AbstractFxmlView.ensureFxmlLoaderInitialized(AbstractFxmlView.java:177)
	at de.felixroske.jfxsupport.AbstractFxmlView.getView(AbstractFxmlView.java:189)
	at de.felixroske.jfxsupport.AbstractJavaFxApplicationSupport.showView(AbstractJavaFxApplicationSupport.java:206)
	at de.felixroske.jfxsupport.AbstractJavaFxApplicationSupport.showInitialView(AbstractJavaFxApplicationSupport.java:185)
	at de.felixroske.jfxsupport.AbstractJavaFxApplicationSupport.lambda$start$6(AbstractJavaFxApplicationSupport.java:163)
	at com.sun.javafx.application.PlatformImpl.lambda$null$5(PlatformImpl.java:295)
	at java.security.AccessController.doPrivileged(Native Method)
	at com.sun.javafx.application.PlatformImpl.lambda$runLater$6(PlatformImpl.java:294)
	at com.sun.glass.ui.InvokeLaterDispatcher$Future.run(InvokeLaterDispatcher.java:95)
Caused by: javafx.fxml.LoadException: 
/Users/zhangyun/Documents/javaProject/FileCloud/client/target/classes/fxml/login.fxml:9

	at javafx.fxml.FXMLLoader.constructLoadException(FXMLLoader.java:2601)
	at javafx.fxml.FXMLLoader.loadImpl(FXMLLoader.java:2579)
	at javafx.fxml.FXMLLoader.loadImpl(FXMLLoader.java:2441)
	at javafx.fxml.FXMLLoader.load(FXMLLoader.java:2409)
	at de.felixroske.jfxsupport.AbstractFxmlView.loadSynchronously(AbstractFxmlView.java:160)
	... 9 common frames omitted
Caused by: org.springframework.beans.factory.NoSuchBeanDefinitionException: No qualifying bean of type 'com.zhangyun.filecloud.client.controller.LoginController' available
	at org.springframework.beans.factory.support.DefaultListableBeanFactory.getBean(DefaultListableBeanFactory.java:351)
	at org.springframework.beans.factory.support.DefaultListableBeanFactory.getBean(DefaultListableBeanFactory.java:342)
	at org.springframework.context.support.AbstractApplicationContext.getBean(AbstractApplicationContext.java:1172)
	at de.felixroske.jfxsupport.AbstractFxmlView.createControllerForType(AbstractFxmlView.java:119)
	at javafx.fxml.FXMLLoader$ValueElement.processAttribute(FXMLLoader.java:929)
	at javafx.fxml.FXMLLoader$InstanceDeclarationElement.processAttribute(FXMLLoader.java:971)
	at javafx.fxml.FXMLLoader$Element.processStartElement(FXMLLoader.java:220)
	at javafx.fxml.FXMLLoader$ValueElement.processStartElement(FXMLLoader.java:744)
	at javafx.fxml.FXMLLoader.processStartElement(FXMLLoader.java:2707)
	at javafx.fxml.FXMLLoader.loadImpl(FXMLLoader.java:2527)
	... 12 common frames omitted
2022-11-02 15:33:02.898 [main] INFO  com.zhangyun.filecloud.client.ClientApplication - Starting ClientApplication using Java 1.8.0_342 on zhangyundeMacBook-Air.local with PID 92307 (/Users/zhangyun/Documents/javaProject/FileCloud/client/target/classes started by zhangyun in /Users/zhangyun/Documents/javaProject/FileCloud)
2022-11-02 15:33:02.899 [main] INFO  com.zhangyun.filecloud.client.ClientApplication - The following profiles are active: dev
2022-11-02 15:33:03.071 [main] INFO  o.s.boot.web.embedded.tomcat.TomcatWebServer - Tomcat initialized with port(s): 8081 (http)
2022-11-02 15:33:03.072 [main] INFO  org.apache.catalina.core.StandardService - Starting service [Tomcat]
2022-11-02 15:33:03.072 [main] INFO  org.apache.catalina.core.StandardEngine - Starting Servlet engine: [Apache Tomcat/9.0.54]
2022-11-02 15:33:03.077 [main] INFO  o.a.c.core.ContainerBase.[Tomcat].[localhost].[/] - Initializing Spring embedded WebApplicationContext
2022-11-02 15:33:03.077 [main] INFO  o.s.b.w.s.c.ServletWebServerApplicationContext - Root WebApplicationContext: initialization completed in 175 ms
2022-11-02 15:33:03.153 [main] INFO  s.d.s.w.PropertySourcedRequestMappingHandlerMapping - Mapped URL path [/v2/api-docs] onto method [springfox.documentation.swagger2.web.Swagger2Controller#getDocumentation(String, HttpServletRequest)]
2022-11-02 15:33:03.208 [main] INFO  o.s.boot.web.embedded.tomcat.TomcatWebServer - Tomcat started on port(s): 8081 (http) with context path ''
2022-11-02 15:33:03.209 [main] INFO  s.d.s.web.plugins.DocumentationPluginsBootstrapper - Context refreshed
2022-11-02 15:33:03.209 [main] INFO  s.d.s.web.plugins.DocumentationPluginsBootstrapper - Found 1 custom documentation plugin(s)
2022-11-02 15:33:03.212 [main] INFO  s.d.spring.web.scanners.ApiListingReferenceScanner - Scanning for api listing references
2022-11-02 15:33:03.220 [main] INFO  com.zhangyun.filecloud.client.ClientApplication - Started ClientApplication in 0.55 seconds (JVM running for 176.497)
2022-11-02 15:33:03.220 [main] INFO  c.z.filecloud.client.monitor.ClientFileMonitor - File Monitor启动成功！
2022-11-02 15:33:03.221 [main] INFO  com.zhangyun.filecloud.client.service.NettyClient - netty client starting...
2022-11-02 15:33:03.221 [main] INFO  com.zhangyun.filecloud.client.service.NettyClient - netty client start success
2022-11-02 15:33:08.799 [ForkJoinPool.commonPool-worker-1] INFO  org.springframework.boot.SpringApplication - Starting application using Java 1.8.0_342 on zhangyundeMacBook-Air.local with PID 92898 (started by zhangyun in /Users/zhangyun/Documents/javaProject/FileCloud)
2022-11-02 15:33:08.801 [ForkJoinPool.commonPool-worker-1] INFO  org.springframework.boot.SpringApplication - The following profiles are active: dev
2022-11-02 15:33:09.528 [ForkJoinPool.commonPool-worker-1] INFO  o.s.boot.web.embedded.tomcat.TomcatWebServer - Tomcat initialized with port(s): 8081 (http)
2022-11-02 15:33:09.533 [ForkJoinPool.commonPool-worker-1] INFO  org.apache.catalina.core.StandardService - Starting service [Tomcat]
2022-11-02 15:33:09.533 [ForkJoinPool.commonPool-worker-1] INFO  org.apache.catalina.core.StandardEngine - Starting Servlet engine: [Apache Tomcat/9.0.54]
2022-11-02 15:33:09.569 [ForkJoinPool.commonPool-worker-1] INFO  o.a.c.core.ContainerBase.[Tomcat].[localhost].[/] - Initializing Spring embedded WebApplicationContext
2022-11-02 15:33:09.570 [ForkJoinPool.commonPool-worker-1] INFO  o.s.b.w.s.c.ServletWebServerApplicationContext - Root WebApplicationContext: initialization completed in 724 ms
2022-11-02 15:33:09.791 [ForkJoinPool.commonPool-worker-1] INFO  s.d.s.w.PropertySourcedRequestMappingHandlerMapping - Mapped URL path [/v2/api-docs] onto method [springfox.documentation.swagger2.web.Swagger2Controller#getDocumentation(String, HttpServletRequest)]
2022-11-02 15:33:09.930 [ForkJoinPool.commonPool-worker-1] INFO  o.s.boot.web.embedded.tomcat.TomcatWebServer - Tomcat started on port(s): 8081 (http) with context path ''
2022-11-02 15:33:09.931 [ForkJoinPool.commonPool-worker-1] INFO  s.d.s.web.plugins.DocumentationPluginsBootstrapper - Context refreshed
2022-11-02 15:33:09.937 [ForkJoinPool.commonPool-worker-1] INFO  s.d.s.web.plugins.DocumentationPluginsBootstrapper - Found 1 custom documentation plugin(s)
2022-11-02 15:33:09.950 [ForkJoinPool.commonPool-worker-1] INFO  s.d.spring.web.scanners.ApiListingReferenceScanner - Scanning for api listing references
2022-11-02 15:33:09.989 [ForkJoinPool.commonPool-worker-1] INFO  org.springframework.boot.SpringApplication - Started application in 1.549 seconds (JVM running for 2.009)
2022-11-02 15:33:09.997 [ForkJoinPool.commonPool-worker-1] INFO  c.z.filecloud.client.monitor.ClientFileMonitor - File Monitor启动成功！
2022-11-02 15:33:09.997 [ForkJoinPool.commonPool-worker-1] INFO  com.zhangyun.filecloud.client.service.NettyClient - netty client starting...
2022-11-02 15:33:10.000 [ForkJoinPool.commonPool-worker-1] INFO  com.zhangyun.filecloud.client.service.NettyClient - netty client start success
2022-11-02 15:33:10.003 [JavaFX Application Thread] ERROR d.f.jfxsupport.AbstractJavaFxApplicationSupport - Failed to load application: 
org.springframework.beans.factory.NoSuchBeanDefinitionException: No qualifying bean of type 'com.zhangyun.filecloud.client.view.LoginView' available
	at org.springframework.beans.factory.support.DefaultListableBeanFactory.getBean(DefaultListableBeanFactory.java:351)
	at org.springframework.beans.factory.support.DefaultListableBeanFactory.getBean(DefaultListableBeanFactory.java:342)
	at org.springframework.context.support.AbstractApplicationContext.getBean(AbstractApplicationContext.java:1172)
	at de.felixroske.jfxsupport.AbstractJavaFxApplicationSupport.showView(AbstractJavaFxApplicationSupport.java:203)
	at de.felixroske.jfxsupport.AbstractJavaFxApplicationSupport.showInitialView(AbstractJavaFxApplicationSupport.java:185)
	at de.felixroske.jfxsupport.AbstractJavaFxApplicationSupport.lambda$start$6(AbstractJavaFxApplicationSupport.java:163)
	at com.sun.javafx.application.PlatformImpl.lambda$null$5(PlatformImpl.java:295)
	at java.security.AccessController.doPrivileged(Native Method)
	at com.sun.javafx.application.PlatformImpl.lambda$runLater$6(PlatformImpl.java:294)
	at com.sun.glass.ui.InvokeLaterDispatcher$Future.run(InvokeLaterDispatcher.java:95)
2022-11-02 15:33:26.661 [main] INFO  com.zhangyun.filecloud.client.ClientApplication - Starting ClientApplication using Java 1.8.0_342 on zhangyundeMacBook-Air.local with PID 92898 (/Users/zhangyun/Documents/javaProject/FileCloud/client/target/classes started by zhangyun in /Users/zhangyun/Documents/javaProject/FileCloud)
2022-11-02 15:33:26.661 [main] INFO  com.zhangyun.filecloud.client.ClientApplication - The following profiles are active: dev
2022-11-02 15:33:26.796 [main] INFO  o.s.boot.web.embedded.tomcat.TomcatWebServer - Tomcat initialized with port(s): 8081 (http)
2022-11-02 15:33:26.796 [main] INFO  org.apache.catalina.core.StandardService - Starting service [Tomcat]
2022-11-02 15:33:26.796 [main] INFO  org.apache.catalina.core.StandardEngine - Starting Servlet engine: [Apache Tomcat/9.0.54]
2022-11-02 15:33:26.801 [main] INFO  o.a.c.core.ContainerBase.[Tomcat].[localhost].[/] - Initializing Spring embedded WebApplicationContext
2022-11-02 15:33:26.801 [main] INFO  o.s.b.w.s.c.ServletWebServerApplicationContext - Root WebApplicationContext: initialization completed in 138 ms
2022-11-02 15:33:26.890 [main] INFO  s.d.s.w.PropertySourcedRequestMappingHandlerMapping - Mapped URL path [/v2/api-docs] onto method [springfox.documentation.swagger2.web.Swagger2Controller#getDocumentation(String, HttpServletRequest)]
2022-11-02 15:33:26.937 [main] INFO  o.s.boot.web.embedded.tomcat.TomcatWebServer - Tomcat started on port(s): 8081 (http) with context path ''
2022-11-02 15:33:26.937 [main] INFO  s.d.s.web.plugins.DocumentationPluginsBootstrapper - Context refreshed
2022-11-02 15:33:26.938 [main] INFO  s.d.s.web.plugins.DocumentationPluginsBootstrapper - Found 1 custom documentation plugin(s)
2022-11-02 15:33:26.940 [main] INFO  s.d.spring.web.scanners.ApiListingReferenceScanner - Scanning for api listing references
2022-11-02 15:33:26.946 [main] INFO  com.zhangyun.filecloud.client.ClientApplication - Started ClientApplication in 0.311 seconds (JVM running for 18.967)
2022-11-02 15:33:26.947 [main] INFO  c.z.filecloud.client.monitor.ClientFileMonitor - File Monitor启动成功！
2022-11-02 15:33:26.947 [main] INFO  com.zhangyun.filecloud.client.service.NettyClient - netty client starting...
2022-11-02 15:33:26.948 [main] INFO  com.zhangyun.filecloud.client.service.NettyClient - netty client start success
2022-11-02 15:36:16.466 [ForkJoinPool.commonPool-worker-1] INFO  org.springframework.boot.SpringApplication - Starting application using Java 1.8.0_342 on zhangyundeMacBook-Air.local with PID 93497 (started by zhangyun in /Users/zhangyun/Documents/javaProject/FileCloud)
2022-11-02 15:36:16.469 [ForkJoinPool.commonPool-worker-1] INFO  org.springframework.boot.SpringApplication - The following profiles are active: dev
2022-11-02 15:36:17.194 [ForkJoinPool.commonPool-worker-1] INFO  o.s.boot.web.embedded.tomcat.TomcatWebServer - Tomcat initialized with port(s): 8081 (http)
2022-11-02 15:36:17.199 [ForkJoinPool.commonPool-worker-1] INFO  org.apache.catalina.core.StandardService - Starting service [Tomcat]
2022-11-02 15:36:17.199 [ForkJoinPool.commonPool-worker-1] INFO  org.apache.catalina.core.StandardEngine - Starting Servlet engine: [Apache Tomcat/9.0.54]
2022-11-02 15:36:17.231 [ForkJoinPool.commonPool-worker-1] INFO  o.a.c.core.ContainerBase.[Tomcat].[localhost].[/] - Initializing Spring embedded WebApplicationContext
2022-11-02 15:36:17.231 [ForkJoinPool.commonPool-worker-1] INFO  o.s.b.w.s.c.ServletWebServerApplicationContext - Root WebApplicationContext: initialization completed in 725 ms
2022-11-02 15:36:17.460 [ForkJoinPool.commonPool-worker-1] INFO  s.d.s.w.PropertySourcedRequestMappingHandlerMapping - Mapped URL path [/v2/api-docs] onto method [springfox.documentation.swagger2.web.Swagger2Controller#getDocumentation(String, HttpServletRequest)]
2022-11-02 15:36:17.591 [ForkJoinPool.commonPool-worker-1] INFO  o.s.boot.web.embedded.tomcat.TomcatWebServer - Tomcat started on port(s): 8081 (http) with context path ''
2022-11-02 15:36:17.591 [ForkJoinPool.commonPool-worker-1] INFO  s.d.s.web.plugins.DocumentationPluginsBootstrapper - Context refreshed
2022-11-02 15:36:17.597 [ForkJoinPool.commonPool-worker-1] INFO  s.d.s.web.plugins.DocumentationPluginsBootstrapper - Found 1 custom documentation plugin(s)
2022-11-02 15:36:17.608 [ForkJoinPool.commonPool-worker-1] INFO  s.d.spring.web.scanners.ApiListingReferenceScanner - Scanning for api listing references
2022-11-02 15:36:17.643 [ForkJoinPool.commonPool-worker-1] INFO  org.springframework.boot.SpringApplication - Started application in 1.527 seconds (JVM running for 1.981)
2022-11-02 15:36:17.650 [ForkJoinPool.commonPool-worker-1] INFO  c.z.filecloud.client.monitor.ClientFileMonitor - File Monitor启动成功！
2022-11-02 15:36:17.651 [ForkJoinPool.commonPool-worker-1] INFO  com.zhangyun.filecloud.client.service.NettyClient - netty client starting...
2022-11-02 15:36:17.653 [ForkJoinPool.commonPool-worker-1] INFO  com.zhangyun.filecloud.client.service.NettyClient - netty client start success
2022-11-02 15:36:17.656 [JavaFX Application Thread] ERROR d.f.jfxsupport.AbstractJavaFxApplicationSupport - Failed to load application: 
java.lang.IllegalStateException: Cannot load login
	at de.felixroske.jfxsupport.AbstractFxmlView.loadSynchronously(AbstractFxmlView.java:162)
	at de.felixroske.jfxsupport.AbstractFxmlView.ensureFxmlLoaderInitialized(AbstractFxmlView.java:177)
	at de.felixroske.jfxsupport.AbstractFxmlView.getView(AbstractFxmlView.java:189)
	at de.felixroske.jfxsupport.AbstractJavaFxApplicationSupport.showView(AbstractJavaFxApplicationSupport.java:206)
	at de.felixroske.jfxsupport.AbstractJavaFxApplicationSupport.showInitialView(AbstractJavaFxApplicationSupport.java:185)
	at de.felixroske.jfxsupport.AbstractJavaFxApplicationSupport.lambda$start$6(AbstractJavaFxApplicationSupport.java:163)
	at com.sun.javafx.application.PlatformImpl.lambda$null$5(PlatformImpl.java:295)
	at java.security.AccessController.doPrivileged(Native Method)
	at com.sun.javafx.application.PlatformImpl.lambda$runLater$6(PlatformImpl.java:294)
	at com.sun.glass.ui.InvokeLaterDispatcher$Future.run(InvokeLaterDispatcher.java:95)
Caused by: java.lang.IllegalStateException: Location is not set.
	at javafx.fxml.FXMLLoader.loadImpl(FXMLLoader.java:2434)
	at javafx.fxml.FXMLLoader.load(FXMLLoader.java:2409)
	at de.felixroske.jfxsupport.AbstractFxmlView.loadSynchronously(AbstractFxmlView.java:160)
	... 9 common frames omitted
2022-11-02 15:36:24.399 [main] INFO  com.zhangyun.filecloud.client.ClientApplication - Starting ClientApplication using Java 1.8.0_342 on zhangyundeMacBook-Air.local with PID 93497 (/Users/zhangyun/Documents/javaProject/FileCloud/client/target/classes started by zhangyun in /Users/zhangyun/Documents/javaProject/FileCloud)
2022-11-02 15:36:24.399 [main] INFO  com.zhangyun.filecloud.client.ClientApplication - The following profiles are active: dev
2022-11-02 15:36:24.539 [main] INFO  o.s.boot.web.embedded.tomcat.TomcatWebServer - Tomcat initialized with port(s): 8081 (http)
2022-11-02 15:36:24.539 [main] INFO  org.apache.catalina.core.StandardService - Starting service [Tomcat]
2022-11-02 15:36:24.539 [main] INFO  org.apache.catalina.core.StandardEngine - Starting Servlet engine: [Apache Tomcat/9.0.54]
2022-11-02 15:36:24.542 [main] INFO  o.a.c.core.ContainerBase.[Tomcat].[localhost].[/] - Initializing Spring embedded WebApplicationContext
2022-11-02 15:36:24.543 [main] INFO  o.s.b.w.s.c.ServletWebServerApplicationContext - Root WebApplicationContext: initialization completed in 142 ms
2022-11-02 15:36:24.627 [main] INFO  s.d.s.w.PropertySourcedRequestMappingHandlerMapping - Mapped URL path [/v2/api-docs] onto method [springfox.documentation.swagger2.web.Swagger2Controller#getDocumentation(String, HttpServletRequest)]
2022-11-02 15:36:24.685 [main] INFO  o.s.boot.web.embedded.tomcat.TomcatWebServer - Tomcat started on port(s): 8081 (http) with context path ''
2022-11-02 15:36:24.685 [main] INFO  s.d.s.web.plugins.DocumentationPluginsBootstrapper - Context refreshed
2022-11-02 15:36:24.686 [main] INFO  s.d.s.web.plugins.DocumentationPluginsBootstrapper - Found 1 custom documentation plugin(s)
2022-11-02 15:36:24.689 [main] INFO  s.d.spring.web.scanners.ApiListingReferenceScanner - Scanning for api listing references
2022-11-02 15:36:24.697 [main] INFO  com.zhangyun.filecloud.client.ClientApplication - Started ClientApplication in 0.323 seconds (JVM running for 9.035)
2022-11-02 15:36:24.698 [main] INFO  c.z.filecloud.client.monitor.ClientFileMonitor - File Monitor启动成功！
2022-11-02 15:36:24.698 [main] INFO  com.zhangyun.filecloud.client.service.NettyClient - netty client starting...
2022-11-02 15:36:24.698 [main] INFO  com.zhangyun.filecloud.client.service.NettyClient - netty client start success
2022-11-02 15:38:15.974 [ForkJoinPool.commonPool-worker-1] INFO  org.springframework.boot.SpringApplication - Starting application using Java 1.8.0_342 on zhangyundeMacBook-Air.local with PID 93887 (started by zhangyun in /Users/zhangyun/Documents/javaProject/FileCloud)
2022-11-02 15:38:15.976 [ForkJoinPool.commonPool-worker-1] INFO  org.springframework.boot.SpringApplication - The following profiles are active: dev
2022-11-02 15:38:16.704 [ForkJoinPool.commonPool-worker-1] INFO  o.s.boot.web.embedded.tomcat.TomcatWebServer - Tomcat initialized with port(s): 8081 (http)
2022-11-02 15:38:16.708 [ForkJoinPool.commonPool-worker-1] INFO  org.apache.catalina.core.StandardService - Starting service [Tomcat]
2022-11-02 15:38:16.708 [ForkJoinPool.commonPool-worker-1] INFO  org.apache.catalina.core.StandardEngine - Starting Servlet engine: [Apache Tomcat/9.0.54]
2022-11-02 15:38:16.744 [ForkJoinPool.commonPool-worker-1] INFO  o.a.c.core.ContainerBase.[Tomcat].[localhost].[/] - Initializing Spring embedded WebApplicationContext
2022-11-02 15:38:16.744 [ForkJoinPool.commonPool-worker-1] INFO  o.s.b.w.s.c.ServletWebServerApplicationContext - Root WebApplicationContext: initialization completed in 736 ms
2022-11-02 15:38:16.984 [ForkJoinPool.commonPool-worker-1] INFO  s.d.s.w.PropertySourcedRequestMappingHandlerMapping - Mapped URL path [/v2/api-docs] onto method [springfox.documentation.swagger2.web.Swagger2Controller#getDocumentation(String, HttpServletRequest)]
2022-11-02 15:38:17.106 [ForkJoinPool.commonPool-worker-1] INFO  o.s.boot.web.embedded.tomcat.TomcatWebServer - Tomcat started on port(s): 8081 (http) with context path ''
2022-11-02 15:38:17.107 [ForkJoinPool.commonPool-worker-1] INFO  s.d.s.web.plugins.DocumentationPluginsBootstrapper - Context refreshed
2022-11-02 15:38:17.113 [ForkJoinPool.commonPool-worker-1] INFO  s.d.s.web.plugins.DocumentationPluginsBootstrapper - Found 1 custom documentation plugin(s)
2022-11-02 15:38:17.125 [ForkJoinPool.commonPool-worker-1] INFO  s.d.spring.web.scanners.ApiListingReferenceScanner - Scanning for api listing references
2022-11-02 15:38:17.165 [ForkJoinPool.commonPool-worker-1] INFO  org.springframework.boot.SpringApplication - Started application in 1.564 seconds (JVM running for 2.17)
2022-11-02 15:38:17.172 [ForkJoinPool.commonPool-worker-1] INFO  c.z.filecloud.client.monitor.ClientFileMonitor - File Monitor启动成功！
2022-11-02 15:38:17.172 [ForkJoinPool.commonPool-worker-1] INFO  com.zhangyun.filecloud.client.service.NettyClient - netty client starting...
2022-11-02 15:38:17.175 [ForkJoinPool.commonPool-worker-1] INFO  com.zhangyun.filecloud.client.service.NettyClient - netty client start success
2022-11-02 15:38:17.178 [JavaFX Application Thread] ERROR d.f.jfxsupport.AbstractJavaFxApplicationSupport - Failed to load application: 
java.lang.IllegalStateException: Cannot load login
	at de.felixroske.jfxsupport.AbstractFxmlView.loadSynchronously(AbstractFxmlView.java:162)
	at de.felixroske.jfxsupport.AbstractFxmlView.ensureFxmlLoaderInitialized(AbstractFxmlView.java:177)
	at de.felixroske.jfxsupport.AbstractFxmlView.getView(AbstractFxmlView.java:189)
	at de.felixroske.jfxsupport.AbstractJavaFxApplicationSupport.showView(AbstractJavaFxApplicationSupport.java:206)
	at de.felixroske.jfxsupport.AbstractJavaFxApplicationSupport.showInitialView(AbstractJavaFxApplicationSupport.java:185)
	at de.felixroske.jfxsupport.AbstractJavaFxApplicationSupport.lambda$start$6(AbstractJavaFxApplicationSupport.java:163)
	at com.sun.javafx.application.PlatformImpl.lambda$null$5(PlatformImpl.java:295)
	at java.security.AccessController.doPrivileged(Native Method)
	at com.sun.javafx.application.PlatformImpl.lambda$runLater$6(PlatformImpl.java:294)
	at com.sun.glass.ui.InvokeLaterDispatcher$Future.run(InvokeLaterDispatcher.java:95)
Caused by: java.lang.IllegalStateException: Location is not set.
	at javafx.fxml.FXMLLoader.loadImpl(FXMLLoader.java:2434)
	at javafx.fxml.FXMLLoader.load(FXMLLoader.java:2409)
	at de.felixroske.jfxsupport.AbstractFxmlView.loadSynchronously(AbstractFxmlView.java:160)
	... 9 common frames omitted
2022-11-02 15:38:33.417 [main] INFO  com.zhangyun.filecloud.client.ClientApplication - Starting ClientApplication using Java 1.8.0_342 on zhangyundeMacBook-Air.local with PID 93887 (/Users/zhangyun/Documents/javaProject/FileCloud/client/target/classes started by zhangyun in /Users/zhangyun/Documents/javaProject/FileCloud)
2022-11-02 15:38:33.418 [main] INFO  com.zhangyun.filecloud.client.ClientApplication - The following profiles are active: dev
2022-11-02 15:38:33.552 [main] INFO  o.s.boot.web.embedded.tomcat.TomcatWebServer - Tomcat initialized with port(s): 8081 (http)
2022-11-02 15:38:33.552 [main] INFO  org.apache.catalina.core.StandardService - Starting service [Tomcat]
2022-11-02 15:38:33.553 [main] INFO  org.apache.catalina.core.StandardEngine - Starting Servlet engine: [Apache Tomcat/9.0.54]
2022-11-02 15:38:33.558 [main] INFO  o.a.c.core.ContainerBase.[Tomcat].[localhost].[/] - Initializing Spring embedded WebApplicationContext
2022-11-02 15:38:33.558 [main] INFO  o.s.b.w.s.c.ServletWebServerApplicationContext - Root WebApplicationContext: initialization completed in 138 ms
2022-11-02 15:38:33.648 [main] INFO  s.d.s.w.PropertySourcedRequestMappingHandlerMapping - Mapped URL path [/v2/api-docs] onto method [springfox.documentation.swagger2.web.Swagger2Controller#getDocumentation(String, HttpServletRequest)]
2022-11-02 15:38:33.694 [main] INFO  o.s.boot.web.embedded.tomcat.TomcatWebServer - Tomcat started on port(s): 8081 (http) with context path ''
2022-11-02 15:38:33.695 [main] INFO  s.d.s.web.plugins.DocumentationPluginsBootstrapper - Context refreshed
2022-11-02 15:38:33.695 [main] INFO  s.d.s.web.plugins.DocumentationPluginsBootstrapper - Found 1 custom documentation plugin(s)
2022-11-02 15:38:33.697 [main] INFO  s.d.spring.web.scanners.ApiListingReferenceScanner - Scanning for api listing references
2022-11-02 15:38:33.704 [main] INFO  com.zhangyun.filecloud.client.ClientApplication - Started ClientApplication in 0.311 seconds (JVM running for 18.71)
2022-11-02 15:38:33.706 [main] INFO  c.z.filecloud.client.monitor.ClientFileMonitor - File Monitor启动成功！
2022-11-02 15:38:33.706 [main] INFO  com.zhangyun.filecloud.client.service.NettyClient - netty client starting...
2022-11-02 15:38:33.706 [main] INFO  com.zhangyun.filecloud.client.service.NettyClient - netty client start success
2022-11-02 15:44:19.003 [ForkJoinPool.commonPool-worker-1] INFO  org.springframework.boot.SpringApplication - Starting application using Java 1.8.0_342 on zhangyundeMacBook-Air.local with PID 95101 (started by zhangyun in /Users/zhangyun/Documents/javaProject/FileCloud)
2022-11-02 15:44:19.007 [ForkJoinPool.commonPool-worker-1] INFO  org.springframework.boot.SpringApplication - The following profiles are active: dev
2022-11-02 15:44:19.754 [ForkJoinPool.commonPool-worker-1] INFO  o.s.boot.web.embedded.tomcat.TomcatWebServer - Tomcat initialized with port(s): 8081 (http)
2022-11-02 15:44:19.758 [ForkJoinPool.commonPool-worker-1] INFO  org.apache.catalina.core.StandardService - Starting service [Tomcat]
2022-11-02 15:44:19.758 [ForkJoinPool.commonPool-worker-1] INFO  org.apache.catalina.core.StandardEngine - Starting Servlet engine: [Apache Tomcat/9.0.54]
2022-11-02 15:44:19.801 [ForkJoinPool.commonPool-worker-1] INFO  o.a.c.core.ContainerBase.[Tomcat].[localhost].[/] - Initializing Spring embedded WebApplicationContext
2022-11-02 15:44:19.801 [ForkJoinPool.commonPool-worker-1] INFO  o.s.b.w.s.c.ServletWebServerApplicationContext - Root WebApplicationContext: initialization completed in 751 ms
2022-11-02 15:44:20.037 [ForkJoinPool.commonPool-worker-1] INFO  s.d.s.w.PropertySourcedRequestMappingHandlerMapping - Mapped URL path [/v2/api-docs] onto method [springfox.documentation.swagger2.web.Swagger2Controller#getDocumentation(String, HttpServletRequest)]
2022-11-02 15:44:20.158 [ForkJoinPool.commonPool-worker-1] INFO  o.s.boot.web.embedded.tomcat.TomcatWebServer - Tomcat started on port(s): 8081 (http) with context path ''
2022-11-02 15:44:20.159 [ForkJoinPool.commonPool-worker-1] INFO  s.d.s.web.plugins.DocumentationPluginsBootstrapper - Context refreshed
2022-11-02 15:44:20.165 [ForkJoinPool.commonPool-worker-1] INFO  s.d.s.web.plugins.DocumentationPluginsBootstrapper - Found 1 custom documentation plugin(s)
2022-11-02 15:44:20.177 [ForkJoinPool.commonPool-worker-1] INFO  s.d.spring.web.scanners.ApiListingReferenceScanner - Scanning for api listing references
2022-11-02 15:44:20.211 [ForkJoinPool.commonPool-worker-1] INFO  org.springframework.boot.SpringApplication - Started application in 1.535 seconds (JVM running for 2.272)
2022-11-02 15:44:20.217 [ForkJoinPool.commonPool-worker-1] INFO  c.z.filecloud.client.monitor.ClientFileMonitor - File Monitor启动成功！
2022-11-02 15:44:20.217 [ForkJoinPool.commonPool-worker-1] INFO  com.zhangyun.filecloud.client.service.NettyClient - netty client starting...
2022-11-02 15:44:20.221 [ForkJoinPool.commonPool-worker-1] INFO  com.zhangyun.filecloud.client.service.NettyClient - netty client start success
2022-11-02 15:44:20.224 [JavaFX Application Thread] ERROR d.f.jfxsupport.AbstractJavaFxApplicationSupport - Failed to load application: 
java.lang.IllegalStateException: Cannot load login
	at de.felixroske.jfxsupport.AbstractFxmlView.loadSynchronously(AbstractFxmlView.java:162)
	at de.felixroske.jfxsupport.AbstractFxmlView.ensureFxmlLoaderInitialized(AbstractFxmlView.java:177)
	at de.felixroske.jfxsupport.AbstractFxmlView.getView(AbstractFxmlView.java:189)
	at de.felixroske.jfxsupport.AbstractJavaFxApplicationSupport.showView(AbstractJavaFxApplicationSupport.java:206)
	at de.felixroske.jfxsupport.AbstractJavaFxApplicationSupport.showInitialView(AbstractJavaFxApplicationSupport.java:185)
	at de.felixroske.jfxsupport.AbstractJavaFxApplicationSupport.lambda$start$6(AbstractJavaFxApplicationSupport.java:163)
	at com.sun.javafx.application.PlatformImpl.lambda$null$5(PlatformImpl.java:295)
	at java.security.AccessController.doPrivileged(Native Method)
	at com.sun.javafx.application.PlatformImpl.lambda$runLater$6(PlatformImpl.java:294)
	at com.sun.glass.ui.InvokeLaterDispatcher$Future.run(InvokeLaterDispatcher.java:95)
Caused by: java.lang.IllegalStateException: Location is not set.
	at javafx.fxml.FXMLLoader.loadImpl(FXMLLoader.java:2434)
	at javafx.fxml.FXMLLoader.load(FXMLLoader.java:2409)
	at de.felixroske.jfxsupport.AbstractFxmlView.loadSynchronously(AbstractFxmlView.java:160)
	... 9 common frames omitted
2022-11-02 15:44:22.482 [main] INFO  com.zhangyun.filecloud.client.ClientApplication - Starting ClientApplication using Java 1.8.0_342 on zhangyundeMacBook-Air.local with PID 95101 (/Users/zhangyun/Documents/javaProject/FileCloud/client/target/classes started by zhangyun in /Users/zhangyun/Documents/javaProject/FileCloud)
2022-11-02 15:44:22.482 [main] INFO  com.zhangyun.filecloud.client.ClientApplication - The following profiles are active: dev
2022-11-02 15:44:22.622 [main] INFO  o.s.boot.web.embedded.tomcat.TomcatWebServer - Tomcat initialized with port(s): 8081 (http)
2022-11-02 15:44:22.622 [main] INFO  org.apache.catalina.core.StandardService - Starting service [Tomcat]
2022-11-02 15:44:22.622 [main] INFO  org.apache.catalina.core.StandardEngine - Starting Servlet engine: [Apache Tomcat/9.0.54]
2022-11-02 15:44:22.626 [main] INFO  o.a.c.core.ContainerBase.[Tomcat].[localhost].[/] - Initializing Spring embedded WebApplicationContext
2022-11-02 15:44:22.626 [main] INFO  o.s.b.w.s.c.ServletWebServerApplicationContext - Root WebApplicationContext: initialization completed in 142 ms
2022-11-02 15:44:22.700 [main] INFO  s.d.s.w.PropertySourcedRequestMappingHandlerMapping - Mapped URL path [/v2/api-docs] onto method [springfox.documentation.swagger2.web.Swagger2Controller#getDocumentation(String, HttpServletRequest)]
2022-11-02 15:44:22.750 [main] INFO  o.s.boot.web.embedded.tomcat.TomcatWebServer - Tomcat started on port(s): 8081 (http) with context path ''
2022-11-02 15:44:22.751 [main] INFO  s.d.s.web.plugins.DocumentationPluginsBootstrapper - Context refreshed
2022-11-02 15:44:22.751 [main] INFO  s.d.s.web.plugins.DocumentationPluginsBootstrapper - Found 1 custom documentation plugin(s)
2022-11-02 15:44:22.753 [main] INFO  s.d.spring.web.scanners.ApiListingReferenceScanner - Scanning for api listing references
2022-11-02 15:44:22.760 [main] INFO  com.zhangyun.filecloud.client.ClientApplication - Started ClientApplication in 0.302 seconds (JVM running for 4.821)
2022-11-02 15:44:22.760 [main] INFO  c.z.filecloud.client.monitor.ClientFileMonitor - File Monitor启动成功！
2022-11-02 15:44:22.761 [main] INFO  com.zhangyun.filecloud.client.service.NettyClient - netty client starting...
2022-11-02 15:44:22.761 [main] INFO  com.zhangyun.filecloud.client.service.NettyClient - netty client start success
2022-11-02 15:48:12.669 [ForkJoinPool.commonPool-worker-1] INFO  org.springframework.boot.SpringApplication - Starting application using Java 1.8.0_342 on zhangyundeMacBook-Air.local with PID 95864 (started by zhangyun in /Users/zhangyun/Documents/javaProject/FileCloud)
2022-11-02 15:48:12.671 [ForkJoinPool.commonPool-worker-1] INFO  org.springframework.boot.SpringApplication - The following profiles are active: dev
2022-11-02 15:48:13.521 [ForkJoinPool.commonPool-worker-1] INFO  o.s.boot.web.embedded.tomcat.TomcatWebServer - Tomcat initialized with port(s): 8081 (http)
2022-11-02 15:48:13.526 [ForkJoinPool.commonPool-worker-1] INFO  org.apache.catalina.core.StandardService - Starting service [Tomcat]
2022-11-02 15:48:13.527 [ForkJoinPool.commonPool-worker-1] INFO  org.apache.catalina.core.StandardEngine - Starting Servlet engine: [Apache Tomcat/9.0.54]
2022-11-02 15:48:13.566 [ForkJoinPool.commonPool-worker-1] INFO  o.a.c.core.ContainerBase.[Tomcat].[localhost].[/] - Initializing Spring embedded WebApplicationContext
2022-11-02 15:48:13.566 [ForkJoinPool.commonPool-worker-1] INFO  o.s.b.w.s.c.ServletWebServerApplicationContext - Root WebApplicationContext: initialization completed in 862 ms
2022-11-02 15:48:13.825 [ForkJoinPool.commonPool-worker-1] INFO  s.d.s.w.PropertySourcedRequestMappingHandlerMapping - Mapped URL path [/v2/api-docs] onto method [springfox.documentation.swagger2.web.Swagger2Controller#getDocumentation(String, HttpServletRequest)]
2022-11-02 15:48:13.948 [ForkJoinPool.commonPool-worker-1] INFO  o.s.boot.web.embedded.tomcat.TomcatWebServer - Tomcat started on port(s): 8081 (http) with context path ''
2022-11-02 15:48:13.949 [ForkJoinPool.commonPool-worker-1] INFO  s.d.s.web.plugins.DocumentationPluginsBootstrapper - Context refreshed
2022-11-02 15:48:13.955 [ForkJoinPool.commonPool-worker-1] INFO  s.d.s.web.plugins.DocumentationPluginsBootstrapper - Found 1 custom documentation plugin(s)
2022-11-02 15:48:13.967 [ForkJoinPool.commonPool-worker-1] INFO  s.d.spring.web.scanners.ApiListingReferenceScanner - Scanning for api listing references
2022-11-02 15:48:14.006 [ForkJoinPool.commonPool-worker-1] INFO  org.springframework.boot.SpringApplication - Started application in 1.76 seconds (JVM running for 2.233)
2022-11-02 15:48:14.013 [ForkJoinPool.commonPool-worker-1] INFO  c.z.filecloud.client.monitor.ClientFileMonitor - File Monitor启动成功！
2022-11-02 15:48:14.013 [ForkJoinPool.commonPool-worker-1] INFO  com.zhangyun.filecloud.client.service.NettyClient - netty client starting...
2022-11-02 15:48:14.017 [ForkJoinPool.commonPool-worker-1] INFO  com.zhangyun.filecloud.client.service.NettyClient - netty client start success
2022-11-02 15:49:12.600 [main] INFO  com.zhangyun.filecloud.client.ClientApplication - Starting ClientApplication using Java 1.8.0_342 on zhangyundeMacBook-Air.local with PID 95864 (/Users/zhangyun/Documents/javaProject/FileCloud/client/target/classes started by zhangyun in /Users/zhangyun/Documents/javaProject/FileCloud)
2022-11-02 15:49:12.600 [main] INFO  com.zhangyun.filecloud.client.ClientApplication - The following profiles are active: dev
2022-11-02 15:49:12.773 [main] INFO  o.s.boot.web.embedded.tomcat.TomcatWebServer - Tomcat initialized with port(s): 8081 (http)
2022-11-02 15:49:12.773 [main] INFO  org.apache.catalina.core.StandardService - Starting service [Tomcat]
2022-11-02 15:49:12.774 [main] INFO  org.apache.catalina.core.StandardEngine - Starting Servlet engine: [Apache Tomcat/9.0.54]
2022-11-02 15:49:12.778 [main] INFO  o.a.c.core.ContainerBase.[Tomcat].[localhost].[/] - Initializing Spring embedded WebApplicationContext
2022-11-02 15:49:12.778 [main] INFO  o.s.b.w.s.c.ServletWebServerApplicationContext - Root WebApplicationContext: initialization completed in 174 ms
2022-11-02 15:49:12.859 [main] INFO  s.d.s.w.PropertySourcedRequestMappingHandlerMapping - Mapped URL path [/v2/api-docs] onto method [springfox.documentation.swagger2.web.Swagger2Controller#getDocumentation(String, HttpServletRequest)]
2022-11-02 15:49:12.907 [main] INFO  o.s.boot.web.embedded.tomcat.TomcatWebServer - Tomcat started on port(s): 8081 (http) with context path ''
2022-11-02 15:49:12.908 [main] INFO  s.d.s.web.plugins.DocumentationPluginsBootstrapper - Context refreshed
2022-11-02 15:49:12.908 [main] INFO  s.d.s.web.plugins.DocumentationPluginsBootstrapper - Found 1 custom documentation plugin(s)
2022-11-02 15:49:12.910 [main] INFO  s.d.spring.web.scanners.ApiListingReferenceScanner - Scanning for api listing references
2022-11-02 15:49:12.917 [main] INFO  com.zhangyun.filecloud.client.ClientApplication - Started ClientApplication in 0.506 seconds (JVM running for 61.146)
2022-11-02 15:49:12.917 [main] INFO  c.z.filecloud.client.monitor.ClientFileMonitor - File Monitor启动成功！
2022-11-02 15:49:12.918 [main] INFO  com.zhangyun.filecloud.client.service.NettyClient - netty client starting...
2022-11-02 15:49:12.918 [main] INFO  com.zhangyun.filecloud.client.service.NettyClient - netty client start success
2022-11-02 15:49:55.879 [ForkJoinPool.commonPool-worker-1] INFO  org.springframework.boot.SpringApplication - Starting application using Java 1.8.0_342 on zhangyundeMacBook-Air.local with PID 96221 (started by zhangyun in /Users/zhangyun/Documents/javaProject/FileCloud)
2022-11-02 15:49:55.881 [ForkJoinPool.commonPool-worker-1] INFO  org.springframework.boot.SpringApplication - The following profiles are active: dev
2022-11-02 15:49:56.665 [ForkJoinPool.commonPool-worker-1] INFO  o.s.boot.web.embedded.tomcat.TomcatWebServer - Tomcat initialized with port(s): 8081 (http)
2022-11-02 15:49:56.670 [ForkJoinPool.commonPool-worker-1] INFO  org.apache.catalina.core.StandardService - Starting service [Tomcat]
2022-11-02 15:49:56.671 [ForkJoinPool.commonPool-worker-1] INFO  org.apache.catalina.core.StandardEngine - Starting Servlet engine: [Apache Tomcat/9.0.54]
2022-11-02 15:49:56.705 [ForkJoinPool.commonPool-worker-1] INFO  o.a.c.core.ContainerBase.[Tomcat].[localhost].[/] - Initializing Spring embedded WebApplicationContext
2022-11-02 15:49:56.706 [ForkJoinPool.commonPool-worker-1] INFO  o.s.b.w.s.c.ServletWebServerApplicationContext - Root WebApplicationContext: initialization completed in 759 ms
2022-11-02 15:49:56.956 [ForkJoinPool.commonPool-worker-1] INFO  s.d.s.w.PropertySourcedRequestMappingHandlerMapping - Mapped URL path [/v2/api-docs] onto method [springfox.documentation.swagger2.web.Swagger2Controller#getDocumentation(String, HttpServletRequest)]
2022-11-02 15:49:57.085 [ForkJoinPool.commonPool-worker-1] INFO  o.s.boot.web.embedded.tomcat.TomcatWebServer - Tomcat started on port(s): 8081 (http) with context path ''
2022-11-02 15:49:57.086 [ForkJoinPool.commonPool-worker-1] INFO  s.d.s.web.plugins.DocumentationPluginsBootstrapper - Context refreshed
2022-11-02 15:49:57.092 [ForkJoinPool.commonPool-worker-1] INFO  s.d.s.web.plugins.DocumentationPluginsBootstrapper - Found 1 custom documentation plugin(s)
2022-11-02 15:49:57.103 [ForkJoinPool.commonPool-worker-1] INFO  s.d.spring.web.scanners.ApiListingReferenceScanner - Scanning for api listing references
2022-11-02 15:49:57.138 [ForkJoinPool.commonPool-worker-1] INFO  org.springframework.boot.SpringApplication - Started application in 1.623 seconds (JVM running for 2.084)
2022-11-02 15:49:57.145 [ForkJoinPool.commonPool-worker-1] INFO  c.z.filecloud.client.monitor.ClientFileMonitor - File Monitor启动成功！
2022-11-02 15:49:57.145 [ForkJoinPool.commonPool-worker-1] INFO  com.zhangyun.filecloud.client.service.NettyClient - netty client starting...
2022-11-02 15:49:57.148 [ForkJoinPool.commonPool-worker-1] INFO  com.zhangyun.filecloud.client.service.NettyClient - netty client start success
2022-11-02 15:50:06.503 [main] INFO  com.zhangyun.filecloud.client.ClientApplication - Starting ClientApplication using Java 1.8.0_342 on zhangyundeMacBook-Air.local with PID 96221 (/Users/zhangyun/Documents/javaProject/FileCloud/client/target/classes started by zhangyun in /Users/zhangyun/Documents/javaProject/FileCloud)
2022-11-02 15:50:06.503 [main] INFO  com.zhangyun.filecloud.client.ClientApplication - The following profiles are active: dev
2022-11-02 15:50:06.642 [main] INFO  o.s.boot.web.embedded.tomcat.TomcatWebServer - Tomcat initialized with port(s): 8081 (http)
2022-11-02 15:50:06.643 [main] INFO  org.apache.catalina.core.StandardService - Starting service [Tomcat]
2022-11-02 15:50:06.643 [main] INFO  org.apache.catalina.core.StandardEngine - Starting Servlet engine: [Apache Tomcat/9.0.54]
2022-11-02 15:50:06.646 [main] INFO  o.a.c.core.ContainerBase.[Tomcat].[localhost].[/] - Initializing Spring embedded WebApplicationContext
2022-11-02 15:50:06.646 [main] INFO  o.s.b.w.s.c.ServletWebServerApplicationContext - Root WebApplicationContext: initialization completed in 142 ms
2022-11-02 15:50:06.723 [main] INFO  s.d.s.w.PropertySourcedRequestMappingHandlerMapping - Mapped URL path [/v2/api-docs] onto method [springfox.documentation.swagger2.web.Swagger2Controller#getDocumentation(String, HttpServletRequest)]
2022-11-02 15:50:06.777 [main] INFO  o.s.boot.web.embedded.tomcat.TomcatWebServer - Tomcat started on port(s): 8081 (http) with context path ''
2022-11-02 15:50:06.777 [main] INFO  s.d.s.web.plugins.DocumentationPluginsBootstrapper - Context refreshed
2022-11-02 15:50:06.777 [main] INFO  s.d.s.web.plugins.DocumentationPluginsBootstrapper - Found 1 custom documentation plugin(s)
2022-11-02 15:50:06.780 [main] INFO  s.d.spring.web.scanners.ApiListingReferenceScanner - Scanning for api listing references
2022-11-02 15:50:06.786 [main] INFO  com.zhangyun.filecloud.client.ClientApplication - Started ClientApplication in 0.304 seconds (JVM running for 11.733)
2022-11-02 15:50:06.787 [main] INFO  c.z.filecloud.client.monitor.ClientFileMonitor - File Monitor启动成功！
2022-11-02 15:50:06.788 [main] INFO  com.zhangyun.filecloud.client.service.NettyClient - netty client starting...
2022-11-02 15:50:06.788 [main] INFO  com.zhangyun.filecloud.client.service.NettyClient - netty client start success
2022-11-02 15:50:28.215 [ForkJoinPool.commonPool-worker-1] INFO  org.springframework.boot.SpringApplication - Starting application using Java 1.8.0_342 on zhangyundeMacBook-Air.local with PID 96332 (started by zhangyun in /Users/zhangyun/Documents/javaProject/FileCloud)
2022-11-02 15:50:28.217 [ForkJoinPool.commonPool-worker-1] INFO  org.springframework.boot.SpringApplication - The following profiles are active: dev
2022-11-02 15:50:28.932 [ForkJoinPool.commonPool-worker-1] INFO  o.s.boot.web.embedded.tomcat.TomcatWebServer - Tomcat initialized with port(s): 8081 (http)
2022-11-02 15:50:28.936 [ForkJoinPool.commonPool-worker-1] INFO  org.apache.catalina.core.StandardService - Starting service [Tomcat]
2022-11-02 15:50:28.937 [ForkJoinPool.commonPool-worker-1] INFO  org.apache.catalina.core.StandardEngine - Starting Servlet engine: [Apache Tomcat/9.0.54]
2022-11-02 15:50:28.973 [ForkJoinPool.commonPool-worker-1] INFO  o.a.c.core.ContainerBase.[Tomcat].[localhost].[/] - Initializing Spring embedded WebApplicationContext
2022-11-02 15:50:28.973 [ForkJoinPool.commonPool-worker-1] INFO  o.s.b.w.s.c.ServletWebServerApplicationContext - Root WebApplicationContext: initialization completed in 694 ms
2022-11-02 15:50:29.200 [ForkJoinPool.commonPool-worker-1] INFO  s.d.s.w.PropertySourcedRequestMappingHandlerMapping - Mapped URL path [/v2/api-docs] onto method [springfox.documentation.swagger2.web.Swagger2Controller#getDocumentation(String, HttpServletRequest)]
2022-11-02 15:50:29.334 [ForkJoinPool.commonPool-worker-1] INFO  o.s.boot.web.embedded.tomcat.TomcatWebServer - Tomcat started on port(s): 8081 (http) with context path ''
2022-11-02 15:50:29.335 [ForkJoinPool.commonPool-worker-1] INFO  s.d.s.web.plugins.DocumentationPluginsBootstrapper - Context refreshed
2022-11-02 15:50:29.341 [ForkJoinPool.commonPool-worker-1] INFO  s.d.s.web.plugins.DocumentationPluginsBootstrapper - Found 1 custom documentation plugin(s)
2022-11-02 15:50:29.352 [ForkJoinPool.commonPool-worker-1] INFO  s.d.spring.web.scanners.ApiListingReferenceScanner - Scanning for api listing references
2022-11-02 15:50:29.386 [ForkJoinPool.commonPool-worker-1] INFO  org.springframework.boot.SpringApplication - Started application in 1.513 seconds (JVM running for 1.965)
2022-11-02 15:50:29.392 [ForkJoinPool.commonPool-worker-1] INFO  c.z.filecloud.client.monitor.ClientFileMonitor - File Monitor启动成功！
2022-11-02 15:50:29.393 [ForkJoinPool.commonPool-worker-1] INFO  com.zhangyun.filecloud.client.service.NettyClient - netty client starting...
2022-11-02 15:50:29.396 [ForkJoinPool.commonPool-worker-1] INFO  com.zhangyun.filecloud.client.service.NettyClient - netty client start success
2022-11-02 15:50:30.666 [main] INFO  com.zhangyun.filecloud.client.ClientApplication - Starting ClientApplication using Java 1.8.0_342 on zhangyundeMacBook-Air.local with PID 96332 (/Users/zhangyun/Documents/javaProject/FileCloud/client/target/classes started by zhangyun in /Users/zhangyun/Documents/javaProject/FileCloud)
2022-11-02 15:50:30.666 [main] INFO  com.zhangyun.filecloud.client.ClientApplication - The following profiles are active: dev
2022-11-02 15:50:30.797 [main] INFO  o.s.boot.web.embedded.tomcat.TomcatWebServer - Tomcat initialized with port(s): 8081 (http)
2022-11-02 15:50:30.798 [main] INFO  org.apache.catalina.core.StandardService - Starting service [Tomcat]
2022-11-02 15:50:30.798 [main] INFO  org.apache.catalina.core.StandardEngine - Starting Servlet engine: [Apache Tomcat/9.0.54]
2022-11-02 15:50:30.801 [main] INFO  o.a.c.core.ContainerBase.[Tomcat].[localhost].[/] - Initializing Spring embedded WebApplicationContext
2022-11-02 15:50:30.801 [main] INFO  o.s.b.w.s.c.ServletWebServerApplicationContext - Root WebApplicationContext: initialization completed in 133 ms
2022-11-02 15:50:30.877 [main] INFO  s.d.s.w.PropertySourcedRequestMappingHandlerMapping - Mapped URL path [/v2/api-docs] onto method [springfox.documentation.swagger2.web.Swagger2Controller#getDocumentation(String, HttpServletRequest)]
2022-11-02 15:50:30.933 [main] INFO  o.s.boot.web.embedded.tomcat.TomcatWebServer - Tomcat started on port(s): 8081 (http) with context path ''
2022-11-02 15:50:30.933 [main] INFO  s.d.s.web.plugins.DocumentationPluginsBootstrapper - Context refreshed
2022-11-02 15:50:30.934 [main] INFO  s.d.s.web.plugins.DocumentationPluginsBootstrapper - Found 1 custom documentation plugin(s)
2022-11-02 15:50:30.936 [main] INFO  s.d.spring.web.scanners.ApiListingReferenceScanner - Scanning for api listing references
2022-11-02 15:50:30.942 [main] INFO  com.zhangyun.filecloud.client.ClientApplication - Started ClientApplication in 0.301 seconds (JVM running for 3.521)
2022-11-02 15:50:30.943 [main] INFO  c.z.filecloud.client.monitor.ClientFileMonitor - File Monitor启动成功！
2022-11-02 15:50:30.943 [main] INFO  com.zhangyun.filecloud.client.service.NettyClient - netty client starting...
2022-11-02 15:50:30.943 [main] INFO  com.zhangyun.filecloud.client.service.NettyClient - netty client start success
2022-11-02 22:50:34.280 [ForkJoinPool.commonPool-worker-1] INFO  org.springframework.boot.SpringApplication - Starting application using Java 1.8.0_342 on zhangyundeMacBook-Air.local with PID 76591 (started by zhangyun in /Users/zhangyun/Documents/javaProject/FileCloud)
2022-11-02 22:50:34.282 [ForkJoinPool.commonPool-worker-1] INFO  org.springframework.boot.SpringApplication - The following profiles are active: dev
2022-11-02 22:50:35.093 [ForkJoinPool.commonPool-worker-1] INFO  o.s.boot.web.embedded.tomcat.TomcatWebServer - Tomcat initialized with port(s): 8081 (http)
2022-11-02 22:50:35.099 [ForkJoinPool.commonPool-worker-1] INFO  org.apache.catalina.core.StandardService - Starting service [Tomcat]
2022-11-02 22:50:35.099 [ForkJoinPool.commonPool-worker-1] INFO  org.apache.catalina.core.StandardEngine - Starting Servlet engine: [Apache Tomcat/9.0.54]
2022-11-02 22:50:35.144 [ForkJoinPool.commonPool-worker-1] INFO  o.a.c.core.ContainerBase.[Tomcat].[localhost].[/] - Initializing Spring embedded WebApplicationContext
2022-11-02 22:50:35.144 [ForkJoinPool.commonPool-worker-1] INFO  o.s.b.w.s.c.ServletWebServerApplicationContext - Root WebApplicationContext: initialization completed in 822 ms
2022-11-02 22:50:35.407 [ForkJoinPool.commonPool-worker-1] INFO  s.d.s.w.PropertySourcedRequestMappingHandlerMapping - Mapped URL path [/v2/api-docs] onto method [springfox.documentation.swagger2.web.Swagger2Controller#getDocumentation(String, HttpServletRequest)]
2022-11-02 22:50:35.550 [ForkJoinPool.commonPool-worker-1] INFO  o.s.boot.web.embedded.tomcat.TomcatWebServer - Tomcat started on port(s): 8081 (http) with context path ''
2022-11-02 22:50:35.551 [ForkJoinPool.commonPool-worker-1] INFO  s.d.s.web.plugins.DocumentationPluginsBootstrapper - Context refreshed
2022-11-02 22:50:35.557 [ForkJoinPool.commonPool-worker-1] INFO  s.d.s.web.plugins.DocumentationPluginsBootstrapper - Found 1 custom documentation plugin(s)
2022-11-02 22:50:35.568 [ForkJoinPool.commonPool-worker-1] INFO  s.d.spring.web.scanners.ApiListingReferenceScanner - Scanning for api listing references
2022-11-02 22:50:35.604 [ForkJoinPool.commonPool-worker-1] INFO  org.springframework.boot.SpringApplication - Started application in 1.701 seconds (JVM running for 2.686)
2022-11-02 22:50:35.615 [ForkJoinPool.commonPool-worker-1] INFO  c.z.filecloud.client.monitor.ClientFileMonitor - File Monitor启动成功！
2022-11-02 22:50:35.616 [ForkJoinPool.commonPool-worker-1] INFO  com.zhangyun.filecloud.client.service.NettyClient - netty client starting...
2022-11-02 22:50:35.619 [ForkJoinPool.commonPool-worker-1] INFO  com.zhangyun.filecloud.client.service.NettyClient - netty client start success
2022-11-02 22:50:40.847 [main] INFO  com.zhangyun.filecloud.client.ClientApplication - Starting ClientApplication using Java 1.8.0_342 on zhangyundeMacBook-Air.local with PID 76591 (/Users/zhangyun/Documents/javaProject/FileCloud/client/target/classes started by zhangyun in /Users/zhangyun/Documents/javaProject/FileCloud)
2022-11-02 22:50:40.847 [main] INFO  com.zhangyun.filecloud.client.ClientApplication - The following profiles are active: dev
2022-11-02 22:50:40.996 [main] INFO  o.s.boot.web.embedded.tomcat.TomcatWebServer - Tomcat initialized with port(s): 8081 (http)
2022-11-02 22:50:40.997 [main] INFO  org.apache.catalina.core.StandardService - Starting service [Tomcat]
2022-11-02 22:50:40.997 [main] INFO  org.apache.catalina.core.StandardEngine - Starting Servlet engine: [Apache Tomcat/9.0.54]
2022-11-02 22:50:41.001 [main] INFO  o.a.c.core.ContainerBase.[Tomcat].[localhost].[/] - Initializing Spring embedded WebApplicationContext
2022-11-02 22:50:41.001 [main] INFO  o.s.b.w.s.c.ServletWebServerApplicationContext - Root WebApplicationContext: initialization completed in 151 ms
2022-11-02 22:50:41.091 [main] INFO  s.d.s.w.PropertySourcedRequestMappingHandlerMapping - Mapped URL path [/v2/api-docs] onto method [springfox.documentation.swagger2.web.Swagger2Controller#getDocumentation(String, HttpServletRequest)]
2022-11-02 22:50:41.141 [main] INFO  o.s.boot.web.embedded.tomcat.TomcatWebServer - Tomcat started on port(s): 8081 (http) with context path ''
2022-11-02 22:50:41.141 [main] INFO  s.d.s.web.plugins.DocumentationPluginsBootstrapper - Context refreshed
2022-11-02 22:50:41.142 [main] INFO  s.d.s.web.plugins.DocumentationPluginsBootstrapper - Found 1 custom documentation plugin(s)
2022-11-02 22:50:41.144 [main] INFO  s.d.spring.web.scanners.ApiListingReferenceScanner - Scanning for api listing references
2022-11-02 22:50:41.151 [main] INFO  com.zhangyun.filecloud.client.ClientApplication - Started ClientApplication in 0.334 seconds (JVM running for 8.233)
2022-11-02 22:50:41.152 [main] INFO  c.z.filecloud.client.monitor.ClientFileMonitor - File Monitor启动成功！
2022-11-02 22:50:41.153 [main] INFO  com.zhangyun.filecloud.client.service.NettyClient - netty client starting...
2022-11-02 22:50:41.153 [main] INFO  com.zhangyun.filecloud.client.service.NettyClient - netty client start success
2022-11-02 23:04:22.973 [ForkJoinPool.commonPool-worker-1] INFO  org.springframework.boot.SpringApplication - Starting application using Java 1.8.0_342 on zhangyundeMacBook-Air.local with PID 79534 (started by zhangyun in /Users/zhangyun/Documents/javaProject/FileCloud)
2022-11-02 23:04:22.976 [ForkJoinPool.commonPool-worker-1] INFO  org.springframework.boot.SpringApplication - The following profiles are active: dev
2022-11-02 23:04:23.817 [ForkJoinPool.commonPool-worker-1] INFO  o.s.boot.web.embedded.tomcat.TomcatWebServer - Tomcat initialized with port(s): 8081 (http)
2022-11-02 23:04:23.822 [ForkJoinPool.commonPool-worker-1] INFO  org.apache.catalina.core.StandardService - Starting service [Tomcat]
2022-11-02 23:04:23.823 [ForkJoinPool.commonPool-worker-1] INFO  org.apache.catalina.core.StandardEngine - Starting Servlet engine: [Apache Tomcat/9.0.54]
2022-11-02 23:04:23.861 [ForkJoinPool.commonPool-worker-1] INFO  o.a.c.core.ContainerBase.[Tomcat].[localhost].[/] - Initializing Spring embedded WebApplicationContext
2022-11-02 23:04:23.861 [ForkJoinPool.commonPool-worker-1] INFO  o.s.b.w.s.c.ServletWebServerApplicationContext - Root WebApplicationContext: initialization completed in 824 ms
2022-11-02 23:04:24.156 [ForkJoinPool.commonPool-worker-1] INFO  s.d.s.w.PropertySourcedRequestMappingHandlerMapping - Mapped URL path [/v2/api-docs] onto method [springfox.documentation.swagger2.web.Swagger2Controller#getDocumentation(String, HttpServletRequest)]
2022-11-02 23:04:24.325 [ForkJoinPool.commonPool-worker-1] INFO  o.s.boot.web.embedded.tomcat.TomcatWebServer - Tomcat started on port(s): 8081 (http) with context path ''
2022-11-02 23:04:24.325 [ForkJoinPool.commonPool-worker-1] INFO  s.d.s.web.plugins.DocumentationPluginsBootstrapper - Context refreshed
2022-11-02 23:04:24.332 [ForkJoinPool.commonPool-worker-1] INFO  s.d.s.web.plugins.DocumentationPluginsBootstrapper - Found 1 custom documentation plugin(s)
2022-11-02 23:04:24.345 [ForkJoinPool.commonPool-worker-1] INFO  s.d.spring.web.scanners.ApiListingReferenceScanner - Scanning for api listing references
2022-11-02 23:04:24.389 [ForkJoinPool.commonPool-worker-1] INFO  org.springframework.boot.SpringApplication - Started application in 1.941 seconds (JVM running for 2.728)
2022-11-02 23:04:24.398 [ForkJoinPool.commonPool-worker-1] INFO  c.z.filecloud.client.monitor.ClientFileMonitor - File Monitor启动成功！
2022-11-02 23:04:24.399 [ForkJoinPool.commonPool-worker-1] INFO  com.zhangyun.filecloud.client.service.NettyClient - netty client starting...
2022-11-02 23:04:24.404 [ForkJoinPool.commonPool-worker-1] INFO  com.zhangyun.filecloud.client.service.NettyClient - netty client start success
