2022-11-14 21:37:02.679 [ForkJoinPool.commonPool-worker-1] INFO  org.springframework.boot.SpringApplication - Starting application using Java 1.8.0_342 on zhangyundeAir.lan with PID 98772 (started by zhangyun in /Users/zhangyun/Documents/javaProject/FileCloud)
2022-11-14 21:37:02.681 [ForkJoinPool.commonPool-worker-1] INFO  org.springframework.boot.SpringApplication - The following profiles are active: dev
2022-11-14 21:37:03.564 [ForkJoinPool.commonPool-worker-1] INFO  o.s.boot.web.embedded.tomcat.TomcatWebServer - Tomcat initialized with port(s): 8081 (http)
2022-11-14 21:37:03.569 [ForkJoinPool.commonPool-worker-1] INFO  org.apache.catalina.core.StandardService - Starting service [Tomcat]
2022-11-14 21:37:03.570 [ForkJoinPool.commonPool-worker-1] INFO  org.apache.catalina.core.StandardEngine - Starting Servlet engine: [Apache Tomcat/9.0.54]
2022-11-14 21:37:03.610 [ForkJoinPool.commonPool-worker-1] INFO  o.a.c.core.ContainerBase.[Tomcat].[localhost].[/] - Initializing Spring embedded WebApplicationContext
2022-11-14 21:37:03.610 [ForkJoinPool.commonPool-worker-1] INFO  o.s.b.w.s.c.ServletWebServerApplicationContext - Root WebApplicationContext: initialization completed in 840 ms
2022-11-14 21:37:03.928 [ForkJoinPool.commonPool-worker-1] INFO  s.d.s.w.PropertySourcedRequestMappingHandlerMapping - Mapped URL path [/v2/api-docs] onto method [springfox.documentation.swagger2.web.Swagger2Controller#getDocumentation(String, HttpServletRequest)]
2022-11-14 21:37:04.087 [ForkJoinPool.commonPool-worker-1] INFO  o.s.boot.web.embedded.tomcat.TomcatWebServer - Tomcat started on port(s): 8081 (http) with context path ''
2022-11-14 21:37:04.087 [ForkJoinPool.commonPool-worker-1] INFO  s.d.s.web.plugins.DocumentationPluginsBootstrapper - Context refreshed
2022-11-14 21:37:04.095 [ForkJoinPool.commonPool-worker-1] INFO  s.d.s.web.plugins.DocumentationPluginsBootstrapper - Found 1 custom documentation plugin(s)
2022-11-14 21:37:04.111 [ForkJoinPool.commonPool-worker-1] INFO  s.d.spring.web.scanners.ApiListingReferenceScanner - Scanning for api listing references
2022-11-14 21:37:04.158 [ForkJoinPool.commonPool-worker-1] INFO  org.springframework.boot.SpringApplication - Started application in 2.202 seconds (JVM running for 3.38)
2022-11-14 21:37:04.160 [ForkJoinPool.commonPool-worker-1] INFO  com.zhangyun.filecloud.client.service.NettyClient - netty client starting...
2022-11-14 21:37:04.163 [ForkJoinPool.commonPool-worker-1] INFO  com.zhangyun.filecloud.client.service.NettyClient - netty client start success
2022-11-14 21:37:05.363 [JavaFX Application Thread] WARN  c.z.f.client.service.monitor.FileMonitorService - monitor启动失败 null
2022-11-14 21:37:05.363 [JavaFX Application Thread] INFO  c.z.f.client.service.monitor.FileMonitorService - 启动文件监听器 null
2022-11-14 21:37:05.405 [JavaFX Application Thread] INFO  com.zhangyun.filecloud.client.service.NettyClient - 建立连接：[id: 0xaec32bab, L:/127.0.0.1:50935 - R:localhost/127.0.0.1:8090]
2022-11-14 21:37:05.414 [nioEventLoopGroup-2-1] INFO  c.z.filecloud.client.handler.AddTokenHandler - LoginMessage(password=1120, rootPath=/Users/zhangyun/Documents/javaProject/FileCloud/rootPath, deviceName=macbook air m1)
2022-11-14 21:37:05.456 [nioEventLoopGroup-2-1] INFO  c.z.filecloud.common.protocol.MessageCodecSharable - 发送消息: {"deviceId":"933883a0-e655-49c8-a126-24166d0a2432","deviceName":"macbook air m1","messageType":5,"msgDesc":"LoginMessage","password":"1120","rootPath":"/Users/zhangyun/Documents/javaProject/FileCloud/rootPath","username":"zhangyun"}
2022-11-14 21:37:05.467 [nioEventLoopGroup-2-1] INFO  c.zhangyun.filecloud.common.aspect.TraceLogAspect - 执行方法: AddTokenHandler.write, 参数: ctx:{"removed":false}msg:{"deviceId":"933883a0-e655-49c8-a126-24166d0a2432","deviceName":"macbook air m1","messageType":5,"msgDesc":"LoginMessage","password":"1120","rootPath":"/Users/zhangyun/Documents/javaProject/FileCloud/rootPath","username":"zhangyun"}promise:{"cancellable":true,"cancelled":false,"done":false,"success":false,"void":false} ====> null, 时间: 50ms
2022-11-14 21:37:05.939 [nioEventLoopGroup-2-1] INFO  c.z.filecloud.common.protocol.MessageCodecSharable - 接收消息: {"code":200,"isRegister":true,"messageType":6,"msg":"登录成功！","msgDesc":"LoginResponseMessage","token":"0c73a60a-e5cf-4107-92b9-3a3e8ae5a2a4"}
2022-11-14 21:37:05.939 [JavaFX Application Thread] INFO  c.zhangyun.filecloud.common.aspect.TraceLogAspect - 执行方法: LoginService.login, 参数: username:"zhangyun"password:"1120"deviceId:"933883a0-e655-49c8-a126-24166d0a2432"rootPath:"/Users/zhangyun/Documents/javaProject/FileCloud/rootPath"deviceName:"macbook air m1" ====> LoginResponseMessage(code=200, msg=登录成功！, token=0c73a60a-e5cf-4107-92b9-3a3e8ae5a2a4, isRegister=true), 时间: 579ms
2022-11-14 21:37:05.940 [JavaFX Application Thread] INFO  c.z.f.client.controller.login.LoginController - 登录成功
2022-11-14 21:37:08.323 [nioEventLoopGroup-2-1] INFO  c.z.filecloud.client.handler.AddTokenHandler - LogoutMessage()
2022-11-14 21:37:08.323 [JavaFX Application Thread] WARN  c.z.f.client.service.monitor.FileMonitorService - monitor关闭失败 null
2022-11-14 21:37:08.324 [JavaFX Application Thread] INFO  c.z.f.client.service.monitor.FileMonitorService - 停止文件监听器 null
2022-11-14 21:37:08.324 [JavaFX Application Thread] INFO  c.zhangyun.filecloud.common.aspect.TraceLogAspect - 执行方法: LoginService.logout, 参数: username:"zhangyun" ====> null, 时间: 1ms
2022-11-14 21:37:08.326 [nioEventLoopGroup-2-1] INFO  c.z.filecloud.common.protocol.MessageCodecSharable - 发送消息: {"messageType":10,"msgDesc":"LogoutMessage","token":"0c73a60a-e5cf-4107-92b9-3a3e8ae5a2a4","username":"zhangyun"}
2022-11-14 21:37:08.327 [nioEventLoopGroup-2-1] INFO  c.zhangyun.filecloud.common.aspect.TraceLogAspect - 执行方法: AddTokenHandler.write, 参数: ctx:{"removed":false}msg:{"messageType":10,"msgDesc":"LogoutMessage","token":"0c73a60a-e5cf-4107-92b9-3a3e8ae5a2a4","username":"zhangyun"}promise:{"cancellable":true,"cancelled":false,"done":false,"success":false,"void":false} ====> null, 时间: 4ms
2022-11-14 21:37:08.346 [nioEventLoopGroup-2-1] INFO  c.z.filecloud.common.protocol.MessageCodecSharable - 接收消息: {"code":301,"messageType":7,"msg":"token 认证失败","msgDesc":"AuthFailResponseMessage"}
2022-11-14 21:37:11.337 [nioEventLoopGroup-2-1] INFO  c.z.filecloud.common.protocol.MessageCodecSharable - 接收消息: {"code":301,"messageType":7,"msg":"token 认证失败","msgDesc":"AuthFailResponseMessage"}
2022-11-14 21:37:14.337 [nioEventLoopGroup-2-1] INFO  c.z.filecloud.common.protocol.MessageCodecSharable - 接收消息: {"code":301,"messageType":7,"msg":"token 认证失败","msgDesc":"AuthFailResponseMessage"}
2022-11-14 21:37:15.089 [JavaFX Application Thread] INFO  com.zhangyun.filecloud.client.service.NettyClient - 关闭连接 [id: 0xaec32bab, L:/127.0.0.1:50935 ! R:localhost/127.0.0.1:8090]
2022-11-14 21:37:15.093 [JavaFX Application Thread] WARN  c.z.f.client.service.monitor.FileMonitorService - monitor关闭失败 null
2022-11-14 21:37:15.094 [JavaFX Application Thread] INFO  c.z.f.client.service.monitor.FileMonitorService - 停止文件监听器 null
2022-11-14 21:37:15.094 [JavaFX Application Thread] INFO  com.zhangyun.filecloud.client.ClientApplication - =========程序退出=========
