2022-11-09 00:02:46.384 [ForkJoinPool.commonPool-worker-1] INFO  org.springframework.boot.SpringApplication - Starting application using Java 1.8.0_342 on zhangyundeMacBook-Air.local with PID 44617 (started by zhangyun in /Users/zhangyun/Documents/javaProject/FileCloud)
2022-11-09 00:02:46.387 [ForkJoinPool.commonPool-worker-1] INFO  org.springframework.boot.SpringApplication - The following profiles are active: dev
2022-11-09 00:02:47.997 [ForkJoinPool.commonPool-worker-1] INFO  o.s.boot.web.embedded.tomcat.TomcatWebServer - Tomcat initialized with port(s): 8081 (http)
2022-11-09 00:02:48.003 [ForkJoinPool.commonPool-worker-1] INFO  org.apache.catalina.core.StandardService - Starting service [Tomcat]
2022-11-09 00:02:48.003 [ForkJoinPool.commonPool-worker-1] INFO  org.apache.catalina.core.StandardEngine - Starting Servlet engine: [Apache Tomcat/9.0.54]
2022-11-09 00:02:48.049 [ForkJoinPool.commonPool-worker-1] INFO  o.a.c.core.ContainerBase.[Tomcat].[localhost].[/] - Initializing Spring embedded WebApplicationContext
2022-11-09 00:02:48.050 [ForkJoinPool.commonPool-worker-1] INFO  o.s.b.w.s.c.ServletWebServerApplicationContext - Root WebApplicationContext: initialization completed in 1610 ms
2022-11-09 00:02:48.350 [ForkJoinPool.commonPool-worker-1] INFO  s.d.s.w.PropertySourcedRequestMappingHandlerMapping - Mapped URL path [/v2/api-docs] onto method [springfox.documentation.swagger2.web.Swagger2Controller#getDocumentation(String, HttpServletRequest)]
2022-11-09 00:02:48.490 [ForkJoinPool.commonPool-worker-1] INFO  o.s.boot.web.embedded.tomcat.TomcatWebServer - Tomcat started on port(s): 8081 (http) with context path ''
2022-11-09 00:02:48.490 [ForkJoinPool.commonPool-worker-1] INFO  s.d.s.web.plugins.DocumentationPluginsBootstrapper - Context refreshed
2022-11-09 00:02:48.496 [ForkJoinPool.commonPool-worker-1] INFO  s.d.s.web.plugins.DocumentationPluginsBootstrapper - Found 1 custom documentation plugin(s)
2022-11-09 00:02:48.509 [ForkJoinPool.commonPool-worker-1] INFO  s.d.spring.web.scanners.ApiListingReferenceScanner - Scanning for api listing references
2022-11-09 00:02:48.550 [ForkJoinPool.commonPool-worker-1] INFO  org.springframework.boot.SpringApplication - Started application in 2.927 seconds (JVM running for 3.581)
2022-11-09 00:02:48.560 [ForkJoinPool.commonPool-worker-1] INFO  c.z.filecloud.client.monitor.ClientFileMonitor - File Monitor启动成功！
2022-11-09 00:02:48.561 [ForkJoinPool.commonPool-worker-1] INFO  com.zhangyun.filecloud.client.service.NettyClient - netty client starting...
2022-11-09 00:02:48.564 [ForkJoinPool.commonPool-worker-1] INFO  com.zhangyun.filecloud.client.service.NettyClient - netty client start success
2022-11-09 00:02:51.032 [JavaFX Application Thread] INFO  com.zhangyun.filecloud.client.service.NettyClient - 建立连接：[id: 0x9f1577b8, L:/127.0.0.1:62487 - R:localhost/127.0.0.1:8090]
2022-11-09 00:02:51.040 [nioEventLoopGroup-2-1] INFO  c.z.f.client.handler.MessageOutboundHandler - LoginMessage(password=1120, deviceId=933883a0-e655-49c8-a126-24166d0a2432, rootPath=/Users/zhangyun/Documents/javaProject/FileCloud/rootPath, deviceName=macbook air m1)
2022-11-09 00:02:51.070 [nioEventLoopGroup-2-1] INFO  c.z.filecloud.common.protocol.MessageCodecSharable - 发送消息: {"deviceId":"933883a0-e655-49c8-a126-24166d0a2432","deviceName":"macbook air m1","messageType":5,"msgDesc":"LoginMessage","password":"1120","rootPath":"/Users/zhangyun/Documents/javaProject/FileCloud/rootPath","username":"zhangyun"}
2022-11-09 00:02:51.079 [nioEventLoopGroup-2-1] INFO  c.zhangyun.filecloud.common.aspect.TraceLogAspect - 执行方法: MessageOutboundHandler.write, 参数: ctx:{"removed":false}msg:{"deviceId":"933883a0-e655-49c8-a126-24166d0a2432","deviceName":"macbook air m1","messageType":5,"msgDesc":"LoginMessage","password":"1120","rootPath":"/Users/zhangyun/Documents/javaProject/FileCloud/rootPath","username":"zhangyun"}promise:{"cancellable":true,"cancelled":false,"done":false,"success":false,"void":false} ====> null, 时间: 36ms
2022-11-09 00:05:59.033 [ForkJoinPool.commonPool-worker-1] INFO  org.springframework.boot.SpringApplication - Starting application using Java 1.8.0_342 on zhangyundeMacBook-Air.local with PID 45252 (started by zhangyun in /Users/zhangyun/Documents/javaProject/FileCloud)
2022-11-09 00:05:59.041 [ForkJoinPool.commonPool-worker-1] INFO  org.springframework.boot.SpringApplication - The following profiles are active: dev
2022-11-09 00:05:59.928 [ForkJoinPool.commonPool-worker-1] INFO  o.s.boot.web.embedded.tomcat.TomcatWebServer - Tomcat initialized with port(s): 8081 (http)
2022-11-09 00:05:59.933 [ForkJoinPool.commonPool-worker-1] INFO  org.apache.catalina.core.StandardService - Starting service [Tomcat]
2022-11-09 00:05:59.934 [ForkJoinPool.commonPool-worker-1] INFO  org.apache.catalina.core.StandardEngine - Starting Servlet engine: [Apache Tomcat/9.0.54]
2022-11-09 00:05:59.973 [ForkJoinPool.commonPool-worker-1] INFO  o.a.c.core.ContainerBase.[Tomcat].[localhost].[/] - Initializing Spring embedded WebApplicationContext
2022-11-09 00:05:59.973 [ForkJoinPool.commonPool-worker-1] INFO  o.s.b.w.s.c.ServletWebServerApplicationContext - Root WebApplicationContext: initialization completed in 854 ms
2022-11-09 00:06:00.322 [ForkJoinPool.commonPool-worker-1] INFO  s.d.s.w.PropertySourcedRequestMappingHandlerMapping - Mapped URL path [/v2/api-docs] onto method [springfox.documentation.swagger2.web.Swagger2Controller#getDocumentation(String, HttpServletRequest)]
2022-11-09 00:06:00.482 [ForkJoinPool.commonPool-worker-1] INFO  o.s.boot.web.embedded.tomcat.TomcatWebServer - Tomcat started on port(s): 8081 (http) with context path ''
2022-11-09 00:06:00.483 [ForkJoinPool.commonPool-worker-1] INFO  s.d.s.web.plugins.DocumentationPluginsBootstrapper - Context refreshed
2022-11-09 00:06:00.491 [ForkJoinPool.commonPool-worker-1] INFO  s.d.s.web.plugins.DocumentationPluginsBootstrapper - Found 1 custom documentation plugin(s)
2022-11-09 00:06:00.506 [ForkJoinPool.commonPool-worker-1] INFO  s.d.spring.web.scanners.ApiListingReferenceScanner - Scanning for api listing references
2022-11-09 00:06:00.553 [ForkJoinPool.commonPool-worker-1] INFO  org.springframework.boot.SpringApplication - Started application in 2.018 seconds (JVM running for 2.777)
2022-11-09 00:06:00.564 [ForkJoinPool.commonPool-worker-1] INFO  c.z.filecloud.client.monitor.ClientFileMonitor - File Monitor启动成功！
2022-11-09 00:06:00.564 [ForkJoinPool.commonPool-worker-1] INFO  com.zhangyun.filecloud.client.service.NettyClient - netty client starting...
2022-11-09 00:06:00.568 [ForkJoinPool.commonPool-worker-1] INFO  com.zhangyun.filecloud.client.service.NettyClient - netty client start success
2022-11-09 00:06:01.915 [JavaFX Application Thread] INFO  com.zhangyun.filecloud.client.service.NettyClient - 建立连接：[id: 0xf2b652dd, L:/127.0.0.1:62764 - R:localhost/127.0.0.1:8090]
2022-11-09 00:06:01.924 [nioEventLoopGroup-2-1] INFO  c.z.f.client.handler.MessageOutboundHandler - LoginMessage(password=1120, deviceId=933883a0-e655-49c8-a126-24166d0a2432, rootPath=/Users/zhangyun/Documents/javaProject/FileCloud/rootPath, deviceName=macbook air m1)
2022-11-09 00:06:01.960 [nioEventLoopGroup-2-1] INFO  c.z.filecloud.common.protocol.MessageCodecSharable - 发送消息: {"deviceId":"933883a0-e655-49c8-a126-24166d0a2432","deviceName":"macbook air m1","messageType":5,"msgDesc":"LoginMessage","password":"1120","rootPath":"/Users/zhangyun/Documents/javaProject/FileCloud/rootPath","username":"zhangyun"}
2022-11-09 00:06:01.987 [nioEventLoopGroup-2-1] INFO  c.zhangyun.filecloud.common.aspect.TraceLogAspect - 执行方法: MessageOutboundHandler.write, 参数: ctx:{"removed":false}msg:{"deviceId":"933883a0-e655-49c8-a126-24166d0a2432","deviceName":"macbook air m1","messageType":5,"msgDesc":"LoginMessage","password":"1120","rootPath":"/Users/zhangyun/Documents/javaProject/FileCloud/rootPath","username":"zhangyun"}promise:{"cancellable":true,"cancelled":false,"done":false,"success":false,"void":false} ====> null, 时间: 45ms
2022-11-09 00:18:09.481 [ForkJoinPool.commonPool-worker-1] INFO  org.springframework.boot.SpringApplication - Starting application using Java 1.8.0_342 on zhangyundeMacBook-Air.local with PID 47600 (started by zhangyun in /Users/zhangyun/Documents/javaProject/FileCloud)
2022-11-09 00:18:09.483 [ForkJoinPool.commonPool-worker-1] INFO  org.springframework.boot.SpringApplication - The following profiles are active: dev
2022-11-09 00:18:10.262 [ForkJoinPool.commonPool-worker-1] INFO  o.s.boot.web.embedded.tomcat.TomcatWebServer - Tomcat initialized with port(s): 8081 (http)
2022-11-09 00:18:10.267 [ForkJoinPool.commonPool-worker-1] INFO  org.apache.catalina.core.StandardService - Starting service [Tomcat]
2022-11-09 00:18:10.268 [ForkJoinPool.commonPool-worker-1] INFO  org.apache.catalina.core.StandardEngine - Starting Servlet engine: [Apache Tomcat/9.0.54]
2022-11-09 00:18:10.308 [ForkJoinPool.commonPool-worker-1] INFO  o.a.c.core.ContainerBase.[Tomcat].[localhost].[/] - Initializing Spring embedded WebApplicationContext
2022-11-09 00:18:10.309 [ForkJoinPool.commonPool-worker-1] INFO  o.s.b.w.s.c.ServletWebServerApplicationContext - Root WebApplicationContext: initialization completed in 793 ms
2022-11-09 00:18:10.683 [ForkJoinPool.commonPool-worker-1] INFO  s.d.s.w.PropertySourcedRequestMappingHandlerMapping - Mapped URL path [/v2/api-docs] onto method [springfox.documentation.swagger2.web.Swagger2Controller#getDocumentation(String, HttpServletRequest)]
2022-11-09 00:18:10.836 [ForkJoinPool.commonPool-worker-1] INFO  o.s.boot.web.embedded.tomcat.TomcatWebServer - Tomcat started on port(s): 8081 (http) with context path ''
2022-11-09 00:18:10.837 [ForkJoinPool.commonPool-worker-1] INFO  s.d.s.web.plugins.DocumentationPluginsBootstrapper - Context refreshed
2022-11-09 00:18:10.845 [ForkJoinPool.commonPool-worker-1] INFO  s.d.s.web.plugins.DocumentationPluginsBootstrapper - Found 1 custom documentation plugin(s)
2022-11-09 00:18:10.859 [ForkJoinPool.commonPool-worker-1] INFO  s.d.spring.web.scanners.ApiListingReferenceScanner - Scanning for api listing references
2022-11-09 00:18:10.905 [ForkJoinPool.commonPool-worker-1] INFO  org.springframework.boot.SpringApplication - Started application in 2.098 seconds (JVM running for 2.866)
2022-11-09 00:18:10.915 [ForkJoinPool.commonPool-worker-1] INFO  c.z.filecloud.client.monitor.ClientFileMonitor - File Monitor启动成功！
2022-11-09 00:18:10.915 [ForkJoinPool.commonPool-worker-1] INFO  com.zhangyun.filecloud.client.service.NettyClient - netty client starting...
2022-11-09 00:18:10.919 [ForkJoinPool.commonPool-worker-1] INFO  com.zhangyun.filecloud.client.service.NettyClient - netty client start success
2022-11-09 00:18:12.200 [JavaFX Application Thread] INFO  com.zhangyun.filecloud.client.service.NettyClient - 建立连接：[id: 0x34c590ce, L:/127.0.0.1:63768 - R:localhost/127.0.0.1:8090]
2022-11-09 00:18:12.209 [nioEventLoopGroup-2-1] INFO  c.z.f.client.handler.MessageOutboundHandler - LoginMessage(password=1120, deviceId=933883a0-e655-49c8-a126-24166d0a2432, rootPath=/Users/zhangyun/Documents/javaProject/FileCloud/rootPath, deviceName=macbook air m1)
2022-11-09 00:18:12.241 [nioEventLoopGroup-2-1] INFO  c.z.filecloud.common.protocol.MessageCodecSharable - 发送消息: {"deviceId":"933883a0-e655-49c8-a126-24166d0a2432","deviceName":"macbook air m1","messageType":5,"msgDesc":"LoginMessage","password":"1120","rootPath":"/Users/zhangyun/Documents/javaProject/FileCloud/rootPath","username":"zhangyun"}
2022-11-09 00:18:12.252 [nioEventLoopGroup-2-1] INFO  c.zhangyun.filecloud.common.aspect.TraceLogAspect - 执行方法: MessageOutboundHandler.write, 参数: ctx:{"removed":false}msg:{"deviceId":"933883a0-e655-49c8-a126-24166d0a2432","deviceName":"macbook air m1","messageType":5,"msgDesc":"LoginMessage","password":"1120","rootPath":"/Users/zhangyun/Documents/javaProject/FileCloud/rootPath","username":"zhangyun"}promise:{"cancellable":true,"cancelled":false,"done":false,"success":false,"void":false} ====> null, 时间: 39ms
2022-11-09 00:21:10.148 [ForkJoinPool.commonPool-worker-1] INFO  org.springframework.boot.SpringApplication - Starting application using Java 1.8.0_342 on zhangyundeMacBook-Air.local with PID 48183 (started by zhangyun in /Users/zhangyun/Documents/javaProject/FileCloud)
2022-11-09 00:21:10.152 [ForkJoinPool.commonPool-worker-1] INFO  org.springframework.boot.SpringApplication - The following profiles are active: dev
2022-11-09 00:21:10.917 [ForkJoinPool.commonPool-worker-1] INFO  o.s.boot.web.embedded.tomcat.TomcatWebServer - Tomcat initialized with port(s): 8081 (http)
2022-11-09 00:21:10.922 [ForkJoinPool.commonPool-worker-1] INFO  org.apache.catalina.core.StandardService - Starting service [Tomcat]
2022-11-09 00:21:10.922 [ForkJoinPool.commonPool-worker-1] INFO  org.apache.catalina.core.StandardEngine - Starting Servlet engine: [Apache Tomcat/9.0.54]
2022-11-09 00:21:10.964 [ForkJoinPool.commonPool-worker-1] INFO  o.a.c.core.ContainerBase.[Tomcat].[localhost].[/] - Initializing Spring embedded WebApplicationContext
2022-11-09 00:21:10.965 [ForkJoinPool.commonPool-worker-1] INFO  o.s.b.w.s.c.ServletWebServerApplicationContext - Root WebApplicationContext: initialization completed in 782 ms
2022-11-09 00:21:11.297 [ForkJoinPool.commonPool-worker-1] INFO  s.d.s.w.PropertySourcedRequestMappingHandlerMapping - Mapped URL path [/v2/api-docs] onto method [springfox.documentation.swagger2.web.Swagger2Controller#getDocumentation(String, HttpServletRequest)]
2022-11-09 00:21:11.453 [ForkJoinPool.commonPool-worker-1] INFO  o.s.boot.web.embedded.tomcat.TomcatWebServer - Tomcat started on port(s): 8081 (http) with context path ''
2022-11-09 00:21:11.454 [ForkJoinPool.commonPool-worker-1] INFO  s.d.s.web.plugins.DocumentationPluginsBootstrapper - Context refreshed
2022-11-09 00:21:11.463 [ForkJoinPool.commonPool-worker-1] INFO  s.d.s.web.plugins.DocumentationPluginsBootstrapper - Found 1 custom documentation plugin(s)
2022-11-09 00:21:11.478 [ForkJoinPool.commonPool-worker-1] INFO  s.d.spring.web.scanners.ApiListingReferenceScanner - Scanning for api listing references
2022-11-09 00:21:11.530 [ForkJoinPool.commonPool-worker-1] INFO  org.springframework.boot.SpringApplication - Started application in 2.062 seconds (JVM running for 2.852)
2022-11-09 00:21:11.539 [ForkJoinPool.commonPool-worker-1] INFO  c.z.filecloud.client.monitor.ClientFileMonitor - File Monitor启动成功！
2022-11-09 00:21:11.539 [ForkJoinPool.commonPool-worker-1] INFO  com.zhangyun.filecloud.client.service.NettyClient - netty client starting...
2022-11-09 00:21:11.544 [ForkJoinPool.commonPool-worker-1] INFO  com.zhangyun.filecloud.client.service.NettyClient - netty client start success
2022-11-09 00:21:12.638 [JavaFX Application Thread] INFO  com.zhangyun.filecloud.client.service.NettyClient - 建立连接：[id: 0xdd357bb1, L:/127.0.0.1:64053 - R:localhost/127.0.0.1:8090]
2022-11-09 00:21:12.647 [nioEventLoopGroup-2-1] INFO  c.z.f.client.handler.MessageOutboundHandler - LoginMessage(password=1120, deviceId=933883a0-e655-49c8-a126-24166d0a2432, rootPath=/Users/zhangyun/Documents/javaProject/FileCloud/rootPath, deviceName=macbook air m1)
2022-11-09 00:21:12.680 [nioEventLoopGroup-2-1] INFO  c.z.filecloud.common.protocol.MessageCodecSharable - 发送消息: {"deviceId":"933883a0-e655-49c8-a126-24166d0a2432","deviceName":"macbook air m1","messageType":5,"msgDesc":"LoginMessage","password":"1120","rootPath":"/Users/zhangyun/Documents/javaProject/FileCloud/rootPath","username":"zhangyun"}
2022-11-09 00:21:12.690 [nioEventLoopGroup-2-1] INFO  c.zhangyun.filecloud.common.aspect.TraceLogAspect - 执行方法: MessageOutboundHandler.write, 参数: ctx:{"removed":false}msg:{"deviceId":"933883a0-e655-49c8-a126-24166d0a2432","deviceName":"macbook air m1","messageType":5,"msgDesc":"LoginMessage","password":"1120","rootPath":"/Users/zhangyun/Documents/javaProject/FileCloud/rootPath","username":"zhangyun"}promise:{"cancellable":true,"cancelled":false,"done":false,"success":false,"void":false} ====> null, 时间: 40ms
2022-11-09 16:47:20.147 [ForkJoinPool.commonPool-worker-1] INFO  org.springframework.boot.SpringApplication - Starting application using Java 1.8.0_342 on zhangyundeMacBook-Air.local with PID 22175 (started by zhangyun in /Users/zhangyun/Documents/javaProject/FileCloud)
2022-11-09 16:47:20.156 [ForkJoinPool.commonPool-worker-1] INFO  org.springframework.boot.SpringApplication - The following profiles are active: dev
2022-11-09 16:47:21.112 [ForkJoinPool.commonPool-worker-1] INFO  o.s.boot.web.embedded.tomcat.TomcatWebServer - Tomcat initialized with port(s): 8081 (http)
2022-11-09 16:47:21.117 [ForkJoinPool.commonPool-worker-1] INFO  org.apache.catalina.core.StandardService - Starting service [Tomcat]
2022-11-09 16:47:21.117 [ForkJoinPool.commonPool-worker-1] INFO  org.apache.catalina.core.StandardEngine - Starting Servlet engine: [Apache Tomcat/9.0.54]
2022-11-09 16:47:21.157 [ForkJoinPool.commonPool-worker-1] INFO  o.a.c.core.ContainerBase.[Tomcat].[localhost].[/] - Initializing Spring embedded WebApplicationContext
2022-11-09 16:47:21.157 [ForkJoinPool.commonPool-worker-1] INFO  o.s.b.w.s.c.ServletWebServerApplicationContext - Root WebApplicationContext: initialization completed in 853 ms
2022-11-09 16:47:21.467 [ForkJoinPool.commonPool-worker-1] INFO  s.d.s.w.PropertySourcedRequestMappingHandlerMapping - Mapped URL path [/v2/api-docs] onto method [springfox.documentation.swagger2.web.Swagger2Controller#getDocumentation(String, HttpServletRequest)]
2022-11-09 16:47:21.619 [ForkJoinPool.commonPool-worker-1] INFO  o.s.boot.web.embedded.tomcat.TomcatWebServer - Tomcat started on port(s): 8081 (http) with context path ''
2022-11-09 16:47:21.620 [ForkJoinPool.commonPool-worker-1] INFO  s.d.s.web.plugins.DocumentationPluginsBootstrapper - Context refreshed
2022-11-09 16:47:21.627 [ForkJoinPool.commonPool-worker-1] INFO  s.d.s.web.plugins.DocumentationPluginsBootstrapper - Found 1 custom documentation plugin(s)
2022-11-09 16:47:21.642 [ForkJoinPool.commonPool-worker-1] INFO  s.d.spring.web.scanners.ApiListingReferenceScanner - Scanning for api listing references
2022-11-09 16:47:21.689 [ForkJoinPool.commonPool-worker-1] INFO  org.springframework.boot.SpringApplication - Started application in 2.597 seconds (JVM running for 3.359)
2022-11-09 16:47:21.701 [ForkJoinPool.commonPool-worker-1] INFO  c.z.filecloud.client.monitor.ClientFileMonitor - File Monitor启动成功！
2022-11-09 16:47:21.701 [ForkJoinPool.commonPool-worker-1] INFO  com.zhangyun.filecloud.client.service.NettyClient - netty client starting...
2022-11-09 16:47:21.706 [ForkJoinPool.commonPool-worker-1] INFO  com.zhangyun.filecloud.client.service.NettyClient - netty client start success
2022-11-09 20:13:58.919 [JavaFX Application Thread] INFO  c.z.filecloud.client.monitor.ClientFileMonitor - 停止文件监听器 org.apache.commons.io.monitor.FileAlterationMonitor@33b62508
2022-11-09 20:13:58.922 [JavaFX Application Thread] INFO  com.zhangyun.filecloud.client.ClientApplication - =========程序退出=========
2022-11-09 20:15:10.211 [ForkJoinPool.commonPool-worker-1] INFO  org.springframework.boot.SpringApplication - Starting application using Java 1.8.0_342 on zhangyundeAir.lan with PID 61501 (started by zhangyun in /Users/zhangyun/Documents/javaProject/FileCloud)
2022-11-09 20:15:10.213 [ForkJoinPool.commonPool-worker-1] INFO  org.springframework.boot.SpringApplication - The following profiles are active: dev
2022-11-09 20:15:11.081 [ForkJoinPool.commonPool-worker-1] INFO  o.s.boot.web.embedded.tomcat.TomcatWebServer - Tomcat initialized with port(s): 8081 (http)
2022-11-09 20:15:11.086 [ForkJoinPool.commonPool-worker-1] INFO  org.apache.catalina.core.StandardService - Starting service [Tomcat]
2022-11-09 20:15:11.086 [ForkJoinPool.commonPool-worker-1] INFO  org.apache.catalina.core.StandardEngine - Starting Servlet engine: [Apache Tomcat/9.0.54]
2022-11-09 20:15:11.131 [ForkJoinPool.commonPool-worker-1] INFO  o.a.c.core.ContainerBase.[Tomcat].[localhost].[/] - Initializing Spring embedded WebApplicationContext
2022-11-09 20:15:11.131 [ForkJoinPool.commonPool-worker-1] INFO  o.s.b.w.s.c.ServletWebServerApplicationContext - Root WebApplicationContext: initialization completed in 890 ms
2022-11-09 20:15:11.438 [ForkJoinPool.commonPool-worker-1] INFO  s.d.s.w.PropertySourcedRequestMappingHandlerMapping - Mapped URL path [/v2/api-docs] onto method [springfox.documentation.swagger2.web.Swagger2Controller#getDocumentation(String, HttpServletRequest)]
2022-11-09 20:15:11.592 [ForkJoinPool.commonPool-worker-1] INFO  o.s.boot.web.embedded.tomcat.TomcatWebServer - Tomcat started on port(s): 8081 (http) with context path ''
2022-11-09 20:15:11.593 [ForkJoinPool.commonPool-worker-1] INFO  s.d.s.web.plugins.DocumentationPluginsBootstrapper - Context refreshed
2022-11-09 20:15:11.601 [ForkJoinPool.commonPool-worker-1] INFO  s.d.s.web.plugins.DocumentationPluginsBootstrapper - Found 1 custom documentation plugin(s)
2022-11-09 20:15:11.616 [ForkJoinPool.commonPool-worker-1] INFO  s.d.spring.web.scanners.ApiListingReferenceScanner - Scanning for api listing references
2022-11-09 20:15:11.658 [ForkJoinPool.commonPool-worker-1] INFO  org.springframework.boot.SpringApplication - Started application in 1.891 seconds (JVM running for 2.577)
2022-11-09 20:15:11.666 [ForkJoinPool.commonPool-worker-1] INFO  c.z.filecloud.client.monitor.ClientFileMonitor - File Monitor启动成功！
2022-11-09 20:15:11.666 [ForkJoinPool.commonPool-worker-1] INFO  com.zhangyun.filecloud.client.service.NettyClient - netty client starting...
2022-11-09 20:15:11.670 [ForkJoinPool.commonPool-worker-1] INFO  com.zhangyun.filecloud.client.service.NettyClient - netty client start success
2022-11-09 20:15:23.717 [JavaFX Application Thread] INFO  com.zhangyun.filecloud.client.service.NettyClient - 建立连接：[id: 0x5caa040a, L:/127.0.0.1:64004 - R:localhost/127.0.0.1:8090]
2022-11-09 20:15:23.726 [nioEventLoopGroup-2-1] INFO  c.z.filecloud.client.handler.AddTokenHandler - LoginMessage(password=1120, deviceId=933883a0-e655-49c8-a126-24166d0a2432, rootPath=/Users/zhangyun/Documents/javaProject/FileCloud/rootPath, deviceName=macbook air m1)
2022-11-09 20:15:23.762 [nioEventLoopGroup-2-1] INFO  c.z.filecloud.common.protocol.MessageCodecSharable - 发送消息: {"deviceId":"933883a0-e655-49c8-a126-24166d0a2432","deviceName":"macbook air m1","messageType":5,"msgDesc":"LoginMessage","password":"1120","rootPath":"/Users/zhangyun/Documents/javaProject/FileCloud/rootPath","username":"zhangyun"}
2022-11-09 20:15:23.772 [nioEventLoopGroup-2-1] INFO  c.zhangyun.filecloud.common.aspect.TraceLogAspect - 执行方法: AddTokenHandler.write, 参数: ctx:{"removed":false}msg:{"deviceId":"933883a0-e655-49c8-a126-24166d0a2432","deviceName":"macbook air m1","messageType":5,"msgDesc":"LoginMessage","password":"1120","rootPath":"/Users/zhangyun/Documents/javaProject/FileCloud/rootPath","username":"zhangyun"}promise:{"cancellable":true,"cancelled":false,"done":false,"success":false,"void":false} ====> null, 时间: 42ms
2022-11-09 20:15:24.259 [nioEventLoopGroup-2-1] INFO  c.z.filecloud.common.protocol.MessageCodecSharable - 接收消息: {"code":200,"isRegister":true,"messageType":6,"msg":"登录成功！","msgDesc":"LoginResponseMessage","token":"0f34516f-e8dc-44e0-8a15-adfdeb10a43e"}
2022-11-09 20:15:24.259 [JavaFX Application Thread] INFO  c.zhangyun.filecloud.common.aspect.TraceLogAspect - 执行方法: LoginManagerService.login, 参数: username:"zhangyun"password:"1120"deviceId:"933883a0-e655-49c8-a126-24166d0a2432"rootPath:"/Users/zhangyun/Documents/javaProject/FileCloud/rootPath"deviceName:"macbook air m1" ====> LoginResponseMessage(code=200, msg=登录成功！, token=0f34516f-e8dc-44e0-8a15-adfdeb10a43e, isRegister=true), 时间: 594ms
2022-11-09 20:15:24.259 [JavaFX Application Thread] INFO  c.z.f.client.controller.login.LoginController - 登录成功
2022-11-09 20:16:25.482 [JavaFX Application Thread] INFO  com.zhangyun.filecloud.client.service.NettyClient - 建立连接：[id: 0xe9ec3bca, L:/127.0.0.1:64826 - R:localhost/127.0.0.1:8090]
2022-11-09 20:16:25.483 [nioEventLoopGroup-2-2] INFO  c.z.filecloud.client.handler.AddTokenHandler - LogoutMessage()
2022-11-09 20:16:25.483 [JavaFX Application Thread] INFO  c.zhangyun.filecloud.common.aspect.TraceLogAspect - 执行方法: LoginManagerService.logout, 参数: username:"zhangyun" ====> null, 时间: 5ms
2022-11-09 20:16:25.487 [nioEventLoopGroup-2-2] INFO  c.z.filecloud.common.protocol.MessageCodecSharable - 发送消息: {"messageType":10,"msgDesc":"LogoutMessage","token":"0f34516f-e8dc-44e0-8a15-adfdeb10a43e","username":"zhangyun"}
2022-11-09 20:16:25.488 [nioEventLoopGroup-2-2] INFO  c.zhangyun.filecloud.common.aspect.TraceLogAspect - 执行方法: AddTokenHandler.write, 参数: ctx:{"removed":false}msg:{"messageType":10,"msgDesc":"LogoutMessage","token":"0f34516f-e8dc-44e0-8a15-adfdeb10a43e","username":"zhangyun"}promise:{"cancellable":true,"cancelled":false,"done":false,"success":false,"void":false} ====> null, 时间: 5ms
2022-11-09 20:16:55.032 [JavaFX Application Thread] INFO  com.zhangyun.filecloud.client.service.NettyClient - 建立连接：[id: 0xa779aa55, L:/127.0.0.1:65209 - R:localhost/127.0.0.1:8090]
2022-11-09 20:16:55.032 [nioEventLoopGroup-2-3] INFO  c.z.filecloud.client.handler.AddTokenHandler - LoginMessage(password=1120, deviceId=933883a0-e655-49c8-a126-24166d0a2432, rootPath=/Users/zhangyun/Documents/javaProject/FileCloud/rootPath, deviceName=macbook air m1)
2022-11-09 20:16:55.033 [nioEventLoopGroup-2-3] INFO  c.z.filecloud.common.protocol.MessageCodecSharable - 发送消息: {"deviceId":"933883a0-e655-49c8-a126-24166d0a2432","deviceName":"macbook air m1","messageType":5,"msgDesc":"LoginMessage","password":"1120","rootPath":"/Users/zhangyun/Documents/javaProject/FileCloud/rootPath","username":"zhangyun"}
2022-11-09 20:16:55.033 [nioEventLoopGroup-2-3] INFO  c.zhangyun.filecloud.common.aspect.TraceLogAspect - 执行方法: AddTokenHandler.write, 参数: ctx:{"removed":false}msg:{"deviceId":"933883a0-e655-49c8-a126-24166d0a2432","deviceName":"macbook air m1","messageType":5,"msgDesc":"LoginMessage","password":"1120","rootPath":"/Users/zhangyun/Documents/javaProject/FileCloud/rootPath","username":"zhangyun"}promise:{"cancellable":true,"cancelled":false,"done":false,"success":false,"void":false} ====> null, 时间: 1ms
2022-11-09 20:16:55.047 [nioEventLoopGroup-2-3] INFO  c.z.filecloud.common.protocol.MessageCodecSharable - 接收消息: {"code":200,"isRegister":true,"messageType":6,"msg":"登录成功！","msgDesc":"LoginResponseMessage","token":"c4d7f0cf-2fe6-412a-8083-39b3e36fa6b9"}
2022-11-09 20:16:55.047 [JavaFX Application Thread] INFO  c.zhangyun.filecloud.common.aspect.TraceLogAspect - 执行方法: LoginManagerService.login, 参数: username:"zhangyun"password:"1120"deviceId:"933883a0-e655-49c8-a126-24166d0a2432"rootPath:"/Users/zhangyun/Documents/javaProject/FileCloud/rootPath"deviceName:"macbook air m1" ====> LoginResponseMessage(code=200, msg=登录成功！, token=c4d7f0cf-2fe6-412a-8083-39b3e36fa6b9, isRegister=true), 时间: 18ms
2022-11-09 20:16:55.048 [JavaFX Application Thread] INFO  c.z.f.client.controller.login.LoginController - 登录成功
2022-11-09 20:20:54.334 [ForkJoinPool.commonPool-worker-1] INFO  org.springframework.boot.SpringApplication - Starting application using Java 1.8.0_342 on zhangyundeAir.lan with PID 62611 (started by zhangyun in /Users/zhangyun/Documents/javaProject/FileCloud)
2022-11-09 20:20:54.338 [ForkJoinPool.commonPool-worker-1] INFO  org.springframework.boot.SpringApplication - The following profiles are active: dev
2022-11-09 20:20:55.191 [ForkJoinPool.commonPool-worker-1] INFO  o.s.boot.web.embedded.tomcat.TomcatWebServer - Tomcat initialized with port(s): 8081 (http)
2022-11-09 20:20:55.197 [ForkJoinPool.commonPool-worker-1] INFO  org.apache.catalina.core.StandardService - Starting service [Tomcat]
2022-11-09 20:20:55.198 [ForkJoinPool.commonPool-worker-1] INFO  org.apache.catalina.core.StandardEngine - Starting Servlet engine: [Apache Tomcat/9.0.54]
2022-11-09 20:20:55.240 [ForkJoinPool.commonPool-worker-1] INFO  o.a.c.core.ContainerBase.[Tomcat].[localhost].[/] - Initializing Spring embedded WebApplicationContext
2022-11-09 20:20:55.241 [ForkJoinPool.commonPool-worker-1] INFO  o.s.b.w.s.c.ServletWebServerApplicationContext - Root WebApplicationContext: initialization completed in 863 ms
2022-11-09 20:20:55.558 [ForkJoinPool.commonPool-worker-1] INFO  s.d.s.w.PropertySourcedRequestMappingHandlerMapping - Mapped URL path [/v2/api-docs] onto method [springfox.documentation.swagger2.web.Swagger2Controller#getDocumentation(String, HttpServletRequest)]
2022-11-09 20:20:55.733 [ForkJoinPool.commonPool-worker-1] INFO  o.s.boot.web.embedded.tomcat.TomcatWebServer - Tomcat started on port(s): 8081 (http) with context path ''
2022-11-09 20:20:55.733 [ForkJoinPool.commonPool-worker-1] INFO  s.d.s.web.plugins.DocumentationPluginsBootstrapper - Context refreshed
2022-11-09 20:20:55.742 [ForkJoinPool.commonPool-worker-1] INFO  s.d.s.web.plugins.DocumentationPluginsBootstrapper - Found 1 custom documentation plugin(s)
2022-11-09 20:20:55.757 [ForkJoinPool.commonPool-worker-1] INFO  s.d.spring.web.scanners.ApiListingReferenceScanner - Scanning for api listing references
2022-11-09 20:20:55.808 [ForkJoinPool.commonPool-worker-1] INFO  org.springframework.boot.SpringApplication - Started application in 2.131 seconds (JVM running for 3.027)
2022-11-09 20:20:55.818 [ForkJoinPool.commonPool-worker-1] INFO  c.z.filecloud.client.monitor.ClientFileMonitor - File Monitor启动成功！
2022-11-09 20:20:55.819 [ForkJoinPool.commonPool-worker-1] INFO  com.zhangyun.filecloud.client.service.NettyClient - netty client starting...
2022-11-09 20:20:55.823 [ForkJoinPool.commonPool-worker-1] INFO  com.zhangyun.filecloud.client.service.NettyClient - netty client start success
2022-11-09 20:20:58.515 [JavaFX Application Thread] INFO  com.zhangyun.filecloud.client.service.NettyClient - 建立连接：[id: 0x3715cfa1, L:/127.0.0.1:52025 - R:localhost/127.0.0.1:8090]
2022-11-09 20:20:58.525 [nioEventLoopGroup-2-1] INFO  c.z.filecloud.client.handler.AddTokenHandler - LoginMessage(password=1120, deviceId=933883a0-e655-49c8-a126-24166d0a2432, rootPath=/Users/zhangyun/Documents/javaProject/FileCloud/rootPath, deviceName=macbook air m1)
2022-11-09 20:20:58.554 [nioEventLoopGroup-2-1] INFO  c.z.filecloud.common.protocol.MessageCodecSharable - 发送消息: {"deviceId":"933883a0-e655-49c8-a126-24166d0a2432","deviceName":"macbook air m1","messageType":5,"msgDesc":"LoginMessage","password":"1120","rootPath":"/Users/zhangyun/Documents/javaProject/FileCloud/rootPath","username":"zhangyun"}
2022-11-09 20:20:58.564 [nioEventLoopGroup-2-1] INFO  c.zhangyun.filecloud.common.aspect.TraceLogAspect - 执行方法: AddTokenHandler.write, 参数: ctx:{"removed":false}msg:{"deviceId":"933883a0-e655-49c8-a126-24166d0a2432","deviceName":"macbook air m1","messageType":5,"msgDesc":"LoginMessage","password":"1120","rootPath":"/Users/zhangyun/Documents/javaProject/FileCloud/rootPath","username":"zhangyun"}promise:{"cancellable":true,"cancelled":false,"done":false,"success":false,"void":false} ====> null, 时间: 36ms
2022-11-09 20:20:58.933 [nioEventLoopGroup-2-1] INFO  c.z.filecloud.common.protocol.MessageCodecSharable - 接收消息: {"code":200,"isRegister":true,"messageType":6,"msg":"登录成功！","msgDesc":"LoginResponseMessage","token":"9ae0a2d9-91d7-4890-b40d-37a02333587f"}
2022-11-09 20:20:58.934 [JavaFX Application Thread] INFO  c.zhangyun.filecloud.common.aspect.TraceLogAspect - 执行方法: LoginManagerService.login, 参数: username:"zhangyun"password:"1120"deviceId:"933883a0-e655-49c8-a126-24166d0a2432"rootPath:"/Users/zhangyun/Documents/javaProject/FileCloud/rootPath"deviceName:"macbook air m1" ====> LoginResponseMessage(code=200, msg=登录成功！, token=9ae0a2d9-91d7-4890-b40d-37a02333587f, isRegister=true), 时间: 481ms
2022-11-09 20:20:58.934 [JavaFX Application Thread] INFO  c.z.f.client.controller.login.LoginController - 登录成功
2022-11-09 20:21:01.570 [nioEventLoopGroup-2-1] INFO  c.z.filecloud.common.protocol.MessageCodecSharable - 发送消息: {"messageType":11,"msgDesc":"PingMessage"}
2022-11-09 20:21:01.582 [nioEventLoopGroup-2-1] INFO  c.z.filecloud.common.protocol.MessageCodecSharable - 接收消息: {"code":301,"messageType":7,"msg":"消息内容不完整","msgDesc":"AuthFailResponseMessage"}
2022-11-09 20:21:04.573 [nioEventLoopGroup-2-1] INFO  c.z.filecloud.common.protocol.MessageCodecSharable - 发送消息: {"messageType":11,"msgDesc":"PingMessage"}
2022-11-09 20:21:04.577 [nioEventLoopGroup-2-1] INFO  c.z.filecloud.common.protocol.MessageCodecSharable - 接收消息: {"code":301,"messageType":7,"msg":"消息内容不完整","msgDesc":"AuthFailResponseMessage"}
2022-11-09 20:21:07.575 [nioEventLoopGroup-2-1] INFO  c.z.filecloud.common.protocol.MessageCodecSharable - 发送消息: {"messageType":11,"msgDesc":"PingMessage"}
2022-11-09 20:21:07.579 [nioEventLoopGroup-2-1] INFO  c.z.filecloud.common.protocol.MessageCodecSharable - 接收消息: {"code":301,"messageType":7,"msg":"消息内容不完整","msgDesc":"AuthFailResponseMessage"}
2022-11-09 20:21:10.577 [nioEventLoopGroup-2-1] INFO  c.z.filecloud.common.protocol.MessageCodecSharable - 发送消息: {"messageType":11,"msgDesc":"PingMessage"}
2022-11-09 20:21:10.580 [nioEventLoopGroup-2-1] INFO  c.z.filecloud.common.protocol.MessageCodecSharable - 接收消息: {"code":301,"messageType":7,"msg":"消息内容不完整","msgDesc":"AuthFailResponseMessage"}
2022-11-09 20:21:13.581 [nioEventLoopGroup-2-1] INFO  c.z.filecloud.common.protocol.MessageCodecSharable - 发送消息: {"messageType":11,"msgDesc":"PingMessage"}
2022-11-09 20:21:13.590 [nioEventLoopGroup-2-1] INFO  c.z.filecloud.common.protocol.MessageCodecSharable - 接收消息: {"code":301,"messageType":7,"msg":"消息内容不完整","msgDesc":"AuthFailResponseMessage"}
2022-11-09 20:21:16.582 [nioEventLoopGroup-2-1] INFO  c.z.filecloud.common.protocol.MessageCodecSharable - 发送消息: {"messageType":11,"msgDesc":"PingMessage"}
2022-11-09 20:21:16.588 [nioEventLoopGroup-2-1] INFO  c.z.filecloud.common.protocol.MessageCodecSharable - 接收消息: {"code":301,"messageType":7,"msg":"消息内容不完整","msgDesc":"AuthFailResponseMessage"}
2022-11-09 20:21:19.585 [nioEventLoopGroup-2-1] INFO  c.z.filecloud.common.protocol.MessageCodecSharable - 发送消息: {"messageType":11,"msgDesc":"PingMessage"}
2022-11-09 20:21:19.590 [nioEventLoopGroup-2-1] INFO  c.z.filecloud.common.protocol.MessageCodecSharable - 接收消息: {"code":301,"messageType":7,"msg":"消息内容不完整","msgDesc":"AuthFailResponseMessage"}
2022-11-09 20:21:22.588 [nioEventLoopGroup-2-1] INFO  c.z.filecloud.common.protocol.MessageCodecSharable - 发送消息: {"messageType":11,"msgDesc":"PingMessage"}
2022-11-09 20:21:22.591 [nioEventLoopGroup-2-1] INFO  c.z.filecloud.common.protocol.MessageCodecSharable - 接收消息: {"code":301,"messageType":7,"msg":"消息内容不完整","msgDesc":"AuthFailResponseMessage"}
2022-11-09 20:21:25.590 [nioEventLoopGroup-2-1] INFO  c.z.filecloud.common.protocol.MessageCodecSharable - 发送消息: {"messageType":11,"msgDesc":"PingMessage"}
2022-11-09 20:21:25.593 [nioEventLoopGroup-2-1] INFO  c.z.filecloud.common.protocol.MessageCodecSharable - 接收消息: {"code":301,"messageType":7,"msg":"消息内容不完整","msgDesc":"AuthFailResponseMessage"}
2022-11-09 20:21:28.591 [nioEventLoopGroup-2-1] INFO  c.z.filecloud.common.protocol.MessageCodecSharable - 发送消息: {"messageType":11,"msgDesc":"PingMessage"}
2022-11-09 20:21:28.595 [nioEventLoopGroup-2-1] INFO  c.z.filecloud.common.protocol.MessageCodecSharable - 接收消息: {"code":301,"messageType":7,"msg":"消息内容不完整","msgDesc":"AuthFailResponseMessage"}
2022-11-09 20:21:34.311 [ForkJoinPool.commonPool-worker-1] INFO  org.springframework.boot.SpringApplication - Starting application using Java 1.8.0_342 on zhangyundeAir.lan with PID 62735 (started by zhangyun in /Users/zhangyun/Documents/javaProject/FileCloud)
2022-11-09 20:21:34.313 [ForkJoinPool.commonPool-worker-1] INFO  org.springframework.boot.SpringApplication - The following profiles are active: dev
2022-11-09 20:21:35.224 [ForkJoinPool.commonPool-worker-1] INFO  o.s.boot.web.embedded.tomcat.TomcatWebServer - Tomcat initialized with port(s): 8081 (http)
2022-11-09 20:21:35.231 [ForkJoinPool.commonPool-worker-1] INFO  org.apache.catalina.core.StandardService - Starting service [Tomcat]
2022-11-09 20:21:35.231 [ForkJoinPool.commonPool-worker-1] INFO  org.apache.catalina.core.StandardEngine - Starting Servlet engine: [Apache Tomcat/9.0.54]
2022-11-09 20:21:35.284 [ForkJoinPool.commonPool-worker-1] INFO  o.a.c.core.ContainerBase.[Tomcat].[localhost].[/] - Initializing Spring embedded WebApplicationContext
2022-11-09 20:21:35.285 [ForkJoinPool.commonPool-worker-1] INFO  o.s.b.w.s.c.ServletWebServerApplicationContext - Root WebApplicationContext: initialization completed in 941 ms
2022-11-09 20:21:35.622 [ForkJoinPool.commonPool-worker-1] INFO  s.d.s.w.PropertySourcedRequestMappingHandlerMapping - Mapped URL path [/v2/api-docs] onto method [springfox.documentation.swagger2.web.Swagger2Controller#getDocumentation(String, HttpServletRequest)]
2022-11-09 20:21:35.823 [ForkJoinPool.commonPool-worker-1] INFO  o.s.boot.web.embedded.tomcat.TomcatWebServer - Tomcat started on port(s): 8081 (http) with context path ''
2022-11-09 20:21:35.823 [ForkJoinPool.commonPool-worker-1] INFO  s.d.s.web.plugins.DocumentationPluginsBootstrapper - Context refreshed
2022-11-09 20:21:35.831 [ForkJoinPool.commonPool-worker-1] INFO  s.d.s.web.plugins.DocumentationPluginsBootstrapper - Found 1 custom documentation plugin(s)
2022-11-09 20:21:35.846 [ForkJoinPool.commonPool-worker-1] INFO  s.d.spring.web.scanners.ApiListingReferenceScanner - Scanning for api listing references
2022-11-09 20:21:35.889 [ForkJoinPool.commonPool-worker-1] INFO  org.springframework.boot.SpringApplication - Started application in 2.254 seconds (JVM running for 3.174)
2022-11-09 20:21:35.897 [ForkJoinPool.commonPool-worker-1] INFO  c.z.filecloud.client.monitor.ClientFileMonitor - File Monitor启动成功！
2022-11-09 20:21:35.897 [ForkJoinPool.commonPool-worker-1] INFO  com.zhangyun.filecloud.client.service.NettyClient - netty client starting...
2022-11-09 20:21:35.901 [ForkJoinPool.commonPool-worker-1] INFO  com.zhangyun.filecloud.client.service.NettyClient - netty client start success
2022-11-09 20:26:57.712 [ForkJoinPool.commonPool-worker-1] INFO  org.springframework.boot.SpringApplication - Starting application using Java 1.8.0_342 on zhangyundeAir.lan with PID 63801 (started by zhangyun in /Users/zhangyun/Documents/javaProject/FileCloud)
2022-11-09 20:26:57.714 [ForkJoinPool.commonPool-worker-1] INFO  org.springframework.boot.SpringApplication - The following profiles are active: dev
2022-11-09 20:26:58.544 [ForkJoinPool.commonPool-worker-1] INFO  o.s.boot.web.embedded.tomcat.TomcatWebServer - Tomcat initialized with port(s): 8081 (http)
2022-11-09 20:26:58.549 [ForkJoinPool.commonPool-worker-1] INFO  org.apache.catalina.core.StandardService - Starting service [Tomcat]
2022-11-09 20:26:58.550 [ForkJoinPool.commonPool-worker-1] INFO  org.apache.catalina.core.StandardEngine - Starting Servlet engine: [Apache Tomcat/9.0.54]
2022-11-09 20:26:58.599 [ForkJoinPool.commonPool-worker-1] INFO  o.a.c.core.ContainerBase.[Tomcat].[localhost].[/] - Initializing Spring embedded WebApplicationContext
2022-11-09 20:26:58.600 [ForkJoinPool.commonPool-worker-1] INFO  o.s.b.w.s.c.ServletWebServerApplicationContext - Root WebApplicationContext: initialization completed in 852 ms
2022-11-09 20:26:58.921 [ForkJoinPool.commonPool-worker-1] INFO  s.d.s.w.PropertySourcedRequestMappingHandlerMapping - Mapped URL path [/v2/api-docs] onto method [springfox.documentation.swagger2.web.Swagger2Controller#getDocumentation(String, HttpServletRequest)]
2022-11-09 20:26:59.113 [ForkJoinPool.commonPool-worker-1] INFO  o.s.boot.web.embedded.tomcat.TomcatWebServer - Tomcat started on port(s): 8081 (http) with context path ''
2022-11-09 20:26:59.114 [ForkJoinPool.commonPool-worker-1] INFO  s.d.s.web.plugins.DocumentationPluginsBootstrapper - Context refreshed
2022-11-09 20:26:59.123 [ForkJoinPool.commonPool-worker-1] INFO  s.d.s.web.plugins.DocumentationPluginsBootstrapper - Found 1 custom documentation plugin(s)
2022-11-09 20:26:59.141 [ForkJoinPool.commonPool-worker-1] INFO  s.d.spring.web.scanners.ApiListingReferenceScanner - Scanning for api listing references
2022-11-09 20:26:59.194 [ForkJoinPool.commonPool-worker-1] INFO  org.springframework.boot.SpringApplication - Started application in 2.116 seconds (JVM running for 2.884)
2022-11-09 20:26:59.203 [ForkJoinPool.commonPool-worker-1] INFO  c.z.filecloud.client.monitor.ClientFileMonitor - File Monitor启动成功！
2022-11-09 20:26:59.204 [ForkJoinPool.commonPool-worker-1] INFO  com.zhangyun.filecloud.client.service.NettyClient - netty client starting...
2022-11-09 20:26:59.207 [ForkJoinPool.commonPool-worker-1] INFO  com.zhangyun.filecloud.client.service.NettyClient - netty client start success
2022-11-09 20:27:03.281 [JavaFX Application Thread] INFO  com.zhangyun.filecloud.client.service.NettyClient - 建立连接：[id: 0xd7e83442, L:/127.0.0.1:56830 - R:localhost/127.0.0.1:8090]
2022-11-09 20:27:03.291 [nioEventLoopGroup-2-1] INFO  c.z.filecloud.client.handler.AddTokenHandler - LoginMessage(password=1120, deviceId=933883a0-e655-49c8-a126-24166d0a2432, rootPath=/Users/zhangyun/Documents/javaProject/FileCloud/rootPath, deviceName=macbook air m1)
2022-11-09 20:27:03.322 [nioEventLoopGroup-2-1] INFO  c.z.filecloud.common.protocol.MessageCodecSharable - 发送消息: {"deviceId":"933883a0-e655-49c8-a126-24166d0a2432","deviceName":"macbook air m1","messageType":5,"msgDesc":"LoginMessage","password":"1120","rootPath":"/Users/zhangyun/Documents/javaProject/FileCloud/rootPath","username":"zhangyun"}
2022-11-09 20:27:03.332 [nioEventLoopGroup-2-1] INFO  c.zhangyun.filecloud.common.aspect.TraceLogAspect - 执行方法: AddTokenHandler.write, 参数: ctx:{"removed":false}msg:{"deviceId":"933883a0-e655-49c8-a126-24166d0a2432","deviceName":"macbook air m1","messageType":5,"msgDesc":"LoginMessage","password":"1120","rootPath":"/Users/zhangyun/Documents/javaProject/FileCloud/rootPath","username":"zhangyun"}promise:{"cancellable":true,"cancelled":false,"done":false,"success":false,"void":false} ====> null, 时间: 38ms
2022-11-09 20:27:03.734 [nioEventLoopGroup-2-1] INFO  c.z.filecloud.common.protocol.MessageCodecSharable - 接收消息: {"code":200,"isRegister":true,"messageType":6,"msg":"登录成功！","msgDesc":"LoginResponseMessage","token":"e00bd452-e078-4935-9c90-4a80ec528a32"}
2022-11-09 20:27:03.735 [JavaFX Application Thread] INFO  c.zhangyun.filecloud.common.aspect.TraceLogAspect - 执行方法: LoginManagerService.login, 参数: username:"zhangyun"password:"1120"deviceId:"933883a0-e655-49c8-a126-24166d0a2432"rootPath:"/Users/zhangyun/Documents/javaProject/FileCloud/rootPath"deviceName:"macbook air m1" ====> LoginResponseMessage(code=200, msg=登录成功！, token=e00bd452-e078-4935-9c90-4a80ec528a32, isRegister=true), 时间: 518ms
2022-11-09 20:27:03.735 [JavaFX Application Thread] INFO  c.z.f.client.controller.login.LoginController - 登录成功
2022-11-09 20:27:06.339 [nioEventLoopGroup-2-1] INFO  c.z.filecloud.common.protocol.MessageCodecSharable - 发送消息: {"messageType":11,"msgDesc":"PingMessage"}
2022-11-09 20:27:09.341 [nioEventLoopGroup-2-1] INFO  c.z.filecloud.common.protocol.MessageCodecSharable - 发送消息: {"messageType":11,"msgDesc":"PingMessage"}
2022-11-09 20:27:12.342 [nioEventLoopGroup-2-1] INFO  c.z.filecloud.common.protocol.MessageCodecSharable - 发送消息: {"messageType":11,"msgDesc":"PingMessage"}
2022-11-09 20:27:15.344 [nioEventLoopGroup-2-1] INFO  c.z.filecloud.common.protocol.MessageCodecSharable - 发送消息: {"messageType":11,"msgDesc":"PingMessage"}
2022-11-09 20:27:18.346 [nioEventLoopGroup-2-1] INFO  c.z.filecloud.common.protocol.MessageCodecSharable - 发送消息: {"messageType":11,"msgDesc":"PingMessage"}
2022-11-09 20:27:21.349 [nioEventLoopGroup-2-1] INFO  c.z.filecloud.common.protocol.MessageCodecSharable - 发送消息: {"messageType":11,"msgDesc":"PingMessage"}
2022-11-09 20:27:24.351 [nioEventLoopGroup-2-1] INFO  c.z.filecloud.common.protocol.MessageCodecSharable - 发送消息: {"messageType":11,"msgDesc":"PingMessage"}
2022-11-09 20:27:27.354 [nioEventLoopGroup-2-1] INFO  c.z.filecloud.common.protocol.MessageCodecSharable - 发送消息: {"messageType":11,"msgDesc":"PingMessage"}
2022-11-09 20:27:30.356 [nioEventLoopGroup-2-1] INFO  c.z.filecloud.common.protocol.MessageCodecSharable - 发送消息: {"messageType":11,"msgDesc":"PingMessage"}
2022-11-09 20:27:33.359 [nioEventLoopGroup-2-1] INFO  c.z.filecloud.common.protocol.MessageCodecSharable - 发送消息: {"messageType":11,"msgDesc":"PingMessage"}
2022-11-09 20:27:36.361 [nioEventLoopGroup-2-1] INFO  c.z.filecloud.common.protocol.MessageCodecSharable - 发送消息: {"messageType":11,"msgDesc":"PingMessage"}
2022-11-09 20:27:39.364 [nioEventLoopGroup-2-1] INFO  c.z.filecloud.common.protocol.MessageCodecSharable - 发送消息: {"messageType":11,"msgDesc":"PingMessage"}
2022-11-09 20:27:42.365 [nioEventLoopGroup-2-1] INFO  c.z.filecloud.common.protocol.MessageCodecSharable - 发送消息: {"messageType":11,"msgDesc":"PingMessage"}
2022-11-09 20:27:45.368 [nioEventLoopGroup-2-1] INFO  c.z.filecloud.common.protocol.MessageCodecSharable - 发送消息: {"messageType":11,"msgDesc":"PingMessage"}
2022-11-09 20:27:48.370 [nioEventLoopGroup-2-1] INFO  c.z.filecloud.common.protocol.MessageCodecSharable - 发送消息: {"messageType":11,"msgDesc":"PingMessage"}
2022-11-09 20:27:51.374 [nioEventLoopGroup-2-1] INFO  c.z.filecloud.common.protocol.MessageCodecSharable - 发送消息: {"messageType":11,"msgDesc":"PingMessage"}
2022-11-09 20:27:54.377 [nioEventLoopGroup-2-1] INFO  c.z.filecloud.common.protocol.MessageCodecSharable - 发送消息: {"messageType":11,"msgDesc":"PingMessage"}
2022-11-09 20:27:57.378 [nioEventLoopGroup-2-1] INFO  c.z.filecloud.common.protocol.MessageCodecSharable - 发送消息: {"messageType":11,"msgDesc":"PingMessage"}
2022-11-09 20:28:00.379 [nioEventLoopGroup-2-1] INFO  c.z.filecloud.common.protocol.MessageCodecSharable - 发送消息: {"messageType":11,"msgDesc":"PingMessage"}
2022-11-09 20:28:03.382 [nioEventLoopGroup-2-1] INFO  c.z.filecloud.common.protocol.MessageCodecSharable - 发送消息: {"messageType":11,"msgDesc":"PingMessage"}
2022-11-09 20:28:06.384 [nioEventLoopGroup-2-1] INFO  c.z.filecloud.common.protocol.MessageCodecSharable - 发送消息: {"messageType":11,"msgDesc":"PingMessage"}
2022-11-09 20:28:09.387 [nioEventLoopGroup-2-1] INFO  c.z.filecloud.common.protocol.MessageCodecSharable - 发送消息: {"messageType":11,"msgDesc":"PingMessage"}
2022-11-09 20:28:12.388 [nioEventLoopGroup-2-1] INFO  c.z.filecloud.common.protocol.MessageCodecSharable - 发送消息: {"messageType":11,"msgDesc":"PingMessage"}
2022-11-09 20:28:15.390 [nioEventLoopGroup-2-1] INFO  c.z.filecloud.common.protocol.MessageCodecSharable - 发送消息: {"messageType":11,"msgDesc":"PingMessage"}
2022-11-09 20:28:18.392 [nioEventLoopGroup-2-1] INFO  c.z.filecloud.common.protocol.MessageCodecSharable - 发送消息: {"messageType":11,"msgDesc":"PingMessage"}
2022-11-09 20:28:21.395 [nioEventLoopGroup-2-1] INFO  c.z.filecloud.common.protocol.MessageCodecSharable - 发送消息: {"messageType":11,"msgDesc":"PingMessage"}
2022-11-09 20:28:24.397 [nioEventLoopGroup-2-1] INFO  c.z.filecloud.common.protocol.MessageCodecSharable - 发送消息: {"messageType":11,"msgDesc":"PingMessage"}
2022-11-09 20:28:27.399 [nioEventLoopGroup-2-1] INFO  c.z.filecloud.common.protocol.MessageCodecSharable - 发送消息: {"messageType":11,"msgDesc":"PingMessage"}
2022-11-09 20:28:30.400 [nioEventLoopGroup-2-1] INFO  c.z.filecloud.common.protocol.MessageCodecSharable - 发送消息: {"messageType":11,"msgDesc":"PingMessage"}
2022-11-09 20:28:33.404 [nioEventLoopGroup-2-1] INFO  c.z.filecloud.common.protocol.MessageCodecSharable - 发送消息: {"messageType":11,"msgDesc":"PingMessage"}
2022-11-09 20:28:36.407 [nioEventLoopGroup-2-1] INFO  c.z.filecloud.common.protocol.MessageCodecSharable - 发送消息: {"messageType":11,"msgDesc":"PingMessage"}
2022-11-09 20:28:39.409 [nioEventLoopGroup-2-1] INFO  c.z.filecloud.common.protocol.MessageCodecSharable - 发送消息: {"messageType":11,"msgDesc":"PingMessage"}
2022-11-09 20:28:42.410 [nioEventLoopGroup-2-1] INFO  c.z.filecloud.common.protocol.MessageCodecSharable - 发送消息: {"messageType":11,"msgDesc":"PingMessage"}
2022-11-09 20:28:45.412 [nioEventLoopGroup-2-1] INFO  c.z.filecloud.common.protocol.MessageCodecSharable - 发送消息: {"messageType":11,"msgDesc":"PingMessage"}
2022-11-09 20:28:48.413 [nioEventLoopGroup-2-1] INFO  c.z.filecloud.common.protocol.MessageCodecSharable - 发送消息: {"messageType":11,"msgDesc":"PingMessage"}
2022-11-09 20:28:51.414 [nioEventLoopGroup-2-1] INFO  c.z.filecloud.common.protocol.MessageCodecSharable - 发送消息: {"messageType":11,"msgDesc":"PingMessage"}
2022-11-09 20:28:54.417 [nioEventLoopGroup-2-1] INFO  c.z.filecloud.common.protocol.MessageCodecSharable - 发送消息: {"messageType":11,"msgDesc":"PingMessage"}
2022-11-09 20:28:57.420 [nioEventLoopGroup-2-1] INFO  c.z.filecloud.common.protocol.MessageCodecSharable - 发送消息: {"messageType":11,"msgDesc":"PingMessage"}
2022-11-09 20:29:00.421 [nioEventLoopGroup-2-1] INFO  c.z.filecloud.common.protocol.MessageCodecSharable - 发送消息: {"messageType":11,"msgDesc":"PingMessage"}
2022-11-09 20:29:03.423 [nioEventLoopGroup-2-1] INFO  c.z.filecloud.common.protocol.MessageCodecSharable - 发送消息: {"messageType":11,"msgDesc":"PingMessage"}
2022-11-09 20:29:06.424 [nioEventLoopGroup-2-1] INFO  c.z.filecloud.common.protocol.MessageCodecSharable - 发送消息: {"messageType":11,"msgDesc":"PingMessage"}
2022-11-09 20:29:09.428 [nioEventLoopGroup-2-1] INFO  c.z.filecloud.common.protocol.MessageCodecSharable - 发送消息: {"messageType":11,"msgDesc":"PingMessage"}
2022-11-09 20:29:12.430 [nioEventLoopGroup-2-1] INFO  c.z.filecloud.common.protocol.MessageCodecSharable - 发送消息: {"messageType":11,"msgDesc":"PingMessage"}
2022-11-09 20:29:15.432 [nioEventLoopGroup-2-1] INFO  c.z.filecloud.common.protocol.MessageCodecSharable - 发送消息: {"messageType":11,"msgDesc":"PingMessage"}
2022-11-09 20:29:18.258 [nioEventLoopGroup-2-1] INFO  c.z.filecloud.client.handler.AddTokenHandler - LogoutMessage()
2022-11-09 20:29:18.258 [JavaFX Application Thread] INFO  c.zhangyun.filecloud.common.aspect.TraceLogAspect - 执行方法: LoginManagerService.logout, 参数: username:"zhangyun" ====> null, 时间: 1ms
2022-11-09 20:29:18.261 [nioEventLoopGroup-2-1] INFO  c.z.filecloud.common.protocol.MessageCodecSharable - 发送消息: {"messageType":10,"msgDesc":"LogoutMessage","token":"e00bd452-e078-4935-9c90-4a80ec528a32","username":"zhangyun"}
2022-11-09 20:29:18.262 [nioEventLoopGroup-2-1] INFO  c.zhangyun.filecloud.common.aspect.TraceLogAspect - 执行方法: AddTokenHandler.write, 参数: ctx:{"removed":false}msg:{"messageType":10,"msgDesc":"LogoutMessage","token":"e00bd452-e078-4935-9c90-4a80ec528a32","username":"zhangyun"}promise:{"cancellable":true,"cancelled":false,"done":false,"success":false,"void":false} ====> null, 时间: 4ms
2022-11-09 20:33:18.806 [ForkJoinPool.commonPool-worker-1] INFO  org.springframework.boot.SpringApplication - Starting application using Java 1.8.0_342 on zhangyundeMacBook-Air.local with PID 65061 (started by zhangyun in /Users/zhangyun/Documents/javaProject/FileCloud)
2022-11-09 20:33:18.807 [ForkJoinPool.commonPool-worker-1] INFO  org.springframework.boot.SpringApplication - The following profiles are active: dev
2022-11-09 20:33:19.540 [ForkJoinPool.commonPool-worker-1] INFO  o.s.boot.web.embedded.tomcat.TomcatWebServer - Tomcat initialized with port(s): 8081 (http)
2022-11-09 20:33:19.546 [ForkJoinPool.commonPool-worker-1] INFO  org.apache.catalina.core.StandardService - Starting service [Tomcat]
2022-11-09 20:33:19.546 [ForkJoinPool.commonPool-worker-1] INFO  org.apache.catalina.core.StandardEngine - Starting Servlet engine: [Apache Tomcat/9.0.54]
2022-11-09 20:33:19.585 [ForkJoinPool.commonPool-worker-1] INFO  o.a.c.core.ContainerBase.[Tomcat].[localhost].[/] - Initializing Spring embedded WebApplicationContext
2022-11-09 20:33:19.586 [ForkJoinPool.commonPool-worker-1] INFO  o.s.b.w.s.c.ServletWebServerApplicationContext - Root WebApplicationContext: initialization completed in 755 ms
2022-11-09 20:33:19.886 [ForkJoinPool.commonPool-worker-1] INFO  s.d.s.w.PropertySourcedRequestMappingHandlerMapping - Mapped URL path [/v2/api-docs] onto method [springfox.documentation.swagger2.web.Swagger2Controller#getDocumentation(String, HttpServletRequest)]
2022-11-09 20:33:20.031 [ForkJoinPool.commonPool-worker-1] INFO  o.s.boot.web.embedded.tomcat.TomcatWebServer - Tomcat started on port(s): 8081 (http) with context path ''
2022-11-09 20:33:20.032 [ForkJoinPool.commonPool-worker-1] INFO  s.d.s.web.plugins.DocumentationPluginsBootstrapper - Context refreshed
2022-11-09 20:33:20.040 [ForkJoinPool.commonPool-worker-1] INFO  s.d.s.web.plugins.DocumentationPluginsBootstrapper - Found 1 custom documentation plugin(s)
2022-11-09 20:33:20.054 [ForkJoinPool.commonPool-worker-1] INFO  s.d.spring.web.scanners.ApiListingReferenceScanner - Scanning for api listing references
2022-11-09 20:33:20.098 [ForkJoinPool.commonPool-worker-1] INFO  org.springframework.boot.SpringApplication - Started application in 1.771 seconds (JVM running for 2.594)
2022-11-09 20:33:20.108 [ForkJoinPool.commonPool-worker-1] INFO  c.z.filecloud.client.monitor.ClientFileMonitor - File Monitor启动成功！
2022-11-09 20:33:20.108 [ForkJoinPool.commonPool-worker-1] INFO  com.zhangyun.filecloud.client.service.NettyClient - netty client starting...
2022-11-09 20:33:20.112 [ForkJoinPool.commonPool-worker-1] INFO  com.zhangyun.filecloud.client.service.NettyClient - netty client start success
2022-11-09 20:33:22.184 [JavaFX Application Thread] INFO  com.zhangyun.filecloud.client.service.NettyClient - 建立连接：[id: 0xa807e614, L:/127.0.0.1:61802 - R:localhost/127.0.0.1:8090]
2022-11-09 20:33:22.194 [nioEventLoopGroup-2-1] INFO  c.z.filecloud.client.handler.AddTokenHandler - LoginMessage(password=1120, deviceId=933883a0-e655-49c8-a126-24166d0a2432, rootPath=/Users/zhangyun/Documents/javaProject/FileCloud/rootPath, deviceName=macbook air m1)
2022-11-09 20:33:22.227 [nioEventLoopGroup-2-1] INFO  c.z.filecloud.common.protocol.MessageCodecSharable - 发送消息: {"deviceId":"933883a0-e655-49c8-a126-24166d0a2432","deviceName":"macbook air m1","messageType":5,"msgDesc":"LoginMessage","password":"1120","rootPath":"/Users/zhangyun/Documents/javaProject/FileCloud/rootPath","username":"zhangyun"}
2022-11-09 20:33:22.238 [nioEventLoopGroup-2-1] INFO  c.zhangyun.filecloud.common.aspect.TraceLogAspect - 执行方法: AddTokenHandler.write, 参数: ctx:{"removed":false}msg:{"deviceId":"933883a0-e655-49c8-a126-24166d0a2432","deviceName":"macbook air m1","messageType":5,"msgDesc":"LoginMessage","password":"1120","rootPath":"/Users/zhangyun/Documents/javaProject/FileCloud/rootPath","username":"zhangyun"}promise:{"cancellable":true,"cancelled":false,"done":false,"success":false,"void":false} ====> null, 时间: 40ms
2022-11-09 20:33:22.670 [nioEventLoopGroup-2-1] INFO  c.z.filecloud.common.protocol.MessageCodecSharable - 接收消息: {"code":200,"isRegister":true,"messageType":6,"msg":"登录成功！","msgDesc":"LoginResponseMessage","token":"ee7181a8-3c24-4508-a2ec-70dfb0e905c5"}
2022-11-09 20:33:22.670 [JavaFX Application Thread] INFO  c.zhangyun.filecloud.common.aspect.TraceLogAspect - 执行方法: LoginManagerService.login, 参数: username:"zhangyun"password:"1120"deviceId:"933883a0-e655-49c8-a126-24166d0a2432"rootPath:"/Users/zhangyun/Documents/javaProject/FileCloud/rootPath"deviceName:"macbook air m1" ====> LoginResponseMessage(code=200, msg=登录成功！, token=ee7181a8-3c24-4508-a2ec-70dfb0e905c5, isRegister=true), 时间: 549ms
2022-11-09 20:33:22.670 [JavaFX Application Thread] INFO  c.z.f.client.controller.login.LoginController - 登录成功
2022-11-09 20:43:35.858 [JavaFX Application Thread] INFO  com.zhangyun.filecloud.client.service.NettyClient - 关闭连接 [id: 0xa807e614, L:/127.0.0.1:61802 ! R:localhost/127.0.0.1:8090]
2022-11-09 20:43:35.860 [JavaFX Application Thread] INFO  c.z.filecloud.client.monitor.ClientFileMonitor - 停止文件监听器 org.apache.commons.io.monitor.FileAlterationMonitor@abd4625
2022-11-09 20:43:35.860 [JavaFX Application Thread] INFO  com.zhangyun.filecloud.client.ClientApplication - =========程序退出=========
