2022-10-27 21:24:59.275 [main] INFO  com.zhangyun.filecloud.client.ClientApplication - Starting ClientApplication using Java 1.8.0_342 on zhangyundeAir.lan with PID 2326 (/Users/zhangyun/Documents/javaProject/FileCloud/client/target/classes started by zhangyun in /Users/zhangyun/Documents/javaProject/FileCloud)
2022-10-27 21:24:59.282 [main] INFO  com.zhangyun.filecloud.client.ClientApplication - The following 1 profile is active: "dev"
2022-10-27 21:25:00.604 [main] INFO  o.s.boot.web.embedded.tomcat.TomcatWebServer - Tomcat initialized with port(s): 8081 (http)
2022-10-27 21:25:00.608 [main] INFO  org.apache.catalina.core.StandardService - Starting service [Tomcat]
2022-10-27 21:25:00.608 [main] INFO  org.apache.catalina.core.StandardEngine - Starting Servlet engine: [Apache Tomcat/9.0.68]
2022-10-27 21:25:00.650 [main] INFO  o.a.c.core.ContainerBase.[Tomcat].[localhost].[/] - Initializing Spring embedded WebApplicationContext
2022-10-27 21:25:00.651 [main] INFO  o.s.b.w.s.c.ServletWebServerApplicationContext - Root WebApplicationContext: initialization completed in 1315 ms
2022-10-27 21:25:00.862 [main] INFO  s.d.s.w.PropertySourcedRequestMappingHandlerMapping - Mapped URL path [/v2/api-docs] onto method [springfox.documentation.swagger2.web.Swagger2Controller#getDocumentation(String, HttpServletRequest)]
2022-10-27 21:25:01.003 [main] INFO  o.s.boot.web.embedded.tomcat.TomcatWebServer - Tomcat started on port(s): 8081 (http) with context path ''
2022-10-27 21:25:01.004 [main] INFO  s.d.s.web.plugins.DocumentationPluginsBootstrapper - Context refreshed
2022-10-27 21:25:01.011 [main] INFO  s.d.s.web.plugins.DocumentationPluginsBootstrapper - Found 1 custom documentation plugin(s)
2022-10-27 21:25:01.012 [main] WARN  o.s.b.w.s.c.AnnotationConfigServletWebServerApplicationContext - Exception encountered during context initialization - cancelling refresh attempt: org.springframework.context.ApplicationContextException: Failed to start bean 'documentationPluginsBootstrapper'; nested exception is java.lang.NullPointerException
2022-10-27 21:25:02.020 [main] WARN  org.apache.tomcat.util.net.NioEndpoint - Failed to unlock acceptor for [http-nio-8081] because the local address was not available
2022-10-27 21:25:02.020 [main] INFO  org.apache.catalina.core.StandardService - Stopping service [Tomcat]
2022-10-27 21:25:02.021 [http-nio-8081-Acceptor] ERROR org.apache.tomcat.util.net.Acceptor - Socket accept failed
java.nio.channels.AsynchronousCloseException: null
	at java.nio.channels.spi.AbstractInterruptibleChannel.end(AbstractInterruptibleChannel.java:205)
	at sun.nio.ch.ServerSocketChannelImpl.accept(ServerSocketChannelImpl.java:256)
	at org.apache.tomcat.util.net.NioEndpoint.serverSocketAccept(NioEndpoint.java:547)
	at org.apache.tomcat.util.net.NioEndpoint.serverSocketAccept(NioEndpoint.java:79)
	at org.apache.tomcat.util.net.Acceptor.run(Acceptor.java:129)
	at java.lang.Thread.run(Thread.java:750)
2022-10-27 21:25:02.032 [main] INFO  o.s.b.a.l.ConditionEvaluationReportLoggingListener - 

Error starting ApplicationContext. To display the conditions report re-run your application with 'debug' enabled.
2022-10-27 21:25:02.049 [main] ERROR org.springframework.boot.SpringApplication - Application run failed
org.springframework.context.ApplicationContextException: Failed to start bean 'documentationPluginsBootstrapper'; nested exception is java.lang.NullPointerException
	at org.springframework.context.support.DefaultLifecycleProcessor.doStart(DefaultLifecycleProcessor.java:181)
	at org.springframework.context.support.DefaultLifecycleProcessor.access$200(DefaultLifecycleProcessor.java:54)
	at org.springframework.context.support.DefaultLifecycleProcessor$LifecycleGroup.start(DefaultLifecycleProcessor.java:356)
	at java.lang.Iterable.forEach(Iterable.java:75)
	at org.springframework.context.support.DefaultLifecycleProcessor.startBeans(DefaultLifecycleProcessor.java:155)
	at org.springframework.context.support.DefaultLifecycleProcessor.onRefresh(DefaultLifecycleProcessor.java:123)
	at org.springframework.context.support.AbstractApplicationContext.finishRefresh(AbstractApplicationContext.java:935)
	at org.springframework.context.support.AbstractApplicationContext.refresh(AbstractApplicationContext.java:586)
	at org.springframework.boot.web.servlet.context.ServletWebServerApplicationContext.refresh(ServletWebServerApplicationContext.java:147)
	at org.springframework.boot.SpringApplication.refresh(SpringApplication.java:734)
	at org.springframework.boot.SpringApplication.refreshContext(SpringApplication.java:408)
	at org.springframework.boot.SpringApplication.run(SpringApplication.java:308)
	at org.springframework.boot.SpringApplication.run(SpringApplication.java:1306)
	at org.springframework.boot.SpringApplication.run(SpringApplication.java:1295)
	at com.zhangyun.filecloud.client.ClientApplication.main(ClientApplication.java:10)
Caused by: java.lang.NullPointerException: null
	at springfox.documentation.spi.service.contexts.Orderings$8.compare(Orderings.java:112)
	at springfox.documentation.spi.service.contexts.Orderings$8.compare(Orderings.java:109)
	at com.google.common.collect.ComparatorOrdering.compare(ComparatorOrdering.java:37)
	at java.util.TimSort.countRunAndMakeAscending(TimSort.java:355)
	at java.util.TimSort.sort(TimSort.java:220)
	at java.util.Arrays.sort(Arrays.java:1438)
	at com.google.common.collect.Ordering.sortedCopy(Ordering.java:855)
	at springfox.documentation.spring.web.plugins.WebMvcRequestHandlerProvider.requestHandlers(WebMvcRequestHandlerProvider.java:57)
	at springfox.documentation.spring.web.plugins.DocumentationPluginsBootstrapper$2.apply(DocumentationPluginsBootstrapper.java:138)
	at springfox.documentation.spring.web.plugins.DocumentationPluginsBootstrapper$2.apply(DocumentationPluginsBootstrapper.java:135)
	at com.google.common.collect.Iterators$7.transform(Iterators.java:750)
	at com.google.common.collect.TransformedIterator.next(TransformedIterator.java:47)
	at com.google.common.collect.TransformedIterator.next(TransformedIterator.java:47)
	at com.google.common.collect.MultitransformedIterator.hasNext(MultitransformedIterator.java:52)
	at com.google.common.collect.MultitransformedIterator.hasNext(MultitransformedIterator.java:50)
	at com.google.common.collect.ImmutableList.copyOf(ImmutableList.java:249)
	at com.google.common.collect.ImmutableList.copyOf(ImmutableList.java:209)
	at com.google.common.collect.FluentIterable.toList(FluentIterable.java:614)
	at springfox.documentation.spring.web.plugins.DocumentationPluginsBootstrapper.defaultContextBuilder(DocumentationPluginsBootstrapper.java:111)
	at springfox.documentation.spring.web.plugins.DocumentationPluginsBootstrapper.buildContext(DocumentationPluginsBootstrapper.java:96)
	at springfox.documentation.spring.web.plugins.DocumentationPluginsBootstrapper.start(DocumentationPluginsBootstrapper.java:167)
	at org.springframework.context.support.DefaultLifecycleProcessor.doStart(DefaultLifecycleProcessor.java:178)
	... 14 common frames omitted
2022-10-27 21:31:25.527 [main] INFO  com.zhangyun.filecloud.client.ClientApplication - Starting ClientApplication using Java 1.8.0_342 on zhangyundeAir.lan with PID 3602 (/Users/zhangyun/Documents/javaProject/FileCloud/client/target/classes started by zhangyun in /Users/zhangyun/Documents/javaProject/FileCloud)
2022-10-27 21:31:25.529 [main] INFO  com.zhangyun.filecloud.client.ClientApplication - The following profiles are active: dev
2022-10-27 21:31:26.123 [main] INFO  o.s.boot.web.embedded.tomcat.TomcatWebServer - Tomcat initialized with port(s): 8081 (http)
2022-10-27 21:31:26.127 [main] INFO  org.apache.catalina.core.StandardService - Starting service [Tomcat]
2022-10-27 21:31:26.127 [main] INFO  org.apache.catalina.core.StandardEngine - Starting Servlet engine: [Apache Tomcat/9.0.54]
2022-10-27 21:31:26.165 [main] INFO  o.a.c.core.ContainerBase.[Tomcat].[localhost].[/] - Initializing Spring embedded WebApplicationContext
2022-10-27 21:31:26.166 [main] INFO  o.s.b.w.s.c.ServletWebServerApplicationContext - Root WebApplicationContext: initialization completed in 599 ms
2022-10-27 21:31:26.389 [main] INFO  s.d.s.w.PropertySourcedRequestMappingHandlerMapping - Mapped URL path [/v2/api-docs] onto method [springfox.documentation.swagger2.web.Swagger2Controller#getDocumentation(String, HttpServletRequest)]
2022-10-27 21:31:26.550 [main] INFO  o.s.boot.web.embedded.tomcat.TomcatWebServer - Tomcat started on port(s): 8081 (http) with context path ''
2022-10-27 21:31:26.551 [main] INFO  s.d.s.web.plugins.DocumentationPluginsBootstrapper - Context refreshed
2022-10-27 21:31:26.558 [main] INFO  s.d.s.web.plugins.DocumentationPluginsBootstrapper - Found 1 custom documentation plugin(s)
2022-10-27 21:31:26.570 [main] INFO  s.d.spring.web.scanners.ApiListingReferenceScanner - Scanning for api listing references
2022-10-27 21:31:26.603 [main] INFO  com.zhangyun.filecloud.client.ClientApplication - Started ClientApplication in 1.449 seconds (JVM running for 1.827)
2022-10-27 21:31:26.604 [main] INFO  com.zhangyun.filecloud.client.service.NettyClient - netty client starting...
2022-10-27 21:31:26.608 [main] INFO  com.zhangyun.filecloud.client.service.NettyClient - netty client start success
2022-10-27 21:31:26.613 [pool-1-thread-1] INFO  c.z.filecloud.client.monitor.ClientFileMonitor - File Monitor启动成功！
2022-10-27 21:32:11.767 [nioEventLoopGroup-2-1] INFO  c.z.filecloud.common.protocol.MessageCodecSharable - 发送消息: {"filePath":"/Users/zhangyun/test/source/.DS_Store","lastModified":1666877527506,"messageType":1,"operationEnum":"FILE_CHANGE","startPos":0,"statusEnum":"FINISHED"}
2022-10-27 21:32:11.853 [nioEventLoopGroup-2-1] INFO  c.z.filecloud.common.protocol.MessageCodecSharable - 接收消息: {"filePath":"/Users/zhangyun/test/source/.DS_Store","messageType":2,"nextPos":6148,"operationEnum":"FILE_CHANGE","statusEnum":"FINISHED"}
2022-10-27 21:32:11.854 [nioEventLoopGroup-2-1] INFO  c.z.filecloud.common.protocol.MessageCodecSharable - 发送消息: {"filePath":"/Users/zhangyun/test/source/小论文","lastModified":1666877529904,"messageType":1,"operationEnum":"DIRECTORY_CHANGE","startPos":0,"statusEnum":"FINISHED"}
2022-10-27 21:32:11.856 [nioEventLoopGroup-2-1] INFO  c.z.filecloud.common.protocol.MessageCodecSharable - 接收消息: {"filePath":"/Users/zhangyun/test/source/小论文","messageType":2,"nextPos":-1,"operationEnum":"DIRECTORY_CHANGE","statusEnum":"FINISHED"}
2022-10-27 21:32:11.856 [nioEventLoopGroup-2-1] INFO  c.z.filecloud.common.protocol.MessageCodecSharable - 发送消息: {"filePath":"/Users/zhangyun/test/source/小论文/等几何Kirchhoff-Love壳平衡路径跟踪加速方法-V4.docx","lastModified":0,"messageType":1,"operationEnum":"FILE_DELETE","startPos":0,"statusEnum":"FINISHED"}
2022-10-27 21:32:11.858 [nioEventLoopGroup-2-1] INFO  c.z.filecloud.common.protocol.MessageCodecSharable - 接收消息: {"filePath":"/Users/zhangyun/test/source/小论文/等几何Kirchhoff-Love壳平衡路径跟踪加速方法-V4.docx","messageType":2,"nextPos":-1,"operationEnum":"FILE_DELETE","statusEnum":"FINISHED"}
2022-10-27 21:32:11.858 [nioEventLoopGroup-2-1] INFO  c.z.filecloud.common.protocol.MessageCodecSharable - 发送消息: {"filePath":"/Users/zhangyun/test/source/小论文/等几何Kirchhoff-Love壳平衡路径跟踪加速方法-V5-Re.docx","lastModified":0,"messageType":1,"operationEnum":"FILE_DELETE","startPos":0,"statusEnum":"FINISHED"}
2022-10-27 21:32:11.859 [nioEventLoopGroup-2-1] INFO  c.z.filecloud.common.protocol.MessageCodecSharable - 接收消息: {"filePath":"/Users/zhangyun/test/source/小论文/等几何Kirchhoff-Love壳平衡路径跟踪加速方法-V5-Re.docx","messageType":2,"nextPos":-1,"operationEnum":"FILE_DELETE","statusEnum":"FINISHED"}
2022-10-27 21:32:11.859 [nioEventLoopGroup-2-1] INFO  c.z.filecloud.common.protocol.MessageCodecSharable - 发送消息: {"filePath":"/Users/zhangyun/test/source/小论文/等几何Kirchhoff-Love壳平衡路径跟踪加速方法-V5.docx","lastModified":0,"messageType":1,"operationEnum":"FILE_DELETE","startPos":0,"statusEnum":"FINISHED"}
2022-10-27 21:32:11.860 [nioEventLoopGroup-2-1] INFO  c.z.filecloud.common.protocol.MessageCodecSharable - 接收消息: {"filePath":"/Users/zhangyun/test/source/小论文/等几何Kirchhoff-Love壳平衡路径跟踪加速方法-V5.docx","messageType":2,"nextPos":-1,"operationEnum":"FILE_DELETE","statusEnum":"FINISHED"}
2022-10-27 21:32:11.860 [nioEventLoopGroup-2-1] INFO  c.z.filecloud.common.protocol.MessageCodecSharable - 发送消息: {"filePath":"/Users/zhangyun/test/source/小论文/等几何Kirchhoff-Love壳平衡路径跟踪加速方法-V5.pdf","lastModified":0,"messageType":1,"operationEnum":"FILE_DELETE","startPos":0,"statusEnum":"FINISHED"}
2022-10-27 21:32:11.861 [nioEventLoopGroup-2-1] INFO  c.z.filecloud.common.protocol.MessageCodecSharable - 接收消息: {"filePath":"/Users/zhangyun/test/source/小论文/等几何Kirchhoff-Love壳平衡路径跟踪加速方法-V5.pdf","messageType":2,"nextPos":-1,"operationEnum":"FILE_DELETE","statusEnum":"FINISHED"}
2022-10-27 21:32:11.862 [nioEventLoopGroup-2-1] INFO  c.z.filecloud.common.protocol.MessageCodecSharable - 发送消息: {"filePath":"/Users/zhangyun/test/source/小论文/等几何Kirchhoff-Love壳平衡路径跟踪加速方法-V6-Re.docx","lastModified":0,"messageType":1,"operationEnum":"FILE_DELETE","startPos":0,"statusEnum":"FINISHED"}
2022-10-27 21:32:11.863 [nioEventLoopGroup-2-1] INFO  c.z.filecloud.common.protocol.MessageCodecSharable - 接收消息: {"filePath":"/Users/zhangyun/test/source/小论文/等几何Kirchhoff-Love壳平衡路径跟踪加速方法-V6-Re.docx","messageType":2,"nextPos":-1,"operationEnum":"FILE_DELETE","statusEnum":"FINISHED"}
2022-10-27 21:32:11.863 [nioEventLoopGroup-2-1] INFO  c.z.filecloud.common.protocol.MessageCodecSharable - 发送消息: {"filePath":"/Users/zhangyun/test/source/小论文/等几何Kirchhoff-Love壳平衡路径跟踪加速方法-V6.docx","lastModified":0,"messageType":1,"operationEnum":"FILE_DELETE","startPos":0,"statusEnum":"FINISHED"}
2022-10-27 21:32:11.865 [nioEventLoopGroup-2-1] INFO  c.z.filecloud.common.protocol.MessageCodecSharable - 接收消息: {"filePath":"/Users/zhangyun/test/source/小论文/等几何Kirchhoff-Love壳平衡路径跟踪加速方法-V6.docx","messageType":2,"nextPos":-1,"operationEnum":"FILE_DELETE","statusEnum":"FINISHED"}
2022-10-27 21:32:11.865 [nioEventLoopGroup-2-1] INFO  c.z.filecloud.common.protocol.MessageCodecSharable - 发送消息: {"filePath":"/Users/zhangyun/test/source/小论文/等几何Kirchhoff-Love壳平衡路径跟踪加速方法-V6.pdf","lastModified":0,"messageType":1,"operationEnum":"FILE_DELETE","startPos":0,"statusEnum":"FINISHED"}
2022-10-27 21:32:11.866 [nioEventLoopGroup-2-1] INFO  c.z.filecloud.common.protocol.MessageCodecSharable - 接收消息: {"filePath":"/Users/zhangyun/test/source/小论文/等几何Kirchhoff-Love壳平衡路径跟踪加速方法-V6.pdf","messageType":2,"nextPos":-1,"operationEnum":"FILE_DELETE","statusEnum":"FINISHED"}
2022-10-27 21:32:11.866 [nioEventLoopGroup-2-1] INFO  c.z.filecloud.common.protocol.MessageCodecSharable - 发送消息: {"filePath":"/Users/zhangyun/test/source/小论文/等几何Kirchhoff-Love壳平衡路径跟踪加速方法-V7.docx","lastModified":0,"messageType":1,"operationEnum":"FILE_DELETE","startPos":0,"statusEnum":"FINISHED"}
2022-10-27 21:32:11.867 [nioEventLoopGroup-2-1] INFO  c.z.filecloud.common.protocol.MessageCodecSharable - 接收消息: {"filePath":"/Users/zhangyun/test/source/小论文/等几何Kirchhoff-Love壳平衡路径跟踪加速方法-V7.docx","messageType":2,"nextPos":-1,"operationEnum":"FILE_DELETE","statusEnum":"FINISHED"}
2022-10-27 21:32:11.867 [nioEventLoopGroup-2-1] INFO  c.z.filecloud.common.protocol.MessageCodecSharable - 发送消息: {"filePath":"/Users/zhangyun/test/source/小论文/等几何Kirchhoff-Love壳平衡路径跟踪加速方法-V7.pdf","lastModified":0,"messageType":1,"operationEnum":"FILE_DELETE","startPos":0,"statusEnum":"FINISHED"}
2022-10-27 21:32:11.868 [nioEventLoopGroup-2-1] INFO  c.z.filecloud.common.protocol.MessageCodecSharable - 接收消息: {"filePath":"/Users/zhangyun/test/source/小论文/等几何Kirchhoff-Love壳平衡路径跟踪加速方法-V7.pdf","messageType":2,"nextPos":-1,"operationEnum":"FILE_DELETE","statusEnum":"FINISHED"}
2022-10-27 21:32:11.869 [pool-1-thread-2] INFO  c.z.filecloud.client.service.FileUploadService - 消息已全部处理，连接关闭！
2022-10-27 21:32:23.887 [nioEventLoopGroup-2-2] INFO  c.z.filecloud.common.protocol.MessageCodecSharable - 发送消息: {"filePath":"/Users/zhangyun/test/source/小论文/.DS_Store","lastModified":1666877540880,"messageType":1,"operationEnum":"FILE_CHANGE","startPos":0,"statusEnum":"FINISHED"}
2022-10-27 21:32:23.893 [nioEventLoopGroup-2-2] INFO  c.z.filecloud.common.protocol.MessageCodecSharable - 接收消息: {"filePath":"/Users/zhangyun/test/source/小论文/.DS_Store","messageType":2,"nextPos":6148,"operationEnum":"FILE_CHANGE","statusEnum":"FINISHED"}
2022-10-27 21:32:23.894 [pool-1-thread-2] INFO  c.z.filecloud.client.service.FileUploadService - 消息已全部处理，连接关闭！
2022-10-27 21:33:08.623 [http-nio-8081-exec-1] INFO  o.a.c.core.ContainerBase.[Tomcat].[localhost].[/] - Initializing Spring DispatcherServlet 'dispatcherServlet'
2022-10-27 21:33:08.623 [http-nio-8081-exec-1] INFO  org.springframework.web.servlet.DispatcherServlet - Initializing Servlet 'dispatcherServlet'
2022-10-27 21:33:08.626 [http-nio-8081-exec-1] INFO  org.springframework.web.servlet.DispatcherServlet - Completed initialization in 3 ms
2022-10-27 21:38:34.353 [nioEventLoopGroup-2-3] INFO  c.z.filecloud.common.protocol.MessageCodecSharable - 发送消息: {"filePath":"/Users/zhangyun/test/source/小论文/.DS_Store","lastModified":0,"messageType":1,"operationEnum":"FILE_DELETE","startPos":0,"statusEnum":"FINISHED"}
2022-10-27 21:38:34.366 [nioEventLoopGroup-2-3] INFO  c.z.filecloud.common.protocol.MessageCodecSharable - 接收消息: {"filePath":"/Users/zhangyun/test/source/小论文/.DS_Store","messageType":2,"nextPos":-1,"operationEnum":"FILE_DELETE","statusEnum":"FINISHED"}
2022-10-27 21:38:34.367 [nioEventLoopGroup-2-3] INFO  c.z.filecloud.common.protocol.MessageCodecSharable - 发送消息: {"filePath":"/Users/zhangyun/test/source/小论文/ShallowRoof_deformed.gif","lastModified":0,"messageType":1,"operationEnum":"FILE_DELETE","startPos":0,"statusEnum":"FINISHED"}
2022-10-27 21:38:34.371 [nioEventLoopGroup-2-3] INFO  c.z.filecloud.common.protocol.MessageCodecSharable - 接收消息: {"filePath":"/Users/zhangyun/test/source/小论文/ShallowRoof_deformed.gif","messageType":2,"nextPos":-1,"operationEnum":"FILE_DELETE","statusEnum":"FINISHED"}
2022-10-27 21:38:34.372 [nioEventLoopGroup-2-3] INFO  c.z.filecloud.common.protocol.MessageCodecSharable - 发送消息: {"filePath":"/Users/zhangyun/test/source/小论文/伪代码.pdf","lastModified":0,"messageType":1,"operationEnum":"FILE_DELETE","startPos":0,"statusEnum":"FINISHED"}
2022-10-27 21:38:34.375 [nioEventLoopGroup-2-3] INFO  c.z.filecloud.common.protocol.MessageCodecSharable - 接收消息: {"filePath":"/Users/zhangyun/test/source/小论文/伪代码.pdf","messageType":2,"nextPos":-1,"operationEnum":"FILE_DELETE","statusEnum":"FINISHED"}
2022-10-27 21:38:34.376 [nioEventLoopGroup-2-3] INFO  c.z.filecloud.common.protocol.MessageCodecSharable - 发送消息: {"filePath":"/Users/zhangyun/test/source/小论文/加速路径搜索的刚度矩阵估算法-V1.docx","lastModified":0,"messageType":1,"operationEnum":"FILE_DELETE","startPos":0,"statusEnum":"FINISHED"}
2022-10-27 21:38:34.388 [nioEventLoopGroup-2-3] INFO  c.z.filecloud.common.protocol.MessageCodecSharable - 接收消息: {"filePath":"/Users/zhangyun/test/source/小论文/加速路径搜索的刚度矩阵估算法-V1.docx","messageType":2,"nextPos":-1,"operationEnum":"FILE_DELETE","statusEnum":"FINISHED"}
2022-10-27 21:38:34.388 [nioEventLoopGroup-2-3] INFO  c.z.filecloud.common.protocol.MessageCodecSharable - 发送消息: {"filePath":"/Users/zhangyun/test/source/小论文/加速路径搜索的刚度矩阵估算法-V1.pdf","lastModified":0,"messageType":1,"operationEnum":"FILE_DELETE","startPos":0,"statusEnum":"FINISHED"}
2022-10-27 21:38:34.391 [nioEventLoopGroup-2-3] INFO  c.z.filecloud.common.protocol.MessageCodecSharable - 接收消息: {"filePath":"/Users/zhangyun/test/source/小论文/加速路径搜索的刚度矩阵估算法-V1.pdf","messageType":2,"nextPos":-1,"operationEnum":"FILE_DELETE","statusEnum":"FINISHED"}
2022-10-27 21:38:34.391 [nioEventLoopGroup-2-3] INFO  c.z.filecloud.common.protocol.MessageCodecSharable - 发送消息: {"filePath":"/Users/zhangyun/test/source/小论文/加速路径搜索的刚度矩阵估算法-V2-7-31.docx","lastModified":0,"messageType":1,"operationEnum":"FILE_DELETE","startPos":0,"statusEnum":"FINISHED"}
2022-10-27 21:38:34.393 [nioEventLoopGroup-2-3] INFO  c.z.filecloud.common.protocol.MessageCodecSharable - 接收消息: {"filePath":"/Users/zhangyun/test/source/小论文/加速路径搜索的刚度矩阵估算法-V2-7-31.docx","messageType":2,"nextPos":-1,"operationEnum":"FILE_DELETE","statusEnum":"FINISHED"}
2022-10-27 21:38:34.394 [nioEventLoopGroup-2-3] INFO  c.z.filecloud.common.protocol.MessageCodecSharable - 发送消息: {"filePath":"/Users/zhangyun/test/source/小论文/加速路径搜索的刚度矩阵估算法-V2.docx","lastModified":0,"messageType":1,"operationEnum":"FILE_DELETE","startPos":0,"statusEnum":"FINISHED"}
2022-10-27 21:38:34.395 [nioEventLoopGroup-2-3] INFO  c.z.filecloud.common.protocol.MessageCodecSharable - 接收消息: {"filePath":"/Users/zhangyun/test/source/小论文/加速路径搜索的刚度矩阵估算法-V2.docx","messageType":2,"nextPos":-1,"operationEnum":"FILE_DELETE","statusEnum":"FINISHED"}
2022-10-27 21:38:34.396 [nioEventLoopGroup-2-3] INFO  c.z.filecloud.common.protocol.MessageCodecSharable - 发送消息: {"filePath":"/Users/zhangyun/test/source/小论文/加速路径搜索的刚度矩阵估算法-V2.pdf","lastModified":0,"messageType":1,"operationEnum":"FILE_DELETE","startPos":0,"statusEnum":"FINISHED"}
2022-10-27 21:38:34.397 [nioEventLoopGroup-2-3] INFO  c.z.filecloud.common.protocol.MessageCodecSharable - 接收消息: {"filePath":"/Users/zhangyun/test/source/小论文/加速路径搜索的刚度矩阵估算法-V2.pdf","messageType":2,"nextPos":-1,"operationEnum":"FILE_DELETE","statusEnum":"FINISHED"}
2022-10-27 21:38:34.398 [nioEventLoopGroup-2-3] INFO  c.z.filecloud.common.protocol.MessageCodecSharable - 发送消息: {"filePath":"/Users/zhangyun/test/source/小论文/加速路径搜索的刚度矩阵估算法-V3.docx","lastModified":0,"messageType":1,"operationEnum":"FILE_DELETE","startPos":0,"statusEnum":"FINISHED"}
2022-10-27 21:38:34.399 [nioEventLoopGroup-2-3] INFO  c.z.filecloud.common.protocol.MessageCodecSharable - 接收消息: {"filePath":"/Users/zhangyun/test/source/小论文/加速路径搜索的刚度矩阵估算法-V3.docx","messageType":2,"nextPos":-1,"operationEnum":"FILE_DELETE","statusEnum":"FINISHED"}
2022-10-27 21:38:34.400 [nioEventLoopGroup-2-3] INFO  c.z.filecloud.common.protocol.MessageCodecSharable - 发送消息: {"filePath":"/Users/zhangyun/test/source/小论文/工程力学学报/文件1：《工程力学》格式说明.pdf","lastModified":0,"messageType":1,"operationEnum":"FILE_DELETE","startPos":0,"statusEnum":"FINISHED"}
2022-10-27 21:38:34.406 [nioEventLoopGroup-2-3] INFO  c.z.filecloud.common.protocol.MessageCodecSharable - 接收消息: {"filePath":"/Users/zhangyun/test/source/小论文/工程力学学报/文件1：《工程力学》格式说明.pdf","messageType":2,"nextPos":-1,"operationEnum":"FILE_DELETE","statusEnum":"FINISHED"}
2022-10-27 21:38:34.406 [nioEventLoopGroup-2-3] INFO  c.z.filecloud.common.protocol.MessageCodecSharable - 发送消息: {"filePath":"/Users/zhangyun/test/source/小论文/工程力学学报/文件2：《工程力学》格式样例.pdf","lastModified":0,"messageType":1,"operationEnum":"FILE_DELETE","startPos":0,"statusEnum":"FINISHED"}
2022-10-27 21:38:34.407 [nioEventLoopGroup-2-3] INFO  c.z.filecloud.common.protocol.MessageCodecSharable - 接收消息: {"filePath":"/Users/zhangyun/test/source/小论文/工程力学学报/文件2：《工程力学》格式样例.pdf","messageType":2,"nextPos":-1,"operationEnum":"FILE_DELETE","statusEnum":"FINISHED"}
2022-10-27 21:38:34.408 [nioEventLoopGroup-2-3] INFO  c.z.filecloud.common.protocol.MessageCodecSharable - 发送消息: {"filePath":"/Users/zhangyun/test/source/小论文/工程力学学报/文件3：《工程力学》英文准则.pdf","lastModified":0,"messageType":1,"operationEnum":"FILE_DELETE","startPos":0,"statusEnum":"FINISHED"}
2022-10-27 21:38:34.409 [nioEventLoopGroup-2-3] INFO  c.z.filecloud.common.protocol.MessageCodecSharable - 接收消息: {"filePath":"/Users/zhangyun/test/source/小论文/工程力学学报/文件3：《工程力学》英文准则.pdf","messageType":2,"nextPos":-1,"operationEnum":"FILE_DELETE","statusEnum":"FINISHED"}
2022-10-27 21:38:34.409 [nioEventLoopGroup-2-3] INFO  c.z.filecloud.common.protocol.MessageCodecSharable - 发送消息: {"filePath":"/Users/zhangyun/test/source/小论文/工程力学学报/文件4：《工程力学》文献格式.pdf","lastModified":0,"messageType":1,"operationEnum":"FILE_DELETE","startPos":0,"statusEnum":"FINISHED"}
2022-10-27 21:38:34.411 [nioEventLoopGroup-2-3] INFO  c.z.filecloud.common.protocol.MessageCodecSharable - 接收消息: {"filePath":"/Users/zhangyun/test/source/小论文/工程力学学报/文件4：《工程力学》文献格式.pdf","messageType":2,"nextPos":-1,"operationEnum":"FILE_DELETE","statusEnum":"FINISHED"}
2022-10-27 21:38:34.411 [nioEventLoopGroup-2-3] INFO  c.z.filecloud.common.protocol.MessageCodecSharable - 发送消息: {"filePath":"/Users/zhangyun/test/source/小论文/工程力学学报","lastModified":0,"messageType":1,"operationEnum":"DIRECTORY_DELETE","startPos":0,"statusEnum":"FINISHED"}
2022-10-27 21:38:34.413 [nioEventLoopGroup-2-3] INFO  c.z.filecloud.common.protocol.MessageCodecSharable - 接收消息: {"filePath":"/Users/zhangyun/test/source/小论文/工程力学学报","messageType":2,"nextPos":-1,"operationEnum":"DIRECTORY_DELETE","statusEnum":"FINISHED"}
2022-10-27 21:38:34.413 [nioEventLoopGroup-2-3] INFO  c.z.filecloud.common.protocol.MessageCodecSharable - 发送消息: {"filePath":"/Users/zhangyun/test/source/小论文","lastModified":0,"messageType":1,"operationEnum":"DIRECTORY_DELETE","startPos":0,"statusEnum":"FINISHED"}
2022-10-27 21:38:34.414 [nioEventLoopGroup-2-3] INFO  c.z.filecloud.common.protocol.MessageCodecSharable - 接收消息: {"filePath":"/Users/zhangyun/test/source/小论文","messageType":2,"nextPos":-1,"operationEnum":"DIRECTORY_DELETE","statusEnum":"FINISHED"}
2022-10-27 21:38:34.414 [pool-1-thread-2] INFO  c.z.filecloud.client.service.FileUploadService - 消息已全部处理，连接关闭！
2022-10-27 21:38:37.418 [nioEventLoopGroup-2-4] INFO  c.z.filecloud.common.protocol.MessageCodecSharable - 发送消息: {"filePath":"/Users/zhangyun/test/source/.DS_Store","lastModified":1666877914929,"messageType":1,"operationEnum":"FILE_CHANGE","startPos":0,"statusEnum":"FINISHED"}
2022-10-27 21:38:37.422 [nioEventLoopGroup-2-4] INFO  c.z.filecloud.common.protocol.MessageCodecSharable - 接收消息: {"filePath":"/Users/zhangyun/test/source/.DS_Store","messageType":2,"nextPos":6148,"operationEnum":"FILE_CHANGE","statusEnum":"FINISHED"}
2022-10-27 21:38:37.422 [pool-1-thread-2] INFO  c.z.filecloud.client.service.FileUploadService - 消息已全部处理，连接关闭！
2022-10-27 23:45:32.731 [main] INFO  com.zhangyun.filecloud.client.ClientApplication - Starting ClientApplication using Java 1.8.0_342 on zhangyundeMacBook-Air.local with PID 26032 (/Users/zhangyun/Documents/javaProject/FileCloud/client/target/classes started by zhangyun in /Users/zhangyun/Documents/javaProject/FileCloud)
2022-10-27 23:45:32.732 [main] INFO  com.zhangyun.filecloud.client.ClientApplication - The following profiles are active: dev
2022-10-27 23:45:33.368 [main] INFO  o.s.boot.web.embedded.tomcat.TomcatWebServer - Tomcat initialized with port(s): 8081 (http)
2022-10-27 23:45:33.373 [main] INFO  org.apache.catalina.core.StandardService - Starting service [Tomcat]
2022-10-27 23:45:33.373 [main] INFO  org.apache.catalina.core.StandardEngine - Starting Servlet engine: [Apache Tomcat/9.0.54]
2022-10-27 23:45:33.419 [main] INFO  o.a.c.core.ContainerBase.[Tomcat].[localhost].[/] - Initializing Spring embedded WebApplicationContext
2022-10-27 23:45:33.419 [main] INFO  o.s.b.w.s.c.ServletWebServerApplicationContext - Root WebApplicationContext: initialization completed in 663 ms
2022-10-27 23:45:33.667 [main] INFO  s.d.s.w.PropertySourcedRequestMappingHandlerMapping - Mapped URL path [/v2/api-docs] onto method [springfox.documentation.swagger2.web.Swagger2Controller#getDocumentation(String, HttpServletRequest)]
2022-10-27 23:45:33.824 [main] INFO  o.s.boot.web.embedded.tomcat.TomcatWebServer - Tomcat started on port(s): 8081 (http) with context path ''
2022-10-27 23:45:33.824 [main] INFO  s.d.s.web.plugins.DocumentationPluginsBootstrapper - Context refreshed
2022-10-27 23:45:33.833 [main] INFO  s.d.s.web.plugins.DocumentationPluginsBootstrapper - Found 1 custom documentation plugin(s)
2022-10-27 23:45:33.848 [main] INFO  s.d.spring.web.scanners.ApiListingReferenceScanner - Scanning for api listing references
2022-10-27 23:45:33.895 [main] INFO  com.zhangyun.filecloud.client.ClientApplication - Started ClientApplication in 1.469 seconds (JVM running for 1.866)
2022-10-27 23:45:33.896 [main] INFO  com.zhangyun.filecloud.client.service.NettyClient - netty client starting...
2022-10-27 23:45:33.900 [main] INFO  com.zhangyun.filecloud.client.service.NettyClient - netty client start success
2022-10-27 23:45:33.905 [pool-1-thread-1] INFO  c.z.filecloud.client.monitor.ClientFileMonitor - File Monitor启动成功！
2022-10-27 23:45:56.371 [http-nio-8081-exec-1] INFO  o.a.c.core.ContainerBase.[Tomcat].[localhost].[/] - Initializing Spring DispatcherServlet 'dispatcherServlet'
2022-10-27 23:45:56.371 [http-nio-8081-exec-1] INFO  org.springframework.web.servlet.DispatcherServlet - Initializing Servlet 'dispatcherServlet'
2022-10-27 23:45:56.373 [http-nio-8081-exec-1] INFO  org.springframework.web.servlet.DispatcherServlet - Completed initialization in 2 ms
