2022-11-17 10:36:31.831 [main] INFO  com.zhangyun.filecloud.server.ServerApplication - Starting ServerApplication using Java 1.8.0_342 on zhangyundeMacBook-Air.local with PID 11204 (/Users/zhangyun/Documents/javaProject/FileCloud/server/target/classes started by zhangyun in /Users/zhangyun/Documents/javaProject/FileCloud)
2022-11-17 10:36:31.834 [main] INFO  com.zhangyun.filecloud.server.ServerApplication - The following profiles are active: dev
2022-11-17 10:36:32.723 [main] INFO  o.s.d.r.config.RepositoryConfigurationDelegate - Multiple Spring Data modules found, entering strict repository configuration mode!
2022-11-17 10:36:32.724 [main] INFO  o.s.d.r.config.RepositoryConfigurationDelegate - Bootstrapping Spring Data Redis repositories in DEFAULT mode.
2022-11-17 10:36:32.745 [main] INFO  o.s.d.r.config.RepositoryConfigurationDelegate - Finished Spring Data repository scanning in 9 ms. Found 0 Redis repository interfaces.
2022-11-17 10:36:32.840 [main] WARN  org.mybatis.spring.mapper.ClassPathMapperScanner - No MyBatis mapper was found in '[com.zhangyun.filecloud.server.mapper]' package. Please check your configuration.
2022-11-17 10:36:33.275 [main] INFO  o.s.boot.web.embedded.tomcat.TomcatWebServer - Tomcat initialized with port(s): 8080 (http)
2022-11-17 10:36:33.283 [main] INFO  org.apache.catalina.core.StandardService - Starting service [Tomcat]
2022-11-17 10:36:33.283 [main] INFO  org.apache.catalina.core.StandardEngine - Starting Servlet engine: [Apache Tomcat/9.0.54]
2022-11-17 10:36:33.373 [main] INFO  o.a.c.core.ContainerBase.[Tomcat].[localhost].[/] - Initializing Spring embedded WebApplicationContext
2022-11-17 10:36:33.374 [main] INFO  o.s.b.w.s.c.ServletWebServerApplicationContext - Root WebApplicationContext: initialization completed in 1483 ms
2022-11-17 10:36:33.458 [main] WARN  o.s.b.w.s.c.AnnotationConfigServletWebServerApplicationContext - Exception encountered during context initialization - cancelling refresh attempt: org.springframework.beans.factory.UnsatisfiedDependencyException: Error creating bean with name 'fileChangeRecordController': Unsatisfied dependency expressed through field 'fileChangeRecordService'; nested exception is org.springframework.beans.factory.UnsatisfiedDependencyException: Error creating bean with name 'fileChangeRecordServiceImpl': Unsatisfied dependency expressed through field 'baseMapper'; nested exception is org.springframework.beans.factory.NoSuchBeanDefinitionException: No qualifying bean of type 'com.zhangyun.filecloud.server.database.mapper.FileChangeRecordMapper' available: expected at least 1 bean which qualifies as autowire candidate. Dependency annotations: {@org.springframework.beans.factory.annotation.Autowired(required=true)}
2022-11-17 10:36:33.461 [main] INFO  org.apache.catalina.core.StandardService - Stopping service [Tomcat]
2022-11-17 10:36:33.474 [main] INFO  o.s.b.a.l.ConditionEvaluationReportLoggingListener - 

Error starting ApplicationContext. To display the conditions report re-run your application with 'debug' enabled.
2022-11-17 10:36:33.495 [main] ERROR org.springframework.boot.SpringApplication - Application run failed
org.springframework.beans.factory.UnsatisfiedDependencyException: Error creating bean with name 'fileChangeRecordController': Unsatisfied dependency expressed through field 'fileChangeRecordService'; nested exception is org.springframework.beans.factory.UnsatisfiedDependencyException: Error creating bean with name 'fileChangeRecordServiceImpl': Unsatisfied dependency expressed through field 'baseMapper'; nested exception is org.springframework.beans.factory.NoSuchBeanDefinitionException: No qualifying bean of type 'com.zhangyun.filecloud.server.database.mapper.FileChangeRecordMapper' available: expected at least 1 bean which qualifies as autowire candidate. Dependency annotations: {@org.springframework.beans.factory.annotation.Autowired(required=true)}
	at org.springframework.beans.factory.annotation.AutowiredAnnotationBeanPostProcessor$AutowiredFieldElement.resolveFieldValue(AutowiredAnnotationBeanPostProcessor.java:659)
	at org.springframework.beans.factory.annotation.AutowiredAnnotationBeanPostProcessor$AutowiredFieldElement.inject(AutowiredAnnotationBeanPostProcessor.java:639)
	at org.springframework.beans.factory.annotation.InjectionMetadata.inject(InjectionMetadata.java:119)
	at org.springframework.beans.factory.annotation.AutowiredAnnotationBeanPostProcessor.postProcessProperties(AutowiredAnnotationBeanPostProcessor.java:399)
	at org.springframework.beans.factory.support.AbstractAutowireCapableBeanFactory.populateBean(AbstractAutowireCapableBeanFactory.java:1431)
	at org.springframework.beans.factory.support.AbstractAutowireCapableBeanFactory.doCreateBean(AbstractAutowireCapableBeanFactory.java:619)
	at org.springframework.beans.factory.support.AbstractAutowireCapableBeanFactory.createBean(AbstractAutowireCapableBeanFactory.java:542)
	at org.springframework.beans.factory.support.AbstractBeanFactory.lambda$doGetBean$0(AbstractBeanFactory.java:335)
	at org.springframework.beans.factory.support.DefaultSingletonBeanRegistry.getSingleton(DefaultSingletonBeanRegistry.java:234)
	at org.springframework.beans.factory.support.AbstractBeanFactory.doGetBean(AbstractBeanFactory.java:333)
	at org.springframework.beans.factory.support.AbstractBeanFactory.getBean(AbstractBeanFactory.java:208)
	at org.springframework.beans.factory.support.DefaultListableBeanFactory.preInstantiateSingletons(DefaultListableBeanFactory.java:944)
	at org.springframework.context.support.AbstractApplicationContext.finishBeanFactoryInitialization(AbstractApplicationContext.java:918)
	at org.springframework.context.support.AbstractApplicationContext.refresh(AbstractApplicationContext.java:583)
	at org.springframework.boot.web.servlet.context.ServletWebServerApplicationContext.refresh(ServletWebServerApplicationContext.java:145)
	at org.springframework.boot.SpringApplication.refresh(SpringApplication.java:754)
	at org.springframework.boot.SpringApplication.refreshContext(SpringApplication.java:434)
	at org.springframework.boot.SpringApplication.run(SpringApplication.java:338)
	at org.springframework.boot.SpringApplication.run(SpringApplication.java:1343)
	at org.springframework.boot.SpringApplication.run(SpringApplication.java:1332)
	at com.zhangyun.filecloud.server.ServerApplication.main(ServerApplication.java:14)
Caused by: org.springframework.beans.factory.UnsatisfiedDependencyException: Error creating bean with name 'fileChangeRecordServiceImpl': Unsatisfied dependency expressed through field 'baseMapper'; nested exception is org.springframework.beans.factory.NoSuchBeanDefinitionException: No qualifying bean of type 'com.zhangyun.filecloud.server.database.mapper.FileChangeRecordMapper' available: expected at least 1 bean which qualifies as autowire candidate. Dependency annotations: {@org.springframework.beans.factory.annotation.Autowired(required=true)}
	at org.springframework.beans.factory.annotation.AutowiredAnnotationBeanPostProcessor$AutowiredFieldElement.resolveFieldValue(AutowiredAnnotationBeanPostProcessor.java:659)
	at org.springframework.beans.factory.annotation.AutowiredAnnotationBeanPostProcessor$AutowiredFieldElement.inject(AutowiredAnnotationBeanPostProcessor.java:639)
	at org.springframework.beans.factory.annotation.InjectionMetadata.inject(InjectionMetadata.java:119)
	at org.springframework.beans.factory.annotation.AutowiredAnnotationBeanPostProcessor.postProcessProperties(AutowiredAnnotationBeanPostProcessor.java:399)
	at org.springframework.beans.factory.support.AbstractAutowireCapableBeanFactory.populateBean(AbstractAutowireCapableBeanFactory.java:1431)
	at org.springframework.beans.factory.support.AbstractAutowireCapableBeanFactory.doCreateBean(AbstractAutowireCapableBeanFactory.java:619)
	at org.springframework.beans.factory.support.AbstractAutowireCapableBeanFactory.createBean(AbstractAutowireCapableBeanFactory.java:542)
	at org.springframework.beans.factory.support.AbstractBeanFactory.lambda$doGetBean$0(AbstractBeanFactory.java:335)
	at org.springframework.beans.factory.support.DefaultSingletonBeanRegistry.getSingleton(DefaultSingletonBeanRegistry.java:234)
	at org.springframework.beans.factory.support.AbstractBeanFactory.doGetBean(AbstractBeanFactory.java:333)
	at org.springframework.beans.factory.support.AbstractBeanFactory.getBean(AbstractBeanFactory.java:208)
	at org.springframework.beans.factory.config.DependencyDescriptor.resolveCandidate(DependencyDescriptor.java:276)
	at org.springframework.beans.factory.support.DefaultListableBeanFactory.doResolveDependency(DefaultListableBeanFactory.java:1380)
	at org.springframework.beans.factory.support.DefaultListableBeanFactory.resolveDependency(DefaultListableBeanFactory.java:1300)
	at org.springframework.beans.factory.annotation.AutowiredAnnotationBeanPostProcessor$AutowiredFieldElement.resolveFieldValue(AutowiredAnnotationBeanPostProcessor.java:656)
	... 20 common frames omitted
Caused by: org.springframework.beans.factory.NoSuchBeanDefinitionException: No qualifying bean of type 'com.zhangyun.filecloud.server.database.mapper.FileChangeRecordMapper' available: expected at least 1 bean which qualifies as autowire candidate. Dependency annotations: {@org.springframework.beans.factory.annotation.Autowired(required=true)}
	at org.springframework.beans.factory.support.DefaultListableBeanFactory.raiseNoMatchingBeanFound(DefaultListableBeanFactory.java:1790)
	at org.springframework.beans.factory.support.DefaultListableBeanFactory.doResolveDependency(DefaultListableBeanFactory.java:1346)
	at org.springframework.beans.factory.support.DefaultListableBeanFactory.resolveDependency(DefaultListableBeanFactory.java:1300)
	at org.springframework.beans.factory.annotation.AutowiredAnnotationBeanPostProcessor$AutowiredFieldElement.resolveFieldValue(AutowiredAnnotationBeanPostProcessor.java:656)
	... 34 common frames omitted
2022-11-17 10:39:38.063 [main] INFO  com.zhangyun.filecloud.server.ServerApplication - Starting ServerApplication using Java 1.8.0_342 on zhangyundeMacBook-Air.local with PID 11833 (/Users/zhangyun/Documents/javaProject/FileCloud/server/target/classes started by zhangyun in /Users/zhangyun/Documents/javaProject/FileCloud)
2022-11-17 10:39:38.065 [main] INFO  com.zhangyun.filecloud.server.ServerApplication - The following profiles are active: dev
2022-11-17 10:39:38.618 [main] INFO  o.s.d.r.config.RepositoryConfigurationDelegate - Multiple Spring Data modules found, entering strict repository configuration mode!
2022-11-17 10:39:38.619 [main] INFO  o.s.d.r.config.RepositoryConfigurationDelegate - Bootstrapping Spring Data Redis repositories in DEFAULT mode.
2022-11-17 10:39:38.636 [main] INFO  o.s.d.r.config.RepositoryConfigurationDelegate - Finished Spring Data repository scanning in 7 ms. Found 0 Redis repository interfaces.
2022-11-17 10:39:38.712 [main] WARN  org.mybatis.spring.mapper.ClassPathMapperScanner - No MyBatis mapper was found in '[com.zhangyun.filecloud.server.mapper]' package. Please check your configuration.
2022-11-17 10:39:39.056 [main] INFO  o.s.boot.web.embedded.tomcat.TomcatWebServer - Tomcat initialized with port(s): 8080 (http)
2022-11-17 10:39:39.063 [main] INFO  org.apache.catalina.core.StandardService - Starting service [Tomcat]
2022-11-17 10:39:39.064 [main] INFO  org.apache.catalina.core.StandardEngine - Starting Servlet engine: [Apache Tomcat/9.0.54]
2022-11-17 10:39:39.146 [main] INFO  o.a.c.core.ContainerBase.[Tomcat].[localhost].[/] - Initializing Spring embedded WebApplicationContext
2022-11-17 10:39:39.146 [main] INFO  o.s.b.w.s.c.ServletWebServerApplicationContext - Root WebApplicationContext: initialization completed in 1054 ms
2022-11-17 10:39:39.195 [main] WARN  o.s.b.w.s.c.AnnotationConfigServletWebServerApplicationContext - Exception encountered during context initialization - cancelling refresh attempt: org.springframework.beans.factory.UnsatisfiedDependencyException: Error creating bean with name 'fileChangeRecordController': Unsatisfied dependency expressed through field 'fileChangeRecordService'; nested exception is org.springframework.beans.factory.UnsatisfiedDependencyException: Error creating bean with name 'fileChangeRecordServiceImpl': Unsatisfied dependency expressed through field 'baseMapper'; nested exception is org.springframework.beans.factory.NoSuchBeanDefinitionException: No qualifying bean of type 'com.zhangyun.filecloud.server.database.mapper.FileChangeRecordMapper' available: expected at least 1 bean which qualifies as autowire candidate. Dependency annotations: {@org.springframework.beans.factory.annotation.Autowired(required=true)}
2022-11-17 10:39:39.197 [main] INFO  org.apache.catalina.core.StandardService - Stopping service [Tomcat]
2022-11-17 10:39:39.205 [main] INFO  o.s.b.a.l.ConditionEvaluationReportLoggingListener - 

Error starting ApplicationContext. To display the conditions report re-run your application with 'debug' enabled.
2022-11-17 10:39:39.221 [main] ERROR org.springframework.boot.SpringApplication - Application run failed
org.springframework.beans.factory.UnsatisfiedDependencyException: Error creating bean with name 'fileChangeRecordController': Unsatisfied dependency expressed through field 'fileChangeRecordService'; nested exception is org.springframework.beans.factory.UnsatisfiedDependencyException: Error creating bean with name 'fileChangeRecordServiceImpl': Unsatisfied dependency expressed through field 'baseMapper'; nested exception is org.springframework.beans.factory.NoSuchBeanDefinitionException: No qualifying bean of type 'com.zhangyun.filecloud.server.database.mapper.FileChangeRecordMapper' available: expected at least 1 bean which qualifies as autowire candidate. Dependency annotations: {@org.springframework.beans.factory.annotation.Autowired(required=true)}
	at org.springframework.beans.factory.annotation.AutowiredAnnotationBeanPostProcessor$AutowiredFieldElement.resolveFieldValue(AutowiredAnnotationBeanPostProcessor.java:659)
	at org.springframework.beans.factory.annotation.AutowiredAnnotationBeanPostProcessor$AutowiredFieldElement.inject(AutowiredAnnotationBeanPostProcessor.java:639)
	at org.springframework.beans.factory.annotation.InjectionMetadata.inject(InjectionMetadata.java:119)
	at org.springframework.beans.factory.annotation.AutowiredAnnotationBeanPostProcessor.postProcessProperties(AutowiredAnnotationBeanPostProcessor.java:399)
	at org.springframework.beans.factory.support.AbstractAutowireCapableBeanFactory.populateBean(AbstractAutowireCapableBeanFactory.java:1431)
	at org.springframework.beans.factory.support.AbstractAutowireCapableBeanFactory.doCreateBean(AbstractAutowireCapableBeanFactory.java:619)
	at org.springframework.beans.factory.support.AbstractAutowireCapableBeanFactory.createBean(AbstractAutowireCapableBeanFactory.java:542)
	at org.springframework.beans.factory.support.AbstractBeanFactory.lambda$doGetBean$0(AbstractBeanFactory.java:335)
	at org.springframework.beans.factory.support.DefaultSingletonBeanRegistry.getSingleton(DefaultSingletonBeanRegistry.java:234)
	at org.springframework.beans.factory.support.AbstractBeanFactory.doGetBean(AbstractBeanFactory.java:333)
	at org.springframework.beans.factory.support.AbstractBeanFactory.getBean(AbstractBeanFactory.java:208)
	at org.springframework.beans.factory.support.DefaultListableBeanFactory.preInstantiateSingletons(DefaultListableBeanFactory.java:944)
	at org.springframework.context.support.AbstractApplicationContext.finishBeanFactoryInitialization(AbstractApplicationContext.java:918)
	at org.springframework.context.support.AbstractApplicationContext.refresh(AbstractApplicationContext.java:583)
	at org.springframework.boot.web.servlet.context.ServletWebServerApplicationContext.refresh(ServletWebServerApplicationContext.java:145)
	at org.springframework.boot.SpringApplication.refresh(SpringApplication.java:754)
	at org.springframework.boot.SpringApplication.refreshContext(SpringApplication.java:434)
	at org.springframework.boot.SpringApplication.run(SpringApplication.java:338)
	at org.springframework.boot.SpringApplication.run(SpringApplication.java:1343)
	at org.springframework.boot.SpringApplication.run(SpringApplication.java:1332)
	at com.zhangyun.filecloud.server.ServerApplication.main(ServerApplication.java:14)
Caused by: org.springframework.beans.factory.UnsatisfiedDependencyException: Error creating bean with name 'fileChangeRecordServiceImpl': Unsatisfied dependency expressed through field 'baseMapper'; nested exception is org.springframework.beans.factory.NoSuchBeanDefinitionException: No qualifying bean of type 'com.zhangyun.filecloud.server.database.mapper.FileChangeRecordMapper' available: expected at least 1 bean which qualifies as autowire candidate. Dependency annotations: {@org.springframework.beans.factory.annotation.Autowired(required=true)}
	at org.springframework.beans.factory.annotation.AutowiredAnnotationBeanPostProcessor$AutowiredFieldElement.resolveFieldValue(AutowiredAnnotationBeanPostProcessor.java:659)
	at org.springframework.beans.factory.annotation.AutowiredAnnotationBeanPostProcessor$AutowiredFieldElement.inject(AutowiredAnnotationBeanPostProcessor.java:639)
	at org.springframework.beans.factory.annotation.InjectionMetadata.inject(InjectionMetadata.java:119)
	at org.springframework.beans.factory.annotation.AutowiredAnnotationBeanPostProcessor.postProcessProperties(AutowiredAnnotationBeanPostProcessor.java:399)
	at org.springframework.beans.factory.support.AbstractAutowireCapableBeanFactory.populateBean(AbstractAutowireCapableBeanFactory.java:1431)
	at org.springframework.beans.factory.support.AbstractAutowireCapableBeanFactory.doCreateBean(AbstractAutowireCapableBeanFactory.java:619)
	at org.springframework.beans.factory.support.AbstractAutowireCapableBeanFactory.createBean(AbstractAutowireCapableBeanFactory.java:542)
	at org.springframework.beans.factory.support.AbstractBeanFactory.lambda$doGetBean$0(AbstractBeanFactory.java:335)
	at org.springframework.beans.factory.support.DefaultSingletonBeanRegistry.getSingleton(DefaultSingletonBeanRegistry.java:234)
	at org.springframework.beans.factory.support.AbstractBeanFactory.doGetBean(AbstractBeanFactory.java:333)
	at org.springframework.beans.factory.support.AbstractBeanFactory.getBean(AbstractBeanFactory.java:208)
	at org.springframework.beans.factory.config.DependencyDescriptor.resolveCandidate(DependencyDescriptor.java:276)
	at org.springframework.beans.factory.support.DefaultListableBeanFactory.doResolveDependency(DefaultListableBeanFactory.java:1380)
	at org.springframework.beans.factory.support.DefaultListableBeanFactory.resolveDependency(DefaultListableBeanFactory.java:1300)
	at org.springframework.beans.factory.annotation.AutowiredAnnotationBeanPostProcessor$AutowiredFieldElement.resolveFieldValue(AutowiredAnnotationBeanPostProcessor.java:656)
	... 20 common frames omitted
Caused by: org.springframework.beans.factory.NoSuchBeanDefinitionException: No qualifying bean of type 'com.zhangyun.filecloud.server.database.mapper.FileChangeRecordMapper' available: expected at least 1 bean which qualifies as autowire candidate. Dependency annotations: {@org.springframework.beans.factory.annotation.Autowired(required=true)}
	at org.springframework.beans.factory.support.DefaultListableBeanFactory.raiseNoMatchingBeanFound(DefaultListableBeanFactory.java:1790)
	at org.springframework.beans.factory.support.DefaultListableBeanFactory.doResolveDependency(DefaultListableBeanFactory.java:1346)
	at org.springframework.beans.factory.support.DefaultListableBeanFactory.resolveDependency(DefaultListableBeanFactory.java:1300)
	at org.springframework.beans.factory.annotation.AutowiredAnnotationBeanPostProcessor$AutowiredFieldElement.resolveFieldValue(AutowiredAnnotationBeanPostProcessor.java:656)
	... 34 common frames omitted
2022-11-17 10:42:53.229 [main] INFO  com.zhangyun.filecloud.server.ServerApplication - Starting ServerApplication using Java 1.8.0_342 on zhangyundeMacBook-Air.local with PID 12458 (/Users/zhangyun/Documents/javaProject/FileCloud/server/target/classes started by zhangyun in /Users/zhangyun/Documents/javaProject/FileCloud)
2022-11-17 10:42:53.231 [main] INFO  com.zhangyun.filecloud.server.ServerApplication - The following profiles are active: dev
2022-11-17 10:42:53.755 [main] INFO  o.s.d.r.config.RepositoryConfigurationDelegate - Multiple Spring Data modules found, entering strict repository configuration mode!
2022-11-17 10:42:53.757 [main] INFO  o.s.d.r.config.RepositoryConfigurationDelegate - Bootstrapping Spring Data Redis repositories in DEFAULT mode.
2022-11-17 10:42:53.774 [main] INFO  o.s.d.r.config.RepositoryConfigurationDelegate - Finished Spring Data repository scanning in 8 ms. Found 0 Redis repository interfaces.
2022-11-17 10:42:53.847 [main] WARN  org.mybatis.spring.mapper.ClassPathMapperScanner - No MyBatis mapper was found in '[com.zhangyun.filecloud.server.mapper]' package. Please check your configuration.
2022-11-17 10:42:54.150 [main] INFO  o.s.boot.web.embedded.tomcat.TomcatWebServer - Tomcat initialized with port(s): 8080 (http)
2022-11-17 10:42:54.154 [main] INFO  org.apache.catalina.core.StandardService - Starting service [Tomcat]
2022-11-17 10:42:54.155 [main] INFO  org.apache.catalina.core.StandardEngine - Starting Servlet engine: [Apache Tomcat/9.0.54]
2022-11-17 10:42:54.221 [main] INFO  o.a.c.core.ContainerBase.[Tomcat].[localhost].[/] - Initializing Spring embedded WebApplicationContext
2022-11-17 10:42:54.221 [main] INFO  o.s.b.w.s.c.ServletWebServerApplicationContext - Root WebApplicationContext: initialization completed in 965 ms
2022-11-17 10:42:54.266 [main] WARN  o.s.b.w.s.c.AnnotationConfigServletWebServerApplicationContext - Exception encountered during context initialization - cancelling refresh attempt: org.springframework.beans.factory.UnsatisfiedDependencyException: Error creating bean with name 'fileChangeRecordController': Unsatisfied dependency expressed through field 'fileChangeRecordService'; nested exception is org.springframework.beans.factory.UnsatisfiedDependencyException: Error creating bean with name 'fileChangeRecordServiceImpl': Unsatisfied dependency expressed through field 'baseMapper'; nested exception is org.springframework.beans.factory.NoSuchBeanDefinitionException: No qualifying bean of type 'com.zhangyun.filecloud.server.database.mapper.FileChangeRecordMapper' available: expected at least 1 bean which qualifies as autowire candidate. Dependency annotations: {@org.springframework.beans.factory.annotation.Autowired(required=true)}
2022-11-17 10:42:54.268 [main] INFO  org.apache.catalina.core.StandardService - Stopping service [Tomcat]
2022-11-17 10:42:54.276 [main] INFO  o.s.b.a.l.ConditionEvaluationReportLoggingListener - 

Error starting ApplicationContext. To display the conditions report re-run your application with 'debug' enabled.
2022-11-17 10:42:54.290 [main] ERROR org.springframework.boot.SpringApplication - Application run failed
org.springframework.beans.factory.UnsatisfiedDependencyException: Error creating bean with name 'fileChangeRecordController': Unsatisfied dependency expressed through field 'fileChangeRecordService'; nested exception is org.springframework.beans.factory.UnsatisfiedDependencyException: Error creating bean with name 'fileChangeRecordServiceImpl': Unsatisfied dependency expressed through field 'baseMapper'; nested exception is org.springframework.beans.factory.NoSuchBeanDefinitionException: No qualifying bean of type 'com.zhangyun.filecloud.server.database.mapper.FileChangeRecordMapper' available: expected at least 1 bean which qualifies as autowire candidate. Dependency annotations: {@org.springframework.beans.factory.annotation.Autowired(required=true)}
	at org.springframework.beans.factory.annotation.AutowiredAnnotationBeanPostProcessor$AutowiredFieldElement.resolveFieldValue(AutowiredAnnotationBeanPostProcessor.java:659)
	at org.springframework.beans.factory.annotation.AutowiredAnnotationBeanPostProcessor$AutowiredFieldElement.inject(AutowiredAnnotationBeanPostProcessor.java:639)
	at org.springframework.beans.factory.annotation.InjectionMetadata.inject(InjectionMetadata.java:119)
	at org.springframework.beans.factory.annotation.AutowiredAnnotationBeanPostProcessor.postProcessProperties(AutowiredAnnotationBeanPostProcessor.java:399)
	at org.springframework.beans.factory.support.AbstractAutowireCapableBeanFactory.populateBean(AbstractAutowireCapableBeanFactory.java:1431)
	at org.springframework.beans.factory.support.AbstractAutowireCapableBeanFactory.doCreateBean(AbstractAutowireCapableBeanFactory.java:619)
	at org.springframework.beans.factory.support.AbstractAutowireCapableBeanFactory.createBean(AbstractAutowireCapableBeanFactory.java:542)
	at org.springframework.beans.factory.support.AbstractBeanFactory.lambda$doGetBean$0(AbstractBeanFactory.java:335)
	at org.springframework.beans.factory.support.DefaultSingletonBeanRegistry.getSingleton(DefaultSingletonBeanRegistry.java:234)
	at org.springframework.beans.factory.support.AbstractBeanFactory.doGetBean(AbstractBeanFactory.java:333)
	at org.springframework.beans.factory.support.AbstractBeanFactory.getBean(AbstractBeanFactory.java:208)
	at org.springframework.beans.factory.support.DefaultListableBeanFactory.preInstantiateSingletons(DefaultListableBeanFactory.java:944)
	at org.springframework.context.support.AbstractApplicationContext.finishBeanFactoryInitialization(AbstractApplicationContext.java:918)
	at org.springframework.context.support.AbstractApplicationContext.refresh(AbstractApplicationContext.java:583)
	at org.springframework.boot.web.servlet.context.ServletWebServerApplicationContext.refresh(ServletWebServerApplicationContext.java:145)
	at org.springframework.boot.SpringApplication.refresh(SpringApplication.java:754)
	at org.springframework.boot.SpringApplication.refreshContext(SpringApplication.java:434)
	at org.springframework.boot.SpringApplication.run(SpringApplication.java:338)
	at org.springframework.boot.SpringApplication.run(SpringApplication.java:1343)
	at org.springframework.boot.SpringApplication.run(SpringApplication.java:1332)
	at com.zhangyun.filecloud.server.ServerApplication.main(ServerApplication.java:14)
Caused by: org.springframework.beans.factory.UnsatisfiedDependencyException: Error creating bean with name 'fileChangeRecordServiceImpl': Unsatisfied dependency expressed through field 'baseMapper'; nested exception is org.springframework.beans.factory.NoSuchBeanDefinitionException: No qualifying bean of type 'com.zhangyun.filecloud.server.database.mapper.FileChangeRecordMapper' available: expected at least 1 bean which qualifies as autowire candidate. Dependency annotations: {@org.springframework.beans.factory.annotation.Autowired(required=true)}
	at org.springframework.beans.factory.annotation.AutowiredAnnotationBeanPostProcessor$AutowiredFieldElement.resolveFieldValue(AutowiredAnnotationBeanPostProcessor.java:659)
	at org.springframework.beans.factory.annotation.AutowiredAnnotationBeanPostProcessor$AutowiredFieldElement.inject(AutowiredAnnotationBeanPostProcessor.java:639)
	at org.springframework.beans.factory.annotation.InjectionMetadata.inject(InjectionMetadata.java:119)
	at org.springframework.beans.factory.annotation.AutowiredAnnotationBeanPostProcessor.postProcessProperties(AutowiredAnnotationBeanPostProcessor.java:399)
	at org.springframework.beans.factory.support.AbstractAutowireCapableBeanFactory.populateBean(AbstractAutowireCapableBeanFactory.java:1431)
	at org.springframework.beans.factory.support.AbstractAutowireCapableBeanFactory.doCreateBean(AbstractAutowireCapableBeanFactory.java:619)
	at org.springframework.beans.factory.support.AbstractAutowireCapableBeanFactory.createBean(AbstractAutowireCapableBeanFactory.java:542)
	at org.springframework.beans.factory.support.AbstractBeanFactory.lambda$doGetBean$0(AbstractBeanFactory.java:335)
	at org.springframework.beans.factory.support.DefaultSingletonBeanRegistry.getSingleton(DefaultSingletonBeanRegistry.java:234)
	at org.springframework.beans.factory.support.AbstractBeanFactory.doGetBean(AbstractBeanFactory.java:333)
	at org.springframework.beans.factory.support.AbstractBeanFactory.getBean(AbstractBeanFactory.java:208)
	at org.springframework.beans.factory.config.DependencyDescriptor.resolveCandidate(DependencyDescriptor.java:276)
	at org.springframework.beans.factory.support.DefaultListableBeanFactory.doResolveDependency(DefaultListableBeanFactory.java:1380)
	at org.springframework.beans.factory.support.DefaultListableBeanFactory.resolveDependency(DefaultListableBeanFactory.java:1300)
	at org.springframework.beans.factory.annotation.AutowiredAnnotationBeanPostProcessor$AutowiredFieldElement.resolveFieldValue(AutowiredAnnotationBeanPostProcessor.java:656)
	... 20 common frames omitted
Caused by: org.springframework.beans.factory.NoSuchBeanDefinitionException: No qualifying bean of type 'com.zhangyun.filecloud.server.database.mapper.FileChangeRecordMapper' available: expected at least 1 bean which qualifies as autowire candidate. Dependency annotations: {@org.springframework.beans.factory.annotation.Autowired(required=true)}
	at org.springframework.beans.factory.support.DefaultListableBeanFactory.raiseNoMatchingBeanFound(DefaultListableBeanFactory.java:1790)
	at org.springframework.beans.factory.support.DefaultListableBeanFactory.doResolveDependency(DefaultListableBeanFactory.java:1346)
	at org.springframework.beans.factory.support.DefaultListableBeanFactory.resolveDependency(DefaultListableBeanFactory.java:1300)
	at org.springframework.beans.factory.annotation.AutowiredAnnotationBeanPostProcessor$AutowiredFieldElement.resolveFieldValue(AutowiredAnnotationBeanPostProcessor.java:656)
	... 34 common frames omitted
2022-11-17 10:45:44.165 [main] INFO  com.zhangyun.filecloud.server.ServerApplication - Starting ServerApplication using Java 1.8.0_342 on zhangyundeMacBook-Air.local with PID 13002 (/Users/zhangyun/Documents/javaProject/FileCloud/server/target/classes started by zhangyun in /Users/zhangyun/Documents/javaProject/FileCloud)
2022-11-17 10:45:44.167 [main] INFO  com.zhangyun.filecloud.server.ServerApplication - The following profiles are active: dev
2022-11-17 10:45:44.733 [main] INFO  o.s.d.r.config.RepositoryConfigurationDelegate - Multiple Spring Data modules found, entering strict repository configuration mode!
2022-11-17 10:45:44.734 [main] INFO  o.s.d.r.config.RepositoryConfigurationDelegate - Bootstrapping Spring Data Redis repositories in DEFAULT mode.
2022-11-17 10:45:44.751 [main] INFO  o.s.d.r.config.RepositoryConfigurationDelegate - Finished Spring Data repository scanning in 8 ms. Found 0 Redis repository interfaces.
2022-11-17 10:45:45.145 [main] INFO  o.s.boot.web.embedded.tomcat.TomcatWebServer - Tomcat initialized with port(s): 8080 (http)
2022-11-17 10:45:45.150 [main] INFO  org.apache.catalina.core.StandardService - Starting service [Tomcat]
2022-11-17 10:45:45.150 [main] INFO  org.apache.catalina.core.StandardEngine - Starting Servlet engine: [Apache Tomcat/9.0.54]
2022-11-17 10:45:45.218 [main] INFO  o.a.c.core.ContainerBase.[Tomcat].[localhost].[/] - Initializing Spring embedded WebApplicationContext
2022-11-17 10:45:45.218 [main] INFO  o.s.b.w.s.c.ServletWebServerApplicationContext - Root WebApplicationContext: initialization completed in 1021 ms
2022-11-17 10:45:46.399 [main] INFO  com.zhangyun.filecloud.server.service.NettyServer - netty server starting...
2022-11-17 10:45:46.400 [main] INFO  com.zhangyun.filecloud.server.service.NettyServer - netty server start success
2022-11-17 10:45:46.621 [main] INFO  s.d.s.w.PropertySourcedRequestMappingHandlerMapping - Mapped URL path [/v2/api-docs] onto method [springfox.documentation.swagger2.web.Swagger2Controller#getDocumentation(String, HttpServletRequest)]
2022-11-17 10:45:47.009 [main] INFO  o.s.boot.web.embedded.tomcat.TomcatWebServer - Tomcat started on port(s): 8080 (http) with context path ''
2022-11-17 10:45:47.009 [main] INFO  s.d.s.web.plugins.DocumentationPluginsBootstrapper - Context refreshed
2022-11-17 10:45:47.016 [main] INFO  s.d.s.web.plugins.DocumentationPluginsBootstrapper - Found 1 custom documentation plugin(s)
2022-11-17 10:45:47.029 [main] INFO  s.d.spring.web.scanners.ApiListingReferenceScanner - Scanning for api listing references
2022-11-17 10:45:47.085 [main] INFO  o.s.a.rabbit.connection.CachingConnectionFactory - Attempting to connect to: [localhost:5672]
2022-11-17 10:45:47.139 [main] INFO  o.s.a.rabbit.connection.CachingConnectionFactory - Created new connection: rabbitConnectionFactory#7fe8c7db:0/SimpleConnection@ff2266c [delegate=amqp://guest@127.0.0.1:5672/, localPort= 55931]
2022-11-17 10:45:47.172 [main] INFO  com.zhangyun.filecloud.server.ServerApplication - Started ServerApplication in 3.345 seconds (JVM running for 3.669)
2022-11-17 10:46:21.975 [nioEventLoopGroup-5-1] INFO  c.z.filecloud.common.protocol.MessageCodecSharable - 接收消息: {"deviceId":"933883a0-e655-49c8-a126-24166d0a2432","deviceName":"macbook air m1","messageType":5,"msgDesc":"LoginMessage","password":"1120","rootPath":"/Users/zhangyun/Documents/javaProject/FileCloud/rootPath","username":"zhangyun"}
2022-11-17 10:46:21.991 [nioEventLoopGroup-5-1] INFO  com.zaxxer.hikari.HikariDataSource - HikariPool-1 - Starting...
2022-11-17 10:46:22.069 [nioEventLoopGroup-5-1] INFO  com.zaxxer.hikari.HikariDataSource - HikariPool-1 - Start completed.
2022-11-17 10:46:22.102 [nioEventLoopGroup-5-1] INFO  c.zhangyun.filecloud.common.aspect.TraceLogAspect - 执行方法: UserServiceImpl.selectUserByName, 参数: username:"zhangyun" ====> User{userId=1, username=zhangyun, password=c6036a69be21cb660499b75718a3ef24, createTime=Thu Nov 03 11:03:15 CST 2022, modifiedTime=Thu Nov 03 11:03:15 CST 2022}, 时间: 122ms
2022-11-17 10:46:22.113 [nioEventLoopGroup-5-1] INFO  c.zhangyun.filecloud.common.aspect.TraceLogAspect - 执行方法: SessionService.bind, 参数: channel:{"active":true,"inputShutdown":false,"open":true,"outputShutdown":false,"registered":true,"shutdown":false,"writable":true}deviceId:"933883a0-e655-49c8-a126-24166d0a2432" ====> null, 时间: 1ms
2022-11-17 10:46:22.282 [nioEventLoopGroup-5-1] INFO  c.z.filecloud.common.protocol.MessageCodecSharable - 发送消息: {"code":200,"isRegister":true,"messageType":6,"msg":"登录成功！","msgDesc":"LoginResponseMessage","token":"85d844a1-0950-4ba1-9a65-c57f46e5fa76"}
2022-11-17 10:46:42.420 [nioEventLoopGroup-5-1] INFO  c.z.filecloud.common.protocol.MessageCodecSharable - 接收消息: {"deviceId":"933883a0-e655-49c8-a126-24166d0a2432","fileChangeBO":{"fileChangeModeEnum":"CREATE","lastModified":1668653202399,"relativePath":"f1"},"messageType":12,"msgDesc":"FileChangeMessage","token":"85d844a1-0950-4ba1-9a65-c57f46e5fa76","username":"zhangyun"}
2022-11-17 10:46:42.449 [nioEventLoopGroup-5-1] INFO  c.z.f.server.config.MetaObjectHandlerConfig - insert org.apache.ibatis.reflection.MetaObject@7c81a647, current: 2022-11-17 10:46:42.449
2022-11-17 10:46:42.458 [nioEventLoopGroup-5-1] INFO  c.z.f.server.config.MetaObjectHandlerConfig - insert org.apache.ibatis.reflection.MetaObject@13d82360, current: 2022-11-17 10:46:42.458
2022-11-17 10:51:09.336 [SpringApplicationShutdownHook] INFO  o.s.a.r.listener.SimpleMessageListenerContainer - Waiting for workers to finish.
2022-11-17 10:51:09.734 [nioEventLoopGroup-5-1] INFO  c.zhangyun.filecloud.common.aspect.TraceLogAspect - 执行方法: SessionService.unbind, 参数: channel:{"active":false,"inputShutdown":true,"open":false,"outputShutdown":true,"registered":true,"shutdown":true,"writable":false} ====> null, 时间: 0ms
2022-11-17 10:51:09.734 [nioEventLoopGroup-5-1] INFO  com.zhangyun.filecloud.server.handler.QuitHandler - 连接 [id: 0xe06c283f, L:0.0.0.0/0.0.0.0:8090 ! R:/127.0.0.1:56350] 断开
2022-11-17 10:51:10.257 [SpringApplicationShutdownHook] INFO  o.s.a.r.listener.SimpleMessageListenerContainer - Successfully waited for workers to finish.
2022-11-17 10:51:10.259 [SpringApplicationShutdownHook] INFO  o.s.a.r.listener.SimpleMessageListenerContainer - Waiting for workers to finish.
2022-11-17 10:51:10.332 [SpringApplicationShutdownHook] INFO  o.s.a.r.listener.SimpleMessageListenerContainer - Successfully waited for workers to finish.
2022-11-17 10:51:10.502 [SpringApplicationShutdownHook] INFO  com.zaxxer.hikari.HikariDataSource - HikariPool-1 - Shutdown initiated...
2022-11-17 10:51:10.521 [SpringApplicationShutdownHook] INFO  com.zaxxer.hikari.HikariDataSource - HikariPool-1 - Shutdown completed.
2022-11-17 10:51:14.579 [main] INFO  com.zhangyun.filecloud.server.ServerApplication - Starting ServerApplication using Java 1.8.0_342 on zhangyundeMacBook-Air.local with PID 14099 (/Users/zhangyun/Documents/javaProject/FileCloud/server/target/classes started by zhangyun in /Users/zhangyun/Documents/javaProject/FileCloud)
2022-11-17 10:51:14.581 [main] INFO  com.zhangyun.filecloud.server.ServerApplication - The following profiles are active: dev
2022-11-17 10:51:15.174 [main] INFO  o.s.d.r.config.RepositoryConfigurationDelegate - Multiple Spring Data modules found, entering strict repository configuration mode!
2022-11-17 10:51:15.175 [main] INFO  o.s.d.r.config.RepositoryConfigurationDelegate - Bootstrapping Spring Data Redis repositories in DEFAULT mode.
2022-11-17 10:51:15.190 [main] INFO  o.s.d.r.config.RepositoryConfigurationDelegate - Finished Spring Data repository scanning in 7 ms. Found 0 Redis repository interfaces.
2022-11-17 10:51:15.562 [main] INFO  o.s.boot.web.embedded.tomcat.TomcatWebServer - Tomcat initialized with port(s): 8080 (http)
2022-11-17 10:51:15.568 [main] INFO  org.apache.catalina.core.StandardService - Starting service [Tomcat]
2022-11-17 10:51:15.568 [main] INFO  org.apache.catalina.core.StandardEngine - Starting Servlet engine: [Apache Tomcat/9.0.54]
2022-11-17 10:51:15.643 [main] INFO  o.a.c.core.ContainerBase.[Tomcat].[localhost].[/] - Initializing Spring embedded WebApplicationContext
2022-11-17 10:51:15.643 [main] INFO  o.s.b.w.s.c.ServletWebServerApplicationContext - Root WebApplicationContext: initialization completed in 1000 ms
2022-11-17 10:51:17.834 [main] INFO  com.zhangyun.filecloud.server.service.NettyServer - netty server starting...
2022-11-17 10:51:17.836 [main] INFO  com.zhangyun.filecloud.server.service.NettyServer - netty server start success
2022-11-17 10:51:18.041 [main] INFO  s.d.s.w.PropertySourcedRequestMappingHandlerMapping - Mapped URL path [/v2/api-docs] onto method [springfox.documentation.swagger2.web.Swagger2Controller#getDocumentation(String, HttpServletRequest)]
2022-11-17 10:51:18.412 [main] INFO  o.s.boot.web.embedded.tomcat.TomcatWebServer - Tomcat started on port(s): 8080 (http) with context path ''
2022-11-17 10:51:18.412 [main] INFO  s.d.s.web.plugins.DocumentationPluginsBootstrapper - Context refreshed
2022-11-17 10:51:18.420 [main] INFO  s.d.s.web.plugins.DocumentationPluginsBootstrapper - Found 1 custom documentation plugin(s)
2022-11-17 10:51:18.434 [main] INFO  s.d.spring.web.scanners.ApiListingReferenceScanner - Scanning for api listing references
2022-11-17 10:51:18.498 [main] INFO  o.s.a.rabbit.connection.CachingConnectionFactory - Attempting to connect to: [localhost:5672]
2022-11-17 10:51:18.519 [main] INFO  o.s.a.rabbit.connection.CachingConnectionFactory - Created new connection: rabbitConnectionFactory#7fe8c7db:0/SimpleConnection@ff2266c [delegate=amqp://guest@127.0.0.1:5672/, localPort= 59890]
2022-11-17 10:51:18.551 [main] INFO  com.zhangyun.filecloud.server.ServerApplication - Started ServerApplication in 4.409 seconds (JVM running for 4.815)
2022-11-17 10:51:24.898 [nioEventLoopGroup-5-1] INFO  c.z.filecloud.common.protocol.MessageCodecSharable - 接收消息: {"deviceId":"933883a0-e655-49c8-a126-24166d0a2432","deviceName":"macbook air m1","messageType":5,"msgDesc":"LoginMessage","password":"1120","rootPath":"/Users/zhangyun/Documents/javaProject/FileCloud/rootPath","username":"zhangyun"}
2022-11-17 10:51:24.918 [nioEventLoopGroup-5-1] INFO  com.zaxxer.hikari.HikariDataSource - HikariPool-1 - Starting...
2022-11-17 10:51:24.990 [nioEventLoopGroup-5-1] INFO  com.zaxxer.hikari.HikariDataSource - HikariPool-1 - Start completed.
2022-11-17 10:51:25.023 [nioEventLoopGroup-5-1] INFO  c.zhangyun.filecloud.common.aspect.TraceLogAspect - 执行方法: UserServiceImpl.selectUserByName, 参数: username:"zhangyun" ====> User{userId=1, username=zhangyun, password=c6036a69be21cb660499b75718a3ef24, createTime=Thu Nov 03 11:03:15 CST 2022, modifiedTime=Thu Nov 03 11:03:15 CST 2022}, 时间: 120ms
2022-11-17 10:51:25.031 [nioEventLoopGroup-5-1] INFO  c.zhangyun.filecloud.common.aspect.TraceLogAspect - 执行方法: SessionService.bind, 参数: channel:{"active":true,"inputShutdown":false,"open":true,"outputShutdown":false,"registered":true,"shutdown":false,"writable":true}deviceId:"933883a0-e655-49c8-a126-24166d0a2432" ====> null, 时间: 1ms
2022-11-17 10:51:25.211 [nioEventLoopGroup-5-1] INFO  c.z.filecloud.common.protocol.MessageCodecSharable - 发送消息: {"code":200,"isRegister":true,"messageType":6,"msg":"登录成功！","msgDesc":"LoginResponseMessage","token":"42aa4435-6d35-452e-8cb6-2d2f464eb64e"}
2022-11-17 10:51:33.281 [nioEventLoopGroup-5-1] INFO  c.z.filecloud.common.protocol.MessageCodecSharable - 接收消息: {"deviceId":"933883a0-e655-49c8-a126-24166d0a2432","fileChangeBO":{"fileChangeModeEnum":"CREATE","lastModified":1668653493261,"relativePath":"f2"},"messageType":12,"msgDesc":"FileChangeMessage","token":"42aa4435-6d35-452e-8cb6-2d2f464eb64e","username":"zhangyun"}
2022-11-17 10:51:33.302 [nioEventLoopGroup-5-1] INFO  c.z.f.server.config.MetaObjectHandlerConfig - insert org.apache.ibatis.reflection.MetaObject@64b7efb2, current: 2022-11-17 10:51:33.302
2022-11-17 10:51:33.312 [nioEventLoopGroup-5-1] INFO  c.z.f.server.config.MetaObjectHandlerConfig - insert org.apache.ibatis.reflection.MetaObject@295ca1b5, current: 2022-11-17 10:51:33.312
2022-11-17 10:51:33.320 [nioEventLoopGroup-5-1] INFO  c.z.filecloud.common.protocol.MessageCodecSharable - 发送消息: {"deviceId":"933883a0-e655-49c8-a126-24166d0a2432","fileTransferBO":{"deviceId":"933883a0-e655-49c8-a126-24166d0a2432","relativePath":"f2","startPos":0,"transferModeEnum":"UPLOAD"},"messageType":13,"msgDesc":"FileTransferMessage"}
2022-11-17 10:51:33.333 [nioEventLoopGroup-5-1] INFO  c.z.filecloud.common.protocol.MessageCodecSharable - 接收消息: {"code":200,"desc":"ok","deviceId":"933883a0-e655-49c8-a126-24166d0a2432","messageType":14,"msgDesc":"FileTransferResponseMessage","nextPos":0,"statusEnum":"FINISHED","token":"42aa4435-6d35-452e-8cb6-2d2f464eb64e","username":"zhangyun"}
2022-11-17 10:52:23.167 [SpringApplicationShutdownHook] INFO  o.s.a.r.listener.SimpleMessageListenerContainer - Waiting for workers to finish.
2022-11-17 10:52:24.118 [SpringApplicationShutdownHook] INFO  o.s.a.r.listener.SimpleMessageListenerContainer - Successfully waited for workers to finish.
2022-11-17 10:52:24.119 [SpringApplicationShutdownHook] INFO  o.s.a.r.listener.SimpleMessageListenerContainer - Waiting for workers to finish.
2022-11-17 10:52:25.113 [SpringApplicationShutdownHook] INFO  o.s.a.r.listener.SimpleMessageListenerContainer - Successfully waited for workers to finish.
2022-11-17 10:52:25.260 [SpringApplicationShutdownHook] INFO  com.zaxxer.hikari.HikariDataSource - HikariPool-1 - Shutdown initiated...
2022-11-17 10:52:25.264 [SpringApplicationShutdownHook] INFO  com.zaxxer.hikari.HikariDataSource - HikariPool-1 - Shutdown completed.
2022-11-17 10:53:59.322 [main] INFO  com.zhangyun.filecloud.server.ServerApplication - Starting ServerApplication using Java 1.8.0_342 on zhangyundeMacBook-Air.local with PID 14646 (/Users/zhangyun/Documents/javaProject/FileCloud/server/target/classes started by zhangyun in /Users/zhangyun/Documents/javaProject/FileCloud)
2022-11-17 10:53:59.325 [main] INFO  com.zhangyun.filecloud.server.ServerApplication - The following profiles are active: dev
2022-11-17 10:53:59.931 [main] INFO  o.s.d.r.config.RepositoryConfigurationDelegate - Multiple Spring Data modules found, entering strict repository configuration mode!
2022-11-17 10:53:59.932 [main] INFO  o.s.d.r.config.RepositoryConfigurationDelegate - Bootstrapping Spring Data Redis repositories in DEFAULT mode.
2022-11-17 10:53:59.959 [main] INFO  o.s.d.r.config.RepositoryConfigurationDelegate - Finished Spring Data repository scanning in 10 ms. Found 0 Redis repository interfaces.
2022-11-17 10:54:00.352 [main] INFO  o.s.boot.web.embedded.tomcat.TomcatWebServer - Tomcat initialized with port(s): 8080 (http)
2022-11-17 10:54:00.359 [main] INFO  org.apache.catalina.core.StandardService - Starting service [Tomcat]
2022-11-17 10:54:00.359 [main] INFO  org.apache.catalina.core.StandardEngine - Starting Servlet engine: [Apache Tomcat/9.0.54]
2022-11-17 10:54:00.438 [main] INFO  o.a.c.core.ContainerBase.[Tomcat].[localhost].[/] - Initializing Spring embedded WebApplicationContext
2022-11-17 10:54:00.439 [main] INFO  o.s.b.w.s.c.ServletWebServerApplicationContext - Root WebApplicationContext: initialization completed in 1083 ms
2022-11-17 10:54:02.067 [main] INFO  com.zhangyun.filecloud.server.service.NettyServer - netty server starting...
2022-11-17 10:54:02.068 [main] INFO  com.zhangyun.filecloud.server.service.NettyServer - netty server start success
2022-11-17 10:54:02.263 [main] INFO  s.d.s.w.PropertySourcedRequestMappingHandlerMapping - Mapped URL path [/v2/api-docs] onto method [springfox.documentation.swagger2.web.Swagger2Controller#getDocumentation(String, HttpServletRequest)]
2022-11-17 10:54:02.646 [main] INFO  o.s.boot.web.embedded.tomcat.TomcatWebServer - Tomcat started on port(s): 8080 (http) with context path ''
2022-11-17 10:54:02.646 [main] INFO  s.d.s.web.plugins.DocumentationPluginsBootstrapper - Context refreshed
2022-11-17 10:54:02.653 [main] INFO  s.d.s.web.plugins.DocumentationPluginsBootstrapper - Found 1 custom documentation plugin(s)
2022-11-17 10:54:02.666 [main] INFO  s.d.spring.web.scanners.ApiListingReferenceScanner - Scanning for api listing references
2022-11-17 10:54:02.721 [main] INFO  o.s.a.rabbit.connection.CachingConnectionFactory - Attempting to connect to: [localhost:5672]
2022-11-17 10:54:02.743 [main] INFO  o.s.a.rabbit.connection.CachingConnectionFactory - Created new connection: rabbitConnectionFactory#7fe8c7db:0/SimpleConnection@71b3ba5a [delegate=amqp://guest@127.0.0.1:5672/, localPort= 61851]
2022-11-17 10:54:02.773 [main] INFO  com.zhangyun.filecloud.server.ServerApplication - Started ServerApplication in 3.846 seconds (JVM running for 4.408)
2022-11-17 10:55:11.693 [nioEventLoopGroup-5-1] INFO  c.z.filecloud.common.protocol.MessageCodecSharable - 接收消息: {"deviceId":"933883a0-e655-49c8-a126-24166d0a2432","deviceName":"macbook air m1","messageType":5,"msgDesc":"LoginMessage","password":"1120","rootPath":"/Users/zhangyun/Documents/javaProject/FileCloud/rootPath","username":"zhangyun"}
2022-11-17 10:55:11.708 [nioEventLoopGroup-5-1] INFO  com.zaxxer.hikari.HikariDataSource - HikariPool-1 - Starting...
2022-11-17 10:55:11.775 [nioEventLoopGroup-5-1] INFO  com.zaxxer.hikari.HikariDataSource - HikariPool-1 - Start completed.
2022-11-17 10:55:11.807 [nioEventLoopGroup-5-1] INFO  c.zhangyun.filecloud.common.aspect.TraceLogAspect - 执行方法: UserServiceImpl.selectUserByName, 参数: username:"zhangyun" ====> User{userId=1, username=zhangyun, password=c6036a69be21cb660499b75718a3ef24, createTime=Thu Nov 03 11:03:15 CST 2022, modifiedTime=Thu Nov 03 11:03:15 CST 2022}, 时间: 110ms
2022-11-17 10:55:11.815 [nioEventLoopGroup-5-1] INFO  c.zhangyun.filecloud.common.aspect.TraceLogAspect - 执行方法: SessionService.bind, 参数: channel:{"active":true,"inputShutdown":false,"open":true,"outputShutdown":false,"registered":true,"shutdown":false,"writable":true}deviceId:"933883a0-e655-49c8-a126-24166d0a2432" ====> null, 时间: 1ms
2022-11-17 10:55:11.964 [nioEventLoopGroup-5-1] INFO  c.z.filecloud.common.protocol.MessageCodecSharable - 发送消息: {"code":200,"isRegister":true,"messageType":6,"msg":"登录成功！","msgDesc":"LoginResponseMessage","token":"b222ec4f-847c-4d9d-af24-4277a8add5eb"}
2022-11-17 10:57:26.593 [nioEventLoopGroup-5-1] INFO  c.z.filecloud.common.protocol.MessageCodecSharable - 接收消息: {"deviceId":"933883a0-e655-49c8-a126-24166d0a2432","fileChangeBO":{"fileChangeModeEnum":"CREATE","lastModified":1668653846563,"relativePath":"f3"},"messageType":12,"msgDesc":"FileChangeMessage","token":"b222ec4f-847c-4d9d-af24-4277a8add5eb","username":"zhangyun"}
2022-11-17 10:59:52.820 [HikariPool-1 housekeeper] WARN  com.zaxxer.hikari.pool.HikariPool - HikariPool-1 - Thread starvation or clock leap detected (housekeeper delta=2m40s923ms).
2022-11-17 11:00:42.895 [HikariPool-1 housekeeper] WARN  com.zaxxer.hikari.pool.HikariPool - HikariPool-1 - Thread starvation or clock leap detected (housekeeper delta=50s76ms).
2022-11-17 11:00:48.477 [nioEventLoopGroup-5-1] INFO  c.z.f.server.config.MetaObjectHandlerConfig - insert org.apache.ibatis.reflection.MetaObject@5d586054, current: 2022-11-17 11:00:48.475
2022-11-17 11:01:36.210 [HikariPool-1 housekeeper] WARN  com.zaxxer.hikari.pool.HikariPool - HikariPool-1 - Thread starvation or clock leap detected (housekeeper delta=53s315ms).
2022-11-17 11:02:48.582 [HikariPool-1 housekeeper] WARN  com.zaxxer.hikari.pool.HikariPool - HikariPool-1 - Thread starvation or clock leap detected (housekeeper delta=1m12s372ms).
2022-11-17 11:02:52.412 [nioEventLoopGroup-5-1] INFO  c.z.f.server.config.MetaObjectHandlerConfig - insert org.apache.ibatis.reflection.MetaObject@51f1dbff, current: 2022-11-17 11:02:52.41
2022-11-17 11:03:39.106 [nioEventLoopGroup-5-1] INFO  c.z.filecloud.common.protocol.MessageCodecSharable - 发送消息: {"deviceId":"933883a0-e655-49c8-a126-24166d0a2432","fileTransferBO":{"deviceId":"933883a0-e655-49c8-a126-24166d0a2432","relativePath":"f3","startPos":0,"transferModeEnum":"UPLOAD"},"messageType":13,"msgDesc":"FileTransferMessage"}
2022-11-17 11:03:39.142 [nioEventLoopGroup-5-1] INFO  c.z.filecloud.common.protocol.MessageCodecSharable - 接收消息: {"code":200,"desc":"ok","deviceId":"933883a0-e655-49c8-a126-24166d0a2432","messageType":14,"msgDesc":"FileTransferResponseMessage","nextPos":0,"statusEnum":"FINISHED","token":"b222ec4f-847c-4d9d-af24-4277a8add5eb","username":"zhangyun"}
2022-11-17 11:04:35.371 [nioEventLoopGroup-5-1] INFO  c.z.filecloud.common.protocol.MessageCodecSharable - 接收消息: {"deviceId":"933883a0-e655-49c8-a126-24166d0a2432","fileChangeBO":{"fileChangeModeEnum":"CREATE","lastModified":1668654275364,"relativePath":"f4"},"messageType":12,"msgDesc":"FileChangeMessage","token":"b222ec4f-847c-4d9d-af24-4277a8add5eb","username":"zhangyun"}
2022-11-17 11:04:35.393 [nioEventLoopGroup-5-1] INFO  c.z.f.server.config.MetaObjectHandlerConfig - insert org.apache.ibatis.reflection.MetaObject@58bcb321, current: 2022-11-17 11:04:35.393
2022-11-17 11:04:35.400 [nioEventLoopGroup-5-1] INFO  c.z.f.server.config.MetaObjectHandlerConfig - insert org.apache.ibatis.reflection.MetaObject@7519c7ab, current: 2022-11-17 11:04:35.4
2022-11-17 11:04:35.404 [nioEventLoopGroup-5-1] INFO  c.z.filecloud.common.protocol.MessageCodecSharable - 发送消息: {"deviceId":"933883a0-e655-49c8-a126-24166d0a2432","fileTransferBO":{"deviceId":"933883a0-e655-49c8-a126-24166d0a2432","relativePath":"f4","startPos":0,"transferModeEnum":"UPLOAD"},"messageType":13,"msgDesc":"FileTransferMessage"}
2022-11-17 11:04:35.406 [nioEventLoopGroup-5-1] INFO  c.z.filecloud.common.protocol.MessageCodecSharable - 接收消息: {"code":200,"desc":"ok","deviceId":"933883a0-e655-49c8-a126-24166d0a2432","messageType":14,"msgDesc":"FileTransferResponseMessage","nextPos":0,"statusEnum":"FINISHED","token":"b222ec4f-847c-4d9d-af24-4277a8add5eb","username":"zhangyun"}
2022-11-17 11:05:35.617 [nioEventLoopGroup-5-1] INFO  c.z.filecloud.common.protocol.MessageCodecSharable - 接收消息: {"deviceId":"933883a0-e655-49c8-a126-24166d0a2432","fileChangeBO":{"fileChangeModeEnum":"CREATE","lastModified":1668654335614,"relativePath":"f5"},"messageType":12,"msgDesc":"FileChangeMessage","token":"b222ec4f-847c-4d9d-af24-4277a8add5eb","username":"zhangyun"}
2022-11-17 11:05:35.640 [nioEventLoopGroup-5-1] INFO  c.z.f.server.config.MetaObjectHandlerConfig - insert org.apache.ibatis.reflection.MetaObject@3e3d2a2e, current: 2022-11-17 11:05:35.64
2022-11-17 11:05:35.646 [nioEventLoopGroup-5-1] INFO  c.z.f.server.config.MetaObjectHandlerConfig - insert org.apache.ibatis.reflection.MetaObject@58af500e, current: 2022-11-17 11:05:35.646
2022-11-17 11:05:35.672 [nioEventLoopGroup-5-1] INFO  c.z.filecloud.common.protocol.MessageCodecSharable - 发送消息: {"deviceId":"933883a0-e655-49c8-a126-24166d0a2432","fileTransferBO":{"deviceId":"933883a0-e655-49c8-a126-24166d0a2432","relativePath":"f5","startPos":0,"transferModeEnum":"UPLOAD"},"messageType":13,"msgDesc":"FileTransferMessage"}
2022-11-17 11:05:35.676 [nioEventLoopGroup-5-1] INFO  c.z.filecloud.common.protocol.MessageCodecSharable - 接收消息: {"code":200,"desc":"ok","deviceId":"933883a0-e655-49c8-a126-24166d0a2432","messageType":14,"msgDesc":"FileTransferResponseMessage","nextPos":0,"statusEnum":"FINISHED","token":"b222ec4f-847c-4d9d-af24-4277a8add5eb","username":"zhangyun"}
2022-11-17 11:05:53.460 [SpringApplicationShutdownHook] INFO  o.s.a.r.listener.SimpleMessageListenerContainer - Waiting for workers to finish.
2022-11-17 11:05:53.510 [SpringApplicationShutdownHook] INFO  o.s.a.r.listener.SimpleMessageListenerContainer - Successfully waited for workers to finish.
2022-11-17 11:05:53.511 [SpringApplicationShutdownHook] INFO  o.s.a.r.listener.SimpleMessageListenerContainer - Waiting for workers to finish.
2022-11-17 11:05:53.531 [SpringApplicationShutdownHook] INFO  o.s.a.r.listener.SimpleMessageListenerContainer - Successfully waited for workers to finish.
2022-11-17 11:05:53.668 [SpringApplicationShutdownHook] INFO  com.zaxxer.hikari.HikariDataSource - HikariPool-1 - Shutdown initiated...
2022-11-17 11:05:53.673 [SpringApplicationShutdownHook] INFO  com.zaxxer.hikari.HikariDataSource - HikariPool-1 - Shutdown completed.
2022-11-17 11:05:58.110 [main] INFO  com.zhangyun.filecloud.server.ServerApplication - Starting ServerApplication using Java 1.8.0_342 on zhangyundeMacBook-Air.local with PID 17006 (/Users/zhangyun/Documents/javaProject/FileCloud/server/target/classes started by zhangyun in /Users/zhangyun/Documents/javaProject/FileCloud)
2022-11-17 11:05:58.112 [main] INFO  com.zhangyun.filecloud.server.ServerApplication - The following profiles are active: dev
2022-11-17 11:05:58.794 [main] INFO  o.s.d.r.config.RepositoryConfigurationDelegate - Multiple Spring Data modules found, entering strict repository configuration mode!
2022-11-17 11:05:58.795 [main] INFO  o.s.d.r.config.RepositoryConfigurationDelegate - Bootstrapping Spring Data Redis repositories in DEFAULT mode.
2022-11-17 11:05:58.813 [main] INFO  o.s.d.r.config.RepositoryConfigurationDelegate - Finished Spring Data repository scanning in 8 ms. Found 0 Redis repository interfaces.
2022-11-17 11:05:59.205 [main] INFO  o.s.boot.web.embedded.tomcat.TomcatWebServer - Tomcat initialized with port(s): 8080 (http)
2022-11-17 11:05:59.210 [main] INFO  org.apache.catalina.core.StandardService - Starting service [Tomcat]
2022-11-17 11:05:59.210 [main] INFO  org.apache.catalina.core.StandardEngine - Starting Servlet engine: [Apache Tomcat/9.0.54]
2022-11-17 11:05:59.306 [main] INFO  o.a.c.core.ContainerBase.[Tomcat].[localhost].[/] - Initializing Spring embedded WebApplicationContext
2022-11-17 11:05:59.306 [main] INFO  o.s.b.w.s.c.ServletWebServerApplicationContext - Root WebApplicationContext: initialization completed in 1147 ms
2022-11-17 11:06:20.012 [main] INFO  com.zhangyun.filecloud.server.service.NettyServer - netty server starting...
2022-11-17 11:06:20.015 [main] INFO  com.zhangyun.filecloud.server.service.NettyServer - netty server start success
2022-11-17 11:06:20.248 [main] INFO  s.d.s.w.PropertySourcedRequestMappingHandlerMapping - Mapped URL path [/v2/api-docs] onto method [springfox.documentation.swagger2.web.Swagger2Controller#getDocumentation(String, HttpServletRequest)]
2022-11-17 11:06:20.640 [main] INFO  o.s.boot.web.embedded.tomcat.TomcatWebServer - Tomcat started on port(s): 8080 (http) with context path ''
2022-11-17 11:06:20.640 [main] INFO  s.d.s.web.plugins.DocumentationPluginsBootstrapper - Context refreshed
2022-11-17 11:06:20.647 [main] INFO  s.d.s.web.plugins.DocumentationPluginsBootstrapper - Found 1 custom documentation plugin(s)
2022-11-17 11:06:20.660 [main] INFO  s.d.spring.web.scanners.ApiListingReferenceScanner - Scanning for api listing references
2022-11-17 11:06:20.718 [main] INFO  o.s.a.rabbit.connection.CachingConnectionFactory - Attempting to connect to: [localhost:5672]
2022-11-17 11:06:20.739 [main] INFO  o.s.a.rabbit.connection.CachingConnectionFactory - Created new connection: rabbitConnectionFactory#7fe8c7db:0/SimpleConnection@ff2266c [delegate=amqp://guest@127.0.0.1:5672/, localPort= 54199]
2022-11-17 11:06:20.772 [main] INFO  com.zhangyun.filecloud.server.ServerApplication - Started ServerApplication in 23.12 seconds (JVM running for 23.601)
2022-11-17 11:07:25.349 [nioEventLoopGroup-5-1] INFO  c.z.filecloud.common.protocol.MessageCodecSharable - 接收消息: {"deviceId":"933883a0-e655-49c8-a126-24166d0a2432","deviceName":"macbook air m1","messageType":5,"msgDesc":"LoginMessage","password":"1120","rootPath":"/Users/zhangyun/Documents/javaProject/FileCloud/rootPath","username":"zhangyun"}
2022-11-17 11:07:25.367 [nioEventLoopGroup-5-1] INFO  com.zaxxer.hikari.HikariDataSource - HikariPool-1 - Starting...
2022-11-17 11:07:25.468 [nioEventLoopGroup-5-1] INFO  com.zaxxer.hikari.HikariDataSource - HikariPool-1 - Start completed.
2022-11-17 11:07:25.520 [nioEventLoopGroup-5-1] INFO  c.zhangyun.filecloud.common.aspect.TraceLogAspect - 执行方法: UserServiceImpl.selectUserByName, 参数: username:"zhangyun" ====> User{userId=1, username=zhangyun, password=c6036a69be21cb660499b75718a3ef24, createTime=Thu Nov 03 11:03:15 CST 2022, modifiedTime=Thu Nov 03 11:03:15 CST 2022}, 时间: 166ms
2022-11-17 11:07:25.529 [nioEventLoopGroup-5-1] INFO  c.zhangyun.filecloud.common.aspect.TraceLogAspect - 执行方法: SessionService.bind, 参数: channel:{"active":true,"inputShutdown":false,"open":true,"outputShutdown":false,"registered":true,"shutdown":false,"writable":true}deviceId:"933883a0-e655-49c8-a126-24166d0a2432" ====> null, 时间: 1ms
2022-11-17 11:07:25.706 [nioEventLoopGroup-5-1] INFO  c.z.filecloud.common.protocol.MessageCodecSharable - 发送消息: {"code":200,"isRegister":true,"messageType":6,"msg":"登录成功！","msgDesc":"LoginResponseMessage","token":"90c5a361-88b3-4fd5-80a6-849b97010067"}
2022-11-17 11:07:33.789 [nioEventLoopGroup-5-1] INFO  c.z.filecloud.common.protocol.MessageCodecSharable - 接收消息: {"deviceId":"933883a0-e655-49c8-a126-24166d0a2432","fileChangeBO":{"fileChangeModeEnum":"CREATE","lastModified":1668654453767,"relativePath":"f2"},"messageType":12,"msgDesc":"FileChangeMessage","token":"90c5a361-88b3-4fd5-80a6-849b97010067","username":"zhangyun"}
2022-11-17 11:08:22.223 [HikariPool-1 housekeeper] WARN  com.zaxxer.hikari.pool.HikariPool - HikariPool-1 - Thread starvation or clock leap detected (housekeeper delta=56s651ms).
2022-11-17 11:09:29.536 [HikariPool-1 housekeeper] WARN  com.zaxxer.hikari.pool.HikariPool - HikariPool-1 - Thread starvation or clock leap detected (housekeeper delta=1m7s314ms).
2022-11-17 11:10:32.083 [HikariPool-1 housekeeper] WARN  com.zaxxer.hikari.pool.HikariPool - HikariPool-1 - Thread starvation or clock leap detected (housekeeper delta=1m2s547ms).
2022-11-17 11:10:32.095 [nioEventLoopGroup-5-1] INFO  c.z.f.server.config.MetaObjectHandlerConfig - insert org.apache.ibatis.reflection.MetaObject@776180ee, current: 2022-11-17 11:10:32.094
2022-11-17 11:10:32.105 [nioEventLoopGroup-5-1] INFO  c.z.f.server.config.MetaObjectHandlerConfig - insert org.apache.ibatis.reflection.MetaObject@3cb3c3eb, current: 2022-11-17 11:10:32.105
2022-11-17 11:10:32.111 [nioEventLoopGroup-5-1] INFO  c.z.filecloud.common.protocol.MessageCodecSharable - 发送消息: {"deviceId":"933883a0-e655-49c8-a126-24166d0a2432","fileTransferBO":{"deviceId":"933883a0-e655-49c8-a126-24166d0a2432","relativePath":"f2","startPos":0,"transferModeEnum":"UPLOAD"},"messageType":13,"msgDesc":"FileTransferMessage"}
2022-11-17 11:10:32.126 [SpringApplicationShutdownHook] INFO  o.s.a.r.listener.SimpleMessageListenerContainer - Waiting for workers to finish.
2022-11-17 11:10:32.518 [nioEventLoopGroup-5-1] INFO  c.zhangyun.filecloud.common.aspect.TraceLogAspect - 执行方法: SessionService.unbind, 参数: channel:{"active":true,"inputShutdown":false,"open":true,"outputShutdown":false,"registered":true,"shutdown":false,"writable":true} ====> null, 时间: 0ms
2022-11-17 11:10:32.519 [nioEventLoopGroup-5-1] INFO  com.zhangyun.filecloud.server.handler.QuitHandler - 连接 [id: 0xb2dbbc5c, L:/127.0.0.1:8090 - R:/127.0.0.1:54967] 异常, Connection reset by peer
2022-11-17 11:10:32.520 [nioEventLoopGroup-5-1] INFO  c.zhangyun.filecloud.common.aspect.TraceLogAspect - 执行方法: SessionService.unbind, 参数: channel:{"active":false,"inputShutdown":true,"open":false,"outputShutdown":true,"registered":true,"shutdown":true,"writable":false} ====> null, 时间: 0ms
2022-11-17 11:10:32.521 [nioEventLoopGroup-5-1] INFO  com.zhangyun.filecloud.server.handler.QuitHandler - 连接 [id: 0xb2dbbc5c, L:/127.0.0.1:8090 ! R:/127.0.0.1:54967] 断开
2022-11-17 11:10:33.093 [SpringApplicationShutdownHook] INFO  o.s.a.r.listener.SimpleMessageListenerContainer - Successfully waited for workers to finish.
2022-11-17 11:10:33.094 [SpringApplicationShutdownHook] INFO  o.s.a.r.listener.SimpleMessageListenerContainer - Waiting for workers to finish.
2022-11-17 11:10:34.129 [SpringApplicationShutdownHook] INFO  o.s.a.r.listener.SimpleMessageListenerContainer - Successfully waited for workers to finish.
2022-11-17 11:10:34.366 [SpringApplicationShutdownHook] INFO  com.zaxxer.hikari.HikariDataSource - HikariPool-1 - Shutdown initiated...
2022-11-17 11:10:34.376 [SpringApplicationShutdownHook] INFO  com.zaxxer.hikari.HikariDataSource - HikariPool-1 - Shutdown completed.
2022-11-17 11:10:37.281 [main] INFO  com.zhangyun.filecloud.server.ServerApplication - Starting ServerApplication using Java 1.8.0_342 on zhangyundeMacBook-Air.local with PID 17944 (/Users/zhangyun/Documents/javaProject/FileCloud/server/target/classes started by zhangyun in /Users/zhangyun/Documents/javaProject/FileCloud)
2022-11-17 11:10:37.283 [main] INFO  com.zhangyun.filecloud.server.ServerApplication - The following profiles are active: dev
2022-11-17 11:10:38.171 [main] INFO  o.s.d.r.config.RepositoryConfigurationDelegate - Multiple Spring Data modules found, entering strict repository configuration mode!
2022-11-17 11:10:38.172 [main] INFO  o.s.d.r.config.RepositoryConfigurationDelegate - Bootstrapping Spring Data Redis repositories in DEFAULT mode.
2022-11-17 11:10:38.198 [main] INFO  o.s.d.r.config.RepositoryConfigurationDelegate - Finished Spring Data repository scanning in 12 ms. Found 0 Redis repository interfaces.
2022-11-17 11:10:38.607 [main] INFO  o.s.boot.web.embedded.tomcat.TomcatWebServer - Tomcat initialized with port(s): 8080 (http)
2022-11-17 11:10:38.614 [main] INFO  org.apache.catalina.core.StandardService - Starting service [Tomcat]
2022-11-17 11:10:38.615 [main] INFO  org.apache.catalina.core.StandardEngine - Starting Servlet engine: [Apache Tomcat/9.0.54]
2022-11-17 11:10:38.690 [main] INFO  o.a.c.core.ContainerBase.[Tomcat].[localhost].[/] - Initializing Spring embedded WebApplicationContext
2022-11-17 11:10:38.690 [main] INFO  o.s.b.w.s.c.ServletWebServerApplicationContext - Root WebApplicationContext: initialization completed in 1354 ms
2022-11-17 11:10:39.885 [main] INFO  com.zhangyun.filecloud.server.service.NettyServer - netty server starting...
2022-11-17 11:10:39.886 [main] INFO  com.zhangyun.filecloud.server.service.NettyServer - netty server start success
2022-11-17 11:10:40.098 [main] INFO  s.d.s.w.PropertySourcedRequestMappingHandlerMapping - Mapped URL path [/v2/api-docs] onto method [springfox.documentation.swagger2.web.Swagger2Controller#getDocumentation(String, HttpServletRequest)]
2022-11-17 11:10:40.501 [main] INFO  o.s.boot.web.embedded.tomcat.TomcatWebServer - Tomcat started on port(s): 8080 (http) with context path ''
2022-11-17 11:10:40.502 [main] INFO  s.d.s.web.plugins.DocumentationPluginsBootstrapper - Context refreshed
2022-11-17 11:10:40.509 [main] INFO  s.d.s.web.plugins.DocumentationPluginsBootstrapper - Found 1 custom documentation plugin(s)
2022-11-17 11:10:40.523 [main] INFO  s.d.spring.web.scanners.ApiListingReferenceScanner - Scanning for api listing references
2022-11-17 11:10:40.586 [main] INFO  o.s.a.rabbit.connection.CachingConnectionFactory - Attempting to connect to: [localhost:5672]
2022-11-17 11:10:40.608 [main] INFO  o.s.a.rabbit.connection.CachingConnectionFactory - Created new connection: rabbitConnectionFactory#2dba05b1:0/SimpleConnection@71b3ba5a [delegate=amqp://guest@127.0.0.1:5672/, localPort= 57302]
2022-11-17 11:10:40.641 [main] INFO  com.zhangyun.filecloud.server.ServerApplication - Started ServerApplication in 3.798 seconds (JVM running for 4.434)
2022-11-17 11:11:03.048 [nioEventLoopGroup-5-1] INFO  c.z.filecloud.common.protocol.MessageCodecSharable - 接收消息: {"deviceId":"933883a0-e655-49c8-a126-24166d0a2432","deviceName":"macbook air m1","messageType":5,"msgDesc":"LoginMessage","password":"1120","rootPath":"/Users/zhangyun/Documents/javaProject/FileCloud/rootPath","username":"zhangyun"}
2022-11-17 11:11:03.064 [nioEventLoopGroup-5-1] INFO  com.zaxxer.hikari.HikariDataSource - HikariPool-1 - Starting...
2022-11-17 11:11:03.132 [nioEventLoopGroup-5-1] INFO  com.zaxxer.hikari.HikariDataSource - HikariPool-1 - Start completed.
2022-11-17 11:11:03.164 [nioEventLoopGroup-5-1] INFO  c.zhangyun.filecloud.common.aspect.TraceLogAspect - 执行方法: UserServiceImpl.selectUserByName, 参数: username:"zhangyun" ====> User{userId=1, username=zhangyun, password=c6036a69be21cb660499b75718a3ef24, createTime=Thu Nov 03 11:03:15 CST 2022, modifiedTime=Thu Nov 03 11:03:15 CST 2022}, 时间: 112ms
2022-11-17 11:11:03.173 [nioEventLoopGroup-5-1] INFO  c.zhangyun.filecloud.common.aspect.TraceLogAspect - 执行方法: SessionService.bind, 参数: channel:{"active":true,"inputShutdown":false,"open":true,"outputShutdown":false,"registered":true,"shutdown":false,"writable":true}deviceId:"933883a0-e655-49c8-a126-24166d0a2432" ====> null, 时间: 1ms
2022-11-17 11:11:03.331 [nioEventLoopGroup-5-1] INFO  c.z.filecloud.common.protocol.MessageCodecSharable - 发送消息: {"code":200,"isRegister":true,"messageType":6,"msg":"登录成功！","msgDesc":"LoginResponseMessage","token":"ba1cd968-55ea-4515-803b-a8f0838a6289"}
2022-11-17 11:11:26.291 [SpringApplicationShutdownHook] INFO  o.s.a.r.listener.SimpleMessageListenerContainer - Waiting for workers to finish.
2022-11-17 11:11:26.671 [nioEventLoopGroup-5-1] INFO  c.zhangyun.filecloud.common.aspect.TraceLogAspect - 执行方法: SessionService.unbind, 参数: channel:{"active":false,"inputShutdown":true,"open":false,"outputShutdown":true,"registered":true,"shutdown":true,"writable":false} ====> null, 时间: 0ms
2022-11-17 11:11:26.672 [nioEventLoopGroup-5-1] INFO  com.zhangyun.filecloud.server.handler.QuitHandler - 连接 [id: 0xb19505b8, L:0.0.0.0/0.0.0.0:8090 ! R:/127.0.0.1:57569] 断开
2022-11-17 11:11:26.806 [SpringApplicationShutdownHook] INFO  o.s.a.r.listener.SimpleMessageListenerContainer - Successfully waited for workers to finish.
2022-11-17 11:11:26.807 [SpringApplicationShutdownHook] INFO  o.s.a.r.listener.SimpleMessageListenerContainer - Waiting for workers to finish.
2022-11-17 11:11:27.801 [SpringApplicationShutdownHook] INFO  o.s.a.r.listener.SimpleMessageListenerContainer - Successfully waited for workers to finish.
2022-11-17 11:11:27.954 [SpringApplicationShutdownHook] INFO  com.zaxxer.hikari.HikariDataSource - HikariPool-1 - Shutdown initiated...
2022-11-17 11:11:27.958 [SpringApplicationShutdownHook] INFO  com.zaxxer.hikari.HikariDataSource - HikariPool-1 - Shutdown completed.
2022-11-17 11:11:30.494 [main] INFO  com.zhangyun.filecloud.server.ServerApplication - Starting ServerApplication using Java 1.8.0_342 on zhangyundeMacBook-Air.local with PID 18123 (/Users/zhangyun/Documents/javaProject/FileCloud/server/target/classes started by zhangyun in /Users/zhangyun/Documents/javaProject/FileCloud)
2022-11-17 11:11:30.498 [main] INFO  com.zhangyun.filecloud.server.ServerApplication - The following profiles are active: dev
2022-11-17 11:11:31.106 [main] INFO  o.s.d.r.config.RepositoryConfigurationDelegate - Multiple Spring Data modules found, entering strict repository configuration mode!
2022-11-17 11:11:31.108 [main] INFO  o.s.d.r.config.RepositoryConfigurationDelegate - Bootstrapping Spring Data Redis repositories in DEFAULT mode.
2022-11-17 11:11:31.127 [main] INFO  o.s.d.r.config.RepositoryConfigurationDelegate - Finished Spring Data repository scanning in 9 ms. Found 0 Redis repository interfaces.
2022-11-17 11:11:31.524 [main] INFO  o.s.boot.web.embedded.tomcat.TomcatWebServer - Tomcat initialized with port(s): 8080 (http)
2022-11-17 11:11:31.530 [main] INFO  org.apache.catalina.core.StandardService - Starting service [Tomcat]
2022-11-17 11:11:31.530 [main] INFO  org.apache.catalina.core.StandardEngine - Starting Servlet engine: [Apache Tomcat/9.0.54]
2022-11-17 11:11:31.603 [main] INFO  o.a.c.core.ContainerBase.[Tomcat].[localhost].[/] - Initializing Spring embedded WebApplicationContext
2022-11-17 11:11:31.604 [main] INFO  o.s.b.w.s.c.ServletWebServerApplicationContext - Root WebApplicationContext: initialization completed in 1064 ms
2022-11-17 11:11:32.763 [main] INFO  com.zhangyun.filecloud.server.service.NettyServer - netty server starting...
2022-11-17 11:11:32.765 [main] INFO  com.zhangyun.filecloud.server.service.NettyServer - netty server start success
2022-11-17 11:11:32.984 [main] INFO  s.d.s.w.PropertySourcedRequestMappingHandlerMapping - Mapped URL path [/v2/api-docs] onto method [springfox.documentation.swagger2.web.Swagger2Controller#getDocumentation(String, HttpServletRequest)]
2022-11-17 11:11:33.368 [main] INFO  o.s.boot.web.embedded.tomcat.TomcatWebServer - Tomcat started on port(s): 8080 (http) with context path ''
2022-11-17 11:11:33.368 [main] INFO  s.d.s.web.plugins.DocumentationPluginsBootstrapper - Context refreshed
2022-11-17 11:11:33.376 [main] INFO  s.d.s.web.plugins.DocumentationPluginsBootstrapper - Found 1 custom documentation plugin(s)
2022-11-17 11:11:33.389 [main] INFO  s.d.spring.web.scanners.ApiListingReferenceScanner - Scanning for api listing references
2022-11-17 11:11:33.450 [main] INFO  o.s.a.rabbit.connection.CachingConnectionFactory - Attempting to connect to: [localhost:5672]
2022-11-17 11:11:33.483 [main] INFO  o.s.a.rabbit.connection.CachingConnectionFactory - Created new connection: rabbitConnectionFactory#7fe8c7db:0/SimpleConnection@71b3ba5a [delegate=amqp://guest@127.0.0.1:5672/, localPort= 57966]
2022-11-17 11:11:33.596 [main] INFO  com.zhangyun.filecloud.server.ServerApplication - Started ServerApplication in 3.557 seconds (JVM running for 3.967)
2022-11-17 11:11:33.633 [nioEventLoopGroup-5-1] INFO  c.z.filecloud.common.protocol.MessageCodecSharable - 接收消息: {"deviceId":"933883a0-e655-49c8-a126-24166d0a2432","deviceName":"macbook air m1","messageType":5,"msgDesc":"LoginMessage","password":"1120","rootPath":"/Users/zhangyun/Documents/javaProject/FileCloud/rootPath","username":"zhangyun"}
2022-11-17 11:11:33.649 [nioEventLoopGroup-5-1] INFO  com.zaxxer.hikari.HikariDataSource - HikariPool-1 - Starting...
2022-11-17 11:11:33.717 [nioEventLoopGroup-5-1] INFO  com.zaxxer.hikari.HikariDataSource - HikariPool-1 - Start completed.
2022-11-17 11:11:33.740 [nioEventLoopGroup-5-1] INFO  c.zhangyun.filecloud.common.aspect.TraceLogAspect - 执行方法: UserServiceImpl.selectUserByName, 参数: username:"zhangyun" ====> User{userId=1, username=zhangyun, password=c6036a69be21cb660499b75718a3ef24, createTime=Thu Nov 03 11:03:15 CST 2022, modifiedTime=Thu Nov 03 11:03:15 CST 2022}, 时间: 103ms
2022-11-17 11:11:33.749 [nioEventLoopGroup-5-1] INFO  c.zhangyun.filecloud.common.aspect.TraceLogAspect - 执行方法: SessionService.bind, 参数: channel:{"active":true,"inputShutdown":false,"open":true,"outputShutdown":false,"registered":true,"shutdown":false,"writable":true}deviceId:"933883a0-e655-49c8-a126-24166d0a2432" ====> null, 时间: 1ms
2022-11-17 11:11:33.915 [nioEventLoopGroup-5-1] INFO  c.z.filecloud.common.protocol.MessageCodecSharable - 发送消息: {"code":200,"isRegister":true,"messageType":6,"msg":"登录成功！","msgDesc":"LoginResponseMessage","token":"551d357e-06ee-4a37-9866-28cdb5cd8999"}
2022-11-17 11:11:52.021 [nioEventLoopGroup-5-1] INFO  c.z.filecloud.common.protocol.MessageCodecSharable - 接收消息: {"deviceId":"933883a0-e655-49c8-a126-24166d0a2432","fileChangeBO":{"fileChangeModeEnum":"CREATE","lastModified":1668654712012,"relativePath":"f3"},"messageType":12,"msgDesc":"FileChangeMessage","token":"551d357e-06ee-4a37-9866-28cdb5cd8999","username":"zhangyun"}
2022-11-17 11:12:53.802 [HikariPool-1 housekeeper] WARN  com.zaxxer.hikari.pool.HikariPool - HikariPool-1 - Thread starvation or clock leap detected (housekeeper delta=48s609ms).
2022-11-17 11:15:39.772 [HikariPool-1 housekeeper] WARN  com.zaxxer.hikari.pool.HikariPool - HikariPool-1 - Thread starvation or clock leap detected (housekeeper delta=2m47s339ms).
2022-11-17 11:15:39.774 [AMQP Connection 127.0.0.1:5672] WARN  com.rabbitmq.client.impl.ForgivingExceptionHandler - An unexpected connection driver error occured (Exception message: Connection reset)
2022-11-17 11:15:39.788 [nioEventLoopGroup-5-1] INFO  c.z.f.server.config.MetaObjectHandlerConfig - insert org.apache.ibatis.reflection.MetaObject@41cf433d, current: 2022-11-17 11:15:39.788
2022-11-17 11:15:39.800 [nioEventLoopGroup-5-1] INFO  c.z.f.server.config.MetaObjectHandlerConfig - insert org.apache.ibatis.reflection.MetaObject@4e8087e2, current: 2022-11-17 11:15:39.8
2022-11-17 11:15:39.805 [nioEventLoopGroup-5-1] INFO  c.z.filecloud.common.protocol.MessageCodecSharable - 发送消息: {"deviceId":"933883a0-e655-49c8-a126-24166d0a2432","fileTransferBO":{"deviceId":"933883a0-e655-49c8-a126-24166d0a2432","relativePath":"f3","startPos":0,"transferModeEnum":"UPLOAD"},"messageType":13,"msgDesc":"FileTransferMessage"}
2022-11-17 11:15:39.821 [nioEventLoopGroup-5-1] INFO  c.z.filecloud.common.protocol.MessageCodecSharable - 接收消息: {"code":200,"desc":"ok","deviceId":"933883a0-e655-49c8-a126-24166d0a2432","messageType":14,"msgDesc":"FileTransferResponseMessage","nextPos":0,"statusEnum":"FINISHED","token":"551d357e-06ee-4a37-9866-28cdb5cd8999","username":"zhangyun"}
2022-11-17 11:15:48.186 [org.springframework.amqp.rabbit.RabbitListenerEndpointContainer#1-1] INFO  o.s.a.r.listener.SimpleMessageListenerContainer - Restarting Consumer@5273143e: tags=[[amq.ctag-Y4XDTZ8A36pmRcLBlouvCA]], channel=Cached Rabbit Channel: AMQChannel(amqp://guest@127.0.0.1:5672/,2), conn: Proxy@5fbae40 Shared Rabbit Connection: SimpleConnection@71b3ba5a [delegate=amqp://guest@127.0.0.1:5672/, localPort= 57966], acknowledgeMode=AUTO local queue size=0
2022-11-17 11:15:48.186 [org.springframework.amqp.rabbit.RabbitListenerEndpointContainer#0-1] INFO  o.s.a.r.listener.SimpleMessageListenerContainer - Restarting Consumer@bc8d68b: tags=[[amq.ctag-R8YhxCXBhvzuuN5SqgN9xw]], channel=Cached Rabbit Channel: AMQChannel(amqp://guest@127.0.0.1:5672/,1), conn: Proxy@5fbae40 Shared Rabbit Connection: SimpleConnection@71b3ba5a [delegate=amqp://guest@127.0.0.1:5672/, localPort= 57966], acknowledgeMode=AUTO local queue size=0
2022-11-17 11:15:48.195 [org.springframework.amqp.rabbit.RabbitListenerEndpointContainer#1-2] INFO  o.s.a.rabbit.connection.CachingConnectionFactory - Attempting to connect to: [localhost:5672]
2022-11-17 11:15:48.204 [org.springframework.amqp.rabbit.RabbitListenerEndpointContainer#1-2] INFO  o.s.a.rabbit.connection.CachingConnectionFactory - Created new connection: rabbitConnectionFactory#7fe8c7db:1/SimpleConnection@1ecc05d6 [delegate=amqp://guest@127.0.0.1:5672/, localPort= 60995]
2022-11-17 11:20:39.298 [nioEventLoopGroup-5-1] INFO  c.z.filecloud.common.protocol.MessageCodecSharable - 接收消息: {"deviceId":"933883a0-e655-49c8-a126-24166d0a2432","fileChangeBO":{"fileChangeModeEnum":"CREATE","lastModified":1668655239288,"relativePath":"f4"},"messageType":12,"msgDesc":"FileChangeMessage","token":"551d357e-06ee-4a37-9866-28cdb5cd8999","username":"zhangyun"}
2022-11-17 11:24:21.130 [AMQP Connection 127.0.0.1:5672] WARN  com.rabbitmq.client.impl.ForgivingExceptionHandler - An unexpected connection driver error occured (Exception message: Connection reset)
2022-11-17 11:24:21.130 [HikariPool-1 housekeeper] WARN  com.zaxxer.hikari.pool.HikariPool - HikariPool-1 - Thread starvation or clock leap detected (housekeeper delta=3m29s521ms).
2022-11-17 11:24:21.134 [nioEventLoopGroup-5-1] INFO  c.z.f.server.config.MetaObjectHandlerConfig - insert org.apache.ibatis.reflection.MetaObject@78a501a7, current: 2022-11-17 11:24:21.134
2022-11-17 11:24:21.145 [nioEventLoopGroup-5-1] INFO  c.z.f.server.config.MetaObjectHandlerConfig - insert org.apache.ibatis.reflection.MetaObject@34142685, current: 2022-11-17 11:24:21.145
2022-11-17 11:24:21.149 [nioEventLoopGroup-5-1] INFO  c.z.filecloud.common.protocol.MessageCodecSharable - 发送消息: {"deviceId":"933883a0-e655-49c8-a126-24166d0a2432","fileTransferBO":{"deviceId":"933883a0-e655-49c8-a126-24166d0a2432","relativePath":"f4","startPos":0,"transferModeEnum":"UPLOAD"},"messageType":13,"msgDesc":"FileTransferMessage"}
2022-11-17 11:24:21.158 [nioEventLoopGroup-5-1] INFO  c.z.filecloud.common.protocol.MessageCodecSharable - 接收消息: {"code":200,"desc":"ok","deviceId":"933883a0-e655-49c8-a126-24166d0a2432","messageType":14,"msgDesc":"FileTransferResponseMessage","nextPos":0,"statusEnum":"FINISHED","token":"551d357e-06ee-4a37-9866-28cdb5cd8999","username":"zhangyun"}
2022-11-17 11:24:21.198 [SpringApplicationShutdownHook] INFO  o.s.a.r.listener.SimpleMessageListenerContainer - Waiting for workers to finish.
2022-11-17 11:24:21.199 [SpringApplicationShutdownHook] INFO  o.s.a.r.listener.SimpleMessageListenerContainer - Successfully waited for workers to finish.
2022-11-17 11:24:21.199 [SpringApplicationShutdownHook] INFO  o.s.a.r.listener.SimpleMessageListenerContainer - Waiting for workers to finish.
2022-11-17 11:24:21.199 [SpringApplicationShutdownHook] INFO  o.s.a.r.listener.SimpleMessageListenerContainer - Successfully waited for workers to finish.
2022-11-17 11:24:21.330 [SpringApplicationShutdownHook] INFO  com.zaxxer.hikari.HikariDataSource - HikariPool-1 - Shutdown initiated...
2022-11-17 11:24:21.334 [SpringApplicationShutdownHook] INFO  com.zaxxer.hikari.HikariDataSource - HikariPool-1 - Shutdown completed.
2022-11-17 21:43:24.721 [main] INFO  com.zhangyun.filecloud.server.ServerApplication - Starting ServerApplication using Java 1.8.0_342 on zhangyundeMacBook-Air.local with PID 76717 (/Users/zhangyun/Documents/javaProject/FileCloud/server/target/classes started by zhangyun in /Users/zhangyun/Documents/javaProject/FileCloud)
2022-11-17 21:43:24.723 [main] INFO  com.zhangyun.filecloud.server.ServerApplication - The following profiles are active: dev
2022-11-17 21:43:25.239 [main] INFO  o.s.d.r.config.RepositoryConfigurationDelegate - Multiple Spring Data modules found, entering strict repository configuration mode!
2022-11-17 21:43:25.240 [main] INFO  o.s.d.r.config.RepositoryConfigurationDelegate - Bootstrapping Spring Data Redis repositories in DEFAULT mode.
2022-11-17 21:43:25.258 [main] INFO  o.s.d.r.config.RepositoryConfigurationDelegate - Finished Spring Data repository scanning in 8 ms. Found 0 Redis repository interfaces.
2022-11-17 21:43:25.654 [main] INFO  o.s.boot.web.embedded.tomcat.TomcatWebServer - Tomcat initialized with port(s): 8080 (http)
2022-11-17 21:43:25.660 [main] INFO  org.apache.catalina.core.StandardService - Starting service [Tomcat]
2022-11-17 21:43:25.660 [main] INFO  org.apache.catalina.core.StandardEngine - Starting Servlet engine: [Apache Tomcat/9.0.54]
2022-11-17 21:43:25.730 [main] INFO  o.a.c.core.ContainerBase.[Tomcat].[localhost].[/] - Initializing Spring embedded WebApplicationContext
2022-11-17 21:43:25.730 [main] INFO  o.s.b.w.s.c.ServletWebServerApplicationContext - Root WebApplicationContext: initialization completed in 980 ms
2022-11-17 21:43:28.380 [main] INFO  com.zhangyun.filecloud.server.service.NettyServer - netty server starting...
2022-11-17 21:43:28.382 [main] INFO  com.zhangyun.filecloud.server.service.NettyServer - netty server start success
2022-11-17 21:43:28.595 [main] INFO  s.d.s.w.PropertySourcedRequestMappingHandlerMapping - Mapped URL path [/v2/api-docs] onto method [springfox.documentation.swagger2.web.Swagger2Controller#getDocumentation(String, HttpServletRequest)]
2022-11-17 21:43:29.092 [main] INFO  o.s.boot.web.embedded.tomcat.TomcatWebServer - Tomcat started on port(s): 8080 (http) with context path ''
2022-11-17 21:43:29.093 [main] INFO  s.d.s.web.plugins.DocumentationPluginsBootstrapper - Context refreshed
2022-11-17 21:43:29.101 [main] INFO  s.d.s.web.plugins.DocumentationPluginsBootstrapper - Found 1 custom documentation plugin(s)
2022-11-17 21:43:29.115 [main] INFO  s.d.spring.web.scanners.ApiListingReferenceScanner - Scanning for api listing references
2022-11-17 21:43:29.183 [main] INFO  com.zhangyun.filecloud.server.ServerApplication - Started ServerApplication in 4.76 seconds (JVM running for 5.24)
