2022-11-03 00:00:43.561 [SpringApplicationShutdownHook] INFO  com.zaxxer.hikari.HikariDataSource - HikariPool-1 - Shutdown initiated...
2022-11-03 00:00:43.568 [SpringApplicationShutdownHook] INFO  com.zaxxer.hikari.HikariDataSource - HikariPool-1 - Shutdown completed.
2022-11-03 00:24:34.814 [main] INFO  com.zhangyun.filecloud.server.ServerApplication - Starting ServerApplication using Java 1.8.0_342 on zhangyundeMacBook-Air.local with PID 96267 (/Users/zhangyun/Documents/javaProject/FileCloud/server/target/classes started by zhangyun in /Users/zhangyun/Documents/javaProject/FileCloud)
2022-11-03 00:24:34.816 [main] INFO  com.zhangyun.filecloud.server.ServerApplication - The following profiles are active: dev
2022-11-03 00:24:35.535 [main] INFO  o.s.boot.web.embedded.tomcat.TomcatWebServer - Tomcat initialized with port(s): 8080 (http)
2022-11-03 00:24:35.539 [main] INFO  org.apache.catalina.core.StandardService - Starting service [Tomcat]
2022-11-03 00:24:35.540 [main] INFO  org.apache.catalina.core.StandardEngine - Starting Servlet engine: [Apache Tomcat/9.0.54]
2022-11-03 00:24:35.573 [main] INFO  o.a.c.core.ContainerBase.[Tomcat].[localhost].[/] - Initializing Spring embedded WebApplicationContext
2022-11-03 00:24:35.573 [main] INFO  o.s.b.w.s.c.ServletWebServerApplicationContext - Root WebApplicationContext: initialization completed in 725 ms
2022-11-03 00:24:36.030 [main] INFO  s.d.s.w.PropertySourcedRequestMappingHandlerMapping - Mapped URL path [/v2/api-docs] onto method [springfox.documentation.swagger2.web.Swagger2Controller#getDocumentation(String, HttpServletRequest)]
2022-11-03 00:24:36.193 [main] INFO  o.s.boot.web.embedded.tomcat.TomcatWebServer - Tomcat started on port(s): 8080 (http) with context path ''
2022-11-03 00:24:36.193 [main] INFO  s.d.s.web.plugins.DocumentationPluginsBootstrapper - Context refreshed
2022-11-03 00:24:36.200 [main] INFO  s.d.s.web.plugins.DocumentationPluginsBootstrapper - Found 1 custom documentation plugin(s)
2022-11-03 00:24:36.211 [main] INFO  s.d.spring.web.scanners.ApiListingReferenceScanner - Scanning for api listing references
2022-11-03 00:24:36.262 [main] INFO  com.zhangyun.filecloud.server.ServerApplication - Started ServerApplication in 1.705 seconds (JVM running for 2.004)
2022-11-03 00:24:36.264 [main] INFO  com.zhangyun.filecloud.server.service.NettyServer - netty server starting...
2022-11-03 00:24:36.266 [main] INFO  com.zhangyun.filecloud.server.service.NettyServer - netty server start success
2022-11-03 00:25:10.945 [nioEventLoopGroup-3-1] INFO  c.z.filecloud.common.protocol.MessageCodecSharable - 接收消息: {"filePath":"/Users/zhangyun/test/source/dir1","lastModified":1667406305876,"messageType":1,"operationEnum":"DIRECTORY_CREATE","startPos":0,"statusEnum":"FINISHED"}
2022-11-03 00:25:10.947 [nioEventLoopGroup-3-1] INFO  c.z.filecloud.server.handler.UploadMessageHandler - 文件夹 /Users/zhangyun/test/target/dir1 创建！
2022-11-03 00:25:10.949 [nioEventLoopGroup-3-1] INFO  c.z.filecloud.common.protocol.MessageCodecSharable - 发送消息: {"filePath":"/Users/zhangyun/test/source/dir1","messageType":2,"nextPos":-1,"operationEnum":"DIRECTORY_CREATE","statusEnum":"FINISHED"}
2022-11-03 10:35:41.161 [main] INFO  com.zhangyun.filecloud.server.ServerApplication - Starting ServerApplication using Java 1.8.0_342 on zhangyundeMacBook-Air.local with PID 8121 (/Users/zhangyun/Documents/javaProject/FileCloud/server/target/classes started by zhangyun in /Users/zhangyun/Documents/javaProject/FileCloud)
2022-11-03 10:35:41.163 [main] INFO  com.zhangyun.filecloud.server.ServerApplication - The following profiles are active: dev
2022-11-03 10:35:41.958 [main] INFO  o.s.boot.web.embedded.tomcat.TomcatWebServer - Tomcat initialized with port(s): 8080 (http)
2022-11-03 10:35:41.962 [main] INFO  org.apache.catalina.core.StandardService - Starting service [Tomcat]
2022-11-03 10:35:41.963 [main] INFO  org.apache.catalina.core.StandardEngine - Starting Servlet engine: [Apache Tomcat/9.0.54]
2022-11-03 10:35:41.999 [main] INFO  o.a.c.core.ContainerBase.[Tomcat].[localhost].[/] - Initializing Spring embedded WebApplicationContext
2022-11-03 10:35:42.000 [main] INFO  o.s.b.w.s.c.ServletWebServerApplicationContext - Root WebApplicationContext: initialization completed in 787 ms
2022-11-03 10:35:42.477 [main] INFO  s.d.s.w.PropertySourcedRequestMappingHandlerMapping - Mapped URL path [/v2/api-docs] onto method [springfox.documentation.swagger2.web.Swagger2Controller#getDocumentation(String, HttpServletRequest)]
2022-11-03 10:35:42.642 [main] INFO  o.s.boot.web.embedded.tomcat.TomcatWebServer - Tomcat started on port(s): 8080 (http) with context path ''
2022-11-03 10:35:42.642 [main] INFO  s.d.s.web.plugins.DocumentationPluginsBootstrapper - Context refreshed
2022-11-03 10:35:42.649 [main] INFO  s.d.s.web.plugins.DocumentationPluginsBootstrapper - Found 1 custom documentation plugin(s)
2022-11-03 10:35:42.659 [main] INFO  s.d.spring.web.scanners.ApiListingReferenceScanner - Scanning for api listing references
2022-11-03 10:35:42.717 [main] INFO  com.zhangyun.filecloud.server.ServerApplication - Started ServerApplication in 2.016 seconds (JVM running for 2.355)
2022-11-03 10:35:42.718 [main] INFO  com.zhangyun.filecloud.server.service.NettyServer - netty server starting...
2022-11-03 10:35:42.720 [main] INFO  com.zhangyun.filecloud.server.service.NettyServer - netty server start success
2022-11-03 10:36:10.627 [nioEventLoopGroup-3-1] INFO  c.z.filecloud.common.protocol.MessageCodecSharable - 接收消息: {"messageType":3}
2022-11-03 10:36:10.629 [nioEventLoopGroup-3-1] WARN  io.netty.channel.DefaultChannelPipeline - An exceptionCaught() event was fired, and it reached at the tail of the pipeline. It usually means the last handler in the pipeline did not handle the exception.
java.lang.NullPointerException: null
	at java.io.File.<init>(File.java:279)
	at com.zhangyun.filecloud.server.handler.CompareMessageHandler.channelRead0(CompareMessageHandler.java:33)
	at com.zhangyun.filecloud.server.handler.CompareMessageHandler.channelRead0(CompareMessageHandler.java:22)
	at io.netty.channel.SimpleChannelInboundHandler.channelRead(SimpleChannelInboundHandler.java:99)
	at io.netty.channel.AbstractChannelHandlerContext.invokeChannelRead(AbstractChannelHandlerContext.java:379)
	at io.netty.channel.AbstractChannelHandlerContext.invokeChannelRead(AbstractChannelHandlerContext.java:365)
	at io.netty.channel.AbstractChannelHandlerContext.fireChannelRead(AbstractChannelHandlerContext.java:357)
	at io.netty.channel.SimpleChannelInboundHandler.channelRead(SimpleChannelInboundHandler.java:102)
	at io.netty.channel.SimpleChannelInboundHandler$$FastClassBySpringCGLIB$$12f5be83.invoke(<generated>)
	at org.springframework.cglib.proxy.MethodProxy.invoke(MethodProxy.java:218)
	at org.springframework.aop.framework.CglibAopProxy$CglibMethodInvocation.invokeJoinpoint(CglibAopProxy.java:783)
	at org.springframework.aop.framework.ReflectiveMethodInvocation.proceed(ReflectiveMethodInvocation.java:163)
	at org.springframework.aop.framework.CglibAopProxy$CglibMethodInvocation.proceed(CglibAopProxy.java:753)
	at org.springframework.aop.interceptor.ExposeInvocationInterceptor.invoke(ExposeInvocationInterceptor.java:97)
	at org.springframework.aop.framework.ReflectiveMethodInvocation.proceed(ReflectiveMethodInvocation.java:186)
	at org.springframework.aop.framework.CglibAopProxy$CglibMethodInvocation.proceed(CglibAopProxy.java:753)
	at org.springframework.aop.framework.CglibAopProxy$DynamicAdvisedInterceptor.intercept(CglibAopProxy.java:698)
	at com.zhangyun.filecloud.server.handler.UploadMessageHandler$$EnhancerBySpringCGLIB$$74d8c4a0.channelRead(<generated>)
	at io.netty.channel.AbstractChannelHandlerContext.invokeChannelRead(AbstractChannelHandlerContext.java:379)
	at io.netty.channel.AbstractChannelHandlerContext.invokeChannelRead(AbstractChannelHandlerContext.java:365)
	at io.netty.channel.AbstractChannelHandlerContext.fireChannelRead(AbstractChannelHandlerContext.java:357)
	at io.netty.handler.codec.MessageToMessageDecoder.channelRead(MessageToMessageDecoder.java:103)
	at io.netty.handler.codec.MessageToMessageCodec.channelRead(MessageToMessageCodec.java:111)
	at io.netty.channel.AbstractChannelHandlerContext.invokeChannelRead(AbstractChannelHandlerContext.java:379)
	at io.netty.channel.AbstractChannelHandlerContext.invokeChannelRead(AbstractChannelHandlerContext.java:365)
	at io.netty.channel.AbstractChannelHandlerContext.fireChannelRead(AbstractChannelHandlerContext.java:357)
	at io.netty.handler.logging.LoggingHandler.channelRead(LoggingHandler.java:280)
	at io.netty.channel.AbstractChannelHandlerContext.invokeChannelRead(AbstractChannelHandlerContext.java:379)
	at io.netty.channel.AbstractChannelHandlerContext.invokeChannelRead(AbstractChannelHandlerContext.java:365)
	at io.netty.channel.AbstractChannelHandlerContext.fireChannelRead(AbstractChannelHandlerContext.java:357)
	at io.netty.handler.codec.ByteToMessageDecoder.fireChannelRead(ByteToMessageDecoder.java:324)
	at io.netty.handler.codec.ByteToMessageDecoder.channelRead(ByteToMessageDecoder.java:296)
	at io.netty.channel.AbstractChannelHandlerContext.invokeChannelRead(AbstractChannelHandlerContext.java:379)
	at io.netty.channel.AbstractChannelHandlerContext.invokeChannelRead(AbstractChannelHandlerContext.java:365)
	at io.netty.channel.AbstractChannelHandlerContext.fireChannelRead(AbstractChannelHandlerContext.java:357)
	at io.netty.channel.DefaultChannelPipeline$HeadContext.channelRead(DefaultChannelPipeline.java:1410)
	at io.netty.channel.AbstractChannelHandlerContext.invokeChannelRead(AbstractChannelHandlerContext.java:379)
	at io.netty.channel.AbstractChannelHandlerContext.invokeChannelRead(AbstractChannelHandlerContext.java:365)
	at io.netty.channel.DefaultChannelPipeline.fireChannelRead(DefaultChannelPipeline.java:919)
	at io.netty.channel.nio.AbstractNioByteChannel$NioByteUnsafe.read(AbstractNioByteChannel.java:166)
	at io.netty.channel.nio.NioEventLoop.processSelectedKey(NioEventLoop.java:719)
	at io.netty.channel.nio.NioEventLoop.processSelectedKeysOptimized(NioEventLoop.java:655)
	at io.netty.channel.nio.NioEventLoop.processSelectedKeys(NioEventLoop.java:581)
	at io.netty.channel.nio.NioEventLoop.run(NioEventLoop.java:493)
	at io.netty.util.concurrent.SingleThreadEventExecutor$4.run(SingleThreadEventExecutor.java:986)
	at io.netty.util.internal.ThreadExecutorMap$2.run(ThreadExecutorMap.java:74)
	at io.netty.util.concurrent.FastThreadLocalRunnable.run(FastThreadLocalRunnable.java:30)
	at java.lang.Thread.run(Thread.java:750)
2022-11-03 10:50:02.801 [main] INFO  com.zhangyun.filecloud.server.ServerApplication - Starting ServerApplication using Java 1.8.0_342 on zhangyundeMacBook-Air.local with PID 10891 (/Users/zhangyun/Documents/javaProject/FileCloud/server/target/classes started by zhangyun in /Users/zhangyun/Documents/javaProject/FileCloud)
2022-11-03 10:50:02.803 [main] INFO  com.zhangyun.filecloud.server.ServerApplication - The following profiles are active: dev
2022-11-03 10:50:03.615 [main] INFO  o.s.boot.web.embedded.tomcat.TomcatWebServer - Tomcat initialized with port(s): 8080 (http)
2022-11-03 10:50:03.621 [main] INFO  org.apache.catalina.core.StandardService - Starting service [Tomcat]
2022-11-03 10:50:03.621 [main] INFO  org.apache.catalina.core.StandardEngine - Starting Servlet engine: [Apache Tomcat/9.0.54]
2022-11-03 10:50:03.660 [main] INFO  o.a.c.core.ContainerBase.[Tomcat].[localhost].[/] - Initializing Spring embedded WebApplicationContext
2022-11-03 10:50:03.660 [main] INFO  o.s.b.w.s.c.ServletWebServerApplicationContext - Root WebApplicationContext: initialization completed in 816 ms
2022-11-03 10:50:04.160 [main] INFO  s.d.s.w.PropertySourcedRequestMappingHandlerMapping - Mapped URL path [/v2/api-docs] onto method [springfox.documentation.swagger2.web.Swagger2Controller#getDocumentation(String, HttpServletRequest)]
2022-11-03 10:50:04.337 [main] INFO  o.s.boot.web.embedded.tomcat.TomcatWebServer - Tomcat started on port(s): 8080 (http) with context path ''
2022-11-03 10:50:04.338 [main] INFO  s.d.s.web.plugins.DocumentationPluginsBootstrapper - Context refreshed
2022-11-03 10:50:04.347 [main] INFO  s.d.s.web.plugins.DocumentationPluginsBootstrapper - Found 1 custom documentation plugin(s)
2022-11-03 10:50:04.360 [main] INFO  s.d.spring.web.scanners.ApiListingReferenceScanner - Scanning for api listing references
2022-11-03 10:50:04.426 [main] INFO  com.zhangyun.filecloud.server.ServerApplication - Started ServerApplication in 1.957 seconds (JVM running for 2.357)
2022-11-03 10:50:04.428 [main] INFO  com.zhangyun.filecloud.server.service.NettyServer - netty server starting...
2022-11-03 10:50:04.431 [main] INFO  com.zhangyun.filecloud.server.service.NettyServer - netty server start success
2022-11-03 10:51:16.784 [nioEventLoopGroup-3-1] INFO  c.z.filecloud.common.protocol.MessageCodecSharable - 接收消息: {"messageType":3}
2022-11-03 10:51:16.788 [nioEventLoopGroup-3-1] WARN  io.netty.channel.DefaultChannelPipeline - An exceptionCaught() event was fired, and it reached at the tail of the pipeline. It usually means the last handler in the pipeline did not handle the exception.
java.lang.NullPointerException: null
	at java.io.File.<init>(File.java:279)
	at com.zhangyun.filecloud.server.handler.CompareMessageHandler.channelRead0(CompareMessageHandler.java:33)
	at com.zhangyun.filecloud.server.handler.CompareMessageHandler.channelRead0(CompareMessageHandler.java:22)
	at io.netty.channel.SimpleChannelInboundHandler.channelRead(SimpleChannelInboundHandler.java:99)
	at io.netty.channel.AbstractChannelHandlerContext.invokeChannelRead(AbstractChannelHandlerContext.java:379)
	at io.netty.channel.AbstractChannelHandlerContext.invokeChannelRead(AbstractChannelHandlerContext.java:365)
	at io.netty.channel.AbstractChannelHandlerContext.fireChannelRead(AbstractChannelHandlerContext.java:357)
	at io.netty.channel.SimpleChannelInboundHandler.channelRead(SimpleChannelInboundHandler.java:102)
	at io.netty.channel.SimpleChannelInboundHandler$$FastClassBySpringCGLIB$$12f5be83.invoke(<generated>)
	at org.springframework.cglib.proxy.MethodProxy.invoke(MethodProxy.java:218)
	at org.springframework.aop.framework.CglibAopProxy$CglibMethodInvocation.invokeJoinpoint(CglibAopProxy.java:783)
	at org.springframework.aop.framework.ReflectiveMethodInvocation.proceed(ReflectiveMethodInvocation.java:163)
	at org.springframework.aop.framework.CglibAopProxy$CglibMethodInvocation.proceed(CglibAopProxy.java:753)
	at org.springframework.aop.interceptor.ExposeInvocationInterceptor.invoke(ExposeInvocationInterceptor.java:97)
	at org.springframework.aop.framework.ReflectiveMethodInvocation.proceed(ReflectiveMethodInvocation.java:186)
	at org.springframework.aop.framework.CglibAopProxy$CglibMethodInvocation.proceed(CglibAopProxy.java:753)
	at org.springframework.aop.framework.CglibAopProxy$DynamicAdvisedInterceptor.intercept(CglibAopProxy.java:698)
	at com.zhangyun.filecloud.server.handler.UploadMessageHandler$$EnhancerBySpringCGLIB$$5620e9d.channelRead(<generated>)
	at io.netty.channel.AbstractChannelHandlerContext.invokeChannelRead(AbstractChannelHandlerContext.java:379)
	at io.netty.channel.AbstractChannelHandlerContext.invokeChannelRead(AbstractChannelHandlerContext.java:365)
	at io.netty.channel.AbstractChannelHandlerContext.fireChannelRead(AbstractChannelHandlerContext.java:357)
	at io.netty.handler.codec.MessageToMessageDecoder.channelRead(MessageToMessageDecoder.java:103)
	at io.netty.handler.codec.MessageToMessageCodec.channelRead(MessageToMessageCodec.java:111)
	at io.netty.channel.AbstractChannelHandlerContext.invokeChannelRead(AbstractChannelHandlerContext.java:379)
	at io.netty.channel.AbstractChannelHandlerContext.invokeChannelRead(AbstractChannelHandlerContext.java:365)
	at io.netty.channel.AbstractChannelHandlerContext.fireChannelRead(AbstractChannelHandlerContext.java:357)
	at io.netty.handler.logging.LoggingHandler.channelRead(LoggingHandler.java:280)
	at io.netty.channel.AbstractChannelHandlerContext.invokeChannelRead(AbstractChannelHandlerContext.java:379)
	at io.netty.channel.AbstractChannelHandlerContext.invokeChannelRead(AbstractChannelHandlerContext.java:365)
	at io.netty.channel.AbstractChannelHandlerContext.fireChannelRead(AbstractChannelHandlerContext.java:357)
	at io.netty.handler.codec.ByteToMessageDecoder.fireChannelRead(ByteToMessageDecoder.java:324)
	at io.netty.handler.codec.ByteToMessageDecoder.channelRead(ByteToMessageDecoder.java:296)
	at io.netty.channel.AbstractChannelHandlerContext.invokeChannelRead(AbstractChannelHandlerContext.java:379)
	at io.netty.channel.AbstractChannelHandlerContext.invokeChannelRead(AbstractChannelHandlerContext.java:365)
	at io.netty.channel.AbstractChannelHandlerContext.fireChannelRead(AbstractChannelHandlerContext.java:357)
	at io.netty.channel.DefaultChannelPipeline$HeadContext.channelRead(DefaultChannelPipeline.java:1410)
	at io.netty.channel.AbstractChannelHandlerContext.invokeChannelRead(AbstractChannelHandlerContext.java:379)
	at io.netty.channel.AbstractChannelHandlerContext.invokeChannelRead(AbstractChannelHandlerContext.java:365)
	at io.netty.channel.DefaultChannelPipeline.fireChannelRead(DefaultChannelPipeline.java:919)
	at io.netty.channel.nio.AbstractNioByteChannel$NioByteUnsafe.read(AbstractNioByteChannel.java:166)
	at io.netty.channel.nio.NioEventLoop.processSelectedKey(NioEventLoop.java:719)
	at io.netty.channel.nio.NioEventLoop.processSelectedKeysOptimized(NioEventLoop.java:655)
	at io.netty.channel.nio.NioEventLoop.processSelectedKeys(NioEventLoop.java:581)
	at io.netty.channel.nio.NioEventLoop.run(NioEventLoop.java:493)
	at io.netty.util.concurrent.SingleThreadEventExecutor$4.run(SingleThreadEventExecutor.java:986)
	at io.netty.util.internal.ThreadExecutorMap$2.run(ThreadExecutorMap.java:74)
	at io.netty.util.concurrent.FastThreadLocalRunnable.run(FastThreadLocalRunnable.java:30)
	at java.lang.Thread.run(Thread.java:750)
2022-11-03 10:58:02.654 [main] INFO  com.zhangyun.filecloud.server.ServerApplication - Starting ServerApplication using Java 1.8.0_342 on zhangyundeMacBook-Air.local with PID 12527 (/Users/zhangyun/Documents/javaProject/FileCloud/server/target/classes started by zhangyun in /Users/zhangyun/Documents/javaProject/FileCloud)
2022-11-03 10:58:02.656 [main] INFO  com.zhangyun.filecloud.server.ServerApplication - The following profiles are active: dev
2022-11-03 10:58:03.323 [main] INFO  o.s.boot.web.embedded.tomcat.TomcatWebServer - Tomcat initialized with port(s): 8080 (http)
2022-11-03 10:58:03.328 [main] INFO  org.apache.catalina.core.StandardService - Starting service [Tomcat]
2022-11-03 10:58:03.328 [main] INFO  org.apache.catalina.core.StandardEngine - Starting Servlet engine: [Apache Tomcat/9.0.54]
2022-11-03 10:58:03.362 [main] INFO  o.a.c.core.ContainerBase.[Tomcat].[localhost].[/] - Initializing Spring embedded WebApplicationContext
2022-11-03 10:58:03.362 [main] INFO  o.s.b.w.s.c.ServletWebServerApplicationContext - Root WebApplicationContext: initialization completed in 678 ms
2022-11-03 10:58:03.833 [main] INFO  s.d.s.w.PropertySourcedRequestMappingHandlerMapping - Mapped URL path [/v2/api-docs] onto method [springfox.documentation.swagger2.web.Swagger2Controller#getDocumentation(String, HttpServletRequest)]
2022-11-03 10:58:03.999 [main] INFO  o.s.boot.web.embedded.tomcat.TomcatWebServer - Tomcat started on port(s): 8080 (http) with context path ''
2022-11-03 10:58:04.000 [main] INFO  s.d.s.web.plugins.DocumentationPluginsBootstrapper - Context refreshed
2022-11-03 10:58:04.005 [main] INFO  s.d.s.web.plugins.DocumentationPluginsBootstrapper - Found 1 custom documentation plugin(s)
2022-11-03 10:58:04.015 [main] INFO  s.d.spring.web.scanners.ApiListingReferenceScanner - Scanning for api listing references
2022-11-03 10:58:04.065 [main] INFO  com.zhangyun.filecloud.server.ServerApplication - Started ServerApplication in 1.649 seconds (JVM running for 1.933)
2022-11-03 10:58:04.066 [main] INFO  com.zhangyun.filecloud.server.service.NettyServer - netty server starting...
2022-11-03 10:58:04.068 [main] INFO  com.zhangyun.filecloud.server.service.NettyServer - netty server start success
2022-11-03 10:58:21.014 [nioEventLoopGroup-3-1] WARN  io.netty.channel.DefaultChannelPipeline - An exceptionCaught() event was fired, and it reached at the tail of the pipeline. It usually means the last handler in the pipeline did not handle the exception.
io.netty.handler.codec.DecoderException: java.lang.ClassCastException: com.alibaba.fastjson.JSONObject cannot be cast to com.zhangyun.filecloud.common.message.Message
	at io.netty.handler.codec.MessageToMessageDecoder.channelRead(MessageToMessageDecoder.java:98)
	at io.netty.handler.codec.MessageToMessageCodec.channelRead(MessageToMessageCodec.java:111)
	at io.netty.channel.AbstractChannelHandlerContext.invokeChannelRead(AbstractChannelHandlerContext.java:379)
	at io.netty.channel.AbstractChannelHandlerContext.invokeChannelRead(AbstractChannelHandlerContext.java:365)
	at io.netty.channel.AbstractChannelHandlerContext.fireChannelRead(AbstractChannelHandlerContext.java:357)
	at io.netty.handler.logging.LoggingHandler.channelRead(LoggingHandler.java:280)
	at io.netty.channel.AbstractChannelHandlerContext.invokeChannelRead(AbstractChannelHandlerContext.java:379)
	at io.netty.channel.AbstractChannelHandlerContext.invokeChannelRead(AbstractChannelHandlerContext.java:365)
	at io.netty.channel.AbstractChannelHandlerContext.fireChannelRead(AbstractChannelHandlerContext.java:357)
	at io.netty.handler.codec.ByteToMessageDecoder.fireChannelRead(ByteToMessageDecoder.java:324)
	at io.netty.handler.codec.ByteToMessageDecoder.channelRead(ByteToMessageDecoder.java:296)
	at io.netty.channel.AbstractChannelHandlerContext.invokeChannelRead(AbstractChannelHandlerContext.java:379)
	at io.netty.channel.AbstractChannelHandlerContext.invokeChannelRead(AbstractChannelHandlerContext.java:365)
	at io.netty.channel.AbstractChannelHandlerContext.fireChannelRead(AbstractChannelHandlerContext.java:357)
	at io.netty.channel.DefaultChannelPipeline$HeadContext.channelRead(DefaultChannelPipeline.java:1410)
	at io.netty.channel.AbstractChannelHandlerContext.invokeChannelRead(AbstractChannelHandlerContext.java:379)
	at io.netty.channel.AbstractChannelHandlerContext.invokeChannelRead(AbstractChannelHandlerContext.java:365)
	at io.netty.channel.DefaultChannelPipeline.fireChannelRead(DefaultChannelPipeline.java:919)
	at io.netty.channel.nio.AbstractNioByteChannel$NioByteUnsafe.read(AbstractNioByteChannel.java:166)
	at io.netty.channel.nio.NioEventLoop.processSelectedKey(NioEventLoop.java:719)
	at io.netty.channel.nio.NioEventLoop.processSelectedKeysOptimized(NioEventLoop.java:655)
	at io.netty.channel.nio.NioEventLoop.processSelectedKeys(NioEventLoop.java:581)
	at io.netty.channel.nio.NioEventLoop.run(NioEventLoop.java:493)
	at io.netty.util.concurrent.SingleThreadEventExecutor$4.run(SingleThreadEventExecutor.java:986)
	at io.netty.util.internal.ThreadExecutorMap$2.run(ThreadExecutorMap.java:74)
	at io.netty.util.concurrent.FastThreadLocalRunnable.run(FastThreadLocalRunnable.java:30)
	at java.lang.Thread.run(Thread.java:750)
Caused by: java.lang.ClassCastException: com.alibaba.fastjson.JSONObject cannot be cast to com.zhangyun.filecloud.common.message.Message
	at com.zhangyun.filecloud.common.protocol.MessageCodecSharable.decode(MessageCodecSharable.java:113)
	at com.zhangyun.filecloud.common.protocol.MessageCodecSharable.decode(MessageCodecSharable.java:23)
	at io.netty.handler.codec.MessageToMessageCodec$2.decode(MessageToMessageCodec.java:81)
	at io.netty.handler.codec.MessageToMessageDecoder.channelRead(MessageToMessageDecoder.java:88)
	... 26 common frames omitted
2022-11-03 10:59:43.457 [main] INFO  com.zhangyun.filecloud.server.ServerApplication - Starting ServerApplication using Java 1.8.0_342 on zhangyundeMacBook-Air.local with PID 12853 (/Users/zhangyun/Documents/javaProject/FileCloud/server/target/classes started by zhangyun in /Users/zhangyun/Documents/javaProject/FileCloud)
2022-11-03 10:59:43.460 [main] INFO  com.zhangyun.filecloud.server.ServerApplication - The following profiles are active: dev
2022-11-03 10:59:44.191 [main] INFO  o.s.boot.web.embedded.tomcat.TomcatWebServer - Tomcat initialized with port(s): 8080 (http)
2022-11-03 10:59:44.195 [main] INFO  org.apache.catalina.core.StandardService - Starting service [Tomcat]
2022-11-03 10:59:44.195 [main] INFO  org.apache.catalina.core.StandardEngine - Starting Servlet engine: [Apache Tomcat/9.0.54]
2022-11-03 10:59:44.231 [main] INFO  o.a.c.core.ContainerBase.[Tomcat].[localhost].[/] - Initializing Spring embedded WebApplicationContext
2022-11-03 10:59:44.231 [main] INFO  o.s.b.w.s.c.ServletWebServerApplicationContext - Root WebApplicationContext: initialization completed in 723 ms
2022-11-03 10:59:44.658 [main] INFO  s.d.s.w.PropertySourcedRequestMappingHandlerMapping - Mapped URL path [/v2/api-docs] onto method [springfox.documentation.swagger2.web.Swagger2Controller#getDocumentation(String, HttpServletRequest)]
2022-11-03 10:59:44.818 [main] INFO  o.s.boot.web.embedded.tomcat.TomcatWebServer - Tomcat started on port(s): 8080 (http) with context path ''
2022-11-03 10:59:44.819 [main] INFO  s.d.s.web.plugins.DocumentationPluginsBootstrapper - Context refreshed
2022-11-03 10:59:44.825 [main] INFO  s.d.s.web.plugins.DocumentationPluginsBootstrapper - Found 1 custom documentation plugin(s)
2022-11-03 10:59:44.837 [main] INFO  s.d.spring.web.scanners.ApiListingReferenceScanner - Scanning for api listing references
2022-11-03 10:59:44.893 [main] INFO  com.zhangyun.filecloud.server.ServerApplication - Started ServerApplication in 1.823 seconds (JVM running for 2.13)
2022-11-03 10:59:44.894 [main] INFO  com.zhangyun.filecloud.server.service.NettyServer - netty server starting...
2022-11-03 10:59:44.896 [main] INFO  com.zhangyun.filecloud.server.service.NettyServer - netty server start success
2022-11-03 11:00:01.241 [nioEventLoopGroup-3-1] INFO  c.z.filecloud.common.protocol.MessageCodecSharable - 接收消息: {"messageType":5,"password":"123","username":"zhangyun"}
2022-11-03 11:00:01.256 [nioEventLoopGroup-3-1] INFO  com.zaxxer.hikari.HikariDataSource - HikariPool-1 - Starting...
2022-11-03 11:00:01.364 [nioEventLoopGroup-3-1] INFO  com.zaxxer.hikari.HikariDataSource - HikariPool-1 - Start completed.
2022-11-03 11:00:01.404 [nioEventLoopGroup-3-1] INFO  c.zhangyun.filecloud.common.aspect.TraceLogAspect - 执行方法: UserServiceImpl.selectUserByName, 参数: username:"zhangyun" ====> User{userId=1, username=zhangyun, password=1120, createTime=Wed Nov 02 21:46:06 CST 2022, modifiedTime=Wed Nov 02 22:00:59 CST 2022}, 时间: 159ms
2022-11-03 11:00:01.410 [nioEventLoopGroup-3-1] INFO  c.z.filecloud.common.protocol.MessageCodecSharable - 发送消息: {"code":302,"messageType":6,"msg":"密码错误"}
2022-11-03 11:00:08.595 [nioEventLoopGroup-3-1] INFO  c.z.filecloud.common.protocol.MessageCodecSharable - 接收消息: {"messageType":5,"password":"123","username":"zz"}
2022-11-03 11:00:08.599 [nioEventLoopGroup-3-1] INFO  c.zhangyun.filecloud.common.aspect.TraceLogAspect - 执行方法: UserServiceImpl.selectUserByName, 参数: username:"zz" ====> null, 时间: 3ms
2022-11-03 11:00:08.600 [nioEventLoopGroup-3-1] INFO  c.z.filecloud.common.protocol.MessageCodecSharable - 发送消息: {"code":301,"messageType":6,"msg":"该账户不存在！"}
2022-11-03 11:00:49.507 [SpringApplicationShutdownHook] INFO  com.zaxxer.hikari.HikariDataSource - HikariPool-1 - Shutdown initiated...
2022-11-03 11:00:49.512 [SpringApplicationShutdownHook] INFO  com.zaxxer.hikari.HikariDataSource - HikariPool-1 - Shutdown completed.
2022-11-03 11:02:49.519 [main] INFO  com.zhangyun.filecloud.server.ServerApplication - Starting ServerApplication using Java 1.8.0_342 on zhangyundeMacBook-Air.local with PID 13484 (/Users/zhangyun/Documents/javaProject/FileCloud/server/target/classes started by zhangyun in /Users/zhangyun/Documents/javaProject/FileCloud)
2022-11-03 11:02:49.521 [main] INFO  com.zhangyun.filecloud.server.ServerApplication - The following profiles are active: dev
2022-11-03 11:02:50.255 [main] INFO  o.s.boot.web.embedded.tomcat.TomcatWebServer - Tomcat initialized with port(s): 8080 (http)
2022-11-03 11:02:50.260 [main] INFO  org.apache.catalina.core.StandardService - Starting service [Tomcat]
2022-11-03 11:02:50.260 [main] INFO  org.apache.catalina.core.StandardEngine - Starting Servlet engine: [Apache Tomcat/9.0.54]
2022-11-03 11:02:50.296 [main] INFO  o.a.c.core.ContainerBase.[Tomcat].[localhost].[/] - Initializing Spring embedded WebApplicationContext
2022-11-03 11:02:50.296 [main] INFO  o.s.b.w.s.c.ServletWebServerApplicationContext - Root WebApplicationContext: initialization completed in 743 ms
2022-11-03 11:02:50.770 [main] INFO  s.d.s.w.PropertySourcedRequestMappingHandlerMapping - Mapped URL path [/v2/api-docs] onto method [springfox.documentation.swagger2.web.Swagger2Controller#getDocumentation(String, HttpServletRequest)]
2022-11-03 11:02:50.944 [main] INFO  o.s.boot.web.embedded.tomcat.TomcatWebServer - Tomcat started on port(s): 8080 (http) with context path ''
2022-11-03 11:02:50.945 [main] INFO  s.d.s.web.plugins.DocumentationPluginsBootstrapper - Context refreshed
2022-11-03 11:02:50.952 [main] INFO  s.d.s.web.plugins.DocumentationPluginsBootstrapper - Found 1 custom documentation plugin(s)
2022-11-03 11:02:50.964 [main] INFO  s.d.spring.web.scanners.ApiListingReferenceScanner - Scanning for api listing references
2022-11-03 11:02:51.027 [main] INFO  com.zhangyun.filecloud.server.ServerApplication - Started ServerApplication in 1.766 seconds (JVM running for 2.039)
2022-11-03 11:02:51.028 [main] INFO  com.zhangyun.filecloud.server.service.NettyServer - netty server starting...
2022-11-03 11:02:51.030 [main] INFO  com.zhangyun.filecloud.server.service.NettyServer - netty server start success
2022-11-03 11:03:01.233 [http-nio-8080-exec-1] INFO  o.a.c.core.ContainerBase.[Tomcat].[localhost].[/] - Initializing Spring DispatcherServlet 'dispatcherServlet'
2022-11-03 11:03:01.234 [http-nio-8080-exec-1] INFO  org.springframework.web.servlet.DispatcherServlet - Initializing Servlet 'dispatcherServlet'
2022-11-03 11:03:01.235 [http-nio-8080-exec-1] INFO  org.springframework.web.servlet.DispatcherServlet - Completed initialization in 1 ms
2022-11-03 11:03:14.769 [http-nio-8080-exec-10] INFO  c.z.f.server.config.MetaObjectHandlerConfig - insert org.apache.ibatis.reflection.MetaObject@71638dd1, current: 2022-11-03 11:03:14.769
2022-11-03 11:03:14.803 [http-nio-8080-exec-10] INFO  c.zhangyun.filecloud.common.aspect.TraceLogAspect - 执行方法: MetaObjectHandlerConfig.insertFill, 参数: metaObject:{"collection":false,"getterNames":["modifiedTime","password","createTime","log","userId","username"],"objectFactory":{},"objectWrapper":{"collection":false,"getterNames":["modifiedTime","password","createTime","log","userId","username"],"setterNames":["modifiedTime","password","createTime","log","userId","username"]},"objectWrapperFactory":{},"originalObject":{"createTime":1667444594769,"modifiedTime":1667444594769,"password":"c6036a69be21cb660499b75718a3ef24","username":"zhangyun"},"reflectorFactory":{"classCacheEnabled":true},"setterNames":["modifiedTime","password","createTime","log","userId","username"]} ====> null, 时间: 1ms
2022-11-03 11:03:14.805 [http-nio-8080-exec-10] INFO  com.zaxxer.hikari.HikariDataSource - HikariPool-1 - Starting...
2022-11-03 11:03:14.865 [http-nio-8080-exec-10] INFO  com.zaxxer.hikari.HikariDataSource - HikariPool-1 - Start completed.
2022-11-03 11:03:14.892 [http-nio-8080-exec-10] INFO  c.zhangyun.filecloud.common.aspect.TraceLogAspect - 执行方法: UserServiceImpl.createUser, 参数: username:"zhangyun"password:"1120" ====> true, 时间: 158ms
2022-11-03 11:03:23.719 [nioEventLoopGroup-3-1] INFO  c.z.filecloud.common.protocol.MessageCodecSharable - 接收消息: {"messageType":5,"password":"1120","username":"zhangyun"}
2022-11-03 11:03:23.731 [nioEventLoopGroup-3-1] INFO  c.zhangyun.filecloud.common.aspect.TraceLogAspect - 执行方法: UserServiceImpl.selectUserByName, 参数: username:"zhangyun" ====> User{userId=1, username=zhangyun, password=c6036a69be21cb660499b75718a3ef24, createTime=Thu Nov 03 11:03:15 CST 2022, modifiedTime=Thu Nov 03 11:03:15 CST 2022}, 时间: 10ms
2022-11-03 11:03:23.732 [nioEventLoopGroup-3-1] INFO  c.z.filecloud.common.protocol.MessageCodecSharable - 发送消息: {"code":200,"messageType":6,"msg":"登录成功！"}
2022-11-03 11:03:45.400 [SpringApplicationShutdownHook] INFO  com.zaxxer.hikari.HikariDataSource - HikariPool-1 - Shutdown initiated...
2022-11-03 11:03:45.410 [SpringApplicationShutdownHook] INFO  com.zaxxer.hikari.HikariDataSource - HikariPool-1 - Shutdown completed.
2022-11-03 18:28:24.779 [main] INFO  com.zhangyun.filecloud.server.ServerApplication - Starting ServerApplication using Java 1.8.0_342 on zhangyundeMacBook-Air.local with PID 24830 (/Users/zhangyun/Documents/javaProject/FileCloud/server/target/classes started by zhangyun in /Users/zhangyun/Documents/javaProject/FileCloud)
2022-11-03 18:28:24.781 [main] INFO  com.zhangyun.filecloud.server.ServerApplication - The following profiles are active: dev
2022-11-03 18:28:25.455 [main] INFO  o.s.boot.web.embedded.tomcat.TomcatWebServer - Tomcat initialized with port(s): 8080 (http)
2022-11-03 18:28:25.459 [main] INFO  org.apache.catalina.core.StandardService - Starting service [Tomcat]
2022-11-03 18:28:25.459 [main] INFO  org.apache.catalina.core.StandardEngine - Starting Servlet engine: [Apache Tomcat/9.0.54]
2022-11-03 18:28:25.497 [main] INFO  o.a.c.core.ContainerBase.[Tomcat].[localhost].[/] - Initializing Spring embedded WebApplicationContext
2022-11-03 18:28:25.498 [main] INFO  o.s.b.w.s.c.ServletWebServerApplicationContext - Root WebApplicationContext: initialization completed in 689 ms
2022-11-03 18:28:25.938 [main] INFO  s.d.s.w.PropertySourcedRequestMappingHandlerMapping - Mapped URL path [/v2/api-docs] onto method [springfox.documentation.swagger2.web.Swagger2Controller#getDocumentation(String, HttpServletRequest)]
2022-11-03 18:28:26.102 [main] INFO  o.s.boot.web.embedded.tomcat.TomcatWebServer - Tomcat started on port(s): 8080 (http) with context path ''
2022-11-03 18:28:26.103 [main] INFO  s.d.s.web.plugins.DocumentationPluginsBootstrapper - Context refreshed
2022-11-03 18:28:26.110 [main] INFO  s.d.s.web.plugins.DocumentationPluginsBootstrapper - Found 1 custom documentation plugin(s)
2022-11-03 18:28:26.121 [main] INFO  s.d.spring.web.scanners.ApiListingReferenceScanner - Scanning for api listing references
2022-11-03 18:28:26.175 [main] INFO  com.zhangyun.filecloud.server.ServerApplication - Started ServerApplication in 1.645 seconds (JVM running for 1.961)
2022-11-03 18:28:26.177 [main] INFO  com.zhangyun.filecloud.server.service.NettyServer - netty server starting...
2022-11-03 18:28:26.179 [main] INFO  com.zhangyun.filecloud.server.service.NettyServer - netty server start success
2022-11-03 18:29:09.753 [nioEventLoopGroup-3-1] INFO  c.z.filecloud.common.protocol.MessageCodecSharable - 接收消息: {"messageType":5,"password":"1120","username":"zhangyun"}
2022-11-03 18:29:09.767 [nioEventLoopGroup-3-1] INFO  com.zaxxer.hikari.HikariDataSource - HikariPool-1 - Starting...
2022-11-03 18:29:09.891 [nioEventLoopGroup-3-1] INFO  com.zaxxer.hikari.HikariDataSource - HikariPool-1 - Start completed.
2022-11-03 18:29:09.964 [nioEventLoopGroup-3-1] INFO  c.zhangyun.filecloud.common.aspect.TraceLogAspect - 执行方法: UserServiceImpl.selectUserByName, 参数: username:"zhangyun" ====> User{userId=1, username=zhangyun, password=c6036a69be21cb660499b75718a3ef24, createTime=Thu Nov 03 11:03:15 CST 2022, modifiedTime=Thu Nov 03 11:03:15 CST 2022}, 时间: 207ms
2022-11-03 18:29:09.970 [nioEventLoopGroup-3-1] INFO  c.z.filecloud.common.protocol.MessageCodecSharable - 发送消息: {"code":200,"messageType":6,"msg":"登录成功！"}
2022-11-03 18:29:44.501 [SpringApplicationShutdownHook] INFO  com.zaxxer.hikari.HikariDataSource - HikariPool-1 - Shutdown initiated...
2022-11-03 18:29:44.506 [SpringApplicationShutdownHook] INFO  com.zaxxer.hikari.HikariDataSource - HikariPool-1 - Shutdown completed.
2022-11-03 18:33:36.970 [main] INFO  com.zhangyun.filecloud.server.ServerApplication - Starting ServerApplication using Java 1.8.0_342 on zhangyundeMacBook-Air.local with PID 25830 (/Users/zhangyun/Documents/javaProject/FileCloud/server/target/classes started by zhangyun in /Users/zhangyun/Documents/javaProject/FileCloud)
2022-11-03 18:33:36.973 [main] INFO  com.zhangyun.filecloud.server.ServerApplication - The following profiles are active: dev
2022-11-03 18:33:37.714 [main] INFO  o.s.boot.web.embedded.tomcat.TomcatWebServer - Tomcat initialized with port(s): 8080 (http)
2022-11-03 18:33:37.719 [main] INFO  org.apache.catalina.core.StandardService - Starting service [Tomcat]
2022-11-03 18:33:37.719 [main] INFO  org.apache.catalina.core.StandardEngine - Starting Servlet engine: [Apache Tomcat/9.0.54]
2022-11-03 18:33:37.760 [main] INFO  o.a.c.core.ContainerBase.[Tomcat].[localhost].[/] - Initializing Spring embedded WebApplicationContext
2022-11-03 18:33:37.760 [main] INFO  o.s.b.w.s.c.ServletWebServerApplicationContext - Root WebApplicationContext: initialization completed in 755 ms
2022-11-03 18:33:38.228 [main] INFO  s.d.s.w.PropertySourcedRequestMappingHandlerMapping - Mapped URL path [/v2/api-docs] onto method [springfox.documentation.swagger2.web.Swagger2Controller#getDocumentation(String, HttpServletRequest)]
2022-11-03 18:33:38.397 [main] INFO  o.s.boot.web.embedded.tomcat.TomcatWebServer - Tomcat started on port(s): 8080 (http) with context path ''
2022-11-03 18:33:38.398 [main] INFO  s.d.s.web.plugins.DocumentationPluginsBootstrapper - Context refreshed
2022-11-03 18:33:38.404 [main] INFO  s.d.s.web.plugins.DocumentationPluginsBootstrapper - Found 1 custom documentation plugin(s)
2022-11-03 18:33:38.415 [main] INFO  s.d.spring.web.scanners.ApiListingReferenceScanner - Scanning for api listing references
2022-11-03 18:33:38.471 [main] INFO  com.zhangyun.filecloud.server.ServerApplication - Started ServerApplication in 1.802 seconds (JVM running for 2.137)
2022-11-03 18:33:38.472 [main] INFO  com.zhangyun.filecloud.server.service.NettyServer - netty server starting...
2022-11-03 18:33:38.474 [main] INFO  com.zhangyun.filecloud.server.service.NettyServer - netty server start success
2022-11-03 18:34:22.890 [nioEventLoopGroup-3-2] INFO  c.z.filecloud.common.protocol.MessageCodecSharable - 接收消息: {"messageType":5,"password":"1129","username":"zhangyun"}
2022-11-03 18:34:22.905 [nioEventLoopGroup-3-2] INFO  com.zaxxer.hikari.HikariDataSource - HikariPool-1 - Starting...
2022-11-03 18:34:22.967 [nioEventLoopGroup-3-2] INFO  com.zaxxer.hikari.HikariDataSource - HikariPool-1 - Start completed.
2022-11-03 18:34:22.997 [nioEventLoopGroup-3-2] INFO  c.zhangyun.filecloud.common.aspect.TraceLogAspect - 执行方法: UserServiceImpl.selectUserByName, 参数: username:"zhangyun" ====> User{userId=1, username=zhangyun, password=c6036a69be21cb660499b75718a3ef24, createTime=Thu Nov 03 11:03:15 CST 2022, modifiedTime=Thu Nov 03 11:03:15 CST 2022}, 时间: 102ms
2022-11-03 18:34:23.002 [nioEventLoopGroup-3-2] INFO  c.z.filecloud.common.protocol.MessageCodecSharable - 发送消息: {"code":302,"messageType":6,"msg":"密码错误"}
2022-11-03 18:34:35.702 [nioEventLoopGroup-3-2] INFO  c.z.filecloud.common.protocol.MessageCodecSharable - 接收消息: {"messageType":5,"password":"1120","username":"zhangyun"}
2022-11-03 18:34:35.706 [nioEventLoopGroup-3-2] INFO  c.zhangyun.filecloud.common.aspect.TraceLogAspect - 执行方法: UserServiceImpl.selectUserByName, 参数: username:"zhangyun" ====> User{userId=1, username=zhangyun, password=c6036a69be21cb660499b75718a3ef24, createTime=Thu Nov 03 11:03:15 CST 2022, modifiedTime=Thu Nov 03 11:03:15 CST 2022}, 时间: 3ms
2022-11-03 18:34:35.707 [nioEventLoopGroup-3-2] INFO  c.z.filecloud.common.protocol.MessageCodecSharable - 发送消息: {"code":200,"messageType":6,"msg":"登录成功！"}
2022-11-03 18:35:05.674 [nioEventLoopGroup-3-3] INFO  c.z.filecloud.common.protocol.MessageCodecSharable - 接收消息: {"messageType":5,"password":"1120","username":"zhangyun"}
2022-11-03 18:35:05.677 [nioEventLoopGroup-3-3] INFO  c.zhangyun.filecloud.common.aspect.TraceLogAspect - 执行方法: UserServiceImpl.selectUserByName, 参数: username:"zhangyun" ====> User{userId=1, username=zhangyun, password=c6036a69be21cb660499b75718a3ef24, createTime=Thu Nov 03 11:03:15 CST 2022, modifiedTime=Thu Nov 03 11:03:15 CST 2022}, 时间: 2ms
2022-11-03 18:35:05.678 [nioEventLoopGroup-3-3] INFO  c.z.filecloud.common.protocol.MessageCodecSharable - 发送消息: {"code":200,"messageType":6,"msg":"登录成功！"}
2022-11-03 19:16:08.279 [nioEventLoopGroup-3-9] INFO  c.z.filecloud.common.protocol.MessageCodecSharable - 接收消息: {"messageType":5,"password":"1120","username":"zhangyun"}
2022-11-03 19:16:08.284 [nioEventLoopGroup-3-9] INFO  c.zhangyun.filecloud.common.aspect.TraceLogAspect - 执行方法: UserServiceImpl.selectUserByName, 参数: username:"zhangyun" ====> User{userId=1, username=zhangyun, password=c6036a69be21cb660499b75718a3ef24, createTime=Thu Nov 03 11:03:15 CST 2022, modifiedTime=Thu Nov 03 11:03:15 CST 2022}, 时间: 4ms
2022-11-03 19:16:08.285 [nioEventLoopGroup-3-9] INFO  c.z.filecloud.common.protocol.MessageCodecSharable - 发送消息: {"code":200,"messageType":6,"msg":"登录成功！"}
2022-11-03 19:44:34.433 [nioEventLoopGroup-3-10] INFO  c.z.filecloud.common.protocol.MessageCodecSharable - 接收消息: {"messageType":5,"password":"1120","username":"zhangyun"}
2022-11-03 19:44:34.441 [nioEventLoopGroup-3-10] INFO  c.zhangyun.filecloud.common.aspect.TraceLogAspect - 执行方法: UserServiceImpl.selectUserByName, 参数: username:"zhangyun" ====> User{userId=1, username=zhangyun, password=c6036a69be21cb660499b75718a3ef24, createTime=Thu Nov 03 11:03:15 CST 2022, modifiedTime=Thu Nov 03 11:03:15 CST 2022}, 时间: 6ms
2022-11-03 19:44:34.441 [nioEventLoopGroup-3-10] INFO  c.z.filecloud.common.protocol.MessageCodecSharable - 发送消息: {"code":200,"messageType":6,"msg":"登录成功！"}
2022-11-03 19:48:10.856 [nioEventLoopGroup-3-11] INFO  c.z.filecloud.common.protocol.MessageCodecSharable - 接收消息: {"messageType":5,"password":"1120","username":"zhangyun"}
2022-11-03 19:48:10.863 [nioEventLoopGroup-3-11] INFO  c.zhangyun.filecloud.common.aspect.TraceLogAspect - 执行方法: UserServiceImpl.selectUserByName, 参数: username:"zhangyun" ====> User{userId=1, username=zhangyun, password=c6036a69be21cb660499b75718a3ef24, createTime=Thu Nov 03 11:03:15 CST 2022, modifiedTime=Thu Nov 03 11:03:15 CST 2022}, 时间: 4ms
2022-11-03 19:48:10.863 [nioEventLoopGroup-3-11] INFO  c.z.filecloud.common.protocol.MessageCodecSharable - 发送消息: {"code":200,"messageType":6,"msg":"登录成功！"}
2022-11-03 20:19:22.927 [nioEventLoopGroup-3-12] INFO  c.z.filecloud.common.protocol.MessageCodecSharable - 接收消息: {"messageType":5,"password":"1120","username":"zhangyun"}
2022-11-03 20:19:22.934 [nioEventLoopGroup-3-12] INFO  c.zhangyun.filecloud.common.aspect.TraceLogAspect - 执行方法: UserServiceImpl.selectUserByName, 参数: username:"zhangyun" ====> User{userId=1, username=zhangyun, password=c6036a69be21cb660499b75718a3ef24, createTime=Thu Nov 03 11:03:15 CST 2022, modifiedTime=Thu Nov 03 11:03:15 CST 2022}, 时间: 6ms
2022-11-03 20:19:22.934 [nioEventLoopGroup-3-12] INFO  c.z.filecloud.common.protocol.MessageCodecSharable - 发送消息: {"code":200,"messageType":6,"msg":"登录成功！"}
2022-11-03 20:21:09.568 [nioEventLoopGroup-3-13] INFO  c.z.filecloud.common.protocol.MessageCodecSharable - 接收消息: {"messageType":5,"password":"1120","username":"zhangyun"}
2022-11-03 20:21:09.572 [nioEventLoopGroup-3-13] INFO  c.zhangyun.filecloud.common.aspect.TraceLogAspect - 执行方法: UserServiceImpl.selectUserByName, 参数: username:"zhangyun" ====> User{userId=1, username=zhangyun, password=c6036a69be21cb660499b75718a3ef24, createTime=Thu Nov 03 11:03:15 CST 2022, modifiedTime=Thu Nov 03 11:03:15 CST 2022}, 时间: 3ms
2022-11-03 20:21:09.573 [nioEventLoopGroup-3-13] INFO  c.z.filecloud.common.protocol.MessageCodecSharable - 发送消息: {"code":200,"messageType":6,"msg":"登录成功！"}
2022-11-03 21:08:52.597 [nioEventLoopGroup-3-14] INFO  c.z.filecloud.common.protocol.MessageCodecSharable - 接收消息: {"messageType":5,"password":"1120","username":"zhangyun"}
2022-11-03 21:08:52.605 [nioEventLoopGroup-3-14] INFO  c.zhangyun.filecloud.common.aspect.TraceLogAspect - 执行方法: UserServiceImpl.selectUserByName, 参数: username:"zhangyun" ====> User{userId=1, username=zhangyun, password=c6036a69be21cb660499b75718a3ef24, createTime=Thu Nov 03 11:03:15 CST 2022, modifiedTime=Thu Nov 03 11:03:15 CST 2022}, 时间: 6ms
2022-11-03 21:08:52.605 [nioEventLoopGroup-3-14] INFO  c.z.filecloud.common.protocol.MessageCodecSharable - 发送消息: {"code":200,"messageType":6,"msg":"登录成功！"}
2022-11-03 21:10:08.779 [nioEventLoopGroup-3-15] INFO  c.z.filecloud.common.protocol.MessageCodecSharable - 接收消息: {"messageType":5,"password":"1120","username":"zhangyun"}
2022-11-03 21:10:08.802 [nioEventLoopGroup-3-15] INFO  c.zhangyun.filecloud.common.aspect.TraceLogAspect - 执行方法: UserServiceImpl.selectUserByName, 参数: username:"zhangyun" ====> User{userId=1, username=zhangyun, password=c6036a69be21cb660499b75718a3ef24, createTime=Thu Nov 03 11:03:15 CST 2022, modifiedTime=Thu Nov 03 11:03:15 CST 2022}, 时间: 21ms
2022-11-03 21:10:08.803 [nioEventLoopGroup-3-15] INFO  c.z.filecloud.common.protocol.MessageCodecSharable - 发送消息: {"code":200,"messageType":6,"msg":"登录成功！"}
2022-11-03 21:11:27.883 [nioEventLoopGroup-3-16] INFO  c.z.filecloud.common.protocol.MessageCodecSharable - 接收消息: {"messageType":5,"password":"1120","username":"zhangyun"}
2022-11-03 21:11:27.885 [nioEventLoopGroup-3-16] INFO  c.zhangyun.filecloud.common.aspect.TraceLogAspect - 执行方法: UserServiceImpl.selectUserByName, 参数: username:"zhangyun" ====> User{userId=1, username=zhangyun, password=c6036a69be21cb660499b75718a3ef24, createTime=Thu Nov 03 11:03:15 CST 2022, modifiedTime=Thu Nov 03 11:03:15 CST 2022}, 时间: 1ms
2022-11-03 21:11:27.886 [nioEventLoopGroup-3-16] INFO  c.z.filecloud.common.protocol.MessageCodecSharable - 发送消息: {"code":200,"messageType":6,"msg":"登录成功！"}
2022-11-03 21:13:20.651 [nioEventLoopGroup-3-1] INFO  c.z.filecloud.common.protocol.MessageCodecSharable - 接收消息: {"messageType":5,"password":"1120","username":"zhangyun"}
2022-11-03 21:13:20.657 [nioEventLoopGroup-3-1] INFO  c.zhangyun.filecloud.common.aspect.TraceLogAspect - 执行方法: UserServiceImpl.selectUserByName, 参数: username:"zhangyun" ====> User{userId=1, username=zhangyun, password=c6036a69be21cb660499b75718a3ef24, createTime=Thu Nov 03 11:03:15 CST 2022, modifiedTime=Thu Nov 03 11:03:15 CST 2022}, 时间: 4ms
2022-11-03 21:13:20.658 [nioEventLoopGroup-3-1] INFO  c.z.filecloud.common.protocol.MessageCodecSharable - 发送消息: {"code":200,"messageType":6,"msg":"登录成功！"}
2022-11-03 21:17:07.901 [nioEventLoopGroup-3-2] INFO  c.z.filecloud.common.protocol.MessageCodecSharable - 接收消息: {"messageType":5,"password":"1120","username":"zhangyun"}
2022-11-03 21:17:07.908 [nioEventLoopGroup-3-2] INFO  c.zhangyun.filecloud.common.aspect.TraceLogAspect - 执行方法: UserServiceImpl.selectUserByName, 参数: username:"zhangyun" ====> User{userId=1, username=zhangyun, password=c6036a69be21cb660499b75718a3ef24, createTime=Thu Nov 03 11:03:15 CST 2022, modifiedTime=Thu Nov 03 11:03:15 CST 2022}, 时间: 5ms
2022-11-03 21:17:07.909 [nioEventLoopGroup-3-2] INFO  c.z.filecloud.common.protocol.MessageCodecSharable - 发送消息: {"code":200,"messageType":6,"msg":"登录成功！"}
2022-11-03 21:21:58.778 [nioEventLoopGroup-3-3] INFO  c.z.filecloud.common.protocol.MessageCodecSharable - 接收消息: {"messageType":5,"password":"1120","username":"zhangyun"}
2022-11-03 21:21:58.797 [nioEventLoopGroup-3-3] INFO  c.zhangyun.filecloud.common.aspect.TraceLogAspect - 执行方法: UserServiceImpl.selectUserByName, 参数: username:"zhangyun" ====> User{userId=1, username=zhangyun, password=c6036a69be21cb660499b75718a3ef24, createTime=Thu Nov 03 11:03:15 CST 2022, modifiedTime=Thu Nov 03 11:03:15 CST 2022}, 时间: 17ms
2022-11-03 21:21:58.799 [nioEventLoopGroup-3-3] INFO  c.z.filecloud.common.protocol.MessageCodecSharable - 发送消息: {"code":200,"messageType":6,"msg":"登录成功！"}
2022-11-03 21:22:35.890 [nioEventLoopGroup-3-4] INFO  c.z.filecloud.common.protocol.MessageCodecSharable - 接收消息: {"messageType":5,"password":"1120","username":"zhangyun"}
2022-11-03 21:22:35.893 [nioEventLoopGroup-3-4] INFO  c.zhangyun.filecloud.common.aspect.TraceLogAspect - 执行方法: UserServiceImpl.selectUserByName, 参数: username:"zhangyun" ====> User{userId=1, username=zhangyun, password=c6036a69be21cb660499b75718a3ef24, createTime=Thu Nov 03 11:03:15 CST 2022, modifiedTime=Thu Nov 03 11:03:15 CST 2022}, 时间: 2ms
2022-11-03 21:22:35.894 [nioEventLoopGroup-3-4] INFO  c.z.filecloud.common.protocol.MessageCodecSharable - 发送消息: {"code":200,"messageType":6,"msg":"登录成功！"}
2022-11-03 21:24:05.095 [nioEventLoopGroup-3-5] INFO  c.z.filecloud.common.protocol.MessageCodecSharable - 接收消息: {"messageType":5,"password":"1120","username":"zhangyun"}
2022-11-03 21:24:05.103 [nioEventLoopGroup-3-5] INFO  c.zhangyun.filecloud.common.aspect.TraceLogAspect - 执行方法: UserServiceImpl.selectUserByName, 参数: username:"zhangyun" ====> User{userId=1, username=zhangyun, password=c6036a69be21cb660499b75718a3ef24, createTime=Thu Nov 03 11:03:15 CST 2022, modifiedTime=Thu Nov 03 11:03:15 CST 2022}, 时间: 6ms
2022-11-03 21:24:05.104 [nioEventLoopGroup-3-5] INFO  c.z.filecloud.common.protocol.MessageCodecSharable - 发送消息: {"code":200,"messageType":6,"msg":"登录成功！"}
2022-11-03 21:24:47.203 [SpringApplicationShutdownHook] INFO  com.zaxxer.hikari.HikariDataSource - HikariPool-1 - Shutdown initiated...
2022-11-03 21:24:47.205 [SpringApplicationShutdownHook] INFO  com.zaxxer.hikari.HikariDataSource - HikariPool-1 - Shutdown completed.
2022-11-03 23:00:47.216 [main] INFO  com.zhangyun.filecloud.server.ServerApplication - Starting ServerApplication using Java 1.8.0_342 on zhangyundeMacBook-Air.local with PID 66715 (/Users/zhangyun/Documents/javaProject/FileCloud/server/target/classes started by zhangyun in /Users/zhangyun/Documents/javaProject/FileCloud)
2022-11-03 23:00:47.217 [main] INFO  com.zhangyun.filecloud.server.ServerApplication - The following profiles are active: dev
2022-11-03 23:00:47.888 [main] INFO  o.s.boot.web.embedded.tomcat.TomcatWebServer - Tomcat initialized with port(s): 8080 (http)
2022-11-03 23:00:47.892 [main] INFO  org.apache.catalina.core.StandardService - Starting service [Tomcat]
2022-11-03 23:00:47.893 [main] INFO  org.apache.catalina.core.StandardEngine - Starting Servlet engine: [Apache Tomcat/9.0.54]
2022-11-03 23:00:47.927 [main] INFO  o.a.c.core.ContainerBase.[Tomcat].[localhost].[/] - Initializing Spring embedded WebApplicationContext
2022-11-03 23:00:47.927 [main] INFO  o.s.b.w.s.c.ServletWebServerApplicationContext - Root WebApplicationContext: initialization completed in 679 ms
2022-11-03 23:00:48.368 [main] INFO  s.d.s.w.PropertySourcedRequestMappingHandlerMapping - Mapped URL path [/v2/api-docs] onto method [springfox.documentation.swagger2.web.Swagger2Controller#getDocumentation(String, HttpServletRequest)]
2022-11-03 23:00:48.530 [main] INFO  o.s.boot.web.embedded.tomcat.TomcatWebServer - Tomcat started on port(s): 8080 (http) with context path ''
2022-11-03 23:00:48.531 [main] INFO  s.d.s.web.plugins.DocumentationPluginsBootstrapper - Context refreshed
2022-11-03 23:00:48.537 [main] INFO  s.d.s.web.plugins.DocumentationPluginsBootstrapper - Found 1 custom documentation plugin(s)
2022-11-03 23:00:48.547 [main] INFO  s.d.spring.web.scanners.ApiListingReferenceScanner - Scanning for api listing references
2022-11-03 23:00:48.598 [main] INFO  com.zhangyun.filecloud.server.ServerApplication - Started ServerApplication in 1.668 seconds (JVM running for 1.968)
2022-11-03 23:00:48.599 [main] INFO  com.zhangyun.filecloud.server.service.NettyServer - netty server starting...
2022-11-03 23:00:48.601 [main] INFO  com.zhangyun.filecloud.server.service.NettyServer - netty server start success
2022-11-03 23:00:59.316 [nioEventLoopGroup-3-1] INFO  c.z.filecloud.common.protocol.MessageCodecSharable - 接收消息: {"messageType":5,"password":"1120","username":"zhangyun"}
2022-11-03 23:00:59.330 [nioEventLoopGroup-3-1] INFO  com.zaxxer.hikari.HikariDataSource - HikariPool-1 - Starting...
2022-11-03 23:00:59.392 [nioEventLoopGroup-3-1] INFO  com.zaxxer.hikari.HikariDataSource - HikariPool-1 - Start completed.
2022-11-03 23:00:59.436 [nioEventLoopGroup-3-1] INFO  c.zhangyun.filecloud.common.aspect.TraceLogAspect - 执行方法: UserServiceImpl.selectUserByName, 参数: username:"zhangyun" ====> User{userId=1, username=zhangyun, password=c6036a69be21cb660499b75718a3ef24, createTime=Thu Nov 03 11:03:15 CST 2022, modifiedTime=Thu Nov 03 11:03:15 CST 2022}, 时间: 116ms
2022-11-03 23:00:59.441 [nioEventLoopGroup-3-1] INFO  c.z.filecloud.common.protocol.MessageCodecSharable - 发送消息: {"code":200,"messageType":6,"msg":"登录成功！"}
2022-11-03 23:01:53.267 [nioEventLoopGroup-3-2] INFO  c.z.filecloud.common.protocol.MessageCodecSharable - 接收消息: {"messageType":5,"password":"1120","username":"zhangyun"}
2022-11-03 23:01:53.273 [nioEventLoopGroup-3-2] INFO  c.zhangyun.filecloud.common.aspect.TraceLogAspect - 执行方法: UserServiceImpl.selectUserByName, 参数: username:"zhangyun" ====> User{userId=1, username=zhangyun, password=c6036a69be21cb660499b75718a3ef24, createTime=Thu Nov 03 11:03:15 CST 2022, modifiedTime=Thu Nov 03 11:03:15 CST 2022}, 时间: 5ms
2022-11-03 23:01:53.273 [nioEventLoopGroup-3-2] INFO  c.z.filecloud.common.protocol.MessageCodecSharable - 发送消息: {"code":200,"messageType":6,"msg":"登录成功！"}
2022-11-03 23:07:44.280 [nioEventLoopGroup-3-3] INFO  c.z.filecloud.common.protocol.MessageCodecSharable - 接收消息: {"messageType":5,"password":"1120","username":"zhangyun"}
2022-11-03 23:07:44.286 [nioEventLoopGroup-3-3] INFO  c.zhangyun.filecloud.common.aspect.TraceLogAspect - 执行方法: UserServiceImpl.selectUserByName, 参数: username:"zhangyun" ====> User{userId=1, username=zhangyun, password=c6036a69be21cb660499b75718a3ef24, createTime=Thu Nov 03 11:03:15 CST 2022, modifiedTime=Thu Nov 03 11:03:15 CST 2022}, 时间: 4ms
2022-11-03 23:07:44.287 [nioEventLoopGroup-3-3] INFO  c.z.filecloud.common.protocol.MessageCodecSharable - 发送消息: {"code":200,"messageType":6,"msg":"登录成功！"}
