2022-11-08 00:23:05.587 [SpringApplicationShutdownHook] INFO  com.zaxxer.hikari.HikariDataSource - HikariPool-1 - Shutdown initiated...
2022-11-08 00:23:05.592 [SpringApplicationShutdownHook] INFO  com.zaxxer.hikari.HikariDataSource - HikariPool-1 - Shutdown completed.
2022-11-08 10:51:11.822 [main] INFO  com.zhangyun.filecloud.server.ServerApplication - Starting ServerApplication using Java 1.8.0_342 on zhangyundeAir.lan with PID 25396 (/Users/zhangyun/Documents/javaProject/FileCloud/server/target/classes started by zhangyun in /Users/zhangyun/Documents/javaProject/FileCloud)
2022-11-08 10:51:11.824 [main] INFO  com.zhangyun.filecloud.server.ServerApplication - The following profiles are active: dev
2022-11-08 10:51:12.246 [main] INFO  o.s.d.r.config.RepositoryConfigurationDelegate - Multiple Spring Data modules found, entering strict repository configuration mode!
2022-11-08 10:51:12.247 [main] INFO  o.s.d.r.config.RepositoryConfigurationDelegate - Bootstrapping Spring Data Redis repositories in DEFAULT mode.
2022-11-08 10:51:12.260 [main] INFO  o.s.d.r.config.RepositoryConfigurationDelegate - Finished Spring Data repository scanning in 6 ms. Found 0 Redis repository interfaces.
2022-11-08 10:51:12.572 [main] INFO  o.s.boot.web.embedded.tomcat.TomcatWebServer - Tomcat initialized with port(s): 8080 (http)
2022-11-08 10:51:12.577 [main] INFO  org.apache.catalina.core.StandardService - Starting service [Tomcat]
2022-11-08 10:51:12.577 [main] INFO  org.apache.catalina.core.StandardEngine - Starting Servlet engine: [Apache Tomcat/9.0.54]
2022-11-08 10:51:12.621 [main] INFO  o.a.c.core.ContainerBase.[Tomcat].[localhost].[/] - Initializing Spring embedded WebApplicationContext
2022-11-08 10:51:12.621 [main] INFO  o.s.b.w.s.c.ServletWebServerApplicationContext - Root WebApplicationContext: initialization completed in 767 ms
2022-11-08 10:51:14.444 [main] INFO  s.d.s.w.PropertySourcedRequestMappingHandlerMapping - Mapped URL path [/v2/api-docs] onto method [springfox.documentation.swagger2.web.Swagger2Controller#getDocumentation(String, HttpServletRequest)]
2022-11-08 10:51:14.657 [main] WARN  o.s.b.a.freemarker.FreeMarkerAutoConfiguration - Cannot find template location(s): [classpath:/templates/] (please add some templates, check your FreeMarker configuration, or set spring.freemarker.checkTemplateLocation=false)
2022-11-08 10:51:14.702 [main] INFO  o.s.boot.web.embedded.tomcat.TomcatWebServer - Tomcat started on port(s): 8080 (http) with context path ''
2022-11-08 10:51:14.703 [main] INFO  s.d.s.web.plugins.DocumentationPluginsBootstrapper - Context refreshed
2022-11-08 10:51:14.710 [main] INFO  s.d.s.web.plugins.DocumentationPluginsBootstrapper - Found 1 custom documentation plugin(s)
2022-11-08 10:51:14.719 [main] INFO  s.d.spring.web.scanners.ApiListingReferenceScanner - Scanning for api listing references
2022-11-08 10:51:14.768 [main] INFO  com.zhangyun.filecloud.server.ServerApplication - Started ServerApplication in 3.428 seconds (JVM running for 3.822)
2022-11-08 10:51:14.769 [main] INFO  com.zhangyun.filecloud.server.service.NettyServer - netty server starting...
2022-11-08 10:51:14.770 [main] INFO  com.zhangyun.filecloud.server.service.NettyServer - netty server start success
2022-11-08 10:55:31.795 [http-nio-8080-exec-1] INFO  o.a.c.core.ContainerBase.[Tomcat].[localhost].[/] - Initializing Spring DispatcherServlet 'dispatcherServlet'
2022-11-08 10:55:31.795 [http-nio-8080-exec-1] INFO  org.springframework.web.servlet.DispatcherServlet - Initializing Servlet 'dispatcherServlet'
2022-11-08 10:55:31.797 [http-nio-8080-exec-1] INFO  org.springframework.web.servlet.DispatcherServlet - Completed initialization in 2 ms
2022-11-08 11:22:24.881 [main] INFO  com.zhangyun.filecloud.server.ServerApplication - Starting ServerApplication using Java 1.8.0_342 on zhangyundeAir.lan with PID 31425 (/Users/zhangyun/Documents/javaProject/FileCloud/server/target/classes started by zhangyun in /Users/zhangyun/Documents/javaProject/FileCloud)
2022-11-08 11:22:24.883 [main] INFO  com.zhangyun.filecloud.server.ServerApplication - The following profiles are active: dev
2022-11-08 11:22:25.305 [main] INFO  o.s.d.r.config.RepositoryConfigurationDelegate - Multiple Spring Data modules found, entering strict repository configuration mode!
2022-11-08 11:22:25.306 [main] INFO  o.s.d.r.config.RepositoryConfigurationDelegate - Bootstrapping Spring Data Redis repositories in DEFAULT mode.
2022-11-08 11:22:25.319 [main] INFO  o.s.d.r.config.RepositoryConfigurationDelegate - Finished Spring Data repository scanning in 6 ms. Found 0 Redis repository interfaces.
2022-11-08 11:22:25.613 [main] INFO  o.s.boot.web.embedded.tomcat.TomcatWebServer - Tomcat initialized with port(s): 8080 (http)
2022-11-08 11:22:25.617 [main] INFO  org.apache.catalina.core.StandardService - Starting service [Tomcat]
2022-11-08 11:22:25.617 [main] INFO  org.apache.catalina.core.StandardEngine - Starting Servlet engine: [Apache Tomcat/9.0.54]
2022-11-08 11:22:25.653 [main] INFO  o.a.c.core.ContainerBase.[Tomcat].[localhost].[/] - Initializing Spring embedded WebApplicationContext
2022-11-08 11:22:25.654 [main] INFO  o.s.b.w.s.c.ServletWebServerApplicationContext - Root WebApplicationContext: initialization completed in 739 ms
2022-11-08 11:22:26.950 [main] INFO  s.d.s.w.PropertySourcedRequestMappingHandlerMapping - Mapped URL path [/v2/api-docs] onto method [springfox.documentation.swagger2.web.Swagger2Controller#getDocumentation(String, HttpServletRequest)]
2022-11-08 11:22:27.160 [main] WARN  o.s.b.a.freemarker.FreeMarkerAutoConfiguration - Cannot find template location(s): [classpath:/templates/] (please add some templates, check your FreeMarker configuration, or set spring.freemarker.checkTemplateLocation=false)
2022-11-08 11:22:27.214 [main] INFO  o.s.boot.web.embedded.tomcat.TomcatWebServer - Tomcat started on port(s): 8080 (http) with context path ''
2022-11-08 11:22:27.215 [main] INFO  s.d.s.web.plugins.DocumentationPluginsBootstrapper - Context refreshed
2022-11-08 11:22:27.220 [main] INFO  s.d.s.web.plugins.DocumentationPluginsBootstrapper - Found 1 custom documentation plugin(s)
2022-11-08 11:22:27.230 [main] INFO  s.d.spring.web.scanners.ApiListingReferenceScanner - Scanning for api listing references
2022-11-08 11:22:27.275 [main] INFO  com.zhangyun.filecloud.server.ServerApplication - Started ServerApplication in 2.635 seconds (JVM running for 2.888)
2022-11-08 11:22:27.276 [main] INFO  com.zhangyun.filecloud.server.service.NettyServer - netty server starting...
2022-11-08 11:22:27.277 [main] INFO  com.zhangyun.filecloud.server.service.NettyServer - netty server start success
2022-11-08 11:23:04.831 [nioEventLoopGroup-5-1] WARN  io.netty.channel.DefaultChannelPipeline - An exceptionCaught() event was fired, and it reached at the tail of the pipeline. It usually means the last handler in the pipeline did not handle the exception.
io.netty.handler.codec.TooLongFrameException: Adjusted frame length exceeds 2000000: 1902403991 - discarded
	at io.netty.handler.codec.LengthFieldBasedFrameDecoder.fail(LengthFieldBasedFrameDecoder.java:503)
	at io.netty.handler.codec.LengthFieldBasedFrameDecoder.failIfNecessary(LengthFieldBasedFrameDecoder.java:489)
	at io.netty.handler.codec.LengthFieldBasedFrameDecoder.exceededFrameLength(LengthFieldBasedFrameDecoder.java:376)
	at io.netty.handler.codec.LengthFieldBasedFrameDecoder.decode(LengthFieldBasedFrameDecoder.java:419)
	at io.netty.handler.codec.LengthFieldBasedFrameDecoder.decode(LengthFieldBasedFrameDecoder.java:332)
	at io.netty.handler.codec.ByteToMessageDecoder.decodeRemovalReentryProtection(ByteToMessageDecoder.java:507)
	at io.netty.handler.codec.ByteToMessageDecoder.callDecode(ByteToMessageDecoder.java:446)
	at io.netty.handler.codec.ByteToMessageDecoder.channelRead(ByteToMessageDecoder.java:276)
	at io.netty.channel.AbstractChannelHandlerContext.invokeChannelRead(AbstractChannelHandlerContext.java:379)
	at io.netty.channel.AbstractChannelHandlerContext.invokeChannelRead(AbstractChannelHandlerContext.java:365)
	at io.netty.channel.AbstractChannelHandlerContext.fireChannelRead(AbstractChannelHandlerContext.java:357)
	at io.netty.channel.DefaultChannelPipeline$HeadContext.channelRead(DefaultChannelPipeline.java:1410)
	at io.netty.channel.AbstractChannelHandlerContext.invokeChannelRead(AbstractChannelHandlerContext.java:379)
	at io.netty.channel.AbstractChannelHandlerContext.invokeChannelRead(AbstractChannelHandlerContext.java:365)
	at io.netty.channel.DefaultChannelPipeline.fireChannelRead(DefaultChannelPipeline.java:919)
	at io.netty.channel.nio.AbstractNioByteChannel$NioByteUnsafe.read(AbstractNioByteChannel.java:166)
	at io.netty.channel.nio.NioEventLoop.processSelectedKey(NioEventLoop.java:719)
	at io.netty.channel.nio.NioEventLoop.processSelectedKeysOptimized(NioEventLoop.java:655)
	at io.netty.channel.nio.NioEventLoop.processSelectedKeys(NioEventLoop.java:581)
	at io.netty.channel.nio.NioEventLoop.run(NioEventLoop.java:493)
	at io.netty.util.concurrent.SingleThreadEventExecutor$4.run(SingleThreadEventExecutor.java:986)
	at io.netty.util.internal.ThreadExecutorMap$2.run(ThreadExecutorMap.java:74)
	at io.netty.util.concurrent.FastThreadLocalRunnable.run(FastThreadLocalRunnable.java:30)
	at java.lang.Thread.run(Thread.java:750)
2022-11-08 11:24:08.472 [nioEventLoopGroup-5-2] INFO  c.z.filecloud.common.protocol.MessageCodecSharable - 接收消息: {"deviceId":"4e83afaa-199f-4eed-ad95-b15c59314a69","deviceName":"lab windows","messageType":5,"msgDesc":"LoginMessage","password":"1120","rootPath":"C:\\Users\\Administrator\\Desktop\\java project\\FileCloud\\rootPath","username":"zhangyun"}
2022-11-08 11:24:08.489 [nioEventLoopGroup-5-2] INFO  com.zaxxer.hikari.HikariDataSource - HikariPool-1 - Starting...
2022-11-08 11:24:08.554 [nioEventLoopGroup-5-2] INFO  com.zaxxer.hikari.HikariDataSource - HikariPool-1 - Start completed.
2022-11-08 11:24:08.581 [nioEventLoopGroup-5-2] INFO  c.zhangyun.filecloud.common.aspect.TraceLogAspect - 执行方法: UserServiceImpl.selectUserByName, 参数: username:"zhangyun" ====> User{userId=1, username=zhangyun, password=c6036a69be21cb660499b75718a3ef24, createTime=Thu Nov 03 11:03:15 CST 2022, modifiedTime=Thu Nov 03 11:03:15 CST 2022}, 时间: 105ms
2022-11-08 11:24:08.782 [nioEventLoopGroup-5-2] INFO  c.z.filecloud.common.protocol.MessageCodecSharable - 发送消息: {"code":200,"isRegister":true,"messageType":6,"msg":"登录成功！","msgDesc":"LoginResponseMessage","token":"3836a048-102f-4621-8422-f9a988089e76"}
2022-11-08 11:36:28.991 [SpringApplicationShutdownHook] INFO  com.zaxxer.hikari.HikariDataSource - HikariPool-1 - Shutdown initiated...
2022-11-08 11:36:28.997 [SpringApplicationShutdownHook] INFO  com.zaxxer.hikari.HikariDataSource - HikariPool-1 - Shutdown completed.
2022-11-08 11:36:31.569 [main] INFO  com.zhangyun.filecloud.server.ServerApplication - Starting ServerApplication using Java 1.8.0_342 on zhangyundeAir.lan with PID 34296 (/Users/zhangyun/Documents/javaProject/FileCloud/server/target/classes started by zhangyun in /Users/zhangyun/Documents/javaProject/FileCloud)
2022-11-08 11:36:31.570 [main] INFO  com.zhangyun.filecloud.server.ServerApplication - The following profiles are active: dev
2022-11-08 11:36:31.969 [main] INFO  o.s.d.r.config.RepositoryConfigurationDelegate - Multiple Spring Data modules found, entering strict repository configuration mode!
2022-11-08 11:36:31.970 [main] INFO  o.s.d.r.config.RepositoryConfigurationDelegate - Bootstrapping Spring Data Redis repositories in DEFAULT mode.
2022-11-08 11:36:31.982 [main] INFO  o.s.d.r.config.RepositoryConfigurationDelegate - Finished Spring Data repository scanning in 6 ms. Found 0 Redis repository interfaces.
2022-11-08 11:36:32.278 [main] INFO  o.s.boot.web.embedded.tomcat.TomcatWebServer - Tomcat initialized with port(s): 8080 (http)
2022-11-08 11:36:32.283 [main] INFO  org.apache.catalina.core.StandardService - Starting service [Tomcat]
2022-11-08 11:36:32.283 [main] INFO  org.apache.catalina.core.StandardEngine - Starting Servlet engine: [Apache Tomcat/9.0.54]
2022-11-08 11:36:32.322 [main] INFO  o.a.c.core.ContainerBase.[Tomcat].[localhost].[/] - Initializing Spring embedded WebApplicationContext
2022-11-08 11:36:32.322 [main] INFO  o.s.b.w.s.c.ServletWebServerApplicationContext - Root WebApplicationContext: initialization completed in 722 ms
2022-11-08 11:36:33.413 [main] INFO  s.d.s.w.PropertySourcedRequestMappingHandlerMapping - Mapped URL path [/v2/api-docs] onto method [springfox.documentation.swagger2.web.Swagger2Controller#getDocumentation(String, HttpServletRequest)]
2022-11-08 11:36:33.615 [main] WARN  o.s.b.a.freemarker.FreeMarkerAutoConfiguration - Cannot find template location(s): [classpath:/templates/] (please add some templates, check your FreeMarker configuration, or set spring.freemarker.checkTemplateLocation=false)
2022-11-08 11:36:33.660 [main] INFO  o.s.boot.web.embedded.tomcat.TomcatWebServer - Tomcat started on port(s): 8080 (http) with context path ''
2022-11-08 11:36:33.661 [main] INFO  s.d.s.web.plugins.DocumentationPluginsBootstrapper - Context refreshed
2022-11-08 11:36:33.666 [main] INFO  s.d.s.web.plugins.DocumentationPluginsBootstrapper - Found 1 custom documentation plugin(s)
2022-11-08 11:36:33.676 [main] INFO  s.d.spring.web.scanners.ApiListingReferenceScanner - Scanning for api listing references
2022-11-08 11:36:33.722 [main] INFO  com.zhangyun.filecloud.server.ServerApplication - Started ServerApplication in 2.389 seconds (JVM running for 2.663)
2022-11-08 11:36:33.723 [main] INFO  com.zhangyun.filecloud.server.service.NettyServer - netty server starting...
2022-11-08 11:36:33.724 [main] INFO  com.zhangyun.filecloud.server.service.NettyServer - netty server start success
2022-11-08 11:37:05.939 [nioEventLoopGroup-5-1] INFO  c.z.filecloud.common.protocol.MessageCodecSharable - 接收消息: {"deviceId":"4e83afaa-199f-4eed-ad95-b15c59314a69","deviceName":"lab windows","messageType":5,"msgDesc":"LoginMessage","password":"1120","rootPath":"C:\\Users\\Administrator\\Desktop\\java project\\FileCloud\\rootPath","username":"zhangyun"}
2022-11-08 11:37:05.955 [nioEventLoopGroup-5-1] INFO  com.zaxxer.hikari.HikariDataSource - HikariPool-1 - Starting...
2022-11-08 11:37:06.022 [nioEventLoopGroup-5-1] INFO  com.zaxxer.hikari.HikariDataSource - HikariPool-1 - Start completed.
2022-11-08 11:37:06.048 [nioEventLoopGroup-5-1] INFO  c.zhangyun.filecloud.common.aspect.TraceLogAspect - 执行方法: UserServiceImpl.selectUserByName, 参数: username:"zhangyun" ====> User{userId=1, username=zhangyun, password=c6036a69be21cb660499b75718a3ef24, createTime=Thu Nov 03 11:03:15 CST 2022, modifiedTime=Thu Nov 03 11:03:15 CST 2022}, 时间: 104ms
2022-11-08 11:37:06.245 [nioEventLoopGroup-5-1] INFO  c.z.filecloud.common.protocol.MessageCodecSharable - 发送消息: {"code":200,"isRegister":true,"messageType":6,"msg":"登录成功！","msgDesc":"LoginResponseMessage","token":"9fe3414d-bc7f-4c1a-b51e-3a82eb975145"}
2022-11-08 11:37:30.961 [nioEventLoopGroup-5-1] INFO  c.z.filecloud.common.protocol.MessageCodecSharable - 接收消息: {"deviceId":"4e83afaa-199f-4eed-ad95-b15c59314a69","deviceName":"lab windows","messageType":5,"msgDesc":"LoginMessage","password":"1120","rootPath":"C:\\Users\\Administrator\\Desktop\\java project\\FileCloud\\rootPath","username":"zhangyun"}
2022-11-08 11:37:30.968 [nioEventLoopGroup-5-1] INFO  c.zhangyun.filecloud.common.aspect.TraceLogAspect - 执行方法: UserServiceImpl.selectUserByName, 参数: username:"zhangyun" ====> User{userId=1, username=zhangyun, password=c6036a69be21cb660499b75718a3ef24, createTime=Thu Nov 03 11:03:15 CST 2022, modifiedTime=Thu Nov 03 11:03:15 CST 2022}, 时间: 5ms
2022-11-08 11:37:30.976 [nioEventLoopGroup-5-1] INFO  c.z.filecloud.common.protocol.MessageCodecSharable - 发送消息: {"code":200,"isRegister":true,"messageType":6,"msg":"登录成功！","msgDesc":"LoginResponseMessage","token":"9fb54025-27d9-42a8-852b-080bb141b07d"}
2022-11-08 11:39:28.068 [SpringApplicationShutdownHook] INFO  com.zaxxer.hikari.HikariDataSource - HikariPool-1 - Shutdown initiated...
2022-11-08 11:39:28.073 [SpringApplicationShutdownHook] INFO  com.zaxxer.hikari.HikariDataSource - HikariPool-1 - Shutdown completed.
