2022-10-27 21:22:36.886 [main] INFO  com.zhangyun.filecloud.server.ServerApplication - Starting ServerApplication using Java 1.8.0_342 on zhangyundeAir.lan with PID 1782 (/Users/zhangyun/Documents/javaProject/FileCloud/server/target/classes started by zhangyun in /Users/zhangyun/Documents/javaProject/FileCloud)
2022-10-27 21:22:36.887 [main] INFO  com.zhangyun.filecloud.server.ServerApplication - The following 1 profile is active: "dev"
2022-10-27 21:22:37.286 [main] INFO  o.s.boot.web.embedded.tomcat.TomcatWebServer - Tomcat initialized with port(s): 8080 (http)
2022-10-27 21:22:37.290 [main] INFO  org.apache.catalina.core.StandardService - Starting service [Tomcat]
2022-10-27 21:22:37.290 [main] INFO  org.apache.catalina.core.StandardEngine - Starting Servlet engine: [Apache Tomcat/9.0.68]
2022-10-27 21:22:37.330 [main] INFO  o.a.c.core.ContainerBase.[Tomcat].[localhost].[/] - Initializing Spring embedded WebApplicationContext
2022-10-27 21:22:37.330 [main] INFO  o.s.b.w.s.c.ServletWebServerApplicationContext - Root WebApplicationContext: initialization completed in 424 ms
2022-10-27 21:22:37.532 [main] WARN  o.s.b.w.s.c.AnnotationConfigServletWebServerApplicationContext - Exception encountered during context initialization - cancelling refresh attempt: org.springframework.context.ApplicationContextException: Failed to start bean 'webServerStartStop'; nested exception is org.springframework.boot.web.server.PortInUseException: Port 8080 is already in use
2022-10-27 21:22:37.535 [main] INFO  org.apache.catalina.core.StandardService - Stopping service [Tomcat]
2022-10-27 21:22:37.541 [main] INFO  o.s.b.a.l.ConditionEvaluationReportLoggingListener - 

Error starting ApplicationContext. To display the conditions report re-run your application with 'debug' enabled.
2022-10-27 21:22:37.552 [main] ERROR o.s.b.diagnostics.LoggingFailureAnalysisReporter - 

***************************
APPLICATION FAILED TO START
***************************

Description:

Web server failed to start. Port 8080 was already in use.

Action:

Identify and stop the process that's listening on port 8080 or configure this application to listen on another port.

2022-10-27 21:24:25.246 [main] INFO  com.zhangyun.filecloud.server.ServerApplication - Starting ServerApplication using Java 1.8.0_342 on zhangyundeAir.lan with PID 2214 (/Users/zhangyun/Documents/javaProject/FileCloud/server/target/classes started by zhangyun in /Users/zhangyun/Documents/javaProject/FileCloud)
2022-10-27 21:24:25.248 [main] INFO  com.zhangyun.filecloud.server.ServerApplication - The following 1 profile is active: "dev"
2022-10-27 21:24:25.677 [main] INFO  o.s.boot.web.embedded.tomcat.TomcatWebServer - Tomcat initialized with port(s): 8080 (http)
2022-10-27 21:24:25.682 [main] INFO  org.apache.catalina.core.StandardService - Starting service [Tomcat]
2022-10-27 21:24:25.682 [main] INFO  org.apache.catalina.core.StandardEngine - Starting Servlet engine: [Apache Tomcat/9.0.68]
2022-10-27 21:24:25.727 [main] INFO  o.a.c.core.ContainerBase.[Tomcat].[localhost].[/] - Initializing Spring embedded WebApplicationContext
2022-10-27 21:24:25.727 [main] INFO  o.s.b.w.s.c.ServletWebServerApplicationContext - Root WebApplicationContext: initialization completed in 454 ms
2022-10-27 21:24:25.937 [main] INFO  o.s.boot.web.embedded.tomcat.TomcatWebServer - Tomcat started on port(s): 8080 (http) with context path ''
2022-10-27 21:24:25.943 [main] INFO  com.zhangyun.filecloud.server.ServerApplication - Started ServerApplication in 0.988 seconds (JVM running for 1.326)
2022-10-27 21:24:25.944 [main] INFO  com.zhangyun.filecloud.server.service.NettyServer - netty server starting...
2022-10-27 21:24:25.946 [main] INFO  com.zhangyun.filecloud.server.service.NettyServer - netty server start success
2022-10-27 21:31:13.431 [main] INFO  com.zhangyun.filecloud.server.ServerApplication - Starting ServerApplication using Java 1.8.0_342 on zhangyundeAir.lan with PID 3567 (/Users/zhangyun/Documents/javaProject/FileCloud/server/target/classes started by zhangyun in /Users/zhangyun/Documents/javaProject/FileCloud)
2022-10-27 21:31:13.433 [main] INFO  com.zhangyun.filecloud.server.ServerApplication - The following profiles are active: dev
2022-10-27 21:31:13.941 [main] INFO  o.s.boot.web.embedded.tomcat.TomcatWebServer - Tomcat initialized with port(s): 8080 (http)
2022-10-27 21:31:13.947 [main] INFO  org.apache.catalina.core.StandardService - Starting service [Tomcat]
2022-10-27 21:31:13.947 [main] INFO  org.apache.catalina.core.StandardEngine - Starting Servlet engine: [Apache Tomcat/9.0.54]
2022-10-27 21:31:14.000 [main] INFO  o.a.c.core.ContainerBase.[Tomcat].[localhost].[/] - Initializing Spring embedded WebApplicationContext
2022-10-27 21:31:14.000 [main] INFO  o.s.b.w.s.c.ServletWebServerApplicationContext - Root WebApplicationContext: initialization completed in 542 ms
2022-10-27 21:31:14.245 [main] INFO  o.s.boot.web.embedded.tomcat.TomcatWebServer - Tomcat started on port(s): 8080 (http) with context path ''
2022-10-27 21:31:14.252 [main] INFO  com.zhangyun.filecloud.server.ServerApplication - Started ServerApplication in 1.099 seconds (JVM running for 1.41)
2022-10-27 21:31:14.253 [main] INFO  com.zhangyun.filecloud.server.service.NettyServer - netty server starting...
2022-10-27 21:31:14.255 [main] INFO  com.zhangyun.filecloud.server.service.NettyServer - netty server start success
2022-10-27 21:32:11.840 [nioEventLoopGroup-3-1] INFO  c.z.filecloud.common.protocol.MessageCodecSharable - 接收消息: {"filePath":"/Users/zhangyun/test/source/.DS_Store","lastModified":1666877527506,"messageType":1,"operationEnum":"FILE_CHANGE","startPos":0,"statusEnum":"FINISHED"}
2022-10-27 21:32:11.841 [nioEventLoopGroup-3-1] INFO  c.z.filecloud.server.handler.UploadMessageHandler - 文件 /Users/zhangyun/test/target/.DS_Store 改变
2022-10-27 21:32:11.844 [nioEventLoopGroup-3-1] INFO  c.z.filecloud.common.protocol.MessageCodecSharable - 发送消息: {"filePath":"/Users/zhangyun/test/source/.DS_Store","messageType":2,"nextPos":6148,"operationEnum":"FILE_CHANGE","statusEnum":"FINISHED"}
2022-10-27 21:32:11.854 [nioEventLoopGroup-3-1] INFO  c.z.filecloud.common.protocol.MessageCodecSharable - 接收消息: {"filePath":"/Users/zhangyun/test/source/小论文","lastModified":1666877529904,"messageType":1,"operationEnum":"DIRECTORY_CHANGE","startPos":0,"statusEnum":"FINISHED"}
2022-10-27 21:32:11.855 [nioEventLoopGroup-3-1] INFO  c.z.filecloud.server.handler.UploadMessageHandler - 文件夹 /Users/zhangyun/test/target/小论文 改变
2022-10-27 21:32:11.855 [nioEventLoopGroup-3-1] INFO  c.z.filecloud.common.protocol.MessageCodecSharable - 发送消息: {"filePath":"/Users/zhangyun/test/source/小论文","messageType":2,"nextPos":-1,"operationEnum":"DIRECTORY_CHANGE","statusEnum":"FINISHED"}
2022-10-27 21:32:11.856 [nioEventLoopGroup-3-1] INFO  c.z.filecloud.common.protocol.MessageCodecSharable - 接收消息: {"filePath":"/Users/zhangyun/test/source/小论文/等几何Kirchhoff-Love壳平衡路径跟踪加速方法-V4.docx","lastModified":0,"messageType":1,"operationEnum":"FILE_DELETE","startPos":0,"statusEnum":"FINISHED"}
2022-10-27 21:32:11.857 [nioEventLoopGroup-3-1] INFO  c.z.filecloud.server.handler.UploadMessageHandler - 文件 /Users/zhangyun/test/target/小论文/等几何Kirchhoff-Love壳平衡路径跟踪加速方法-V4.docx 删除
2022-10-27 21:32:11.857 [nioEventLoopGroup-3-1] INFO  c.z.filecloud.common.protocol.MessageCodecSharable - 发送消息: {"filePath":"/Users/zhangyun/test/source/小论文/等几何Kirchhoff-Love壳平衡路径跟踪加速方法-V4.docx","messageType":2,"nextPos":-1,"operationEnum":"FILE_DELETE","statusEnum":"FINISHED"}
2022-10-27 21:32:11.858 [nioEventLoopGroup-3-1] INFO  c.z.filecloud.common.protocol.MessageCodecSharable - 接收消息: {"filePath":"/Users/zhangyun/test/source/小论文/等几何Kirchhoff-Love壳平衡路径跟踪加速方法-V5-Re.docx","lastModified":0,"messageType":1,"operationEnum":"FILE_DELETE","startPos":0,"statusEnum":"FINISHED"}
2022-10-27 21:32:11.859 [nioEventLoopGroup-3-1] INFO  c.z.filecloud.server.handler.UploadMessageHandler - 文件 /Users/zhangyun/test/target/小论文/等几何Kirchhoff-Love壳平衡路径跟踪加速方法-V5-Re.docx 删除
2022-10-27 21:32:11.859 [nioEventLoopGroup-3-1] INFO  c.z.filecloud.common.protocol.MessageCodecSharable - 发送消息: {"filePath":"/Users/zhangyun/test/source/小论文/等几何Kirchhoff-Love壳平衡路径跟踪加速方法-V5-Re.docx","messageType":2,"nextPos":-1,"operationEnum":"FILE_DELETE","statusEnum":"FINISHED"}
2022-10-27 21:32:11.860 [nioEventLoopGroup-3-1] INFO  c.z.filecloud.common.protocol.MessageCodecSharable - 接收消息: {"filePath":"/Users/zhangyun/test/source/小论文/等几何Kirchhoff-Love壳平衡路径跟踪加速方法-V5.docx","lastModified":0,"messageType":1,"operationEnum":"FILE_DELETE","startPos":0,"statusEnum":"FINISHED"}
2022-10-27 21:32:11.860 [nioEventLoopGroup-3-1] INFO  c.z.filecloud.server.handler.UploadMessageHandler - 文件 /Users/zhangyun/test/target/小论文/等几何Kirchhoff-Love壳平衡路径跟踪加速方法-V5.docx 删除
2022-10-27 21:32:11.860 [nioEventLoopGroup-3-1] INFO  c.z.filecloud.common.protocol.MessageCodecSharable - 发送消息: {"filePath":"/Users/zhangyun/test/source/小论文/等几何Kirchhoff-Love壳平衡路径跟踪加速方法-V5.docx","messageType":2,"nextPos":-1,"operationEnum":"FILE_DELETE","statusEnum":"FINISHED"}
2022-10-27 21:32:11.861 [nioEventLoopGroup-3-1] INFO  c.z.filecloud.common.protocol.MessageCodecSharable - 接收消息: {"filePath":"/Users/zhangyun/test/source/小论文/等几何Kirchhoff-Love壳平衡路径跟踪加速方法-V5.pdf","lastModified":0,"messageType":1,"operationEnum":"FILE_DELETE","startPos":0,"statusEnum":"FINISHED"}
2022-10-27 21:32:11.861 [nioEventLoopGroup-3-1] INFO  c.z.filecloud.server.handler.UploadMessageHandler - 文件 /Users/zhangyun/test/target/小论文/等几何Kirchhoff-Love壳平衡路径跟踪加速方法-V5.pdf 删除
2022-10-27 21:32:11.861 [nioEventLoopGroup-3-1] INFO  c.z.filecloud.common.protocol.MessageCodecSharable - 发送消息: {"filePath":"/Users/zhangyun/test/source/小论文/等几何Kirchhoff-Love壳平衡路径跟踪加速方法-V5.pdf","messageType":2,"nextPos":-1,"operationEnum":"FILE_DELETE","statusEnum":"FINISHED"}
2022-10-27 21:32:11.862 [nioEventLoopGroup-3-1] INFO  c.z.filecloud.common.protocol.MessageCodecSharable - 接收消息: {"filePath":"/Users/zhangyun/test/source/小论文/等几何Kirchhoff-Love壳平衡路径跟踪加速方法-V6-Re.docx","lastModified":0,"messageType":1,"operationEnum":"FILE_DELETE","startPos":0,"statusEnum":"FINISHED"}
2022-10-27 21:32:11.862 [nioEventLoopGroup-3-1] INFO  c.z.filecloud.server.handler.UploadMessageHandler - 文件 /Users/zhangyun/test/target/小论文/等几何Kirchhoff-Love壳平衡路径跟踪加速方法-V6-Re.docx 删除
2022-10-27 21:32:11.862 [nioEventLoopGroup-3-1] INFO  c.z.filecloud.common.protocol.MessageCodecSharable - 发送消息: {"filePath":"/Users/zhangyun/test/source/小论文/等几何Kirchhoff-Love壳平衡路径跟踪加速方法-V6-Re.docx","messageType":2,"nextPos":-1,"operationEnum":"FILE_DELETE","statusEnum":"FINISHED"}
2022-10-27 21:32:11.864 [nioEventLoopGroup-3-1] INFO  c.z.filecloud.common.protocol.MessageCodecSharable - 接收消息: {"filePath":"/Users/zhangyun/test/source/小论文/等几何Kirchhoff-Love壳平衡路径跟踪加速方法-V6.docx","lastModified":0,"messageType":1,"operationEnum":"FILE_DELETE","startPos":0,"statusEnum":"FINISHED"}
2022-10-27 21:32:11.864 [nioEventLoopGroup-3-1] INFO  c.z.filecloud.server.handler.UploadMessageHandler - 文件 /Users/zhangyun/test/target/小论文/等几何Kirchhoff-Love壳平衡路径跟踪加速方法-V6.docx 删除
2022-10-27 21:32:11.864 [nioEventLoopGroup-3-1] INFO  c.z.filecloud.common.protocol.MessageCodecSharable - 发送消息: {"filePath":"/Users/zhangyun/test/source/小论文/等几何Kirchhoff-Love壳平衡路径跟踪加速方法-V6.docx","messageType":2,"nextPos":-1,"operationEnum":"FILE_DELETE","statusEnum":"FINISHED"}
2022-10-27 21:32:11.865 [nioEventLoopGroup-3-1] INFO  c.z.filecloud.common.protocol.MessageCodecSharable - 接收消息: {"filePath":"/Users/zhangyun/test/source/小论文/等几何Kirchhoff-Love壳平衡路径跟踪加速方法-V6.pdf","lastModified":0,"messageType":1,"operationEnum":"FILE_DELETE","startPos":0,"statusEnum":"FINISHED"}
2022-10-27 21:32:11.865 [nioEventLoopGroup-3-1] INFO  c.z.filecloud.server.handler.UploadMessageHandler - 文件 /Users/zhangyun/test/target/小论文/等几何Kirchhoff-Love壳平衡路径跟踪加速方法-V6.pdf 删除
2022-10-27 21:32:11.866 [nioEventLoopGroup-3-1] INFO  c.z.filecloud.common.protocol.MessageCodecSharable - 发送消息: {"filePath":"/Users/zhangyun/test/source/小论文/等几何Kirchhoff-Love壳平衡路径跟踪加速方法-V6.pdf","messageType":2,"nextPos":-1,"operationEnum":"FILE_DELETE","statusEnum":"FINISHED"}
2022-10-27 21:32:11.866 [nioEventLoopGroup-3-1] INFO  c.z.filecloud.common.protocol.MessageCodecSharable - 接收消息: {"filePath":"/Users/zhangyun/test/source/小论文/等几何Kirchhoff-Love壳平衡路径跟踪加速方法-V7.docx","lastModified":0,"messageType":1,"operationEnum":"FILE_DELETE","startPos":0,"statusEnum":"FINISHED"}
2022-10-27 21:32:11.866 [nioEventLoopGroup-3-1] INFO  c.z.filecloud.server.handler.UploadMessageHandler - 文件 /Users/zhangyun/test/target/小论文/等几何Kirchhoff-Love壳平衡路径跟踪加速方法-V7.docx 删除
2022-10-27 21:32:11.867 [nioEventLoopGroup-3-1] INFO  c.z.filecloud.common.protocol.MessageCodecSharable - 发送消息: {"filePath":"/Users/zhangyun/test/source/小论文/等几何Kirchhoff-Love壳平衡路径跟踪加速方法-V7.docx","messageType":2,"nextPos":-1,"operationEnum":"FILE_DELETE","statusEnum":"FINISHED"}
2022-10-27 21:32:11.867 [nioEventLoopGroup-3-1] INFO  c.z.filecloud.common.protocol.MessageCodecSharable - 接收消息: {"filePath":"/Users/zhangyun/test/source/小论文/等几何Kirchhoff-Love壳平衡路径跟踪加速方法-V7.pdf","lastModified":0,"messageType":1,"operationEnum":"FILE_DELETE","startPos":0,"statusEnum":"FINISHED"}
2022-10-27 21:32:11.868 [nioEventLoopGroup-3-1] INFO  c.z.filecloud.server.handler.UploadMessageHandler - 文件 /Users/zhangyun/test/target/小论文/等几何Kirchhoff-Love壳平衡路径跟踪加速方法-V7.pdf 删除
2022-10-27 21:32:11.868 [nioEventLoopGroup-3-1] INFO  c.z.filecloud.common.protocol.MessageCodecSharable - 发送消息: {"filePath":"/Users/zhangyun/test/source/小论文/等几何Kirchhoff-Love壳平衡路径跟踪加速方法-V7.pdf","messageType":2,"nextPos":-1,"operationEnum":"FILE_DELETE","statusEnum":"FINISHED"}
2022-10-27 21:32:23.890 [nioEventLoopGroup-3-2] INFO  c.z.filecloud.common.protocol.MessageCodecSharable - 接收消息: {"filePath":"/Users/zhangyun/test/source/小论文/.DS_Store","lastModified":1666877540880,"messageType":1,"operationEnum":"FILE_CHANGE","startPos":0,"statusEnum":"FINISHED"}
2022-10-27 21:32:23.891 [nioEventLoopGroup-3-2] INFO  c.z.filecloud.server.handler.UploadMessageHandler - 文件 /Users/zhangyun/test/target/小论文/.DS_Store 改变
2022-10-27 21:32:23.892 [nioEventLoopGroup-3-2] INFO  c.z.filecloud.common.protocol.MessageCodecSharable - 发送消息: {"filePath":"/Users/zhangyun/test/source/小论文/.DS_Store","messageType":2,"nextPos":6148,"operationEnum":"FILE_CHANGE","statusEnum":"FINISHED"}
2022-10-27 21:33:03.165 [http-nio-8080-exec-1] INFO  o.a.c.core.ContainerBase.[Tomcat].[localhost].[/] - Initializing Spring DispatcherServlet 'dispatcherServlet'
2022-10-27 21:33:03.165 [http-nio-8080-exec-1] INFO  org.springframework.web.servlet.DispatcherServlet - Initializing Servlet 'dispatcherServlet'
2022-10-27 21:33:03.167 [http-nio-8080-exec-1] INFO  org.springframework.web.servlet.DispatcherServlet - Completed initialization in 0 ms
2022-10-27 21:38:34.360 [nioEventLoopGroup-3-3] INFO  c.z.filecloud.common.protocol.MessageCodecSharable - 接收消息: {"filePath":"/Users/zhangyun/test/source/小论文/.DS_Store","lastModified":0,"messageType":1,"operationEnum":"FILE_DELETE","startPos":0,"statusEnum":"FINISHED"}
2022-10-27 21:38:34.363 [nioEventLoopGroup-3-3] INFO  c.z.filecloud.server.handler.UploadMessageHandler - 文件 /Users/zhangyun/test/target/小论文/.DS_Store 删除
2022-10-27 21:38:34.364 [nioEventLoopGroup-3-3] INFO  c.z.filecloud.common.protocol.MessageCodecSharable - 发送消息: {"filePath":"/Users/zhangyun/test/source/小论文/.DS_Store","messageType":2,"nextPos":-1,"operationEnum":"FILE_DELETE","statusEnum":"FINISHED"}
2022-10-27 21:38:34.369 [nioEventLoopGroup-3-3] INFO  c.z.filecloud.common.protocol.MessageCodecSharable - 接收消息: {"filePath":"/Users/zhangyun/test/source/小论文/ShallowRoof_deformed.gif","lastModified":0,"messageType":1,"operationEnum":"FILE_DELETE","startPos":0,"statusEnum":"FINISHED"}
2022-10-27 21:38:34.369 [nioEventLoopGroup-3-3] INFO  c.z.filecloud.server.handler.UploadMessageHandler - 文件 /Users/zhangyun/test/target/小论文/ShallowRoof_deformed.gif 删除
2022-10-27 21:38:34.370 [nioEventLoopGroup-3-3] INFO  c.z.filecloud.common.protocol.MessageCodecSharable - 发送消息: {"filePath":"/Users/zhangyun/test/source/小论文/ShallowRoof_deformed.gif","messageType":2,"nextPos":-1,"operationEnum":"FILE_DELETE","statusEnum":"FINISHED"}
2022-10-27 21:38:34.373 [nioEventLoopGroup-3-3] INFO  c.z.filecloud.common.protocol.MessageCodecSharable - 接收消息: {"filePath":"/Users/zhangyun/test/source/小论文/伪代码.pdf","lastModified":0,"messageType":1,"operationEnum":"FILE_DELETE","startPos":0,"statusEnum":"FINISHED"}
2022-10-27 21:38:34.374 [nioEventLoopGroup-3-3] INFO  c.z.filecloud.server.handler.UploadMessageHandler - 文件 /Users/zhangyun/test/target/小论文/伪代码.pdf 删除
2022-10-27 21:38:34.374 [nioEventLoopGroup-3-3] INFO  c.z.filecloud.common.protocol.MessageCodecSharable - 发送消息: {"filePath":"/Users/zhangyun/test/source/小论文/伪代码.pdf","messageType":2,"nextPos":-1,"operationEnum":"FILE_DELETE","statusEnum":"FINISHED"}
2022-10-27 21:38:34.379 [nioEventLoopGroup-3-3] INFO  c.z.filecloud.common.protocol.MessageCodecSharable - 接收消息: {"filePath":"/Users/zhangyun/test/source/小论文/加速路径搜索的刚度矩阵估算法-V1.docx","lastModified":0,"messageType":1,"operationEnum":"FILE_DELETE","startPos":0,"statusEnum":"FINISHED"}
2022-10-27 21:38:34.380 [nioEventLoopGroup-3-3] INFO  c.z.filecloud.server.handler.UploadMessageHandler - 文件 /Users/zhangyun/test/target/小论文/加速路径搜索的刚度矩阵估算法-V1.docx 删除
2022-10-27 21:38:34.380 [nioEventLoopGroup-3-3] INFO  c.z.filecloud.common.protocol.MessageCodecSharable - 发送消息: {"filePath":"/Users/zhangyun/test/source/小论文/加速路径搜索的刚度矩阵估算法-V1.docx","messageType":2,"nextPos":-1,"operationEnum":"FILE_DELETE","statusEnum":"FINISHED"}
2022-10-27 21:38:34.389 [nioEventLoopGroup-3-3] INFO  c.z.filecloud.common.protocol.MessageCodecSharable - 接收消息: {"filePath":"/Users/zhangyun/test/source/小论文/加速路径搜索的刚度矩阵估算法-V1.pdf","lastModified":0,"messageType":1,"operationEnum":"FILE_DELETE","startPos":0,"statusEnum":"FINISHED"}
2022-10-27 21:38:34.390 [nioEventLoopGroup-3-3] INFO  c.z.filecloud.server.handler.UploadMessageHandler - 文件 /Users/zhangyun/test/target/小论文/加速路径搜索的刚度矩阵估算法-V1.pdf 删除
2022-10-27 21:38:34.390 [nioEventLoopGroup-3-3] INFO  c.z.filecloud.common.protocol.MessageCodecSharable - 发送消息: {"filePath":"/Users/zhangyun/test/source/小论文/加速路径搜索的刚度矩阵估算法-V1.pdf","messageType":2,"nextPos":-1,"operationEnum":"FILE_DELETE","statusEnum":"FINISHED"}
2022-10-27 21:38:34.392 [nioEventLoopGroup-3-3] INFO  c.z.filecloud.common.protocol.MessageCodecSharable - 接收消息: {"filePath":"/Users/zhangyun/test/source/小论文/加速路径搜索的刚度矩阵估算法-V2-7-31.docx","lastModified":0,"messageType":1,"operationEnum":"FILE_DELETE","startPos":0,"statusEnum":"FINISHED"}
2022-10-27 21:38:34.392 [nioEventLoopGroup-3-3] INFO  c.z.filecloud.server.handler.UploadMessageHandler - 文件 /Users/zhangyun/test/target/小论文/加速路径搜索的刚度矩阵估算法-V2-7-31.docx 删除
2022-10-27 21:38:34.393 [nioEventLoopGroup-3-3] INFO  c.z.filecloud.common.protocol.MessageCodecSharable - 发送消息: {"filePath":"/Users/zhangyun/test/source/小论文/加速路径搜索的刚度矩阵估算法-V2-7-31.docx","messageType":2,"nextPos":-1,"operationEnum":"FILE_DELETE","statusEnum":"FINISHED"}
2022-10-27 21:38:34.394 [nioEventLoopGroup-3-3] INFO  c.z.filecloud.common.protocol.MessageCodecSharable - 接收消息: {"filePath":"/Users/zhangyun/test/source/小论文/加速路径搜索的刚度矩阵估算法-V2.docx","lastModified":0,"messageType":1,"operationEnum":"FILE_DELETE","startPos":0,"statusEnum":"FINISHED"}
2022-10-27 21:38:34.394 [nioEventLoopGroup-3-3] INFO  c.z.filecloud.server.handler.UploadMessageHandler - 文件 /Users/zhangyun/test/target/小论文/加速路径搜索的刚度矩阵估算法-V2.docx 删除
2022-10-27 21:38:34.395 [nioEventLoopGroup-3-3] INFO  c.z.filecloud.common.protocol.MessageCodecSharable - 发送消息: {"filePath":"/Users/zhangyun/test/source/小论文/加速路径搜索的刚度矩阵估算法-V2.docx","messageType":2,"nextPos":-1,"operationEnum":"FILE_DELETE","statusEnum":"FINISHED"}
2022-10-27 21:38:34.396 [nioEventLoopGroup-3-3] INFO  c.z.filecloud.common.protocol.MessageCodecSharable - 接收消息: {"filePath":"/Users/zhangyun/test/source/小论文/加速路径搜索的刚度矩阵估算法-V2.pdf","lastModified":0,"messageType":1,"operationEnum":"FILE_DELETE","startPos":0,"statusEnum":"FINISHED"}
2022-10-27 21:38:34.397 [nioEventLoopGroup-3-3] INFO  c.z.filecloud.server.handler.UploadMessageHandler - 文件 /Users/zhangyun/test/target/小论文/加速路径搜索的刚度矩阵估算法-V2.pdf 删除
2022-10-27 21:38:34.397 [nioEventLoopGroup-3-3] INFO  c.z.filecloud.common.protocol.MessageCodecSharable - 发送消息: {"filePath":"/Users/zhangyun/test/source/小论文/加速路径搜索的刚度矩阵估算法-V2.pdf","messageType":2,"nextPos":-1,"operationEnum":"FILE_DELETE","statusEnum":"FINISHED"}
2022-10-27 21:38:34.398 [nioEventLoopGroup-3-3] INFO  c.z.filecloud.common.protocol.MessageCodecSharable - 接收消息: {"filePath":"/Users/zhangyun/test/source/小论文/加速路径搜索的刚度矩阵估算法-V3.docx","lastModified":0,"messageType":1,"operationEnum":"FILE_DELETE","startPos":0,"statusEnum":"FINISHED"}
2022-10-27 21:38:34.398 [nioEventLoopGroup-3-3] INFO  c.z.filecloud.server.handler.UploadMessageHandler - 文件 /Users/zhangyun/test/target/小论文/加速路径搜索的刚度矩阵估算法-V3.docx 删除
2022-10-27 21:38:34.399 [nioEventLoopGroup-3-3] INFO  c.z.filecloud.common.protocol.MessageCodecSharable - 发送消息: {"filePath":"/Users/zhangyun/test/source/小论文/加速路径搜索的刚度矩阵估算法-V3.docx","messageType":2,"nextPos":-1,"operationEnum":"FILE_DELETE","statusEnum":"FINISHED"}
2022-10-27 21:38:34.405 [nioEventLoopGroup-3-3] INFO  c.z.filecloud.common.protocol.MessageCodecSharable - 接收消息: {"filePath":"/Users/zhangyun/test/source/小论文/工程力学学报/文件1：《工程力学》格式说明.pdf","lastModified":0,"messageType":1,"operationEnum":"FILE_DELETE","startPos":0,"statusEnum":"FINISHED"}
2022-10-27 21:38:34.405 [nioEventLoopGroup-3-3] INFO  c.z.filecloud.server.handler.UploadMessageHandler - 文件 /Users/zhangyun/test/target/小论文/工程力学学报/文件1：《工程力学》格式说明.pdf 删除
2022-10-27 21:38:34.405 [nioEventLoopGroup-3-3] INFO  c.z.filecloud.common.protocol.MessageCodecSharable - 发送消息: {"filePath":"/Users/zhangyun/test/source/小论文/工程力学学报/文件1：《工程力学》格式说明.pdf","messageType":2,"nextPos":-1,"operationEnum":"FILE_DELETE","statusEnum":"FINISHED"}
2022-10-27 21:38:34.407 [nioEventLoopGroup-3-3] INFO  c.z.filecloud.common.protocol.MessageCodecSharable - 接收消息: {"filePath":"/Users/zhangyun/test/source/小论文/工程力学学报/文件2：《工程力学》格式样例.pdf","lastModified":0,"messageType":1,"operationEnum":"FILE_DELETE","startPos":0,"statusEnum":"FINISHED"}
2022-10-27 21:38:34.407 [nioEventLoopGroup-3-3] INFO  c.z.filecloud.server.handler.UploadMessageHandler - 文件 /Users/zhangyun/test/target/小论文/工程力学学报/文件2：《工程力学》格式样例.pdf 删除
2022-10-27 21:38:34.407 [nioEventLoopGroup-3-3] INFO  c.z.filecloud.common.protocol.MessageCodecSharable - 发送消息: {"filePath":"/Users/zhangyun/test/source/小论文/工程力学学报/文件2：《工程力学》格式样例.pdf","messageType":2,"nextPos":-1,"operationEnum":"FILE_DELETE","statusEnum":"FINISHED"}
2022-10-27 21:38:34.408 [nioEventLoopGroup-3-3] INFO  c.z.filecloud.common.protocol.MessageCodecSharable - 接收消息: {"filePath":"/Users/zhangyun/test/source/小论文/工程力学学报/文件3：《工程力学》英文准则.pdf","lastModified":0,"messageType":1,"operationEnum":"FILE_DELETE","startPos":0,"statusEnum":"FINISHED"}
2022-10-27 21:38:34.408 [nioEventLoopGroup-3-3] INFO  c.z.filecloud.server.handler.UploadMessageHandler - 文件 /Users/zhangyun/test/target/小论文/工程力学学报/文件3：《工程力学》英文准则.pdf 删除
2022-10-27 21:38:34.409 [nioEventLoopGroup-3-3] INFO  c.z.filecloud.common.protocol.MessageCodecSharable - 发送消息: {"filePath":"/Users/zhangyun/test/source/小论文/工程力学学报/文件3：《工程力学》英文准则.pdf","messageType":2,"nextPos":-1,"operationEnum":"FILE_DELETE","statusEnum":"FINISHED"}
2022-10-27 21:38:34.410 [nioEventLoopGroup-3-3] INFO  c.z.filecloud.common.protocol.MessageCodecSharable - 接收消息: {"filePath":"/Users/zhangyun/test/source/小论文/工程力学学报/文件4：《工程力学》文献格式.pdf","lastModified":0,"messageType":1,"operationEnum":"FILE_DELETE","startPos":0,"statusEnum":"FINISHED"}
2022-10-27 21:38:34.410 [nioEventLoopGroup-3-3] INFO  c.z.filecloud.server.handler.UploadMessageHandler - 文件 /Users/zhangyun/test/target/小论文/工程力学学报/文件4：《工程力学》文献格式.pdf 删除
2022-10-27 21:38:34.410 [nioEventLoopGroup-3-3] INFO  c.z.filecloud.common.protocol.MessageCodecSharable - 发送消息: {"filePath":"/Users/zhangyun/test/source/小论文/工程力学学报/文件4：《工程力学》文献格式.pdf","messageType":2,"nextPos":-1,"operationEnum":"FILE_DELETE","statusEnum":"FINISHED"}
2022-10-27 21:38:34.411 [nioEventLoopGroup-3-3] INFO  c.z.filecloud.common.protocol.MessageCodecSharable - 接收消息: {"filePath":"/Users/zhangyun/test/source/小论文/工程力学学报","lastModified":0,"messageType":1,"operationEnum":"DIRECTORY_DELETE","startPos":0,"statusEnum":"FINISHED"}
2022-10-27 21:38:34.412 [nioEventLoopGroup-3-3] INFO  c.z.filecloud.server.handler.UploadMessageHandler - 文件夹 /Users/zhangyun/test/target/小论文/工程力学学报 被删除！
2022-10-27 21:38:34.412 [nioEventLoopGroup-3-3] INFO  c.z.filecloud.common.protocol.MessageCodecSharable - 发送消息: {"filePath":"/Users/zhangyun/test/source/小论文/工程力学学报","messageType":2,"nextPos":-1,"operationEnum":"DIRECTORY_DELETE","statusEnum":"FINISHED"}
2022-10-27 21:38:34.413 [nioEventLoopGroup-3-3] INFO  c.z.filecloud.common.protocol.MessageCodecSharable - 接收消息: {"filePath":"/Users/zhangyun/test/source/小论文","lastModified":0,"messageType":1,"operationEnum":"DIRECTORY_DELETE","startPos":0,"statusEnum":"FINISHED"}
2022-10-27 21:38:34.414 [nioEventLoopGroup-3-3] INFO  c.z.filecloud.server.handler.UploadMessageHandler - 文件夹 /Users/zhangyun/test/target/小论文 被删除！
2022-10-27 21:38:34.414 [nioEventLoopGroup-3-3] INFO  c.z.filecloud.common.protocol.MessageCodecSharable - 发送消息: {"filePath":"/Users/zhangyun/test/source/小论文","messageType":2,"nextPos":-1,"operationEnum":"DIRECTORY_DELETE","statusEnum":"FINISHED"}
2022-10-27 21:38:37.420 [nioEventLoopGroup-3-4] INFO  c.z.filecloud.common.protocol.MessageCodecSharable - 接收消息: {"filePath":"/Users/zhangyun/test/source/.DS_Store","lastModified":1666877914929,"messageType":1,"operationEnum":"FILE_CHANGE","startPos":0,"statusEnum":"FINISHED"}
2022-10-27 21:38:37.420 [nioEventLoopGroup-3-4] INFO  c.z.filecloud.server.handler.UploadMessageHandler - 文件 /Users/zhangyun/test/target/.DS_Store 改变
2022-10-27 21:38:37.421 [nioEventLoopGroup-3-4] INFO  c.z.filecloud.common.protocol.MessageCodecSharable - 发送消息: {"filePath":"/Users/zhangyun/test/source/.DS_Store","messageType":2,"nextPos":6148,"operationEnum":"FILE_CHANGE","statusEnum":"FINISHED"}
2022-10-27 23:40:38.895 [main] INFO  com.zhangyun.filecloud.server.ServerApplication - Starting ServerApplication using Java 1.8.0_342 on zhangyundeMacBook-Air.local with PID 25091 (/Users/zhangyun/Documents/javaProject/FileCloud/server/target/classes started by zhangyun in /Users/zhangyun/Documents/javaProject/FileCloud)
2022-10-27 23:40:38.896 [main] INFO  com.zhangyun.filecloud.server.ServerApplication - The following profiles are active: dev
2022-10-27 23:40:39.373 [main] INFO  o.s.boot.web.embedded.tomcat.TomcatWebServer - Tomcat initialized with port(s): 8080 (http)
2022-10-27 23:40:39.378 [main] INFO  org.apache.catalina.core.StandardService - Starting service [Tomcat]
2022-10-27 23:40:39.379 [main] INFO  org.apache.catalina.core.StandardEngine - Starting Servlet engine: [Apache Tomcat/9.0.54]
2022-10-27 23:40:39.419 [main] INFO  o.a.c.core.ContainerBase.[Tomcat].[localhost].[/] - Initializing Spring embedded WebApplicationContext
2022-10-27 23:40:39.419 [main] INFO  o.s.b.w.s.c.ServletWebServerApplicationContext - Root WebApplicationContext: initialization completed in 496 ms
2022-10-27 23:40:39.644 [main] INFO  o.s.boot.web.embedded.tomcat.TomcatWebServer - Tomcat started on port(s): 8080 (http) with context path ''
2022-10-27 23:40:39.650 [main] INFO  com.zhangyun.filecloud.server.ServerApplication - Started ServerApplication in 1.026 seconds (JVM running for 1.367)
2022-10-27 23:40:39.651 [main] INFO  com.zhangyun.filecloud.server.service.NettyServer - netty server starting...
2022-10-27 23:40:39.653 [main] INFO  com.zhangyun.filecloud.server.service.NettyServer - netty server start success
