2022-11-05 18:57:51.509 [main] INFO  com.zhangyun.filecloud.server.ServerApplication - Starting ServerApplication using Java 1.8.0_342 on zhangyundeAir.lan with PID 76869 (/Users/zhangyun/Documents/javaProject/FileCloud/server/target/classes started by zhangyun in /Users/zhangyun/Documents/javaProject/FileCloud)
2022-11-05 18:57:51.511 [main] INFO  com.zhangyun.filecloud.server.ServerApplication - The following profiles are active: dev
2022-11-05 18:57:52.010 [main] INFO  o.s.d.r.config.RepositoryConfigurationDelegate - Multiple Spring Data modules found, entering strict repository configuration mode!
2022-11-05 18:57:52.011 [main] INFO  o.s.d.r.config.RepositoryConfigurationDelegate - Bootstrapping Spring Data Redis repositories in DEFAULT mode.
2022-11-05 18:57:52.027 [main] INFO  o.s.d.r.config.RepositoryConfigurationDelegate - Finished Spring Data repository scanning in 7 ms. Found 0 Redis repository interfaces.
2022-11-05 18:57:52.391 [main] INFO  o.s.boot.web.embedded.tomcat.TomcatWebServer - Tomcat initialized with port(s): 8080 (http)
2022-11-05 18:57:52.396 [main] INFO  org.apache.catalina.core.StandardService - Starting service [Tomcat]
2022-11-05 18:57:52.396 [main] INFO  org.apache.catalina.core.StandardEngine - Starting Servlet engine: [Apache Tomcat/9.0.54]
2022-11-05 18:57:52.435 [main] INFO  o.a.c.core.ContainerBase.[Tomcat].[localhost].[/] - Initializing Spring embedded WebApplicationContext
2022-11-05 18:57:52.436 [main] INFO  o.s.b.w.s.c.ServletWebServerApplicationContext - Root WebApplicationContext: initialization completed in 883 ms
2022-11-05 18:57:54.655 [main] INFO  s.d.s.w.PropertySourcedRequestMappingHandlerMapping - Mapped URL path [/v2/api-docs] onto method [springfox.documentation.swagger2.web.Swagger2Controller#getDocumentation(String, HttpServletRequest)]
2022-11-05 18:57:54.897 [main] WARN  o.s.b.a.freemarker.FreeMarkerAutoConfiguration - Cannot find template location(s): [classpath:/templates/] (please add some templates, check your FreeMarker configuration, or set spring.freemarker.checkTemplateLocation=false)
2022-11-05 18:57:54.947 [main] INFO  o.s.boot.web.embedded.tomcat.TomcatWebServer - Tomcat started on port(s): 8080 (http) with context path ''
2022-11-05 18:57:54.947 [main] INFO  s.d.s.web.plugins.DocumentationPluginsBootstrapper - Context refreshed
2022-11-05 18:57:54.954 [main] INFO  s.d.s.web.plugins.DocumentationPluginsBootstrapper - Found 1 custom documentation plugin(s)
2022-11-05 18:57:54.965 [main] INFO  s.d.spring.web.scanners.ApiListingReferenceScanner - Scanning for api listing references
2022-11-05 18:57:55.015 [main] INFO  com.zhangyun.filecloud.server.ServerApplication - Started ServerApplication in 3.801 seconds (JVM running for 4.142)
2022-11-05 18:57:55.017 [main] INFO  com.zhangyun.filecloud.server.service.NettyServer - netty server starting...
2022-11-05 18:57:55.018 [main] INFO  com.zhangyun.filecloud.server.service.NettyServer - netty server start success
2022-11-05 18:58:02.898 [nioEventLoopGroup-5-1] INFO  c.z.filecloud.common.protocol.MessageCodecSharable - 接收消息: {"messageType":5,"password":"1120","username":"zhangyun"}
2022-11-05 18:58:02.911 [nioEventLoopGroup-5-1] INFO  com.zaxxer.hikari.HikariDataSource - HikariPool-1 - Starting...
2022-11-05 18:58:02.978 [nioEventLoopGroup-5-1] INFO  com.zaxxer.hikari.HikariDataSource - HikariPool-1 - Start completed.
2022-11-05 18:58:03.014 [nioEventLoopGroup-5-1] INFO  c.zhangyun.filecloud.common.aspect.TraceLogAspect - 执行方法: UserServiceImpl.selectUserByName, 参数: username:"zhangyun" ====> User{userId=1, username=zhangyun, password=c6036a69be21cb660499b75718a3ef24, createTime=Thu Nov 03 11:03:15 CST 2022, modifiedTime=Thu Nov 03 11:03:15 CST 2022}, 时间: 112ms
2022-11-05 18:58:03.204 [nioEventLoopGroup-5-1] INFO  c.z.filecloud.common.protocol.MessageCodecSharable - 发送消息: {"code":200,"messageType":6,"msg":"登录成功！","token":"e5dd0af5-2a40-4636-b9bc-51cca151a2b9"}
2022-11-05 19:34:21.997 [HikariPool-1 housekeeper] WARN  com.zaxxer.hikari.pool.HikariPool - HikariPool-1 - Thread starvation or clock leap detected (housekeeper delta=21m48s781ms).
2022-11-05 20:07:24.656 [HikariPool-1 housekeeper] WARN  com.zaxxer.hikari.pool.HikariPool - HikariPool-1 - Thread starvation or clock leap detected (housekeeper delta=33m2s659ms).
2022-11-05 20:42:01.796 [HikariPool-1 housekeeper] WARN  com.zaxxer.hikari.pool.HikariPool - HikariPool-1 - Thread starvation or clock leap detected (housekeeper delta=34m37s140ms).
2022-11-05 21:16:24.441 [HikariPool-1 housekeeper] WARN  com.zaxxer.hikari.pool.HikariPool - HikariPool-1 - Thread starvation or clock leap detected (housekeeper delta=34m22s645ms).
2022-11-05 22:03:15.249 [nioEventLoopGroup-5-2] INFO  c.z.filecloud.common.protocol.MessageCodecSharable - 接收消息: {"messageType":5,"password":"1120","username":"zhangyun"}
2022-11-05 22:03:15.254 [nioEventLoopGroup-5-2] INFO  c.zhangyun.filecloud.common.aspect.TraceLogAspect - 执行方法: UserServiceImpl.selectUserByName, 参数: username:"zhangyun" ====> User{userId=1, username=zhangyun, password=c6036a69be21cb660499b75718a3ef24, createTime=Thu Nov 03 11:03:15 CST 2022, modifiedTime=Thu Nov 03 11:03:15 CST 2022}, 时间: 4ms
2022-11-05 22:03:15.257 [nioEventLoopGroup-5-2] INFO  c.z.filecloud.common.protocol.MessageCodecSharable - 发送消息: {"code":200,"messageType":6,"msg":"登录成功！","token":"c217e206-2b66-4602-8e8e-dc2eb686210e"}
2022-11-05 22:05:27.212 [nioEventLoopGroup-5-3] INFO  c.z.filecloud.common.protocol.MessageCodecSharable - 接收消息: {"messageType":5,"password":"1120","username":"zhangyun"}
2022-11-05 22:05:27.214 [nioEventLoopGroup-5-3] INFO  c.zhangyun.filecloud.common.aspect.TraceLogAspect - 执行方法: UserServiceImpl.selectUserByName, 参数: username:"zhangyun" ====> User{userId=1, username=zhangyun, password=c6036a69be21cb660499b75718a3ef24, createTime=Thu Nov 03 11:03:15 CST 2022, modifiedTime=Thu Nov 03 11:03:15 CST 2022}, 时间: 2ms
2022-11-05 22:05:27.215 [nioEventLoopGroup-5-3] INFO  c.z.filecloud.common.protocol.MessageCodecSharable - 发送消息: {"code":200,"messageType":6,"msg":"登录成功！","token":"e5d846cd-718a-4783-9cf0-0e2603da32b1"}
2022-11-05 22:07:27.010 [nioEventLoopGroup-5-4] INFO  c.z.filecloud.common.protocol.MessageCodecSharable - 接收消息: {"messageType":5,"password":"1120","username":"zhangyun"}
2022-11-05 22:07:27.011 [nioEventLoopGroup-5-4] INFO  c.zhangyun.filecloud.common.aspect.TraceLogAspect - 执行方法: UserServiceImpl.selectUserByName, 参数: username:"zhangyun" ====> User{userId=1, username=zhangyun, password=c6036a69be21cb660499b75718a3ef24, createTime=Thu Nov 03 11:03:15 CST 2022, modifiedTime=Thu Nov 03 11:03:15 CST 2022}, 时间: 1ms
2022-11-05 22:07:27.013 [nioEventLoopGroup-5-4] INFO  c.z.filecloud.common.protocol.MessageCodecSharable - 发送消息: {"code":200,"messageType":6,"msg":"登录成功！","token":"b7bcd442-24f4-4218-ab39-954962328555"}
2022-11-05 22:18:52.361 [nioEventLoopGroup-5-5] INFO  c.z.filecloud.common.protocol.MessageCodecSharable - 接收消息: {"messageType":5,"password":"1120","username":"zhangyun"}
2022-11-05 22:18:52.365 [nioEventLoopGroup-5-5] INFO  c.zhangyun.filecloud.common.aspect.TraceLogAspect - 执行方法: UserServiceImpl.selectUserByName, 参数: username:"zhangyun" ====> User{userId=1, username=zhangyun, password=c6036a69be21cb660499b75718a3ef24, createTime=Thu Nov 03 11:03:15 CST 2022, modifiedTime=Thu Nov 03 11:03:15 CST 2022}, 时间: 3ms
2022-11-05 22:18:52.366 [nioEventLoopGroup-5-5] INFO  c.z.filecloud.common.protocol.MessageCodecSharable - 发送消息: {"code":200,"messageType":6,"msg":"登录成功！","token":"73985cc2-6052-46f4-8a43-8f8f73f7ed86"}
2022-11-05 22:47:24.537 [nioEventLoopGroup-5-7] INFO  c.z.filecloud.common.protocol.MessageCodecSharable - 接收消息: {"messageType":5,"password":"1120","username":"zhangyun"}
2022-11-05 22:47:24.543 [nioEventLoopGroup-5-7] INFO  c.zhangyun.filecloud.common.aspect.TraceLogAspect - 执行方法: UserServiceImpl.selectUserByName, 参数: username:"zhangyun" ====> User{userId=1, username=zhangyun, password=c6036a69be21cb660499b75718a3ef24, createTime=Thu Nov 03 11:03:15 CST 2022, modifiedTime=Thu Nov 03 11:03:15 CST 2022}, 时间: 5ms
2022-11-05 22:47:24.545 [nioEventLoopGroup-5-7] INFO  c.z.filecloud.common.protocol.MessageCodecSharable - 发送消息: {"code":200,"messageType":6,"msg":"登录成功！","token":"950943c4-7ece-48c5-b9b2-03146dfcf019"}
2022-11-05 22:47:59.954 [nioEventLoopGroup-5-8] INFO  c.z.filecloud.common.protocol.MessageCodecSharable - 接收消息: {"messageType":5,"password":"1120","username":"zhangyun"}
2022-11-05 22:47:59.956 [nioEventLoopGroup-5-8] INFO  c.zhangyun.filecloud.common.aspect.TraceLogAspect - 执行方法: UserServiceImpl.selectUserByName, 参数: username:"zhangyun" ====> User{userId=1, username=zhangyun, password=c6036a69be21cb660499b75718a3ef24, createTime=Thu Nov 03 11:03:15 CST 2022, modifiedTime=Thu Nov 03 11:03:15 CST 2022}, 时间: 1ms
2022-11-05 22:47:59.957 [nioEventLoopGroup-5-8] INFO  c.z.filecloud.common.protocol.MessageCodecSharable - 发送消息: {"code":200,"messageType":6,"msg":"登录成功！","token":"33c12836-a236-43b9-87da-ec94e131ff6f"}
2022-11-05 22:52:35.760 [SpringApplicationShutdownHook] INFO  com.zaxxer.hikari.HikariDataSource - HikariPool-1 - Shutdown initiated...
2022-11-05 22:52:35.763 [SpringApplicationShutdownHook] INFO  com.zaxxer.hikari.HikariDataSource - HikariPool-1 - Shutdown completed.
