2022-11-04 00:45:31.949 [nioEventLoopGroup-3-4] INFO  c.z.filecloud.common.protocol.MessageCodecSharable - 接收消息: {"messageType":5,"password":"1120","username":"zhangyun"}
2022-11-04 00:45:31.958 [nioEventLoopGroup-3-4] INFO  c.zhangyun.filecloud.common.aspect.TraceLogAspect - 执行方法: UserServiceImpl.selectUserByName, 参数: username:"zhangyun" ====> User{userId=1, username=zhangyun, password=c6036a69be21cb660499b75718a3ef24, createTime=Thu Nov 03 11:03:15 CST 2022, modifiedTime=Thu Nov 03 11:03:15 CST 2022}, 时间: 4ms
2022-11-04 00:45:31.959 [nioEventLoopGroup-3-4] INFO  c.z.filecloud.common.protocol.MessageCodecSharable - 发送消息: {"code":200,"messageType":6,"msg":"登录成功！"}
2022-11-04 00:48:46.528 [nioEventLoopGroup-3-6] INFO  c.z.filecloud.common.protocol.MessageCodecSharable - 接收消息: {"messageType":5,"password":"1120","username":"zhangyun"}
2022-11-04 00:48:46.549 [nioEventLoopGroup-3-6] INFO  c.zhangyun.filecloud.common.aspect.TraceLogAspect - 执行方法: UserServiceImpl.selectUserByName, 参数: username:"zhangyun" ====> User{userId=1, username=zhangyun, password=c6036a69be21cb660499b75718a3ef24, createTime=Thu Nov 03 11:03:15 CST 2022, modifiedTime=Thu Nov 03 11:03:15 CST 2022}, 时间: 18ms
2022-11-04 00:48:46.551 [nioEventLoopGroup-3-6] INFO  c.z.filecloud.common.protocol.MessageCodecSharable - 发送消息: {"code":200,"messageType":6,"msg":"登录成功！"}
2022-11-04 01:15:27.943 [SpringApplicationShutdownHook] INFO  com.zaxxer.hikari.HikariDataSource - HikariPool-1 - Shutdown initiated...
2022-11-04 01:15:27.945 [SpringApplicationShutdownHook] INFO  com.zaxxer.hikari.HikariDataSource - HikariPool-1 - Shutdown completed.
2022-11-04 11:10:34.144 [main] INFO  com.zhangyun.filecloud.server.ServerApplication - Starting ServerApplication using Java 1.8.0_342 on zhangyundeAir.lan with PID 21415 (/Users/zhangyun/Documents/javaProject/FileCloud/server/target/classes started by zhangyun in /Users/zhangyun/Documents/javaProject/FileCloud)
2022-11-04 11:10:34.146 [main] INFO  com.zhangyun.filecloud.server.ServerApplication - The following profiles are active: dev
2022-11-04 11:10:34.849 [main] INFO  o.s.boot.web.embedded.tomcat.TomcatWebServer - Tomcat initialized with port(s): 8080 (http)
2022-11-04 11:10:34.855 [main] INFO  org.apache.catalina.core.StandardService - Starting service [Tomcat]
2022-11-04 11:10:34.856 [main] INFO  org.apache.catalina.core.StandardEngine - Starting Servlet engine: [Apache Tomcat/9.0.54]
2022-11-04 11:10:34.894 [main] INFO  o.a.c.core.ContainerBase.[Tomcat].[localhost].[/] - Initializing Spring embedded WebApplicationContext
2022-11-04 11:10:34.894 [main] INFO  o.s.b.w.s.c.ServletWebServerApplicationContext - Root WebApplicationContext: initialization completed in 718 ms
2022-11-04 11:10:35.347 [main] INFO  s.d.s.w.PropertySourcedRequestMappingHandlerMapping - Mapped URL path [/v2/api-docs] onto method [springfox.documentation.swagger2.web.Swagger2Controller#getDocumentation(String, HttpServletRequest)]
2022-11-04 11:10:35.510 [main] INFO  o.s.boot.web.embedded.tomcat.TomcatWebServer - Tomcat started on port(s): 8080 (http) with context path ''
2022-11-04 11:10:35.510 [main] INFO  s.d.s.web.plugins.DocumentationPluginsBootstrapper - Context refreshed
2022-11-04 11:10:35.515 [main] INFO  s.d.s.web.plugins.DocumentationPluginsBootstrapper - Found 1 custom documentation plugin(s)
2022-11-04 11:10:35.526 [main] INFO  s.d.spring.web.scanners.ApiListingReferenceScanner - Scanning for api listing references
2022-11-04 11:10:35.575 [main] INFO  com.zhangyun.filecloud.server.ServerApplication - Started ServerApplication in 1.677 seconds (JVM running for 1.937)
2022-11-04 11:10:35.576 [main] INFO  com.zhangyun.filecloud.server.service.NettyServer - netty server starting...
2022-11-04 11:10:35.578 [main] INFO  com.zhangyun.filecloud.server.service.NettyServer - netty server start success
2022-11-04 11:10:53.298 [nioEventLoopGroup-3-1] INFO  c.z.filecloud.common.protocol.MessageCodecSharable - 接收消息: {"messageType":5,"password":"1120","username":"zhangyun"}
2022-11-04 11:10:53.311 [nioEventLoopGroup-3-1] INFO  com.zaxxer.hikari.HikariDataSource - HikariPool-1 - Starting...
2022-11-04 11:10:53.374 [nioEventLoopGroup-3-1] INFO  com.zaxxer.hikari.HikariDataSource - HikariPool-1 - Start completed.
2022-11-04 11:10:53.403 [nioEventLoopGroup-3-1] INFO  c.zhangyun.filecloud.common.aspect.TraceLogAspect - 执行方法: UserServiceImpl.selectUserByName, 参数: username:"zhangyun" ====> User{userId=1, username=zhangyun, password=c6036a69be21cb660499b75718a3ef24, createTime=Thu Nov 03 11:03:15 CST 2022, modifiedTime=Thu Nov 03 11:03:15 CST 2022}, 时间: 102ms
2022-11-04 11:10:53.408 [nioEventLoopGroup-3-1] INFO  c.z.filecloud.common.protocol.MessageCodecSharable - 发送消息: {"code":200,"messageType":6,"msg":"登录成功！"}
2022-11-04 11:12:04.987 [SpringApplicationShutdownHook] INFO  com.zaxxer.hikari.HikariDataSource - HikariPool-1 - Shutdown initiated...
2022-11-04 11:12:04.993 [SpringApplicationShutdownHook] INFO  com.zaxxer.hikari.HikariDataSource - HikariPool-1 - Shutdown completed.
2022-11-04 11:12:07.535 [main] INFO  com.zhangyun.filecloud.server.ServerApplication - Starting ServerApplication using Java 1.8.0_342 on zhangyundeAir.lan with PID 21713 (/Users/zhangyun/Documents/javaProject/FileCloud/server/target/classes started by zhangyun in /Users/zhangyun/Documents/javaProject/FileCloud)
2022-11-04 11:12:07.537 [main] INFO  com.zhangyun.filecloud.server.ServerApplication - The following profiles are active: dev
2022-11-04 11:12:08.230 [main] INFO  o.s.boot.web.embedded.tomcat.TomcatWebServer - Tomcat initialized with port(s): 8080 (http)
2022-11-04 11:12:08.234 [main] INFO  org.apache.catalina.core.StandardService - Starting service [Tomcat]
2022-11-04 11:12:08.235 [main] INFO  org.apache.catalina.core.StandardEngine - Starting Servlet engine: [Apache Tomcat/9.0.54]
2022-11-04 11:12:08.272 [main] INFO  o.a.c.core.ContainerBase.[Tomcat].[localhost].[/] - Initializing Spring embedded WebApplicationContext
2022-11-04 11:12:08.273 [main] INFO  o.s.b.w.s.c.ServletWebServerApplicationContext - Root WebApplicationContext: initialization completed in 706 ms
2022-11-04 11:12:08.701 [main] INFO  s.d.s.w.PropertySourcedRequestMappingHandlerMapping - Mapped URL path [/v2/api-docs] onto method [springfox.documentation.swagger2.web.Swagger2Controller#getDocumentation(String, HttpServletRequest)]
2022-11-04 11:12:08.861 [main] INFO  o.s.boot.web.embedded.tomcat.TomcatWebServer - Tomcat started on port(s): 8080 (http) with context path ''
2022-11-04 11:12:08.862 [main] INFO  s.d.s.web.plugins.DocumentationPluginsBootstrapper - Context refreshed
2022-11-04 11:12:08.868 [main] INFO  s.d.s.web.plugins.DocumentationPluginsBootstrapper - Found 1 custom documentation plugin(s)
2022-11-04 11:12:08.878 [main] INFO  s.d.spring.web.scanners.ApiListingReferenceScanner - Scanning for api listing references
2022-11-04 11:12:08.930 [main] INFO  com.zhangyun.filecloud.server.ServerApplication - Started ServerApplication in 1.638 seconds (JVM running for 1.89)
2022-11-04 11:12:08.931 [main] INFO  com.zhangyun.filecloud.server.service.NettyServer - netty server starting...
2022-11-04 11:12:08.933 [main] INFO  com.zhangyun.filecloud.server.service.NettyServer - netty server start success
2022-11-04 11:12:15.383 [nioEventLoopGroup-3-1] INFO  c.z.filecloud.common.protocol.MessageCodecSharable - 接收消息: {"messageType":5,"password":"1120","username":"zhangyun"}
2022-11-04 11:12:15.398 [nioEventLoopGroup-3-1] INFO  com.zaxxer.hikari.HikariDataSource - HikariPool-1 - Starting...
2022-11-04 11:12:15.467 [nioEventLoopGroup-3-1] INFO  com.zaxxer.hikari.HikariDataSource - HikariPool-1 - Start completed.
2022-11-04 11:12:15.495 [nioEventLoopGroup-3-1] INFO  c.zhangyun.filecloud.common.aspect.TraceLogAspect - 执行方法: UserServiceImpl.selectUserByName, 参数: username:"zhangyun" ====> User{userId=1, username=zhangyun, password=c6036a69be21cb660499b75718a3ef24, createTime=Thu Nov 03 11:03:15 CST 2022, modifiedTime=Thu Nov 03 11:03:15 CST 2022}, 时间: 108ms
2022-11-04 11:12:15.500 [nioEventLoopGroup-3-1] INFO  c.z.filecloud.common.protocol.MessageCodecSharable - 发送消息: {"code":200,"messageType":6,"msg":"登录成功！"}
2022-11-04 13:29:12.855 [SpringApplicationShutdownHook] INFO  com.zaxxer.hikari.HikariDataSource - HikariPool-1 - Shutdown initiated...
2022-11-04 13:29:12.859 [SpringApplicationShutdownHook] INFO  com.zaxxer.hikari.HikariDataSource - HikariPool-1 - Shutdown completed.
2022-11-04 13:29:16.059 [main] INFO  com.zhangyun.filecloud.server.ServerApplication - Starting ServerApplication using Java 1.8.0_342 on zhangyundeAir.lan with PID 47368 (/Users/zhangyun/Documents/javaProject/FileCloud/server/target/classes started by zhangyun in /Users/zhangyun/Documents/javaProject/FileCloud)
2022-11-04 13:29:16.061 [main] INFO  com.zhangyun.filecloud.server.ServerApplication - The following profiles are active: dev
2022-11-04 13:29:16.712 [main] INFO  o.s.boot.web.embedded.tomcat.TomcatWebServer - Tomcat initialized with port(s): 8080 (http)
2022-11-04 13:29:16.717 [main] INFO  org.apache.catalina.core.StandardService - Starting service [Tomcat]
2022-11-04 13:29:16.718 [main] INFO  org.apache.catalina.core.StandardEngine - Starting Servlet engine: [Apache Tomcat/9.0.54]
2022-11-04 13:29:16.764 [main] INFO  o.a.c.core.ContainerBase.[Tomcat].[localhost].[/] - Initializing Spring embedded WebApplicationContext
2022-11-04 13:29:16.765 [main] INFO  o.s.b.w.s.c.ServletWebServerApplicationContext - Root WebApplicationContext: initialization completed in 676 ms
2022-11-04 13:29:17.213 [main] INFO  s.d.s.w.PropertySourcedRequestMappingHandlerMapping - Mapped URL path [/v2/api-docs] onto method [springfox.documentation.swagger2.web.Swagger2Controller#getDocumentation(String, HttpServletRequest)]
2022-11-04 13:29:17.381 [main] INFO  o.s.boot.web.embedded.tomcat.TomcatWebServer - Tomcat started on port(s): 8080 (http) with context path ''
2022-11-04 13:29:17.382 [main] INFO  s.d.s.web.plugins.DocumentationPluginsBootstrapper - Context refreshed
2022-11-04 13:29:17.389 [main] INFO  s.d.s.web.plugins.DocumentationPluginsBootstrapper - Found 1 custom documentation plugin(s)
2022-11-04 13:29:17.400 [main] INFO  s.d.spring.web.scanners.ApiListingReferenceScanner - Scanning for api listing references
2022-11-04 13:29:17.452 [main] INFO  com.zhangyun.filecloud.server.ServerApplication - Started ServerApplication in 1.638 seconds (JVM running for 1.89)
2022-11-04 13:29:17.453 [main] INFO  com.zhangyun.filecloud.server.service.NettyServer - netty server starting...
2022-11-04 13:29:17.455 [main] INFO  com.zhangyun.filecloud.server.service.NettyServer - netty server start success
2022-11-04 13:29:22.183 [nioEventLoopGroup-3-1] INFO  c.z.filecloud.common.protocol.MessageCodecSharable - 接收消息: {"messageType":5,"password":"1120","username":"zhangyun"}
2022-11-04 13:29:22.184 [nioEventLoopGroup-3-1] INFO  c.zhangyun.filecloud.server.handler.MessageHandler - MessageHandler
2022-11-04 13:33:28.813 [main] INFO  com.zhangyun.filecloud.server.ServerApplication - Starting ServerApplication using Java 1.8.0_342 on zhangyundeAir.lan with PID 48174 (/Users/zhangyun/Documents/javaProject/FileCloud/server/target/classes started by zhangyun in /Users/zhangyun/Documents/javaProject/FileCloud)
2022-11-04 13:33:28.816 [main] INFO  com.zhangyun.filecloud.server.ServerApplication - The following profiles are active: dev
2022-11-04 13:33:29.604 [main] INFO  o.s.boot.web.embedded.tomcat.TomcatWebServer - Tomcat initialized with port(s): 8080 (http)
2022-11-04 13:33:29.609 [main] INFO  org.apache.catalina.core.StandardService - Starting service [Tomcat]
2022-11-04 13:33:29.609 [main] INFO  org.apache.catalina.core.StandardEngine - Starting Servlet engine: [Apache Tomcat/9.0.54]
2022-11-04 13:33:29.650 [main] INFO  o.a.c.core.ContainerBase.[Tomcat].[localhost].[/] - Initializing Spring embedded WebApplicationContext
2022-11-04 13:33:29.650 [main] INFO  o.s.b.w.s.c.ServletWebServerApplicationContext - Root WebApplicationContext: initialization completed in 791 ms
2022-11-04 13:33:30.198 [main] INFO  s.d.s.w.PropertySourcedRequestMappingHandlerMapping - Mapped URL path [/v2/api-docs] onto method [springfox.documentation.swagger2.web.Swagger2Controller#getDocumentation(String, HttpServletRequest)]
2022-11-04 13:33:30.382 [main] INFO  o.s.boot.web.embedded.tomcat.TomcatWebServer - Tomcat started on port(s): 8080 (http) with context path ''
2022-11-04 13:33:30.383 [main] INFO  s.d.s.web.plugins.DocumentationPluginsBootstrapper - Context refreshed
2022-11-04 13:33:30.390 [main] INFO  s.d.s.web.plugins.DocumentationPluginsBootstrapper - Found 1 custom documentation plugin(s)
2022-11-04 13:33:30.402 [main] INFO  s.d.spring.web.scanners.ApiListingReferenceScanner - Scanning for api listing references
2022-11-04 13:33:30.458 [main] INFO  com.zhangyun.filecloud.server.ServerApplication - Started ServerApplication in 1.953 seconds (JVM running for 2.331)
2022-11-04 13:33:30.459 [main] INFO  com.zhangyun.filecloud.server.service.NettyServer - netty server starting...
2022-11-04 13:33:30.461 [main] INFO  com.zhangyun.filecloud.server.service.NettyServer - netty server start success
2022-11-04 13:33:44.423 [nioEventLoopGroup-3-1] INFO  c.z.filecloud.common.protocol.MessageCodecSharable - 接收消息: {"messageType":5,"password":"1120","username":"zhangyun"}
2022-11-04 13:33:44.424 [nioEventLoopGroup-3-1] INFO  c.zhangyun.filecloud.server.handler.MessageHandler - MessageHandler
2022-11-04 13:49:27.534 [main] INFO  com.zhangyun.filecloud.server.ServerApplication - Starting ServerApplication using Java 1.8.0_342 on zhangyundeAir.lan with PID 51226 (/Users/zhangyun/Documents/javaProject/FileCloud/server/target/classes started by zhangyun in /Users/zhangyun/Documents/javaProject/FileCloud)
2022-11-04 13:49:27.536 [main] INFO  com.zhangyun.filecloud.server.ServerApplication - The following profiles are active: dev
2022-11-04 13:49:28.301 [main] INFO  o.s.boot.web.embedded.tomcat.TomcatWebServer - Tomcat initialized with port(s): 8080 (http)
2022-11-04 13:49:28.308 [main] INFO  org.apache.catalina.core.StandardService - Starting service [Tomcat]
2022-11-04 13:49:28.308 [main] INFO  org.apache.catalina.core.StandardEngine - Starting Servlet engine: [Apache Tomcat/9.0.54]
2022-11-04 13:49:28.357 [main] INFO  o.a.c.core.ContainerBase.[Tomcat].[localhost].[/] - Initializing Spring embedded WebApplicationContext
2022-11-04 13:49:28.357 [main] INFO  o.s.b.w.s.c.ServletWebServerApplicationContext - Root WebApplicationContext: initialization completed in 790 ms
2022-11-04 13:49:28.878 [main] INFO  s.d.s.w.PropertySourcedRequestMappingHandlerMapping - Mapped URL path [/v2/api-docs] onto method [springfox.documentation.swagger2.web.Swagger2Controller#getDocumentation(String, HttpServletRequest)]
2022-11-04 13:49:29.068 [main] INFO  o.s.boot.web.embedded.tomcat.TomcatWebServer - Tomcat started on port(s): 8080 (http) with context path ''
2022-11-04 13:49:29.069 [main] INFO  s.d.s.web.plugins.DocumentationPluginsBootstrapper - Context refreshed
2022-11-04 13:49:29.077 [main] INFO  s.d.s.web.plugins.DocumentationPluginsBootstrapper - Found 1 custom documentation plugin(s)
2022-11-04 13:49:29.090 [main] INFO  s.d.spring.web.scanners.ApiListingReferenceScanner - Scanning for api listing references
2022-11-04 13:49:29.153 [main] INFO  com.zhangyun.filecloud.server.ServerApplication - Started ServerApplication in 1.909 seconds (JVM running for 2.265)
2022-11-04 13:49:29.154 [main] INFO  com.zhangyun.filecloud.server.service.NettyServer - netty server starting...
2022-11-04 13:49:29.156 [main] INFO  com.zhangyun.filecloud.server.service.NettyServer - netty server start success
2022-11-04 13:49:39.376 [nioEventLoopGroup-3-1] INFO  c.z.filecloud.common.protocol.MessageCodecSharable - 接收消息: {"messageType":5,"password":"1120","username":"zhangyun"}
2022-11-04 13:58:41.420 [nioEventLoopGroup-3-1] INFO  c.zhangyun.filecloud.server.handler.MessageHandler - MessageHandler
2022-11-04 13:58:41.432 [RMI TCP Accept-0] WARN  sun.rmi.transport.tcp - RMI TCP Accept-0: accept loop for ServerSocket[addr=0.0.0.0/0.0.0.0,localport=59529] throws
java.io.IOException: The server sockets created using the LocalRMIServerSocketFactory only accept connections from clients running on the host where the RMI remote objects have been exported.
	at sun.management.jmxremote.LocalRMIServerSocketFactory$1.accept(LocalRMIServerSocketFactory.java:114)
	at sun.rmi.transport.tcp.TCPTransport$AcceptLoop.executeAcceptLoop(TCPTransport.java:405)
	at sun.rmi.transport.tcp.TCPTransport$AcceptLoop.run(TCPTransport.java:377)
	at java.lang.Thread.run(Thread.java:750)
2022-11-04 13:58:41.434 [RMI TCP Accept-0] WARN  sun.rmi.transport.tcp - RMI TCP Accept-0: accept loop for ServerSocket[addr=0.0.0.0/0.0.0.0,localport=59529] throws
java.io.IOException: The server sockets created using the LocalRMIServerSocketFactory only accept connections from clients running on the host where the RMI remote objects have been exported.
	at sun.management.jmxremote.LocalRMIServerSocketFactory$1.accept(LocalRMIServerSocketFactory.java:114)
	at sun.rmi.transport.tcp.TCPTransport$AcceptLoop.executeAcceptLoop(TCPTransport.java:405)
	at sun.rmi.transport.tcp.TCPTransport$AcceptLoop.run(TCPTransport.java:377)
	at java.lang.Thread.run(Thread.java:750)
2022-11-04 13:58:41.435 [RMI TCP Accept-0] WARN  sun.rmi.transport.tcp - RMI TCP Accept-0: accept loop for ServerSocket[addr=0.0.0.0/0.0.0.0,localport=59529] throws
java.io.IOException: The server sockets created using the LocalRMIServerSocketFactory only accept connections from clients running on the host where the RMI remote objects have been exported.
	at sun.management.jmxremote.LocalRMIServerSocketFactory$1.accept(LocalRMIServerSocketFactory.java:114)
	at sun.rmi.transport.tcp.TCPTransport$AcceptLoop.executeAcceptLoop(TCPTransport.java:405)
	at sun.rmi.transport.tcp.TCPTransport$AcceptLoop.run(TCPTransport.java:377)
	at java.lang.Thread.run(Thread.java:750)
2022-11-04 14:21:18.928 [main] INFO  com.zhangyun.filecloud.server.ServerApplication - Starting ServerApplication using Java 1.8.0_342 on zhangyundeAir.lan with PID 57251 (/Users/zhangyun/Documents/javaProject/FileCloud/server/target/classes started by zhangyun in /Users/zhangyun/Documents/javaProject/FileCloud)
2022-11-04 14:21:18.929 [main] INFO  com.zhangyun.filecloud.server.ServerApplication - The following profiles are active: dev
2022-11-04 14:21:19.615 [main] INFO  o.s.boot.web.embedded.tomcat.TomcatWebServer - Tomcat initialized with port(s): 8080 (http)
2022-11-04 14:21:19.620 [main] INFO  org.apache.catalina.core.StandardService - Starting service [Tomcat]
2022-11-04 14:21:19.620 [main] INFO  org.apache.catalina.core.StandardEngine - Starting Servlet engine: [Apache Tomcat/9.0.54]
2022-11-04 14:21:19.657 [main] INFO  o.a.c.core.ContainerBase.[Tomcat].[localhost].[/] - Initializing Spring embedded WebApplicationContext
2022-11-04 14:21:19.657 [main] INFO  o.s.b.w.s.c.ServletWebServerApplicationContext - Root WebApplicationContext: initialization completed in 697 ms
2022-11-04 14:21:20.116 [main] INFO  s.d.s.w.PropertySourcedRequestMappingHandlerMapping - Mapped URL path [/v2/api-docs] onto method [springfox.documentation.swagger2.web.Swagger2Controller#getDocumentation(String, HttpServletRequest)]
2022-11-04 14:21:20.278 [main] INFO  o.s.boot.web.embedded.tomcat.TomcatWebServer - Tomcat started on port(s): 8080 (http) with context path ''
2022-11-04 14:21:20.279 [main] INFO  s.d.s.web.plugins.DocumentationPluginsBootstrapper - Context refreshed
2022-11-04 14:21:20.285 [main] INFO  s.d.s.web.plugins.DocumentationPluginsBootstrapper - Found 1 custom documentation plugin(s)
2022-11-04 14:21:20.296 [main] INFO  s.d.spring.web.scanners.ApiListingReferenceScanner - Scanning for api listing references
2022-11-04 14:21:20.347 [main] INFO  com.zhangyun.filecloud.server.ServerApplication - Started ServerApplication in 1.671 seconds (JVM running for 1.924)
2022-11-04 14:21:20.348 [main] INFO  com.zhangyun.filecloud.server.service.NettyServer - netty server starting...
2022-11-04 14:21:20.350 [main] INFO  com.zhangyun.filecloud.server.service.NettyServer - netty server start success
2022-11-04 14:21:27.970 [nioEventLoopGroup-3-1] INFO  c.z.filecloud.common.protocol.MessageCodecSharable - 接收消息: {"messageType":5,"password":"1120","username":"zhangyun"}
2022-11-04 14:21:27.972 [nioEventLoopGroup-3-1] INFO  c.zhangyun.filecloud.server.handler.MessageHandler - MessageHandler
2022-11-04 14:32:18.281 [main] INFO  com.zhangyun.filecloud.server.ServerApplication - Starting ServerApplication using Java 1.8.0_342 on zhangyundeAir.lan with PID 59342 (/Users/zhangyun/Documents/javaProject/FileCloud/server/target/classes started by zhangyun in /Users/zhangyun/Documents/javaProject/FileCloud)
2022-11-04 14:32:18.283 [main] INFO  com.zhangyun.filecloud.server.ServerApplication - The following profiles are active: dev
2022-11-04 14:32:19.041 [main] INFO  o.s.boot.web.embedded.tomcat.TomcatWebServer - Tomcat initialized with port(s): 8080 (http)
2022-11-04 14:32:19.046 [main] INFO  org.apache.catalina.core.StandardService - Starting service [Tomcat]
2022-11-04 14:32:19.046 [main] INFO  org.apache.catalina.core.StandardEngine - Starting Servlet engine: [Apache Tomcat/9.0.54]
2022-11-04 14:32:19.085 [main] INFO  o.a.c.core.ContainerBase.[Tomcat].[localhost].[/] - Initializing Spring embedded WebApplicationContext
2022-11-04 14:32:19.086 [main] INFO  o.s.b.w.s.c.ServletWebServerApplicationContext - Root WebApplicationContext: initialization completed in 771 ms
2022-11-04 14:32:19.591 [main] INFO  s.d.s.w.PropertySourcedRequestMappingHandlerMapping - Mapped URL path [/v2/api-docs] onto method [springfox.documentation.swagger2.web.Swagger2Controller#getDocumentation(String, HttpServletRequest)]
2022-11-04 14:32:19.776 [main] INFO  o.s.boot.web.embedded.tomcat.TomcatWebServer - Tomcat started on port(s): 8080 (http) with context path ''
2022-11-04 14:32:19.776 [main] INFO  s.d.s.web.plugins.DocumentationPluginsBootstrapper - Context refreshed
2022-11-04 14:32:19.783 [main] INFO  s.d.s.web.plugins.DocumentationPluginsBootstrapper - Found 1 custom documentation plugin(s)
2022-11-04 14:32:19.798 [main] INFO  s.d.spring.web.scanners.ApiListingReferenceScanner - Scanning for api listing references
2022-11-04 14:32:19.864 [main] INFO  com.zhangyun.filecloud.server.ServerApplication - Started ServerApplication in 1.858 seconds (JVM running for 2.185)
2022-11-04 14:32:19.865 [main] INFO  com.zhangyun.filecloud.server.service.NettyServer - netty server starting...
2022-11-04 14:32:19.867 [main] INFO  com.zhangyun.filecloud.server.service.NettyServer - netty server start success
2022-11-04 14:32:21.528 [nioEventLoopGroup-3-1] INFO  c.z.filecloud.common.protocol.MessageCodecSharable - 接收消息: {"messageType":5,"password":"1120","username":"zhangyun"}
2022-11-04 14:32:24.140 [nioEventLoopGroup-3-1] INFO  c.zhangyun.filecloud.server.handler.MessageHandler - MessageHandler
2022-11-04 14:36:55.474 [main] INFO  com.zhangyun.filecloud.server.ServerApplication - Starting ServerApplication using Java 1.8.0_342 on zhangyundeAir.lan with PID 60235 (/Users/zhangyun/Documents/javaProject/FileCloud/server/target/classes started by zhangyun in /Users/zhangyun/Documents/javaProject/FileCloud)
2022-11-04 14:36:55.476 [main] INFO  com.zhangyun.filecloud.server.ServerApplication - The following profiles are active: dev
2022-11-04 14:36:56.180 [main] INFO  o.s.boot.web.embedded.tomcat.TomcatWebServer - Tomcat initialized with port(s): 8080 (http)
2022-11-04 14:36:56.184 [main] INFO  org.apache.catalina.core.StandardService - Starting service [Tomcat]
2022-11-04 14:36:56.185 [main] INFO  org.apache.catalina.core.StandardEngine - Starting Servlet engine: [Apache Tomcat/9.0.54]
2022-11-04 14:36:56.221 [main] INFO  o.a.c.core.ContainerBase.[Tomcat].[localhost].[/] - Initializing Spring embedded WebApplicationContext
2022-11-04 14:36:56.222 [main] INFO  o.s.b.w.s.c.ServletWebServerApplicationContext - Root WebApplicationContext: initialization completed in 717 ms
2022-11-04 14:36:56.655 [main] INFO  s.d.s.w.PropertySourcedRequestMappingHandlerMapping - Mapped URL path [/v2/api-docs] onto method [springfox.documentation.swagger2.web.Swagger2Controller#getDocumentation(String, HttpServletRequest)]
2022-11-04 14:36:56.813 [main] INFO  o.s.boot.web.embedded.tomcat.TomcatWebServer - Tomcat started on port(s): 8080 (http) with context path ''
2022-11-04 14:36:56.814 [main] INFO  s.d.s.web.plugins.DocumentationPluginsBootstrapper - Context refreshed
2022-11-04 14:36:56.820 [main] INFO  s.d.s.web.plugins.DocumentationPluginsBootstrapper - Found 1 custom documentation plugin(s)
2022-11-04 14:36:56.830 [main] INFO  s.d.spring.web.scanners.ApiListingReferenceScanner - Scanning for api listing references
2022-11-04 14:36:56.887 [main] INFO  com.zhangyun.filecloud.server.ServerApplication - Started ServerApplication in 1.673 seconds (JVM running for 1.926)
2022-11-04 14:36:56.888 [main] INFO  com.zhangyun.filecloud.server.service.NettyServer - netty server starting...
2022-11-04 14:36:56.890 [main] INFO  com.zhangyun.filecloud.server.service.NettyServer - netty server start success
2022-11-04 14:37:07.496 [nioEventLoopGroup-3-1] INFO  c.z.filecloud.common.protocol.MessageCodecSharable - 接收消息: {"messageType":5,"password":"1120","username":"zhangyun"}
2022-11-04 14:37:07.498 [nioEventLoopGroup-3-1] INFO  c.zhangyun.filecloud.server.handler.MessageHandler - MessageHandler
2022-11-04 14:37:07.511 [nioEventLoopGroup-3-1] INFO  com.zaxxer.hikari.HikariDataSource - HikariPool-1 - Starting...
2022-11-04 14:37:07.575 [nioEventLoopGroup-3-1] INFO  com.zaxxer.hikari.HikariDataSource - HikariPool-1 - Start completed.
2022-11-04 14:37:07.603 [nioEventLoopGroup-3-1] INFO  c.zhangyun.filecloud.common.aspect.TraceLogAspect - 执行方法: UserServiceImpl.selectUserByName, 参数: username:"zhangyun" ====> User{userId=1, username=zhangyun, password=c6036a69be21cb660499b75718a3ef24, createTime=Thu Nov 03 11:03:15 CST 2022, modifiedTime=Thu Nov 03 11:03:15 CST 2022}, 时间: 103ms
2022-11-04 14:37:07.608 [nioEventLoopGroup-3-1] INFO  c.z.filecloud.common.protocol.MessageCodecSharable - 发送消息: {"code":200,"messageType":6,"msg":"登录成功！"}
2022-11-04 14:37:22.323 [SpringApplicationShutdownHook] INFO  com.zaxxer.hikari.HikariDataSource - HikariPool-1 - Shutdown initiated...
2022-11-04 14:37:22.328 [SpringApplicationShutdownHook] INFO  com.zaxxer.hikari.HikariDataSource - HikariPool-1 - Shutdown completed.
2022-11-04 19:24:07.646 [main] INFO  c.z.filecloud.server.service.RedisServiceTest - Starting RedisServiceTest using Java 1.8.0_342 on zhangyundeAir.lan with PID 82835 (started by zhangyun in /Users/zhangyun/Documents/javaProject/FileCloud/server)
2022-11-04 19:24:07.647 [main] INFO  c.z.filecloud.server.service.RedisServiceTest - The following profiles are active: dev
2022-11-04 19:24:08.154 [main] INFO  o.s.d.r.config.RepositoryConfigurationDelegate - Multiple Spring Data modules found, entering strict repository configuration mode!
2022-11-04 19:24:08.156 [main] INFO  o.s.d.r.config.RepositoryConfigurationDelegate - Bootstrapping Spring Data Redis repositories in DEFAULT mode.
2022-11-04 19:24:08.172 [main] INFO  o.s.d.r.config.RepositoryConfigurationDelegate - Finished Spring Data repository scanning in 7 ms. Found 0 Redis repository interfaces.
2022-11-04 19:24:09.488 [main] INFO  s.d.s.w.PropertySourcedRequestMappingHandlerMapping - Mapped URL path [/v2/api-docs] onto method [springfox.documentation.swagger2.web.Swagger2Controller#getDocumentation(String, HttpServletRequest)]
2022-11-04 19:24:10.725 [main] WARN  o.s.b.a.freemarker.FreeMarkerAutoConfiguration - Cannot find template location(s): [classpath:/templates/] (please add some templates, check your FreeMarker configuration, or set spring.freemarker.checkTemplateLocation=false)
2022-11-04 19:24:10.802 [main] INFO  s.d.s.web.plugins.DocumentationPluginsBootstrapper - Context refreshed
2022-11-04 19:24:10.815 [main] INFO  s.d.s.web.plugins.DocumentationPluginsBootstrapper - Found 1 custom documentation plugin(s)
2022-11-04 19:24:10.831 [main] INFO  s.d.spring.web.scanners.ApiListingReferenceScanner - Scanning for api listing references
2022-11-04 19:24:10.907 [main] INFO  c.z.filecloud.server.service.RedisServiceTest - Started RedisServiceTest in 3.495 seconds (JVM running for 4.015)
2022-11-04 19:24:10.914 [main] INFO  com.zhangyun.filecloud.server.service.NettyServer - netty server starting...
2022-11-04 19:24:10.916 [main] INFO  com.zhangyun.filecloud.server.service.NettyServer - netty server start success
2022-11-04 19:36:37.638 [main] INFO  com.zhangyun.filecloud.server.ServerApplication - Starting ServerApplication using Java 1.8.0_342 on zhangyundeMacBook-Air.local with PID 85162 (/Users/zhangyun/Documents/javaProject/FileCloud/server/target/classes started by zhangyun in /Users/zhangyun/Documents/javaProject/FileCloud)
2022-11-04 19:36:37.640 [main] INFO  com.zhangyun.filecloud.server.ServerApplication - The following profiles are active: dev
2022-11-04 19:36:38.085 [main] INFO  o.s.d.r.config.RepositoryConfigurationDelegate - Multiple Spring Data modules found, entering strict repository configuration mode!
2022-11-04 19:36:38.086 [main] INFO  o.s.d.r.config.RepositoryConfigurationDelegate - Bootstrapping Spring Data Redis repositories in DEFAULT mode.
2022-11-04 19:36:38.100 [main] INFO  o.s.d.r.config.RepositoryConfigurationDelegate - Finished Spring Data repository scanning in 7 ms. Found 0 Redis repository interfaces.
2022-11-04 19:36:38.471 [main] INFO  o.s.boot.web.embedded.tomcat.TomcatWebServer - Tomcat initialized with port(s): 8080 (http)
2022-11-04 19:36:38.476 [main] INFO  org.apache.catalina.core.StandardService - Starting service [Tomcat]
2022-11-04 19:36:38.477 [main] INFO  org.apache.catalina.core.StandardEngine - Starting Servlet engine: [Apache Tomcat/9.0.54]
2022-11-04 19:36:38.519 [main] INFO  o.a.c.core.ContainerBase.[Tomcat].[localhost].[/] - Initializing Spring embedded WebApplicationContext
2022-11-04 19:36:38.519 [main] INFO  o.s.b.w.s.c.ServletWebServerApplicationContext - Root WebApplicationContext: initialization completed in 846 ms
2022-11-04 19:36:39.003 [main] INFO  s.d.s.w.PropertySourcedRequestMappingHandlerMapping - Mapped URL path [/v2/api-docs] onto method [springfox.documentation.swagger2.web.Swagger2Controller#getDocumentation(String, HttpServletRequest)]
2022-11-04 19:36:40.799 [main] WARN  o.s.b.a.freemarker.FreeMarkerAutoConfiguration - Cannot find template location(s): [classpath:/templates/] (please add some templates, check your FreeMarker configuration, or set spring.freemarker.checkTemplateLocation=false)
2022-11-04 19:36:40.856 [main] INFO  o.s.boot.web.embedded.tomcat.TomcatWebServer - Tomcat started on port(s): 8080 (http) with context path ''
2022-11-04 19:36:40.856 [main] INFO  s.d.s.web.plugins.DocumentationPluginsBootstrapper - Context refreshed
2022-11-04 19:36:40.865 [main] INFO  s.d.s.web.plugins.DocumentationPluginsBootstrapper - Found 1 custom documentation plugin(s)
2022-11-04 19:36:40.878 [main] INFO  s.d.spring.web.scanners.ApiListingReferenceScanner - Scanning for api listing references
2022-11-04 19:36:40.941 [main] INFO  com.zhangyun.filecloud.server.ServerApplication - Started ServerApplication in 3.556 seconds (JVM running for 4.002)
2022-11-04 19:36:40.943 [main] INFO  com.zhangyun.filecloud.server.service.NettyServer - netty server starting...
2022-11-04 19:36:40.944 [main] INFO  com.zhangyun.filecloud.server.service.NettyServer - netty server start success
2022-11-04 19:37:12.005 [main] INFO  com.zhangyun.filecloud.server.ServerApplication - Starting ServerApplication using Java 1.8.0_342 on zhangyundeMacBook-Air.local with PID 85289 (/Users/zhangyun/Documents/javaProject/FileCloud/server/target/classes started by zhangyun in /Users/zhangyun/Documents/javaProject/FileCloud)
2022-11-04 19:37:12.009 [main] INFO  com.zhangyun.filecloud.server.ServerApplication - The following profiles are active: dev
2022-11-04 19:37:12.525 [main] INFO  o.s.d.r.config.RepositoryConfigurationDelegate - Multiple Spring Data modules found, entering strict repository configuration mode!
2022-11-04 19:37:12.526 [main] INFO  o.s.d.r.config.RepositoryConfigurationDelegate - Bootstrapping Spring Data Redis repositories in DEFAULT mode.
2022-11-04 19:37:12.543 [main] INFO  o.s.d.r.config.RepositoryConfigurationDelegate - Finished Spring Data repository scanning in 9 ms. Found 0 Redis repository interfaces.
2022-11-04 19:37:12.878 [main] INFO  o.s.boot.web.embedded.tomcat.TomcatWebServer - Tomcat initialized with port(s): 8080 (http)
2022-11-04 19:37:12.884 [main] INFO  org.apache.catalina.core.StandardService - Starting service [Tomcat]
2022-11-04 19:37:12.884 [main] INFO  org.apache.catalina.core.StandardEngine - Starting Servlet engine: [Apache Tomcat/9.0.54]
2022-11-04 19:37:12.934 [main] INFO  o.a.c.core.ContainerBase.[Tomcat].[localhost].[/] - Initializing Spring embedded WebApplicationContext
2022-11-04 19:37:12.934 [main] INFO  o.s.b.w.s.c.ServletWebServerApplicationContext - Root WebApplicationContext: initialization completed in 844 ms
2022-11-04 19:37:13.434 [main] INFO  s.d.s.w.PropertySourcedRequestMappingHandlerMapping - Mapped URL path [/v2/api-docs] onto method [springfox.documentation.swagger2.web.Swagger2Controller#getDocumentation(String, HttpServletRequest)]
2022-11-04 19:37:14.322 [main] WARN  o.s.b.a.freemarker.FreeMarkerAutoConfiguration - Cannot find template location(s): [classpath:/templates/] (please add some templates, check your FreeMarker configuration, or set spring.freemarker.checkTemplateLocation=false)
2022-11-04 19:37:14.373 [main] INFO  o.s.boot.web.embedded.tomcat.TomcatWebServer - Tomcat started on port(s): 8080 (http) with context path ''
2022-11-04 19:37:14.374 [main] INFO  s.d.s.web.plugins.DocumentationPluginsBootstrapper - Context refreshed
2022-11-04 19:37:14.380 [main] INFO  s.d.s.web.plugins.DocumentationPluginsBootstrapper - Found 1 custom documentation plugin(s)
2022-11-04 19:37:14.392 [main] INFO  s.d.spring.web.scanners.ApiListingReferenceScanner - Scanning for api listing references
2022-11-04 19:37:14.446 [main] INFO  com.zhangyun.filecloud.server.ServerApplication - Started ServerApplication in 2.76 seconds (JVM running for 3.073)
2022-11-04 19:37:14.447 [main] INFO  com.zhangyun.filecloud.server.service.NettyServer - netty server starting...
2022-11-04 19:37:14.449 [main] INFO  com.zhangyun.filecloud.server.service.NettyServer - netty server start success
2022-11-04 19:37:25.792 [main] INFO  com.zhangyun.filecloud.server.ServerApplication - Starting ServerApplication using Java 1.8.0_342 on zhangyundeMacBook-Air.local with PID 85335 (/Users/zhangyun/Documents/javaProject/FileCloud/server/target/classes started by zhangyun in /Users/zhangyun/Documents/javaProject/FileCloud)
2022-11-04 19:37:25.799 [main] INFO  com.zhangyun.filecloud.server.ServerApplication - The following profiles are active: dev
2022-11-04 19:37:26.237 [main] INFO  o.s.d.r.config.RepositoryConfigurationDelegate - Multiple Spring Data modules found, entering strict repository configuration mode!
2022-11-04 19:37:26.238 [main] INFO  o.s.d.r.config.RepositoryConfigurationDelegate - Bootstrapping Spring Data Redis repositories in DEFAULT mode.
2022-11-04 19:37:26.251 [main] INFO  o.s.d.r.config.RepositoryConfigurationDelegate - Finished Spring Data repository scanning in 6 ms. Found 0 Redis repository interfaces.
2022-11-04 19:37:26.584 [main] INFO  o.s.boot.web.embedded.tomcat.TomcatWebServer - Tomcat initialized with port(s): 8080 (http)
2022-11-04 19:37:26.589 [main] INFO  org.apache.catalina.core.StandardService - Starting service [Tomcat]
2022-11-04 19:37:26.589 [main] INFO  org.apache.catalina.core.StandardEngine - Starting Servlet engine: [Apache Tomcat/9.0.54]
2022-11-04 19:37:26.628 [main] INFO  o.a.c.core.ContainerBase.[Tomcat].[localhost].[/] - Initializing Spring embedded WebApplicationContext
2022-11-04 19:37:26.628 [main] INFO  o.s.b.w.s.c.ServletWebServerApplicationContext - Root WebApplicationContext: initialization completed in 801 ms
2022-11-04 19:37:27.104 [main] INFO  s.d.s.w.PropertySourcedRequestMappingHandlerMapping - Mapped URL path [/v2/api-docs] onto method [springfox.documentation.swagger2.web.Swagger2Controller#getDocumentation(String, HttpServletRequest)]
2022-11-04 19:37:28.033 [main] WARN  o.s.b.a.freemarker.FreeMarkerAutoConfiguration - Cannot find template location(s): [classpath:/templates/] (please add some templates, check your FreeMarker configuration, or set spring.freemarker.checkTemplateLocation=false)
2022-11-04 19:37:28.083 [main] INFO  o.s.boot.web.embedded.tomcat.TomcatWebServer - Tomcat started on port(s): 8080 (http) with context path ''
2022-11-04 19:37:28.084 [main] INFO  s.d.s.web.plugins.DocumentationPluginsBootstrapper - Context refreshed
2022-11-04 19:37:28.091 [main] INFO  s.d.s.web.plugins.DocumentationPluginsBootstrapper - Found 1 custom documentation plugin(s)
2022-11-04 19:37:28.103 [main] INFO  s.d.spring.web.scanners.ApiListingReferenceScanner - Scanning for api listing references
2022-11-04 19:37:28.161 [main] INFO  com.zhangyun.filecloud.server.ServerApplication - Started ServerApplication in 2.641 seconds (JVM running for 2.934)
2022-11-04 19:37:28.162 [main] INFO  com.zhangyun.filecloud.server.service.NettyServer - netty server starting...
2022-11-04 19:37:28.164 [main] INFO  com.zhangyun.filecloud.server.service.NettyServer - netty server start success
2022-11-04 19:39:22.852 [main] INFO  com.zhangyun.filecloud.server.ServerApplication - Starting ServerApplication using Java 1.8.0_342 on zhangyundeMacBook-Air.local with PID 85710 (/Users/zhangyun/Documents/javaProject/FileCloud/server/target/classes started by zhangyun in /Users/zhangyun/Documents/javaProject/FileCloud)
2022-11-04 19:39:22.854 [main] INFO  com.zhangyun.filecloud.server.ServerApplication - The following profiles are active: dev
2022-11-04 19:39:23.316 [main] INFO  o.s.d.r.config.RepositoryConfigurationDelegate - Multiple Spring Data modules found, entering strict repository configuration mode!
2022-11-04 19:39:23.317 [main] INFO  o.s.d.r.config.RepositoryConfigurationDelegate - Bootstrapping Spring Data Redis repositories in DEFAULT mode.
2022-11-04 19:39:23.330 [main] INFO  o.s.d.r.config.RepositoryConfigurationDelegate - Finished Spring Data repository scanning in 6 ms. Found 0 Redis repository interfaces.
2022-11-04 19:39:23.696 [main] INFO  o.s.boot.web.embedded.tomcat.TomcatWebServer - Tomcat initialized with port(s): 8080 (http)
2022-11-04 19:39:23.702 [main] INFO  org.apache.catalina.core.StandardService - Starting service [Tomcat]
2022-11-04 19:39:23.702 [main] INFO  org.apache.catalina.core.StandardEngine - Starting Servlet engine: [Apache Tomcat/9.0.54]
2022-11-04 19:39:23.743 [main] INFO  o.a.c.core.ContainerBase.[Tomcat].[localhost].[/] - Initializing Spring embedded WebApplicationContext
2022-11-04 19:39:23.743 [main] INFO  o.s.b.w.s.c.ServletWebServerApplicationContext - Root WebApplicationContext: initialization completed in 857 ms
2022-11-04 19:39:24.238 [main] INFO  s.d.s.w.PropertySourcedRequestMappingHandlerMapping - Mapped URL path [/v2/api-docs] onto method [springfox.documentation.swagger2.web.Swagger2Controller#getDocumentation(String, HttpServletRequest)]
2022-11-04 19:39:25.597 [main] WARN  o.s.b.a.freemarker.FreeMarkerAutoConfiguration - Cannot find template location(s): [classpath:/templates/] (please add some templates, check your FreeMarker configuration, or set spring.freemarker.checkTemplateLocation=false)
2022-11-04 19:39:25.649 [main] INFO  o.s.boot.web.embedded.tomcat.TomcatWebServer - Tomcat started on port(s): 8080 (http) with context path ''
2022-11-04 19:39:25.650 [main] INFO  s.d.s.web.plugins.DocumentationPluginsBootstrapper - Context refreshed
2022-11-04 19:39:25.658 [main] INFO  s.d.s.web.plugins.DocumentationPluginsBootstrapper - Found 1 custom documentation plugin(s)
2022-11-04 19:39:25.672 [main] INFO  s.d.spring.web.scanners.ApiListingReferenceScanner - Scanning for api listing references
2022-11-04 19:39:25.728 [main] INFO  com.zhangyun.filecloud.server.ServerApplication - Started ServerApplication in 3.141 seconds (JVM running for 3.463)
2022-11-04 19:39:25.730 [main] INFO  com.zhangyun.filecloud.server.service.NettyServer - netty server starting...
2022-11-04 19:39:25.731 [main] INFO  com.zhangyun.filecloud.server.service.NettyServer - netty server start success
2022-11-04 19:42:12.118 [main] INFO  c.z.filecloud.server.service.RedisServiceTest - Starting RedisServiceTest using Java 1.8.0_342 on zhangyundeMacBook-Air.local with PID 86260 (started by zhangyun in /Users/zhangyun/Documents/javaProject/FileCloud/server)
2022-11-04 19:42:12.119 [main] INFO  c.z.filecloud.server.service.RedisServiceTest - The following profiles are active: dev
2022-11-04 19:42:12.600 [main] INFO  o.s.d.r.config.RepositoryConfigurationDelegate - Multiple Spring Data modules found, entering strict repository configuration mode!
2022-11-04 19:42:12.602 [main] INFO  o.s.d.r.config.RepositoryConfigurationDelegate - Bootstrapping Spring Data Redis repositories in DEFAULT mode.
2022-11-04 19:42:12.617 [main] INFO  o.s.d.r.config.RepositoryConfigurationDelegate - Finished Spring Data repository scanning in 7 ms. Found 0 Redis repository interfaces.
2022-11-04 19:42:13.889 [main] INFO  s.d.s.w.PropertySourcedRequestMappingHandlerMapping - Mapped URL path [/v2/api-docs] onto method [springfox.documentation.swagger2.web.Swagger2Controller#getDocumentation(String, HttpServletRequest)]
2022-11-04 19:42:16.397 [main] WARN  o.s.b.a.freemarker.FreeMarkerAutoConfiguration - Cannot find template location(s): [classpath:/templates/] (please add some templates, check your FreeMarker configuration, or set spring.freemarker.checkTemplateLocation=false)
2022-11-04 19:42:16.471 [main] INFO  s.d.s.web.plugins.DocumentationPluginsBootstrapper - Context refreshed
2022-11-04 19:42:16.481 [main] INFO  s.d.s.web.plugins.DocumentationPluginsBootstrapper - Found 1 custom documentation plugin(s)
2022-11-04 19:42:16.496 [main] INFO  s.d.spring.web.scanners.ApiListingReferenceScanner - Scanning for api listing references
2022-11-04 19:42:16.568 [main] INFO  c.z.filecloud.server.service.RedisServiceTest - Started RedisServiceTest in 4.719 seconds (JVM running for 5.265)
2022-11-04 19:42:16.570 [main] INFO  com.zhangyun.filecloud.server.service.NettyServer - netty server starting...
2022-11-04 19:42:16.572 [main] INFO  com.zhangyun.filecloud.server.service.NettyServer - netty server start success
2022-11-04 20:00:47.277 [main] INFO  c.z.filecloud.server.service.RedisServiceTest - Starting RedisServiceTest using Java 1.8.0_342 on zhangyundeMacBook-Air.local with PID 89787 (started by zhangyun in /Users/zhangyun/Documents/javaProject/FileCloud/server)
2022-11-04 20:00:47.278 [main] INFO  c.z.filecloud.server.service.RedisServiceTest - The following profiles are active: dev
2022-11-04 20:00:47.775 [main] INFO  o.s.d.r.config.RepositoryConfigurationDelegate - Multiple Spring Data modules found, entering strict repository configuration mode!
2022-11-04 20:00:47.778 [main] INFO  o.s.d.r.config.RepositoryConfigurationDelegate - Bootstrapping Spring Data Redis repositories in DEFAULT mode.
2022-11-04 20:00:47.792 [main] INFO  o.s.d.r.config.RepositoryConfigurationDelegate - Finished Spring Data repository scanning in 7 ms. Found 0 Redis repository interfaces.
2022-11-04 20:00:50.295 [main] INFO  s.d.s.w.PropertySourcedRequestMappingHandlerMapping - Mapped URL path [/v2/api-docs] onto method [springfox.documentation.swagger2.web.Swagger2Controller#getDocumentation(String, HttpServletRequest)]
2022-11-04 20:00:50.826 [main] WARN  o.s.b.a.freemarker.FreeMarkerAutoConfiguration - Cannot find template location(s): [classpath:/templates/] (please add some templates, check your FreeMarker configuration, or set spring.freemarker.checkTemplateLocation=false)
2022-11-04 20:00:50.901 [main] INFO  s.d.s.web.plugins.DocumentationPluginsBootstrapper - Context refreshed
2022-11-04 20:00:50.912 [main] INFO  s.d.s.web.plugins.DocumentationPluginsBootstrapper - Found 1 custom documentation plugin(s)
2022-11-04 20:00:50.926 [main] INFO  s.d.spring.web.scanners.ApiListingReferenceScanner - Scanning for api listing references
2022-11-04 20:00:50.996 [main] INFO  c.z.filecloud.server.service.RedisServiceTest - Started RedisServiceTest in 4.159 seconds (JVM running for 4.873)
2022-11-04 20:00:50.997 [main] INFO  com.zhangyun.filecloud.server.service.NettyServer - netty server starting...
2022-11-04 20:00:50.999 [main] INFO  com.zhangyun.filecloud.server.service.NettyServer - netty server start success
2022-11-04 20:17:46.060 [main] INFO  c.z.filecloud.server.service.RedisServiceTest - Starting RedisServiceTest using Java 1.8.0_342 on zhangyundeMacBook-Air.local with PID 93057 (started by zhangyun in /Users/zhangyun/Documents/javaProject/FileCloud/server)
2022-11-04 20:17:46.061 [main] INFO  c.z.filecloud.server.service.RedisServiceTest - The following profiles are active: dev
2022-11-04 20:17:46.543 [main] INFO  o.s.d.r.config.RepositoryConfigurationDelegate - Multiple Spring Data modules found, entering strict repository configuration mode!
2022-11-04 20:17:46.545 [main] INFO  o.s.d.r.config.RepositoryConfigurationDelegate - Bootstrapping Spring Data Redis repositories in DEFAULT mode.
2022-11-04 20:17:46.560 [main] INFO  o.s.d.r.config.RepositoryConfigurationDelegate - Finished Spring Data repository scanning in 7 ms. Found 0 Redis repository interfaces.
2022-11-04 20:17:49.536 [main] INFO  s.d.s.w.PropertySourcedRequestMappingHandlerMapping - Mapped URL path [/v2/api-docs] onto method [springfox.documentation.swagger2.web.Swagger2Controller#getDocumentation(String, HttpServletRequest)]
2022-11-04 20:17:50.079 [main] WARN  o.s.b.a.freemarker.FreeMarkerAutoConfiguration - Cannot find template location(s): [classpath:/templates/] (please add some templates, check your FreeMarker configuration, or set spring.freemarker.checkTemplateLocation=false)
2022-11-04 20:17:50.153 [main] INFO  s.d.s.web.plugins.DocumentationPluginsBootstrapper - Context refreshed
2022-11-04 20:17:50.165 [main] INFO  s.d.s.web.plugins.DocumentationPluginsBootstrapper - Found 1 custom documentation plugin(s)
2022-11-04 20:17:50.188 [main] INFO  s.d.spring.web.scanners.ApiListingReferenceScanner - Scanning for api listing references
2022-11-04 20:17:50.313 [main] INFO  c.z.filecloud.server.service.RedisServiceTest - Started RedisServiceTest in 4.498 seconds (JVM running for 5.082)
2022-11-04 20:17:50.314 [main] INFO  com.zhangyun.filecloud.server.service.NettyServer - netty server starting...
2022-11-04 20:17:50.320 [main] INFO  com.zhangyun.filecloud.server.service.NettyServer - netty server start success
2022-11-04 20:45:59.373 [main] INFO  com.zhangyun.filecloud.server.ServerApplication - Starting ServerApplication using Java 1.8.0_342 on zhangyundeMacBook-Air.local with PID 98443 (/Users/zhangyun/Documents/javaProject/FileCloud/server/target/classes started by zhangyun in /Users/zhangyun/Documents/javaProject/FileCloud)
2022-11-04 20:45:59.374 [main] INFO  com.zhangyun.filecloud.server.ServerApplication - The following profiles are active: dev
2022-11-04 20:45:59.806 [main] INFO  o.s.d.r.config.RepositoryConfigurationDelegate - Multiple Spring Data modules found, entering strict repository configuration mode!
2022-11-04 20:45:59.807 [main] INFO  o.s.d.r.config.RepositoryConfigurationDelegate - Bootstrapping Spring Data Redis repositories in DEFAULT mode.
2022-11-04 20:45:59.820 [main] INFO  o.s.d.r.config.RepositoryConfigurationDelegate - Finished Spring Data repository scanning in 6 ms. Found 0 Redis repository interfaces.
2022-11-04 20:46:00.143 [main] INFO  o.s.boot.web.embedded.tomcat.TomcatWebServer - Tomcat initialized with port(s): 8080 (http)
2022-11-04 20:46:00.149 [main] INFO  org.apache.catalina.core.StandardService - Starting service [Tomcat]
2022-11-04 20:46:00.149 [main] INFO  org.apache.catalina.core.StandardEngine - Starting Servlet engine: [Apache Tomcat/9.0.54]
2022-11-04 20:46:00.188 [main] INFO  o.a.c.core.ContainerBase.[Tomcat].[localhost].[/] - Initializing Spring embedded WebApplicationContext
2022-11-04 20:46:00.189 [main] INFO  o.s.b.w.s.c.ServletWebServerApplicationContext - Root WebApplicationContext: initialization completed in 785 ms
2022-11-04 20:46:02.147 [main] INFO  s.d.s.w.PropertySourcedRequestMappingHandlerMapping - Mapped URL path [/v2/api-docs] onto method [springfox.documentation.swagger2.web.Swagger2Controller#getDocumentation(String, HttpServletRequest)]
2022-11-04 20:46:02.376 [main] WARN  o.s.b.a.freemarker.FreeMarkerAutoConfiguration - Cannot find template location(s): [classpath:/templates/] (please add some templates, check your FreeMarker configuration, or set spring.freemarker.checkTemplateLocation=false)
2022-11-04 20:46:02.438 [main] INFO  o.s.boot.web.embedded.tomcat.TomcatWebServer - Tomcat started on port(s): 8080 (http) with context path ''
2022-11-04 20:46:02.439 [main] INFO  s.d.s.web.plugins.DocumentationPluginsBootstrapper - Context refreshed
2022-11-04 20:46:02.447 [main] INFO  s.d.s.web.plugins.DocumentationPluginsBootstrapper - Found 1 custom documentation plugin(s)
2022-11-04 20:46:02.457 [main] INFO  s.d.spring.web.scanners.ApiListingReferenceScanner - Scanning for api listing references
2022-11-04 20:46:02.506 [main] INFO  com.zhangyun.filecloud.server.ServerApplication - Started ServerApplication in 3.382 seconds (JVM running for 3.641)
2022-11-04 20:46:02.507 [main] INFO  com.zhangyun.filecloud.server.service.NettyServer - netty server starting...
2022-11-04 20:46:02.508 [main] INFO  com.zhangyun.filecloud.server.service.NettyServer - netty server start success
2022-11-04 20:46:10.744 [nioEventLoopGroup-5-1] INFO  c.z.filecloud.common.protocol.MessageCodecSharable - 接收消息: {"messageType":5,"password":"1120","username":"zhangyun"}
2022-11-04 20:46:10.758 [nioEventLoopGroup-5-1] INFO  com.zaxxer.hikari.HikariDataSource - HikariPool-1 - Starting...
2022-11-04 20:46:10.825 [nioEventLoopGroup-5-1] INFO  com.zaxxer.hikari.HikariDataSource - HikariPool-1 - Start completed.
2022-11-04 20:46:10.856 [nioEventLoopGroup-5-1] INFO  c.zhangyun.filecloud.common.aspect.TraceLogAspect - 执行方法: UserServiceImpl.selectUserByName, 参数: username:"zhangyun" ====> User{userId=1, username=zhangyun, password=c6036a69be21cb660499b75718a3ef24, createTime=Thu Nov 03 11:03:15 CST 2022, modifiedTime=Thu Nov 03 11:03:15 CST 2022}, 时间: 107ms
2022-11-04 20:46:11.053 [nioEventLoopGroup-5-1] INFO  c.z.filecloud.common.protocol.MessageCodecSharable - 发送消息: {"code":200,"messageType":6,"msg":"登录成功！","token":"b541a86a-e87f-45ef-9aa4-5a28401d4a76"}
2022-11-04 20:46:49.085 [SpringApplicationShutdownHook] INFO  com.zaxxer.hikari.HikariDataSource - HikariPool-1 - Shutdown initiated...
2022-11-04 20:46:49.091 [SpringApplicationShutdownHook] INFO  com.zaxxer.hikari.HikariDataSource - HikariPool-1 - Shutdown completed.
2022-11-04 22:18:58.552 [main] INFO  com.zhangyun.filecloud.server.ServerApplication - Starting ServerApplication using Java 1.8.0_342 on zhangyundeMacBook-Air.local with PID 2051 (/Users/zhangyun/Documents/javaProject/FileCloud/server/target/classes started by zhangyun in /Users/zhangyun/Documents/javaProject/FileCloud)
2022-11-04 22:18:58.554 [main] INFO  com.zhangyun.filecloud.server.ServerApplication - The following profiles are active: dev
2022-11-04 22:18:59.011 [main] INFO  o.s.d.r.config.RepositoryConfigurationDelegate - Multiple Spring Data modules found, entering strict repository configuration mode!
2022-11-04 22:18:59.013 [main] INFO  o.s.d.r.config.RepositoryConfigurationDelegate - Bootstrapping Spring Data Redis repositories in DEFAULT mode.
2022-11-04 22:18:59.031 [main] INFO  o.s.d.r.config.RepositoryConfigurationDelegate - Finished Spring Data repository scanning in 10 ms. Found 0 Redis repository interfaces.
2022-11-04 22:18:59.358 [main] INFO  o.s.boot.web.embedded.tomcat.TomcatWebServer - Tomcat initialized with port(s): 8080 (http)
2022-11-04 22:18:59.363 [main] INFO  org.apache.catalina.core.StandardService - Starting service [Tomcat]
2022-11-04 22:18:59.363 [main] INFO  org.apache.catalina.core.StandardEngine - Starting Servlet engine: [Apache Tomcat/9.0.54]
2022-11-04 22:18:59.409 [main] INFO  o.a.c.core.ContainerBase.[Tomcat].[localhost].[/] - Initializing Spring embedded WebApplicationContext
2022-11-04 22:18:59.409 [main] INFO  o.s.b.w.s.c.ServletWebServerApplicationContext - Root WebApplicationContext: initialization completed in 823 ms
2022-11-04 22:19:01.002 [main] INFO  s.d.s.w.PropertySourcedRequestMappingHandlerMapping - Mapped URL path [/v2/api-docs] onto method [springfox.documentation.swagger2.web.Swagger2Controller#getDocumentation(String, HttpServletRequest)]
2022-11-04 22:19:01.218 [main] WARN  o.s.b.a.freemarker.FreeMarkerAutoConfiguration - Cannot find template location(s): [classpath:/templates/] (please add some templates, check your FreeMarker configuration, or set spring.freemarker.checkTemplateLocation=false)
2022-11-04 22:19:01.265 [main] INFO  o.s.boot.web.embedded.tomcat.TomcatWebServer - Tomcat started on port(s): 8080 (http) with context path ''
2022-11-04 22:19:01.265 [main] INFO  s.d.s.web.plugins.DocumentationPluginsBootstrapper - Context refreshed
2022-11-04 22:19:01.272 [main] INFO  s.d.s.web.plugins.DocumentationPluginsBootstrapper - Found 1 custom documentation plugin(s)
2022-11-04 22:19:01.282 [main] INFO  s.d.spring.web.scanners.ApiListingReferenceScanner - Scanning for api listing references
2022-11-04 22:19:01.333 [main] INFO  com.zhangyun.filecloud.server.ServerApplication - Started ServerApplication in 3.037 seconds (JVM running for 3.52)
2022-11-04 22:19:01.334 [main] INFO  com.zhangyun.filecloud.server.service.NettyServer - netty server starting...
2022-11-04 22:19:01.335 [main] INFO  com.zhangyun.filecloud.server.service.NettyServer - netty server start success
2022-11-04 22:19:14.370 [nioEventLoopGroup-5-1] INFO  c.z.filecloud.common.protocol.MessageCodecSharable - 接收消息: {"messageType":5,"password":"1120","username":"zhangyun"}
2022-11-04 22:19:14.384 [nioEventLoopGroup-5-1] INFO  com.zaxxer.hikari.HikariDataSource - HikariPool-1 - Starting...
2022-11-04 22:19:14.455 [nioEventLoopGroup-5-1] INFO  com.zaxxer.hikari.HikariDataSource - HikariPool-1 - Start completed.
2022-11-04 22:19:14.484 [nioEventLoopGroup-5-1] INFO  c.zhangyun.filecloud.common.aspect.TraceLogAspect - 执行方法: UserServiceImpl.selectUserByName, 参数: username:"zhangyun" ====> User{userId=1, username=zhangyun, password=c6036a69be21cb660499b75718a3ef24, createTime=Thu Nov 03 11:03:15 CST 2022, modifiedTime=Thu Nov 03 11:03:15 CST 2022}, 时间: 109ms
2022-11-04 22:19:14.697 [nioEventLoopGroup-5-1] INFO  c.z.filecloud.common.protocol.MessageCodecSharable - 发送消息: {"code":200,"messageType":6,"msg":"登录成功！","token":"62da69f8-1875-473d-8915-81d3fb7cc5d3"}
2022-11-04 22:53:46.572 [nioEventLoopGroup-5-2] INFO  c.z.filecloud.common.protocol.MessageCodecSharable - 接收消息: {"messageType":5,"password":"1120","username":"zhangyun"}
2022-11-04 22:53:46.578 [nioEventLoopGroup-5-2] INFO  c.zhangyun.filecloud.common.aspect.TraceLogAspect - 执行方法: UserServiceImpl.selectUserByName, 参数: username:"zhangyun" ====> User{userId=1, username=zhangyun, password=c6036a69be21cb660499b75718a3ef24, createTime=Thu Nov 03 11:03:15 CST 2022, modifiedTime=Thu Nov 03 11:03:15 CST 2022}, 时间: 4ms
2022-11-04 22:53:46.580 [nioEventLoopGroup-5-2] INFO  c.z.filecloud.common.protocol.MessageCodecSharable - 发送消息: {"code":200,"messageType":6,"msg":"登录成功！","token":"f1a5a94a-f96f-46e9-88b8-cb55bb322e14"}
2022-11-04 23:11:47.337 [nioEventLoopGroup-5-3] INFO  c.z.filecloud.common.protocol.MessageCodecSharable - 接收消息: {"messageType":5,"password":"1120","username":"zhangyun"}
2022-11-04 23:11:47.343 [nioEventLoopGroup-5-3] INFO  c.zhangyun.filecloud.common.aspect.TraceLogAspect - 执行方法: UserServiceImpl.selectUserByName, 参数: username:"zhangyun" ====> User{userId=1, username=zhangyun, password=c6036a69be21cb660499b75718a3ef24, createTime=Thu Nov 03 11:03:15 CST 2022, modifiedTime=Thu Nov 03 11:03:15 CST 2022}, 时间: 4ms
2022-11-04 23:11:47.345 [lettuce-kqueueEventLoop-6-1] ERROR io.netty.util.ResourceLeakDetector - LEAK: ByteBuf.release() was not called before it's garbage-collected. See https://netty.io/wiki/reference-counted-objects.html for more information.
Recent access records: 
Created at:
	io.netty.buffer.PooledByteBufAllocator.newDirectBuffer(PooledByteBufAllocator.java:402)
	io.netty.buffer.AbstractByteBufAllocator.directBuffer(AbstractByteBufAllocator.java:188)
	io.netty.buffer.AbstractByteBufAllocator.buffer(AbstractByteBufAllocator.java:124)
	io.netty.buffer.AbstractByteBuf.readBytes(AbstractByteBuf.java:871)
	com.zhangyun.filecloud.common.protocol.MessageCodecSharable.decode(MessageCodecSharable.java:92)
	com.zhangyun.filecloud.common.protocol.MessageCodecSharable.decode(MessageCodecSharable.java:23)
	io.netty.handler.codec.MessageToMessageCodec$2.decode(MessageToMessageCodec.java:81)
	io.netty.handler.codec.MessageToMessageDecoder.channelRead(MessageToMessageDecoder.java:88)
	io.netty.handler.codec.MessageToMessageCodec.channelRead(MessageToMessageCodec.java:111)
	io.netty.channel.AbstractChannelHandlerContext.invokeChannelRead(AbstractChannelHandlerContext.java:379)
	io.netty.channel.AbstractChannelHandlerContext.invokeChannelRead(AbstractChannelHandlerContext.java:365)
	io.netty.channel.AbstractChannelHandlerContext.fireChannelRead(AbstractChannelHandlerContext.java:357)
	io.netty.handler.logging.LoggingHandler.channelRead(LoggingHandler.java:280)
	io.netty.channel.AbstractChannelHandlerContext.invokeChannelRead(AbstractChannelHandlerContext.java:379)
	io.netty.channel.AbstractChannelHandlerContext.invokeChannelRead(AbstractChannelHandlerContext.java:365)
	io.netty.channel.AbstractChannelHandlerContext.fireChannelRead(AbstractChannelHandlerContext.java:357)
	io.netty.handler.codec.ByteToMessageDecoder.fireChannelRead(ByteToMessageDecoder.java:324)
	io.netty.handler.codec.ByteToMessageDecoder.channelRead(ByteToMessageDecoder.java:296)
	io.netty.channel.AbstractChannelHandlerContext.invokeChannelRead(AbstractChannelHandlerContext.java:379)
	io.netty.channel.AbstractChannelHandlerContext.invokeChannelRead(AbstractChannelHandlerContext.java:365)
	io.netty.channel.AbstractChannelHandlerContext.fireChannelRead(AbstractChannelHandlerContext.java:357)
	io.netty.channel.DefaultChannelPipeline$HeadContext.channelRead(DefaultChannelPipeline.java:1410)
	io.netty.channel.AbstractChannelHandlerContext.invokeChannelRead(AbstractChannelHandlerContext.java:379)
	io.netty.channel.AbstractChannelHandlerContext.invokeChannelRead(AbstractChannelHandlerContext.java:365)
	io.netty.channel.DefaultChannelPipeline.fireChannelRead(DefaultChannelPipeline.java:919)
	io.netty.channel.nio.AbstractNioByteChannel$NioByteUnsafe.read(AbstractNioByteChannel.java:166)
	io.netty.channel.nio.NioEventLoop.processSelectedKey(NioEventLoop.java:719)
	io.netty.channel.nio.NioEventLoop.processSelectedKeysOptimized(NioEventLoop.java:655)
	io.netty.channel.nio.NioEventLoop.processSelectedKeys(NioEventLoop.java:581)
	io.netty.channel.nio.NioEventLoop.run(NioEventLoop.java:493)
	io.netty.util.concurrent.SingleThreadEventExecutor$4.run(SingleThreadEventExecutor.java:986)
	io.netty.util.internal.ThreadExecutorMap$2.run(ThreadExecutorMap.java:74)
	io.netty.util.concurrent.FastThreadLocalRunnable.run(FastThreadLocalRunnable.java:30)
	java.lang.Thread.run(Thread.java:750)
2022-11-04 23:11:47.346 [nioEventLoopGroup-5-3] INFO  c.z.filecloud.common.protocol.MessageCodecSharable - 发送消息: {"code":200,"messageType":6,"msg":"登录成功！","token":"31458a80-5e62-4da8-a626-c6710893a1fa"}
2022-11-04 23:21:22.502 [nioEventLoopGroup-5-4] INFO  c.z.filecloud.common.protocol.MessageCodecSharable - 接收消息: {"messageType":5,"password":"1120","username":"zhangyun"}
2022-11-04 23:21:22.507 [nioEventLoopGroup-5-4] INFO  c.zhangyun.filecloud.common.aspect.TraceLogAspect - 执行方法: UserServiceImpl.selectUserByName, 参数: username:"zhangyun" ====> User{userId=1, username=zhangyun, password=c6036a69be21cb660499b75718a3ef24, createTime=Thu Nov 03 11:03:15 CST 2022, modifiedTime=Thu Nov 03 11:03:15 CST 2022}, 时间: 4ms
2022-11-04 23:21:22.509 [nioEventLoopGroup-5-4] INFO  c.z.filecloud.common.protocol.MessageCodecSharable - 发送消息: {"code":200,"messageType":6,"msg":"登录成功！","token":"e172453d-ebfb-4ff9-a4e9-2f7b3456e66d"}
2022-11-04 23:23:14.229 [nioEventLoopGroup-5-5] INFO  c.z.filecloud.common.protocol.MessageCodecSharable - 接收消息: {"messageType":5,"password":"1120","username":"zhangyun"}
2022-11-04 23:23:14.239 [nioEventLoopGroup-5-5] INFO  c.zhangyun.filecloud.common.aspect.TraceLogAspect - 执行方法: UserServiceImpl.selectUserByName, 参数: username:"zhangyun" ====> User{userId=1, username=zhangyun, password=c6036a69be21cb660499b75718a3ef24, createTime=Thu Nov 03 11:03:15 CST 2022, modifiedTime=Thu Nov 03 11:03:15 CST 2022}, 时间: 7ms
2022-11-04 23:23:14.245 [nioEventLoopGroup-5-5] INFO  c.z.filecloud.common.protocol.MessageCodecSharable - 发送消息: {"code":200,"messageType":6,"msg":"登录成功！","token":"b4ce904e-abb5-4e3e-98e1-fad8bb4cb025"}
2022-11-04 23:39:43.072 [SpringApplicationShutdownHook] INFO  com.zaxxer.hikari.HikariDataSource - HikariPool-1 - Shutdown initiated...
2022-11-04 23:39:43.075 [SpringApplicationShutdownHook] INFO  com.zaxxer.hikari.HikariDataSource - HikariPool-1 - Shutdown completed.
