2022-11-15 01:07:50.753 [HikariPool-1 housekeeper] WARN  com.zaxxer.hikari.pool.HikariPool - HikariPool-1 - Thread starvation or clock leap detected (housekeeper delta=51m661ms).
2022-11-15 02:14:55.910 [HikariPool-1 housekeeper] WARN  com.zaxxer.hikari.pool.HikariPool - HikariPool-1 - Thread starvation or clock leap detected (housekeeper delta=1h7m5s157ms).
2022-11-15 03:38:10.125 [HikariPool-1 housekeeper] WARN  com.zaxxer.hikari.pool.HikariPool - HikariPool-1 - Thread starvation or clock leap detected (housekeeper delta=1h23m14s215ms).
2022-11-15 04:44:08.293 [HikariPool-1 housekeeper] WARN  com.zaxxer.hikari.pool.HikariPool - HikariPool-1 - Thread starvation or clock leap detected (housekeeper delta=1h5m58s167ms).
2022-11-15 05:06:14.564 [HikariPool-1 housekeeper] WARN  com.zaxxer.hikari.pool.HikariPool - HikariPool-1 - Thread starvation or clock leap detected (housekeeper delta=22m6s272ms).
2022-11-15 05:21:55.079 [HikariPool-1 housekeeper] WARN  com.zaxxer.hikari.pool.HikariPool - HikariPool-1 - Thread starvation or clock leap detected (housekeeper delta=15m40s515ms).
2022-11-15 06:28:41.351 [HikariPool-1 housekeeper] WARN  com.zaxxer.hikari.pool.HikariPool - HikariPool-1 - Thread starvation or clock leap detected (housekeeper delta=1h6m46s272ms).
2022-11-15 07:52:38.649 [HikariPool-1 housekeeper] WARN  com.zaxxer.hikari.pool.HikariPool - HikariPool-1 - Thread starvation or clock leap detected (housekeeper delta=1h23m57s297ms).
2022-11-15 09:02:14.884 [HikariPool-1 housekeeper] WARN  com.zaxxer.hikari.pool.HikariPool - HikariPool-1 - Thread starvation or clock leap detected (housekeeper delta=1h9m36s236ms).
2022-11-15 10:08:24.127 [HikariPool-1 housekeeper] WARN  com.zaxxer.hikari.pool.HikariPool - HikariPool-1 - Thread starvation or clock leap detected (housekeeper delta=1h6m9s243ms).
2022-11-15 10:10:59.016 [HikariPool-1 housekeeper] WARN  com.zaxxer.hikari.pool.HikariPool - HikariPool-1 - Thread starvation or clock leap detected (housekeeper delta=2m34s889ms).
2022-11-15 13:02:52.628 [HikariPool-1 housekeeper] WARN  com.zaxxer.hikari.pool.HikariPool - HikariPool-1 - Thread starvation or clock leap detected (housekeeper delta=58m53s121ms).
2022-11-15 13:43:44.360 [HikariPool-1 housekeeper] WARN  com.zaxxer.hikari.pool.HikariPool - HikariPool-1 - Thread starvation or clock leap detected (housekeeper delta=40m51s732ms).
2022-11-15 14:31:14.395 [HikariPool-1 housekeeper] WARN  com.zaxxer.hikari.pool.HikariPool - HikariPool-1 - Thread starvation or clock leap detected (housekeeper delta=47m30s34ms).
2022-11-15 14:35:47.860 [HikariPool-1 housekeeper] WARN  com.zaxxer.hikari.pool.HikariPool - HikariPool-1 - Thread starvation or clock leap detected (housekeeper delta=4m3s430ms).
2022-11-15 14:38:39.163 [HikariPool-1 housekeeper] WARN  com.zaxxer.hikari.pool.HikariPool - HikariPool-1 - Thread starvation or clock leap detected (housekeeper delta=2m21s318ms).
2022-11-15 14:40:41.663 [HikariPool-1 housekeeper] WARN  com.zaxxer.hikari.pool.HikariPool - HikariPool-1 - Thread starvation or clock leap detected (housekeeper delta=1m32s493ms).
2022-11-15 14:49:06.402 [HikariPool-1 housekeeper] WARN  com.zaxxer.hikari.pool.HikariPool - HikariPool-1 - Thread starvation or clock leap detected (housekeeper delta=8m24s740ms).
2022-11-15 14:57:58.576 [HikariPool-1 housekeeper] WARN  com.zaxxer.hikari.pool.HikariPool - HikariPool-1 - Thread starvation or clock leap detected (housekeeper delta=2m52s117ms).
2022-11-15 15:31:05.059 [SpringApplicationShutdownHook] INFO  com.zaxxer.hikari.HikariDataSource - HikariPool-1 - Shutdown initiated...
2022-11-15 15:31:05.062 [SpringApplicationShutdownHook] INFO  com.zaxxer.hikari.HikariDataSource - HikariPool-1 - Shutdown completed.
2022-11-15 15:31:10.733 [main] INFO  com.zhangyun.filecloud.server.ServerApplication - Starting ServerApplication using Java 1.8.0_342 on zhangyundeAir.lan with PID 55683 (/Users/zhangyun/Documents/javaProject/FileCloud/server/target/classes started by zhangyun in /Users/zhangyun/Documents/javaProject/FileCloud)
2022-11-15 15:31:10.734 [main] INFO  com.zhangyun.filecloud.server.ServerApplication - The following profiles are active: dev
2022-11-15 15:31:11.215 [main] INFO  o.s.d.r.config.RepositoryConfigurationDelegate - Multiple Spring Data modules found, entering strict repository configuration mode!
2022-11-15 15:31:11.216 [main] INFO  o.s.d.r.config.RepositoryConfigurationDelegate - Bootstrapping Spring Data Redis repositories in DEFAULT mode.
2022-11-15 15:31:11.230 [main] INFO  o.s.d.r.config.RepositoryConfigurationDelegate - Finished Spring Data repository scanning in 7 ms. Found 0 Redis repository interfaces.
2022-11-15 15:31:11.574 [main] INFO  o.s.boot.web.embedded.tomcat.TomcatWebServer - Tomcat initialized with port(s): 8080 (http)
2022-11-15 15:31:11.579 [main] INFO  org.apache.catalina.core.StandardService - Starting service [Tomcat]
2022-11-15 15:31:11.579 [main] INFO  org.apache.catalina.core.StandardEngine - Starting Servlet engine: [Apache Tomcat/9.0.54]
2022-11-15 15:31:11.622 [main] INFO  o.a.c.core.ContainerBase.[Tomcat].[localhost].[/] - Initializing Spring embedded WebApplicationContext
2022-11-15 15:31:11.622 [main] INFO  o.s.b.w.s.c.ServletWebServerApplicationContext - Root WebApplicationContext: initialization completed in 858 ms
2022-11-15 15:31:13.741 [main] INFO  s.d.s.w.PropertySourcedRequestMappingHandlerMapping - Mapped URL path [/v2/api-docs] onto method [springfox.documentation.swagger2.web.Swagger2Controller#getDocumentation(String, HttpServletRequest)]
2022-11-15 15:31:14.002 [main] WARN  o.s.b.a.freemarker.FreeMarkerAutoConfiguration - Cannot find template location(s): [classpath:/templates/] (please add some templates, check your FreeMarker configuration, or set spring.freemarker.checkTemplateLocation=false)
2022-11-15 15:31:14.074 [main] INFO  o.s.boot.web.embedded.tomcat.TomcatWebServer - Tomcat started on port(s): 8080 (http) with context path ''
2022-11-15 15:31:14.075 [main] INFO  s.d.s.web.plugins.DocumentationPluginsBootstrapper - Context refreshed
2022-11-15 15:31:14.080 [main] INFO  s.d.s.web.plugins.DocumentationPluginsBootstrapper - Found 1 custom documentation plugin(s)
2022-11-15 15:31:14.091 [main] INFO  s.d.spring.web.scanners.ApiListingReferenceScanner - Scanning for api listing references
2022-11-15 15:31:14.141 [main] INFO  com.zhangyun.filecloud.server.ServerApplication - Started ServerApplication in 3.679 seconds (JVM running for 4.003)
2022-11-15 15:31:14.142 [main] INFO  com.zhangyun.filecloud.server.service.NettyServer - netty server starting...
2022-11-15 15:31:14.143 [main] INFO  com.zhangyun.filecloud.server.service.NettyServer - netty server start success
2022-11-15 15:31:44.718 [nioEventLoopGroup-5-1] INFO  c.z.filecloud.common.protocol.MessageCodecSharable - 接收消息: {"deviceId":"933883a0-e655-49c8-a126-24166d0a2432","deviceName":"macbook air m1","messageType":5,"msgDesc":"LoginMessage","password":"1120","rootPath":"/Users/zhangyun/Documents/javaProject/FileCloud/rootPath","username":"zhangyun"}
2022-11-15 15:31:44.731 [nioEventLoopGroup-5-1] INFO  com.zaxxer.hikari.HikariDataSource - HikariPool-1 - Starting...
2022-11-15 15:31:44.870 [nioEventLoopGroup-5-1] INFO  com.zaxxer.hikari.HikariDataSource - HikariPool-1 - Start completed.
2022-11-15 15:31:44.901 [nioEventLoopGroup-5-1] INFO  c.zhangyun.filecloud.common.aspect.TraceLogAspect - 执行方法: UserServiceImpl.selectUserByName, 参数: username:"zhangyun" ====> User{userId=1, username=zhangyun, password=c6036a69be21cb660499b75718a3ef24, createTime=Thu Nov 03 11:03:15 CST 2022, modifiedTime=Thu Nov 03 11:03:15 CST 2022}, 时间: 180ms
2022-11-15 15:31:44.909 [nioEventLoopGroup-5-1] INFO  c.zhangyun.filecloud.common.aspect.TraceLogAspect - 执行方法: SessionService.bind, 参数: channel:{"active":true,"inputShutdown":false,"open":true,"outputShutdown":false,"registered":true,"shutdown":false,"writable":true}deviceId:"933883a0-e655-49c8-a126-24166d0a2432" ====> null, 时间: 1ms
2022-11-15 15:31:45.042 [nioEventLoopGroup-5-1] INFO  c.z.filecloud.common.protocol.MessageCodecSharable - 发送消息: {"code":200,"isRegister":true,"messageType":6,"msg":"登录成功！","msgDesc":"LoginResponseMessage","token":"a681f29e-906f-4fed-a07a-0ea01cc0f370"}
2022-11-15 15:31:47.698 [nioEventLoopGroup-5-1] INFO  c.z.filecloud.common.protocol.MessageCodecSharable - 发送消息: {"code":301,"messageType":7,"msg":"token 认证失败","msgDesc":"AuthFailResponseMessage"}
2022-11-15 15:31:50.695 [nioEventLoopGroup-5-1] INFO  c.z.filecloud.common.protocol.MessageCodecSharable - 发送消息: {"code":301,"messageType":7,"msg":"token 认证失败","msgDesc":"AuthFailResponseMessage"}
2022-11-15 15:31:53.697 [nioEventLoopGroup-5-1] INFO  c.z.filecloud.common.protocol.MessageCodecSharable - 发送消息: {"code":301,"messageType":7,"msg":"token 认证失败","msgDesc":"AuthFailResponseMessage"}
2022-11-15 15:31:56.698 [nioEventLoopGroup-5-1] INFO  c.z.filecloud.common.protocol.MessageCodecSharable - 发送消息: {"code":301,"messageType":7,"msg":"token 认证失败","msgDesc":"AuthFailResponseMessage"}
2022-11-15 15:31:59.700 [nioEventLoopGroup-5-1] INFO  c.z.filecloud.common.protocol.MessageCodecSharable - 发送消息: {"code":301,"messageType":7,"msg":"token 认证失败","msgDesc":"AuthFailResponseMessage"}
2022-11-15 15:32:02.701 [nioEventLoopGroup-5-1] INFO  c.z.filecloud.common.protocol.MessageCodecSharable - 发送消息: {"code":301,"messageType":7,"msg":"token 认证失败","msgDesc":"AuthFailResponseMessage"}
2022-11-15 15:32:05.702 [nioEventLoopGroup-5-1] INFO  c.z.filecloud.common.protocol.MessageCodecSharable - 发送消息: {"code":301,"messageType":7,"msg":"token 认证失败","msgDesc":"AuthFailResponseMessage"}
2022-11-15 15:32:08.703 [nioEventLoopGroup-5-1] INFO  c.z.filecloud.common.protocol.MessageCodecSharable - 发送消息: {"code":301,"messageType":7,"msg":"token 认证失败","msgDesc":"AuthFailResponseMessage"}
2022-11-15 15:32:11.705 [nioEventLoopGroup-5-1] INFO  c.z.filecloud.common.protocol.MessageCodecSharable - 发送消息: {"code":301,"messageType":7,"msg":"token 认证失败","msgDesc":"AuthFailResponseMessage"}
2022-11-15 15:32:14.708 [nioEventLoopGroup-5-1] INFO  c.z.filecloud.common.protocol.MessageCodecSharable - 发送消息: {"code":301,"messageType":7,"msg":"token 认证失败","msgDesc":"AuthFailResponseMessage"}
2022-11-15 15:32:17.709 [nioEventLoopGroup-5-1] INFO  c.z.filecloud.common.protocol.MessageCodecSharable - 发送消息: {"code":301,"messageType":7,"msg":"token 认证失败","msgDesc":"AuthFailResponseMessage"}
2022-11-15 15:32:20.710 [nioEventLoopGroup-5-1] INFO  c.z.filecloud.common.protocol.MessageCodecSharable - 发送消息: {"code":301,"messageType":7,"msg":"token 认证失败","msgDesc":"AuthFailResponseMessage"}
2022-11-15 15:32:23.712 [nioEventLoopGroup-5-1] INFO  c.z.filecloud.common.protocol.MessageCodecSharable - 发送消息: {"code":301,"messageType":7,"msg":"token 认证失败","msgDesc":"AuthFailResponseMessage"}
2022-11-15 15:32:26.713 [nioEventLoopGroup-5-1] INFO  c.z.filecloud.common.protocol.MessageCodecSharable - 发送消息: {"code":301,"messageType":7,"msg":"token 认证失败","msgDesc":"AuthFailResponseMessage"}
2022-11-15 15:32:29.715 [nioEventLoopGroup-5-1] INFO  c.z.filecloud.common.protocol.MessageCodecSharable - 发送消息: {"code":301,"messageType":7,"msg":"token 认证失败","msgDesc":"AuthFailResponseMessage"}
2022-11-15 15:32:32.718 [nioEventLoopGroup-5-1] INFO  c.z.filecloud.common.protocol.MessageCodecSharable - 发送消息: {"code":301,"messageType":7,"msg":"token 认证失败","msgDesc":"AuthFailResponseMessage"}
2022-11-15 15:32:35.719 [nioEventLoopGroup-5-1] INFO  c.z.filecloud.common.protocol.MessageCodecSharable - 发送消息: {"code":301,"messageType":7,"msg":"token 认证失败","msgDesc":"AuthFailResponseMessage"}
2022-11-15 15:32:38.720 [nioEventLoopGroup-5-1] INFO  c.z.filecloud.common.protocol.MessageCodecSharable - 发送消息: {"code":301,"messageType":7,"msg":"token 认证失败","msgDesc":"AuthFailResponseMessage"}
2022-11-15 15:32:41.721 [nioEventLoopGroup-5-1] INFO  c.z.filecloud.common.protocol.MessageCodecSharable - 发送消息: {"code":301,"messageType":7,"msg":"token 认证失败","msgDesc":"AuthFailResponseMessage"}
2022-11-15 15:32:44.722 [nioEventLoopGroup-5-1] INFO  c.z.filecloud.common.protocol.MessageCodecSharable - 发送消息: {"code":301,"messageType":7,"msg":"token 认证失败","msgDesc":"AuthFailResponseMessage"}
2022-11-15 15:32:47.724 [nioEventLoopGroup-5-1] INFO  c.z.filecloud.common.protocol.MessageCodecSharable - 发送消息: {"code":301,"messageType":7,"msg":"token 认证失败","msgDesc":"AuthFailResponseMessage"}
2022-11-15 15:32:50.725 [nioEventLoopGroup-5-1] INFO  c.z.filecloud.common.protocol.MessageCodecSharable - 发送消息: {"code":301,"messageType":7,"msg":"token 认证失败","msgDesc":"AuthFailResponseMessage"}
2022-11-15 15:32:53.727 [nioEventLoopGroup-5-1] INFO  c.z.filecloud.common.protocol.MessageCodecSharable - 发送消息: {"code":301,"messageType":7,"msg":"token 认证失败","msgDesc":"AuthFailResponseMessage"}
2022-11-15 15:32:56.728 [nioEventLoopGroup-5-1] INFO  c.z.filecloud.common.protocol.MessageCodecSharable - 发送消息: {"code":301,"messageType":7,"msg":"token 认证失败","msgDesc":"AuthFailResponseMessage"}
2022-11-15 15:32:59.730 [nioEventLoopGroup-5-1] INFO  c.z.filecloud.common.protocol.MessageCodecSharable - 发送消息: {"code":301,"messageType":7,"msg":"token 认证失败","msgDesc":"AuthFailResponseMessage"}
2022-11-15 15:33:02.731 [nioEventLoopGroup-5-1] INFO  c.z.filecloud.common.protocol.MessageCodecSharable - 发送消息: {"code":301,"messageType":7,"msg":"token 认证失败","msgDesc":"AuthFailResponseMessage"}
2022-11-15 15:33:05.732 [nioEventLoopGroup-5-1] INFO  c.z.filecloud.common.protocol.MessageCodecSharable - 发送消息: {"code":301,"messageType":7,"msg":"token 认证失败","msgDesc":"AuthFailResponseMessage"}
2022-11-15 15:33:08.734 [nioEventLoopGroup-5-1] INFO  c.z.filecloud.common.protocol.MessageCodecSharable - 发送消息: {"code":301,"messageType":7,"msg":"token 认证失败","msgDesc":"AuthFailResponseMessage"}
2022-11-15 15:33:11.735 [nioEventLoopGroup-5-1] INFO  c.z.filecloud.common.protocol.MessageCodecSharable - 发送消息: {"code":301,"messageType":7,"msg":"token 认证失败","msgDesc":"AuthFailResponseMessage"}
2022-11-15 15:33:14.737 [nioEventLoopGroup-5-1] INFO  c.z.filecloud.common.protocol.MessageCodecSharable - 发送消息: {"code":301,"messageType":7,"msg":"token 认证失败","msgDesc":"AuthFailResponseMessage"}
2022-11-15 15:33:17.737 [nioEventLoopGroup-5-1] INFO  c.z.filecloud.common.protocol.MessageCodecSharable - 发送消息: {"code":301,"messageType":7,"msg":"token 认证失败","msgDesc":"AuthFailResponseMessage"}
2022-11-15 15:33:20.739 [nioEventLoopGroup-5-1] INFO  c.z.filecloud.common.protocol.MessageCodecSharable - 发送消息: {"code":301,"messageType":7,"msg":"token 认证失败","msgDesc":"AuthFailResponseMessage"}
2022-11-15 15:33:23.459 [nioEventLoopGroup-5-1] INFO  c.zhangyun.filecloud.common.aspect.TraceLogAspect - 执行方法: SessionService.unbind, 参数: channel:{"active":false,"inputShutdown":true,"open":false,"outputShutdown":true,"registered":true,"shutdown":true,"writable":false} ====> null, 时间: 0ms
2022-11-15 15:33:23.460 [nioEventLoopGroup-5-1] INFO  com.zhangyun.filecloud.server.handler.QuitHandler - 连接 [id: 0x22ffe81c, L:0.0.0.0/0.0.0.0:8090 ! R:/127.0.0.1:58631] 断开
2022-11-15 15:33:25.898 [SpringApplicationShutdownHook] INFO  com.zaxxer.hikari.HikariDataSource - HikariPool-1 - Shutdown initiated...
2022-11-15 15:33:25.904 [SpringApplicationShutdownHook] INFO  com.zaxxer.hikari.HikariDataSource - HikariPool-1 - Shutdown completed.
2022-11-15 15:33:27.828 [main] INFO  com.zhangyun.filecloud.server.ServerApplication - Starting ServerApplication using Java 1.8.0_342 on zhangyundeAir.lan with PID 56205 (/Users/zhangyun/Documents/javaProject/FileCloud/server/target/classes started by zhangyun in /Users/zhangyun/Documents/javaProject/FileCloud)
2022-11-15 15:33:27.829 [main] INFO  com.zhangyun.filecloud.server.ServerApplication - The following profiles are active: dev
2022-11-15 15:33:28.351 [main] INFO  o.s.d.r.config.RepositoryConfigurationDelegate - Multiple Spring Data modules found, entering strict repository configuration mode!
2022-11-15 15:33:28.352 [main] INFO  o.s.d.r.config.RepositoryConfigurationDelegate - Bootstrapping Spring Data Redis repositories in DEFAULT mode.
2022-11-15 15:33:28.368 [main] INFO  o.s.d.r.config.RepositoryConfigurationDelegate - Finished Spring Data repository scanning in 7 ms. Found 0 Redis repository interfaces.
2022-11-15 15:33:28.727 [main] INFO  o.s.boot.web.embedded.tomcat.TomcatWebServer - Tomcat initialized with port(s): 8080 (http)
2022-11-15 15:33:28.732 [main] INFO  org.apache.catalina.core.StandardService - Starting service [Tomcat]
2022-11-15 15:33:28.732 [main] INFO  org.apache.catalina.core.StandardEngine - Starting Servlet engine: [Apache Tomcat/9.0.54]
2022-11-15 15:33:28.801 [main] INFO  o.a.c.core.ContainerBase.[Tomcat].[localhost].[/] - Initializing Spring embedded WebApplicationContext
2022-11-15 15:33:28.801 [main] INFO  o.s.b.w.s.c.ServletWebServerApplicationContext - Root WebApplicationContext: initialization completed in 941 ms
2022-11-15 15:33:30.057 [main] INFO  s.d.s.w.PropertySourcedRequestMappingHandlerMapping - Mapped URL path [/v2/api-docs] onto method [springfox.documentation.swagger2.web.Swagger2Controller#getDocumentation(String, HttpServletRequest)]
2022-11-15 15:33:30.366 [main] WARN  o.s.b.a.freemarker.FreeMarkerAutoConfiguration - Cannot find template location(s): [classpath:/templates/] (please add some templates, check your FreeMarker configuration, or set spring.freemarker.checkTemplateLocation=false)
2022-11-15 15:33:30.453 [main] INFO  o.s.boot.web.embedded.tomcat.TomcatWebServer - Tomcat started on port(s): 8080 (http) with context path ''
2022-11-15 15:33:30.454 [main] INFO  s.d.s.web.plugins.DocumentationPluginsBootstrapper - Context refreshed
2022-11-15 15:33:30.461 [main] INFO  s.d.s.web.plugins.DocumentationPluginsBootstrapper - Found 1 custom documentation plugin(s)
2022-11-15 15:33:30.475 [main] INFO  s.d.spring.web.scanners.ApiListingReferenceScanner - Scanning for api listing references
2022-11-15 15:33:30.535 [main] INFO  com.zhangyun.filecloud.server.ServerApplication - Started ServerApplication in 3.012 seconds (JVM running for 3.419)
2022-11-15 15:33:30.536 [main] INFO  com.zhangyun.filecloud.server.service.NettyServer - netty server starting...
2022-11-15 15:33:30.538 [main] INFO  com.zhangyun.filecloud.server.service.NettyServer - netty server start success
2022-11-15 15:45:50.905 [nioEventLoopGroup-5-1] INFO  c.z.filecloud.common.protocol.MessageCodecSharable - 接收消息: {"deviceId":"933883a0-e655-49c8-a126-24166d0a2432","deviceName":"macbook air m1","messageType":5,"msgDesc":"LoginMessage","password":"1120","rootPath":"/Users/zhangyun/Documents/javaProject/FileCloud/rootPath","username":"zhangyun"}
2022-11-15 15:45:51.016 [nioEventLoopGroup-5-1] INFO  com.zaxxer.hikari.HikariDataSource - HikariPool-1 - Starting...
2022-11-15 15:45:51.098 [nioEventLoopGroup-5-1] INFO  com.zaxxer.hikari.HikariDataSource - HikariPool-1 - Start completed.
2022-11-15 15:45:51.135 [nioEventLoopGroup-5-1] INFO  c.zhangyun.filecloud.common.aspect.TraceLogAspect - 执行方法: UserServiceImpl.selectUserByName, 参数: username:"zhangyun" ====> User{userId=1, username=zhangyun, password=c6036a69be21cb660499b75718a3ef24, createTime=Thu Nov 03 11:03:15 CST 2022, modifiedTime=Thu Nov 03 11:03:15 CST 2022}, 时间: 224ms
2022-11-15 15:45:51.145 [nioEventLoopGroup-5-1] INFO  c.zhangyun.filecloud.common.aspect.TraceLogAspect - 执行方法: SessionService.bind, 参数: channel:{"active":true,"inputShutdown":false,"open":true,"outputShutdown":false,"registered":true,"shutdown":false,"writable":true}deviceId:"933883a0-e655-49c8-a126-24166d0a2432" ====> null, 时间: 1ms
2022-11-15 15:45:51.297 [nioEventLoopGroup-5-1] INFO  c.z.filecloud.common.protocol.MessageCodecSharable - 发送消息: {"code":200,"isRegister":true,"messageType":6,"msg":"登录成功！","msgDesc":"LoginResponseMessage","token":"8c44b994-cdb0-4f95-9c1f-5aafe79e863b"}
2022-11-15 15:45:53.870 [nioEventLoopGroup-5-1] INFO  c.z.filecloud.common.protocol.MessageCodecSharable - 发送消息: {"code":301,"messageType":7,"msg":"token 认证失败","msgDesc":"AuthFailResponseMessage"}
2022-11-15 15:45:56.866 [nioEventLoopGroup-5-1] INFO  c.z.filecloud.common.protocol.MessageCodecSharable - 发送消息: {"code":301,"messageType":7,"msg":"token 认证失败","msgDesc":"AuthFailResponseMessage"}
2022-11-15 15:45:59.868 [nioEventLoopGroup-5-1] INFO  c.z.filecloud.common.protocol.MessageCodecSharable - 发送消息: {"code":301,"messageType":7,"msg":"token 认证失败","msgDesc":"AuthFailResponseMessage"}
2022-11-15 15:46:02.869 [nioEventLoopGroup-5-1] INFO  c.z.filecloud.common.protocol.MessageCodecSharable - 发送消息: {"code":301,"messageType":7,"msg":"token 认证失败","msgDesc":"AuthFailResponseMessage"}
2022-11-15 15:46:05.871 [nioEventLoopGroup-5-1] INFO  c.z.filecloud.common.protocol.MessageCodecSharable - 发送消息: {"code":301,"messageType":7,"msg":"token 认证失败","msgDesc":"AuthFailResponseMessage"}
2022-11-15 15:46:08.873 [nioEventLoopGroup-5-1] INFO  c.z.filecloud.common.protocol.MessageCodecSharable - 发送消息: {"code":301,"messageType":7,"msg":"token 认证失败","msgDesc":"AuthFailResponseMessage"}
2022-11-15 15:46:11.874 [nioEventLoopGroup-5-1] INFO  c.z.filecloud.common.protocol.MessageCodecSharable - 发送消息: {"code":301,"messageType":7,"msg":"token 认证失败","msgDesc":"AuthFailResponseMessage"}
2022-11-15 15:46:14.877 [nioEventLoopGroup-5-1] INFO  c.z.filecloud.common.protocol.MessageCodecSharable - 发送消息: {"code":301,"messageType":7,"msg":"token 认证失败","msgDesc":"AuthFailResponseMessage"}
2022-11-15 15:46:17.877 [nioEventLoopGroup-5-1] INFO  c.z.filecloud.common.protocol.MessageCodecSharable - 发送消息: {"code":301,"messageType":7,"msg":"token 认证失败","msgDesc":"AuthFailResponseMessage"}
2022-11-15 15:46:20.880 [nioEventLoopGroup-5-1] INFO  c.z.filecloud.common.protocol.MessageCodecSharable - 发送消息: {"code":301,"messageType":7,"msg":"token 认证失败","msgDesc":"AuthFailResponseMessage"}
2022-11-15 15:46:23.880 [nioEventLoopGroup-5-1] INFO  c.z.filecloud.common.protocol.MessageCodecSharable - 发送消息: {"code":301,"messageType":7,"msg":"token 认证失败","msgDesc":"AuthFailResponseMessage"}
2022-11-15 15:46:26.882 [nioEventLoopGroup-5-1] INFO  c.z.filecloud.common.protocol.MessageCodecSharable - 发送消息: {"code":301,"messageType":7,"msg":"token 认证失败","msgDesc":"AuthFailResponseMessage"}
2022-11-15 15:46:29.883 [nioEventLoopGroup-5-1] INFO  c.z.filecloud.common.protocol.MessageCodecSharable - 发送消息: {"code":301,"messageType":7,"msg":"token 认证失败","msgDesc":"AuthFailResponseMessage"}
2022-11-15 15:46:32.885 [nioEventLoopGroup-5-1] INFO  c.z.filecloud.common.protocol.MessageCodecSharable - 发送消息: {"code":301,"messageType":7,"msg":"token 认证失败","msgDesc":"AuthFailResponseMessage"}
2022-11-15 15:46:35.886 [nioEventLoopGroup-5-1] INFO  c.z.filecloud.common.protocol.MessageCodecSharable - 发送消息: {"code":301,"messageType":7,"msg":"token 认证失败","msgDesc":"AuthFailResponseMessage"}
2022-11-15 15:46:38.888 [nioEventLoopGroup-5-1] INFO  c.z.filecloud.common.protocol.MessageCodecSharable - 发送消息: {"code":301,"messageType":7,"msg":"token 认证失败","msgDesc":"AuthFailResponseMessage"}
2022-11-15 15:46:41.890 [nioEventLoopGroup-5-1] INFO  c.z.filecloud.common.protocol.MessageCodecSharable - 发送消息: {"code":301,"messageType":7,"msg":"token 认证失败","msgDesc":"AuthFailResponseMessage"}
2022-11-15 15:46:42.314 [SpringApplicationShutdownHook] INFO  com.zaxxer.hikari.HikariDataSource - HikariPool-1 - Shutdown initiated...
2022-11-15 15:46:42.320 [SpringApplicationShutdownHook] INFO  com.zaxxer.hikari.HikariDataSource - HikariPool-1 - Shutdown completed.
2022-11-15 15:46:45.471 [main] INFO  com.zhangyun.filecloud.server.ServerApplication - Starting ServerApplication using Java 1.8.0_342 on zhangyundeAir.lan with PID 58801 (/Users/zhangyun/Documents/javaProject/FileCloud/server/target/classes started by zhangyun in /Users/zhangyun/Documents/javaProject/FileCloud)
2022-11-15 15:46:45.472 [main] INFO  com.zhangyun.filecloud.server.ServerApplication - The following profiles are active: dev
2022-11-15 15:46:45.983 [main] INFO  o.s.d.r.config.RepositoryConfigurationDelegate - Multiple Spring Data modules found, entering strict repository configuration mode!
2022-11-15 15:46:45.984 [main] INFO  o.s.d.r.config.RepositoryConfigurationDelegate - Bootstrapping Spring Data Redis repositories in DEFAULT mode.
2022-11-15 15:46:45.998 [main] INFO  o.s.d.r.config.RepositoryConfigurationDelegate - Finished Spring Data repository scanning in 6 ms. Found 0 Redis repository interfaces.
2022-11-15 15:46:46.383 [main] INFO  o.s.boot.web.embedded.tomcat.TomcatWebServer - Tomcat initialized with port(s): 8080 (http)
2022-11-15 15:46:46.389 [main] INFO  org.apache.catalina.core.StandardService - Starting service [Tomcat]
2022-11-15 15:46:46.389 [main] INFO  org.apache.catalina.core.StandardEngine - Starting Servlet engine: [Apache Tomcat/9.0.54]
2022-11-15 15:46:46.464 [main] INFO  o.a.c.core.ContainerBase.[Tomcat].[localhost].[/] - Initializing Spring embedded WebApplicationContext
2022-11-15 15:46:46.464 [main] INFO  o.s.b.w.s.c.ServletWebServerApplicationContext - Root WebApplicationContext: initialization completed in 966 ms
2022-11-15 15:46:47.728 [main] INFO  s.d.s.w.PropertySourcedRequestMappingHandlerMapping - Mapped URL path [/v2/api-docs] onto method [springfox.documentation.swagger2.web.Swagger2Controller#getDocumentation(String, HttpServletRequest)]
2022-11-15 15:46:47.995 [main] WARN  o.s.b.a.freemarker.FreeMarkerAutoConfiguration - Cannot find template location(s): [classpath:/templates/] (please add some templates, check your FreeMarker configuration, or set spring.freemarker.checkTemplateLocation=false)
2022-11-15 15:46:48.080 [main] INFO  o.s.boot.web.embedded.tomcat.TomcatWebServer - Tomcat started on port(s): 8080 (http) with context path ''
2022-11-15 15:46:48.081 [main] INFO  s.d.s.web.plugins.DocumentationPluginsBootstrapper - Context refreshed
2022-11-15 15:46:48.088 [main] INFO  s.d.s.web.plugins.DocumentationPluginsBootstrapper - Found 1 custom documentation plugin(s)
2022-11-15 15:46:48.101 [main] INFO  s.d.spring.web.scanners.ApiListingReferenceScanner - Scanning for api listing references
2022-11-15 15:46:48.159 [main] INFO  com.zhangyun.filecloud.server.ServerApplication - Started ServerApplication in 3.009 seconds (JVM running for 3.453)
2022-11-15 15:46:48.160 [main] INFO  com.zhangyun.filecloud.server.service.NettyServer - netty server starting...
2022-11-15 15:46:48.162 [main] INFO  com.zhangyun.filecloud.server.service.NettyServer - netty server start success
2022-11-15 15:46:54.755 [nioEventLoopGroup-5-1] INFO  c.z.filecloud.common.protocol.MessageCodecSharable - 接收消息: {"deviceId":"933883a0-e655-49c8-a126-24166d0a2432","messageType":10,"msgDesc":"LogoutMessage","token":"8c44b994-cdb0-4f95-9c1f-5aafe79e863b","username":"zhangyun"}
2022-11-15 15:46:54.982 [nioEventLoopGroup-5-1] INFO  com.zaxxer.hikari.HikariDataSource - HikariPool-1 - Starting...
2022-11-15 15:46:55.049 [nioEventLoopGroup-5-1] INFO  com.zaxxer.hikari.HikariDataSource - HikariPool-1 - Start completed.
2022-11-15 15:46:55.098 [nioEventLoopGroup-5-1] INFO  c.zhangyun.filecloud.common.aspect.TraceLogAspect - 执行方法: SessionService.unbind, 参数: channel:{"active":true,"inputShutdown":false,"open":true,"outputShutdown":false,"registered":true,"shutdown":false,"writable":true} ====> null, 时间: 1ms
2022-11-15 15:46:55.099 [nioEventLoopGroup-5-1] INFO  c.zhangyun.filecloud.server.handler.LogoutHandler - zhangyun 退出登录
2022-11-15 15:46:55.100 [nioEventLoopGroup-5-1] INFO  c.zhangyun.filecloud.common.aspect.TraceLogAspect - 执行方法: SessionService.unbind, 参数: channel:{"active":false,"inputShutdown":true,"open":false,"outputShutdown":true,"registered":true,"shutdown":true,"writable":false} ====> null, 时间: 0ms
2022-11-15 15:46:55.100 [nioEventLoopGroup-5-1] INFO  com.zhangyun.filecloud.server.handler.QuitHandler - 连接 [id: 0xdedfb354, L:0.0.0.0/0.0.0.0:8090 ! R:/127.0.0.1:59140] 断开
2022-11-15 15:46:58.981 [nioEventLoopGroup-5-2] INFO  c.z.filecloud.common.protocol.MessageCodecSharable - 接收消息: {"deviceId":"933883a0-e655-49c8-a126-24166d0a2432","deviceName":"macbook air m1","messageType":5,"msgDesc":"LoginMessage","password":"1120","rootPath":"/Users/zhangyun/Documents/javaProject/FileCloud/rootPath","username":"zhangyun"}
2022-11-15 15:46:58.987 [nioEventLoopGroup-5-2] INFO  c.zhangyun.filecloud.common.aspect.TraceLogAspect - 执行方法: UserServiceImpl.selectUserByName, 参数: username:"zhangyun" ====> User{userId=1, username=zhangyun, password=c6036a69be21cb660499b75718a3ef24, createTime=Thu Nov 03 11:03:15 CST 2022, modifiedTime=Thu Nov 03 11:03:15 CST 2022}, 时间: 5ms
2022-11-15 15:46:58.998 [nioEventLoopGroup-5-2] INFO  c.zhangyun.filecloud.common.aspect.TraceLogAspect - 执行方法: SessionService.bind, 参数: channel:{"active":true,"inputShutdown":false,"open":true,"outputShutdown":false,"registered":true,"shutdown":false,"writable":true}deviceId:"933883a0-e655-49c8-a126-24166d0a2432" ====> null, 时间: 0ms
2022-11-15 15:46:59.008 [nioEventLoopGroup-5-2] INFO  c.z.filecloud.common.protocol.MessageCodecSharable - 发送消息: {"code":200,"isRegister":true,"messageType":6,"msg":"登录成功！","msgDesc":"LoginResponseMessage","token":"de7bbead-71ca-48bf-9599-0e1e7dbaaff6"}
2022-11-15 15:47:01.985 [nioEventLoopGroup-5-2] INFO  c.z.filecloud.common.protocol.MessageCodecSharable - 发送消息: {"code":301,"messageType":7,"msg":"token 认证失败","msgDesc":"AuthFailResponseMessage"}
2022-11-15 15:47:04.981 [nioEventLoopGroup-5-2] INFO  c.z.filecloud.common.protocol.MessageCodecSharable - 发送消息: {"code":301,"messageType":7,"msg":"token 认证失败","msgDesc":"AuthFailResponseMessage"}
2022-11-15 15:47:07.983 [nioEventLoopGroup-5-2] INFO  c.z.filecloud.common.protocol.MessageCodecSharable - 发送消息: {"code":301,"messageType":7,"msg":"token 认证失败","msgDesc":"AuthFailResponseMessage"}
2022-11-15 15:47:10.985 [nioEventLoopGroup-5-2] INFO  c.z.filecloud.common.protocol.MessageCodecSharable - 发送消息: {"code":301,"messageType":7,"msg":"token 认证失败","msgDesc":"AuthFailResponseMessage"}
2022-11-15 15:47:13.987 [nioEventLoopGroup-5-2] INFO  c.z.filecloud.common.protocol.MessageCodecSharable - 发送消息: {"code":301,"messageType":7,"msg":"token 认证失败","msgDesc":"AuthFailResponseMessage"}
2022-11-15 15:47:16.989 [nioEventLoopGroup-5-2] INFO  c.z.filecloud.common.protocol.MessageCodecSharable - 发送消息: {"code":301,"messageType":7,"msg":"token 认证失败","msgDesc":"AuthFailResponseMessage"}
2022-11-15 15:47:18.426 [nioEventLoopGroup-5-2] INFO  c.z.filecloud.common.protocol.MessageCodecSharable - 接收消息: {"deviceId":"933883a0-e655-49c8-a126-24166d0a2432","messageType":10,"msgDesc":"LogoutMessage","token":"de7bbead-71ca-48bf-9599-0e1e7dbaaff6","username":"zhangyun"}
2022-11-15 15:47:18.437 [nioEventLoopGroup-5-2] INFO  c.zhangyun.filecloud.common.aspect.TraceLogAspect - 执行方法: SessionService.unbind, 参数: channel:{"active":true,"inputShutdown":false,"open":true,"outputShutdown":false,"registered":true,"shutdown":false,"writable":true} ====> null, 时间: 0ms
2022-11-15 15:47:18.439 [nioEventLoopGroup-5-2] INFO  c.zhangyun.filecloud.server.handler.LogoutHandler - zhangyun 退出登录
2022-11-15 15:47:18.440 [nioEventLoopGroup-5-2] INFO  c.zhangyun.filecloud.common.aspect.TraceLogAspect - 执行方法: SessionService.unbind, 参数: channel:{"active":false,"inputShutdown":true,"open":false,"outputShutdown":true,"registered":true,"shutdown":true,"writable":false} ====> null, 时间: 0ms
2022-11-15 15:47:18.440 [nioEventLoopGroup-5-2] INFO  com.zhangyun.filecloud.server.handler.QuitHandler - 连接 [id: 0x5bb4e719, L:0.0.0.0/0.0.0.0:8090 ! R:/127.0.0.1:59155] 断开
2022-11-15 15:47:22.161 [nioEventLoopGroup-5-3] INFO  c.z.filecloud.common.protocol.MessageCodecSharable - 接收消息: {"deviceId":"933883a0-e655-49c8-a126-24166d0a2432","deviceName":"macbook air m1","messageType":5,"msgDesc":"LoginMessage","password":"1120","rootPath":"/Users/zhangyun/Documents/javaProject/FileCloud/rootPath","username":"zhangyun"}
2022-11-15 15:47:22.164 [nioEventLoopGroup-5-3] INFO  c.zhangyun.filecloud.common.aspect.TraceLogAspect - 执行方法: UserServiceImpl.selectUserByName, 参数: username:"zhangyun" ====> User{userId=1, username=zhangyun, password=c6036a69be21cb660499b75718a3ef24, createTime=Thu Nov 03 11:03:15 CST 2022, modifiedTime=Thu Nov 03 11:03:15 CST 2022}, 时间: 2ms
2022-11-15 15:47:22.165 [nioEventLoopGroup-5-3] INFO  c.zhangyun.filecloud.common.aspect.TraceLogAspect - 执行方法: SessionService.bind, 参数: channel:{"active":true,"inputShutdown":false,"open":true,"outputShutdown":false,"registered":true,"shutdown":false,"writable":true}deviceId:"933883a0-e655-49c8-a126-24166d0a2432" ====> null, 时间: 0ms
2022-11-15 15:47:22.171 [nioEventLoopGroup-5-3] INFO  c.z.filecloud.common.protocol.MessageCodecSharable - 发送消息: {"code":200,"isRegister":true,"messageType":6,"msg":"登录成功！","msgDesc":"LoginResponseMessage","token":"7f0e4628-df55-4c3c-a77f-39ff64d99fa7"}
2022-11-15 15:47:25.162 [nioEventLoopGroup-5-3] INFO  c.z.filecloud.common.protocol.MessageCodecSharable - 发送消息: {"code":301,"messageType":7,"msg":"token 认证失败","msgDesc":"AuthFailResponseMessage"}
2022-11-15 15:47:28.164 [nioEventLoopGroup-5-3] INFO  c.z.filecloud.common.protocol.MessageCodecSharable - 发送消息: {"code":301,"messageType":7,"msg":"token 认证失败","msgDesc":"AuthFailResponseMessage"}
2022-11-15 15:47:31.164 [nioEventLoopGroup-5-3] INFO  c.z.filecloud.common.protocol.MessageCodecSharable - 发送消息: {"code":301,"messageType":7,"msg":"token 认证失败","msgDesc":"AuthFailResponseMessage"}
2022-11-15 15:47:33.928 [nioEventLoopGroup-5-3] INFO  c.zhangyun.filecloud.common.aspect.TraceLogAspect - 执行方法: SessionService.unbind, 参数: channel:{"active":false,"inputShutdown":true,"open":false,"outputShutdown":true,"registered":true,"shutdown":true,"writable":false} ====> null, 时间: 0ms
2022-11-15 15:47:33.929 [nioEventLoopGroup-5-3] INFO  com.zhangyun.filecloud.server.handler.QuitHandler - 连接 [id: 0x748cf7b9, L:0.0.0.0/0.0.0.0:8090 ! R:/127.0.0.1:59177] 断开
2022-11-15 15:47:39.611 [nioEventLoopGroup-5-4] INFO  c.z.filecloud.common.protocol.MessageCodecSharable - 接收消息: {"deviceId":"933883a0-e655-49c8-a126-24166d0a2432","deviceName":"macbook air m1","messageType":5,"msgDesc":"LoginMessage","password":"1120","rootPath":"/Users/zhangyun/Documents/javaProject/FileCloud/rootPath","username":"zhangyun"}
2022-11-15 15:47:39.613 [nioEventLoopGroup-5-4] INFO  c.zhangyun.filecloud.common.aspect.TraceLogAspect - 执行方法: UserServiceImpl.selectUserByName, 参数: username:"zhangyun" ====> User{userId=1, username=zhangyun, password=c6036a69be21cb660499b75718a3ef24, createTime=Thu Nov 03 11:03:15 CST 2022, modifiedTime=Thu Nov 03 11:03:15 CST 2022}, 时间: 2ms
2022-11-15 15:47:39.614 [nioEventLoopGroup-5-4] INFO  c.zhangyun.filecloud.common.aspect.TraceLogAspect - 执行方法: SessionService.bind, 参数: channel:{"active":true,"inputShutdown":false,"open":true,"outputShutdown":false,"registered":true,"shutdown":false,"writable":true}deviceId:"933883a0-e655-49c8-a126-24166d0a2432" ====> null, 时间: 0ms
2022-11-15 15:47:39.615 [nioEventLoopGroup-5-4] INFO  c.z.filecloud.common.protocol.MessageCodecSharable - 发送消息: {"code":200,"isRegister":true,"messageType":6,"msg":"登录成功！","msgDesc":"LoginResponseMessage","token":"868ed038-d803-488a-a7a1-cea9a3e41604"}
2022-11-15 15:47:42.621 [nioEventLoopGroup-5-4] INFO  c.z.filecloud.common.protocol.MessageCodecSharable - 发送消息: {"code":301,"messageType":7,"msg":"token 认证失败","msgDesc":"AuthFailResponseMessage"}
2022-11-15 15:47:45.623 [nioEventLoopGroup-5-4] INFO  c.z.filecloud.common.protocol.MessageCodecSharable - 发送消息: {"code":301,"messageType":7,"msg":"token 认证失败","msgDesc":"AuthFailResponseMessage"}
2022-11-15 15:47:48.624 [nioEventLoopGroup-5-4] INFO  c.z.filecloud.common.protocol.MessageCodecSharable - 发送消息: {"code":301,"messageType":7,"msg":"token 认证失败","msgDesc":"AuthFailResponseMessage"}
2022-11-15 15:47:51.625 [nioEventLoopGroup-5-4] INFO  c.z.filecloud.common.protocol.MessageCodecSharable - 发送消息: {"code":301,"messageType":7,"msg":"token 认证失败","msgDesc":"AuthFailResponseMessage"}
2022-11-15 15:47:54.626 [nioEventLoopGroup-5-4] INFO  c.z.filecloud.common.protocol.MessageCodecSharable - 发送消息: {"code":301,"messageType":7,"msg":"token 认证失败","msgDesc":"AuthFailResponseMessage"}
2022-11-15 15:47:57.628 [nioEventLoopGroup-5-4] INFO  c.z.filecloud.common.protocol.MessageCodecSharable - 发送消息: {"code":301,"messageType":7,"msg":"token 认证失败","msgDesc":"AuthFailResponseMessage"}
2022-11-15 15:48:00.630 [nioEventLoopGroup-5-4] INFO  c.z.filecloud.common.protocol.MessageCodecSharable - 发送消息: {"code":301,"messageType":7,"msg":"token 认证失败","msgDesc":"AuthFailResponseMessage"}
2022-11-15 15:48:03.630 [nioEventLoopGroup-5-4] INFO  c.z.filecloud.common.protocol.MessageCodecSharable - 发送消息: {"code":301,"messageType":7,"msg":"token 认证失败","msgDesc":"AuthFailResponseMessage"}
2022-11-15 15:48:06.634 [nioEventLoopGroup-5-4] INFO  c.z.filecloud.common.protocol.MessageCodecSharable - 发送消息: {"code":301,"messageType":7,"msg":"token 认证失败","msgDesc":"AuthFailResponseMessage"}
2022-11-15 15:48:09.634 [nioEventLoopGroup-5-4] INFO  c.z.filecloud.common.protocol.MessageCodecSharable - 发送消息: {"code":301,"messageType":7,"msg":"token 认证失败","msgDesc":"AuthFailResponseMessage"}
2022-11-15 15:48:12.635 [nioEventLoopGroup-5-4] INFO  c.z.filecloud.common.protocol.MessageCodecSharable - 发送消息: {"code":301,"messageType":7,"msg":"token 认证失败","msgDesc":"AuthFailResponseMessage"}
2022-11-15 15:48:15.635 [nioEventLoopGroup-5-4] INFO  c.z.filecloud.common.protocol.MessageCodecSharable - 发送消息: {"code":301,"messageType":7,"msg":"token 认证失败","msgDesc":"AuthFailResponseMessage"}
2022-11-15 15:48:39.291 [nioEventLoopGroup-5-4] INFO  c.z.filecloud.common.protocol.MessageCodecSharable - 发送消息: {"code":301,"messageType":7,"msg":"token 认证失败","msgDesc":"AuthFailResponseMessage"}
2022-11-15 15:48:39.294 [nioEventLoopGroup-5-4] INFO  c.z.filecloud.common.protocol.MessageCodecSharable - 发送消息: {"code":301,"messageType":7,"msg":"token 认证失败","msgDesc":"AuthFailResponseMessage"}
2022-11-15 15:48:39.295 [nioEventLoopGroup-5-4] INFO  c.z.filecloud.common.protocol.MessageCodecSharable - 发送消息: {"code":301,"messageType":7,"msg":"token 认证失败","msgDesc":"AuthFailResponseMessage"}
2022-11-15 15:48:39.296 [nioEventLoopGroup-5-4] INFO  c.z.filecloud.common.protocol.MessageCodecSharable - 发送消息: {"code":301,"messageType":7,"msg":"token 认证失败","msgDesc":"AuthFailResponseMessage"}
2022-11-15 15:48:39.297 [nioEventLoopGroup-5-4] INFO  c.z.filecloud.common.protocol.MessageCodecSharable - 发送消息: {"code":301,"messageType":7,"msg":"token 认证失败","msgDesc":"AuthFailResponseMessage"}
2022-11-15 15:48:39.298 [nioEventLoopGroup-5-4] INFO  c.z.filecloud.common.protocol.MessageCodecSharable - 发送消息: {"code":301,"messageType":7,"msg":"token 认证失败","msgDesc":"AuthFailResponseMessage"}
2022-11-15 15:48:39.299 [nioEventLoopGroup-5-4] INFO  c.z.filecloud.common.protocol.MessageCodecSharable - 发送消息: {"code":301,"messageType":7,"msg":"token 认证失败","msgDesc":"AuthFailResponseMessage"}
2022-11-15 15:48:39.474 [SpringApplicationShutdownHook] INFO  com.zaxxer.hikari.HikariDataSource - HikariPool-1 - Shutdown initiated...
2022-11-15 15:48:39.478 [SpringApplicationShutdownHook] INFO  com.zaxxer.hikari.HikariDataSource - HikariPool-1 - Shutdown completed.
2022-11-15 15:48:41.533 [main] INFO  com.zhangyun.filecloud.server.ServerApplication - Starting ServerApplication using Java 1.8.0_342 on zhangyundeAir.lan with PID 59175 (/Users/zhangyun/Documents/javaProject/FileCloud/server/target/classes started by zhangyun in /Users/zhangyun/Documents/javaProject/FileCloud)
2022-11-15 15:48:41.535 [main] INFO  com.zhangyun.filecloud.server.ServerApplication - The following profiles are active: dev
2022-11-15 15:48:42.058 [main] INFO  o.s.d.r.config.RepositoryConfigurationDelegate - Multiple Spring Data modules found, entering strict repository configuration mode!
2022-11-15 15:48:42.060 [main] INFO  o.s.d.r.config.RepositoryConfigurationDelegate - Bootstrapping Spring Data Redis repositories in DEFAULT mode.
2022-11-15 15:48:42.076 [main] INFO  o.s.d.r.config.RepositoryConfigurationDelegate - Finished Spring Data repository scanning in 7 ms. Found 0 Redis repository interfaces.
2022-11-15 15:48:42.440 [main] INFO  o.s.boot.web.embedded.tomcat.TomcatWebServer - Tomcat initialized with port(s): 8080 (http)
2022-11-15 15:48:42.445 [main] INFO  org.apache.catalina.core.StandardService - Starting service [Tomcat]
2022-11-15 15:48:42.445 [main] INFO  org.apache.catalina.core.StandardEngine - Starting Servlet engine: [Apache Tomcat/9.0.54]
2022-11-15 15:48:42.519 [main] INFO  o.a.c.core.ContainerBase.[Tomcat].[localhost].[/] - Initializing Spring embedded WebApplicationContext
2022-11-15 15:48:42.519 [main] INFO  o.s.b.w.s.c.ServletWebServerApplicationContext - Root WebApplicationContext: initialization completed in 950 ms
2022-11-15 15:48:43.783 [main] INFO  s.d.s.w.PropertySourcedRequestMappingHandlerMapping - Mapped URL path [/v2/api-docs] onto method [springfox.documentation.swagger2.web.Swagger2Controller#getDocumentation(String, HttpServletRequest)]
2022-11-15 15:48:44.092 [main] WARN  o.s.b.a.freemarker.FreeMarkerAutoConfiguration - Cannot find template location(s): [classpath:/templates/] (please add some templates, check your FreeMarker configuration, or set spring.freemarker.checkTemplateLocation=false)
2022-11-15 15:48:44.177 [main] INFO  o.s.boot.web.embedded.tomcat.TomcatWebServer - Tomcat started on port(s): 8080 (http) with context path ''
2022-11-15 15:48:44.178 [main] INFO  s.d.s.web.plugins.DocumentationPluginsBootstrapper - Context refreshed
2022-11-15 15:48:44.186 [main] INFO  s.d.s.web.plugins.DocumentationPluginsBootstrapper - Found 1 custom documentation plugin(s)
2022-11-15 15:48:44.199 [main] INFO  s.d.spring.web.scanners.ApiListingReferenceScanner - Scanning for api listing references
2022-11-15 15:48:44.264 [main] INFO  com.zhangyun.filecloud.server.ServerApplication - Started ServerApplication in 3.034 seconds (JVM running for 3.452)
2022-11-15 15:48:44.266 [main] INFO  com.zhangyun.filecloud.server.service.NettyServer - netty server starting...
2022-11-15 15:48:44.267 [main] INFO  com.zhangyun.filecloud.server.service.NettyServer - netty server start success
2022-11-15 16:05:13.547 [nioEventLoopGroup-5-1] INFO  c.z.filecloud.common.protocol.MessageCodecSharable - 接收消息: {"deviceId":"933883a0-e655-49c8-a126-24166d0a2432","deviceName":"macbook air m1","messageType":5,"msgDesc":"LoginMessage","password":"1120","rootPath":"/Users/zhangyun/Documents/javaProject/FileCloud/rootPath","username":"zhangyun"}
2022-11-15 16:05:13.665 [nioEventLoopGroup-5-1] INFO  com.zaxxer.hikari.HikariDataSource - HikariPool-1 - Starting...
2022-11-15 16:05:13.745 [nioEventLoopGroup-5-1] INFO  com.zaxxer.hikari.HikariDataSource - HikariPool-1 - Start completed.
2022-11-15 16:05:13.778 [nioEventLoopGroup-5-1] INFO  c.zhangyun.filecloud.common.aspect.TraceLogAspect - 执行方法: UserServiceImpl.selectUserByName, 参数: username:"zhangyun" ====> User{userId=1, username=zhangyun, password=c6036a69be21cb660499b75718a3ef24, createTime=Thu Nov 03 11:03:15 CST 2022, modifiedTime=Thu Nov 03 11:03:15 CST 2022}, 时间: 226ms
2022-11-15 16:05:13.787 [nioEventLoopGroup-5-1] INFO  c.zhangyun.filecloud.common.aspect.TraceLogAspect - 执行方法: SessionService.bind, 参数: channel:{"active":true,"inputShutdown":false,"open":true,"outputShutdown":false,"registered":true,"shutdown":false,"writable":true}deviceId:"933883a0-e655-49c8-a126-24166d0a2432" ====> null, 时间: 1ms
2022-11-15 16:05:13.941 [nioEventLoopGroup-5-1] INFO  c.z.filecloud.common.protocol.MessageCodecSharable - 发送消息: {"code":200,"isRegister":true,"messageType":6,"msg":"登录成功！","msgDesc":"LoginResponseMessage","token":"5a893b72-c6fb-40f3-aff8-541633143fbc"}
2022-11-15 16:05:28.056 [nioEventLoopGroup-5-1] INFO  c.z.filecloud.common.protocol.MessageCodecSharable - 发送消息: {"code":301,"messageType":7,"msg":"token 认证失败","msgDesc":"AuthFailResponseMessage"}
2022-11-15 16:05:28.062 [nioEventLoopGroup-5-1] INFO  c.z.filecloud.common.protocol.MessageCodecSharable - 发送消息: {"code":301,"messageType":7,"msg":"token 认证失败","msgDesc":"AuthFailResponseMessage"}
2022-11-15 16:05:28.064 [nioEventLoopGroup-5-1] INFO  c.z.filecloud.common.protocol.MessageCodecSharable - 发送消息: {"code":301,"messageType":7,"msg":"token 认证失败","msgDesc":"AuthFailResponseMessage"}
2022-11-15 16:05:28.065 [nioEventLoopGroup-5-1] INFO  c.z.filecloud.common.protocol.MessageCodecSharable - 发送消息: {"code":301,"messageType":7,"msg":"token 认证失败","msgDesc":"AuthFailResponseMessage"}
2022-11-15 16:05:28.518 [nioEventLoopGroup-5-1] INFO  c.z.filecloud.common.protocol.MessageCodecSharable - 发送消息: {"code":301,"messageType":7,"msg":"token 认证失败","msgDesc":"AuthFailResponseMessage"}
2022-11-15 16:05:31.520 [nioEventLoopGroup-5-1] INFO  c.z.filecloud.common.protocol.MessageCodecSharable - 发送消息: {"code":301,"messageType":7,"msg":"token 认证失败","msgDesc":"AuthFailResponseMessage"}
2022-11-15 16:05:34.521 [nioEventLoopGroup-5-1] INFO  c.z.filecloud.common.protocol.MessageCodecSharable - 发送消息: {"code":301,"messageType":7,"msg":"token 认证失败","msgDesc":"AuthFailResponseMessage"}
2022-11-15 16:05:37.522 [nioEventLoopGroup-5-1] INFO  c.z.filecloud.common.protocol.MessageCodecSharable - 发送消息: {"code":301,"messageType":7,"msg":"token 认证失败","msgDesc":"AuthFailResponseMessage"}
2022-11-15 16:05:40.525 [nioEventLoopGroup-5-1] INFO  c.z.filecloud.common.protocol.MessageCodecSharable - 发送消息: {"code":301,"messageType":7,"msg":"token 认证失败","msgDesc":"AuthFailResponseMessage"}
2022-11-15 16:05:43.525 [nioEventLoopGroup-5-1] INFO  c.z.filecloud.common.protocol.MessageCodecSharable - 发送消息: {"code":301,"messageType":7,"msg":"token 认证失败","msgDesc":"AuthFailResponseMessage"}
2022-11-15 16:05:46.528 [nioEventLoopGroup-5-1] INFO  c.z.filecloud.common.protocol.MessageCodecSharable - 发送消息: {"code":301,"messageType":7,"msg":"token 认证失败","msgDesc":"AuthFailResponseMessage"}
2022-11-15 16:05:49.528 [nioEventLoopGroup-5-1] INFO  c.z.filecloud.common.protocol.MessageCodecSharable - 发送消息: {"code":301,"messageType":7,"msg":"token 认证失败","msgDesc":"AuthFailResponseMessage"}
2022-11-15 16:05:52.530 [nioEventLoopGroup-5-1] INFO  c.z.filecloud.common.protocol.MessageCodecSharable - 发送消息: {"code":301,"messageType":7,"msg":"token 认证失败","msgDesc":"AuthFailResponseMessage"}
2022-11-15 16:05:55.531 [nioEventLoopGroup-5-1] INFO  c.z.filecloud.common.protocol.MessageCodecSharable - 发送消息: {"code":301,"messageType":7,"msg":"token 认证失败","msgDesc":"AuthFailResponseMessage"}
2022-11-15 16:05:58.533 [nioEventLoopGroup-5-1] INFO  c.z.filecloud.common.protocol.MessageCodecSharable - 发送消息: {"code":301,"messageType":7,"msg":"token 认证失败","msgDesc":"AuthFailResponseMessage"}
2022-11-15 16:06:01.535 [nioEventLoopGroup-5-1] INFO  c.z.filecloud.common.protocol.MessageCodecSharable - 发送消息: {"code":301,"messageType":7,"msg":"token 认证失败","msgDesc":"AuthFailResponseMessage"}
2022-11-15 16:06:04.536 [nioEventLoopGroup-5-1] INFO  c.z.filecloud.common.protocol.MessageCodecSharable - 发送消息: {"code":301,"messageType":7,"msg":"token 认证失败","msgDesc":"AuthFailResponseMessage"}
2022-11-15 16:06:07.538 [nioEventLoopGroup-5-1] INFO  c.z.filecloud.common.protocol.MessageCodecSharable - 发送消息: {"code":301,"messageType":7,"msg":"token 认证失败","msgDesc":"AuthFailResponseMessage"}
2022-11-15 16:06:10.539 [nioEventLoopGroup-5-1] INFO  c.z.filecloud.common.protocol.MessageCodecSharable - 发送消息: {"code":301,"messageType":7,"msg":"token 认证失败","msgDesc":"AuthFailResponseMessage"}
2022-11-15 16:06:13.541 [nioEventLoopGroup-5-1] INFO  c.z.filecloud.common.protocol.MessageCodecSharable - 发送消息: {"code":301,"messageType":7,"msg":"token 认证失败","msgDesc":"AuthFailResponseMessage"}
2022-11-15 16:06:16.541 [nioEventLoopGroup-5-1] INFO  c.z.filecloud.common.protocol.MessageCodecSharable - 发送消息: {"code":301,"messageType":7,"msg":"token 认证失败","msgDesc":"AuthFailResponseMessage"}
2022-11-15 16:06:19.542 [nioEventLoopGroup-5-1] INFO  c.z.filecloud.common.protocol.MessageCodecSharable - 发送消息: {"code":301,"messageType":7,"msg":"token 认证失败","msgDesc":"AuthFailResponseMessage"}
2022-11-15 16:06:22.544 [nioEventLoopGroup-5-1] INFO  c.z.filecloud.common.protocol.MessageCodecSharable - 发送消息: {"code":301,"messageType":7,"msg":"token 认证失败","msgDesc":"AuthFailResponseMessage"}
2022-11-15 16:06:25.545 [nioEventLoopGroup-5-1] INFO  c.z.filecloud.common.protocol.MessageCodecSharable - 发送消息: {"code":301,"messageType":7,"msg":"token 认证失败","msgDesc":"AuthFailResponseMessage"}
2022-11-15 16:06:28.547 [nioEventLoopGroup-5-1] INFO  c.z.filecloud.common.protocol.MessageCodecSharable - 发送消息: {"code":301,"messageType":7,"msg":"token 认证失败","msgDesc":"AuthFailResponseMessage"}
2022-11-15 16:06:31.549 [nioEventLoopGroup-5-1] INFO  c.z.filecloud.common.protocol.MessageCodecSharable - 发送消息: {"code":301,"messageType":7,"msg":"token 认证失败","msgDesc":"AuthFailResponseMessage"}
2022-11-15 16:06:34.550 [nioEventLoopGroup-5-1] INFO  c.z.filecloud.common.protocol.MessageCodecSharable - 发送消息: {"code":301,"messageType":7,"msg":"token 认证失败","msgDesc":"AuthFailResponseMessage"}
2022-11-15 16:06:37.552 [nioEventLoopGroup-5-1] INFO  c.z.filecloud.common.protocol.MessageCodecSharable - 发送消息: {"code":301,"messageType":7,"msg":"token 认证失败","msgDesc":"AuthFailResponseMessage"}
2022-11-15 16:06:40.553 [nioEventLoopGroup-5-1] INFO  c.z.filecloud.common.protocol.MessageCodecSharable - 发送消息: {"code":301,"messageType":7,"msg":"token 认证失败","msgDesc":"AuthFailResponseMessage"}
2022-11-15 16:06:43.556 [nioEventLoopGroup-5-1] INFO  c.z.filecloud.common.protocol.MessageCodecSharable - 发送消息: {"code":301,"messageType":7,"msg":"token 认证失败","msgDesc":"AuthFailResponseMessage"}
2022-11-15 16:06:46.556 [nioEventLoopGroup-5-1] INFO  c.z.filecloud.common.protocol.MessageCodecSharable - 发送消息: {"code":301,"messageType":7,"msg":"token 认证失败","msgDesc":"AuthFailResponseMessage"}
2022-11-15 16:06:49.559 [nioEventLoopGroup-5-1] INFO  c.z.filecloud.common.protocol.MessageCodecSharable - 发送消息: {"code":301,"messageType":7,"msg":"token 认证失败","msgDesc":"AuthFailResponseMessage"}
2022-11-15 16:06:52.559 [nioEventLoopGroup-5-1] INFO  c.z.filecloud.common.protocol.MessageCodecSharable - 发送消息: {"code":301,"messageType":7,"msg":"token 认证失败","msgDesc":"AuthFailResponseMessage"}
2022-11-15 16:06:55.561 [nioEventLoopGroup-5-1] INFO  c.z.filecloud.common.protocol.MessageCodecSharable - 发送消息: {"code":301,"messageType":7,"msg":"token 认证失败","msgDesc":"AuthFailResponseMessage"}
2022-11-15 16:06:58.563 [nioEventLoopGroup-5-1] INFO  c.z.filecloud.common.protocol.MessageCodecSharable - 发送消息: {"code":301,"messageType":7,"msg":"token 认证失败","msgDesc":"AuthFailResponseMessage"}
2022-11-15 16:07:01.564 [nioEventLoopGroup-5-1] INFO  c.z.filecloud.common.protocol.MessageCodecSharable - 发送消息: {"code":301,"messageType":7,"msg":"token 认证失败","msgDesc":"AuthFailResponseMessage"}
2022-11-15 16:07:04.565 [nioEventLoopGroup-5-1] INFO  c.z.filecloud.common.protocol.MessageCodecSharable - 发送消息: {"code":301,"messageType":7,"msg":"token 认证失败","msgDesc":"AuthFailResponseMessage"}
2022-11-15 16:07:07.569 [nioEventLoopGroup-5-1] INFO  c.z.filecloud.common.protocol.MessageCodecSharable - 发送消息: {"code":301,"messageType":7,"msg":"token 认证失败","msgDesc":"AuthFailResponseMessage"}
2022-11-15 16:07:10.571 [nioEventLoopGroup-5-1] INFO  c.z.filecloud.common.protocol.MessageCodecSharable - 发送消息: {"code":301,"messageType":7,"msg":"token 认证失败","msgDesc":"AuthFailResponseMessage"}
2022-11-15 16:07:13.572 [nioEventLoopGroup-5-1] INFO  c.z.filecloud.common.protocol.MessageCodecSharable - 发送消息: {"code":301,"messageType":7,"msg":"token 认证失败","msgDesc":"AuthFailResponseMessage"}
2022-11-15 16:07:16.573 [nioEventLoopGroup-5-1] INFO  c.z.filecloud.common.protocol.MessageCodecSharable - 发送消息: {"code":301,"messageType":7,"msg":"token 认证失败","msgDesc":"AuthFailResponseMessage"}
2022-11-15 16:07:19.575 [nioEventLoopGroup-5-1] INFO  c.z.filecloud.common.protocol.MessageCodecSharable - 发送消息: {"code":301,"messageType":7,"msg":"token 认证失败","msgDesc":"AuthFailResponseMessage"}
2022-11-15 16:07:21.765 [nioEventLoopGroup-5-1] INFO  c.zhangyun.filecloud.common.aspect.TraceLogAspect - 执行方法: SessionService.unbind, 参数: channel:{"active":false,"inputShutdown":true,"open":false,"outputShutdown":true,"registered":true,"shutdown":true,"writable":false} ====> null, 时间: 0ms
2022-11-15 16:07:21.765 [nioEventLoopGroup-5-1] INFO  com.zhangyun.filecloud.server.handler.QuitHandler - 连接 [id: 0xbe18cc47, L:0.0.0.0/0.0.0.0:8090 ! R:/127.0.0.1:59607] 断开
2022-11-15 16:09:52.520 [nioEventLoopGroup-5-2] INFO  c.zhangyun.filecloud.common.aspect.TraceLogAspect - 执行方法: SessionService.unbind, 参数: channel:{"active":false,"inputShutdown":true,"open":false,"outputShutdown":true,"registered":true,"shutdown":true,"writable":false} ====> null, 时间: 0ms
2022-11-15 16:09:52.521 [nioEventLoopGroup-5-2] INFO  c.zhangyun.filecloud.common.aspect.TraceLogAspect - 执行方法: SessionService.unbind, 参数: channel:{"active":false,"inputShutdown":true,"open":false,"outputShutdown":true,"registered":true,"shutdown":true,"writable":false} ====> null, 时间: 0ms
2022-11-15 16:09:52.522 [nioEventLoopGroup-5-2] INFO  com.zhangyun.filecloud.server.handler.QuitHandler - 连接 [id: 0x7a1759f7, L:0.0.0.0/0.0.0.0:8090 ! R:/127.0.0.1:59742] 断开
2022-11-15 16:12:17.084 [SpringApplicationShutdownHook] INFO  com.zaxxer.hikari.HikariDataSource - HikariPool-1 - Shutdown initiated...
2022-11-15 16:12:17.090 [SpringApplicationShutdownHook] INFO  com.zaxxer.hikari.HikariDataSource - HikariPool-1 - Shutdown completed.
2022-11-15 16:12:18.937 [main] INFO  com.zhangyun.filecloud.server.ServerApplication - Starting ServerApplication using Java 1.8.0_342 on zhangyundeAir.lan with PID 63670 (/Users/zhangyun/Documents/javaProject/FileCloud/server/target/classes started by zhangyun in /Users/zhangyun/Documents/javaProject/FileCloud)
2022-11-15 16:12:18.939 [main] INFO  com.zhangyun.filecloud.server.ServerApplication - The following profiles are active: dev
2022-11-15 16:12:19.449 [main] INFO  o.s.d.r.config.RepositoryConfigurationDelegate - Multiple Spring Data modules found, entering strict repository configuration mode!
2022-11-15 16:12:19.450 [main] INFO  o.s.d.r.config.RepositoryConfigurationDelegate - Bootstrapping Spring Data Redis repositories in DEFAULT mode.
2022-11-15 16:12:19.465 [main] INFO  o.s.d.r.config.RepositoryConfigurationDelegate - Finished Spring Data repository scanning in 7 ms. Found 0 Redis repository interfaces.
2022-11-15 16:12:19.842 [main] INFO  o.s.boot.web.embedded.tomcat.TomcatWebServer - Tomcat initialized with port(s): 8080 (http)
2022-11-15 16:12:19.847 [main] INFO  org.apache.catalina.core.StandardService - Starting service [Tomcat]
2022-11-15 16:12:19.847 [main] INFO  org.apache.catalina.core.StandardEngine - Starting Servlet engine: [Apache Tomcat/9.0.54]
2022-11-15 16:12:19.914 [main] INFO  o.a.c.core.ContainerBase.[Tomcat].[localhost].[/] - Initializing Spring embedded WebApplicationContext
2022-11-15 16:12:19.914 [main] INFO  o.s.b.w.s.c.ServletWebServerApplicationContext - Root WebApplicationContext: initialization completed in 945 ms
2022-11-15 16:12:21.610 [main] INFO  s.d.s.w.PropertySourcedRequestMappingHandlerMapping - Mapped URL path [/v2/api-docs] onto method [springfox.documentation.swagger2.web.Swagger2Controller#getDocumentation(String, HttpServletRequest)]
2022-11-15 16:12:21.894 [main] WARN  o.s.b.a.freemarker.FreeMarkerAutoConfiguration - Cannot find template location(s): [classpath:/templates/] (please add some templates, check your FreeMarker configuration, or set spring.freemarker.checkTemplateLocation=false)
2022-11-15 16:12:21.973 [main] INFO  o.s.boot.web.embedded.tomcat.TomcatWebServer - Tomcat started on port(s): 8080 (http) with context path ''
2022-11-15 16:12:21.973 [main] INFO  s.d.s.web.plugins.DocumentationPluginsBootstrapper - Context refreshed
2022-11-15 16:12:21.980 [main] INFO  s.d.s.web.plugins.DocumentationPluginsBootstrapper - Found 1 custom documentation plugin(s)
2022-11-15 16:12:21.991 [main] INFO  s.d.spring.web.scanners.ApiListingReferenceScanner - Scanning for api listing references
2022-11-15 16:12:22.044 [main] INFO  com.zhangyun.filecloud.server.ServerApplication - Started ServerApplication in 3.407 seconds (JVM running for 3.798)
2022-11-15 16:12:22.045 [main] INFO  com.zhangyun.filecloud.server.service.NettyServer - netty server starting...
2022-11-15 16:12:22.046 [main] INFO  com.zhangyun.filecloud.server.service.NettyServer - netty server start success
2022-11-15 16:12:23.866 [main] INFO  com.zhangyun.filecloud.server.ServerApplication - Starting ServerApplication using Java 1.8.0_342 on zhangyundeAir.lan with PID 63690 (/Users/zhangyun/Documents/javaProject/FileCloud/server/target/classes started by zhangyun in /Users/zhangyun/Documents/javaProject/FileCloud)
2022-11-15 16:12:23.867 [main] INFO  com.zhangyun.filecloud.server.ServerApplication - The following profiles are active: dev
2022-11-15 16:12:24.336 [main] INFO  o.s.d.r.config.RepositoryConfigurationDelegate - Multiple Spring Data modules found, entering strict repository configuration mode!
2022-11-15 16:12:24.338 [main] INFO  o.s.d.r.config.RepositoryConfigurationDelegate - Bootstrapping Spring Data Redis repositories in DEFAULT mode.
2022-11-15 16:12:24.352 [main] INFO  o.s.d.r.config.RepositoryConfigurationDelegate - Finished Spring Data repository scanning in 6 ms. Found 0 Redis repository interfaces.
2022-11-15 16:12:24.717 [main] INFO  o.s.boot.web.embedded.tomcat.TomcatWebServer - Tomcat initialized with port(s): 8080 (http)
2022-11-15 16:12:24.722 [main] INFO  org.apache.catalina.core.StandardService - Starting service [Tomcat]
2022-11-15 16:12:24.722 [main] INFO  org.apache.catalina.core.StandardEngine - Starting Servlet engine: [Apache Tomcat/9.0.54]
2022-11-15 16:12:24.794 [main] INFO  o.a.c.core.ContainerBase.[Tomcat].[localhost].[/] - Initializing Spring embedded WebApplicationContext
2022-11-15 16:12:24.794 [main] INFO  o.s.b.w.s.c.ServletWebServerApplicationContext - Root WebApplicationContext: initialization completed in 899 ms
2022-11-15 16:12:26.061 [main] INFO  s.d.s.w.PropertySourcedRequestMappingHandlerMapping - Mapped URL path [/v2/api-docs] onto method [springfox.documentation.swagger2.web.Swagger2Controller#getDocumentation(String, HttpServletRequest)]
2022-11-15 16:12:26.437 [main] WARN  o.s.b.a.freemarker.FreeMarkerAutoConfiguration - Cannot find template location(s): [classpath:/templates/] (please add some templates, check your FreeMarker configuration, or set spring.freemarker.checkTemplateLocation=false)
2022-11-15 16:12:26.549 [main] INFO  o.s.boot.web.embedded.tomcat.TomcatWebServer - Tomcat started on port(s): 8080 (http) with context path ''
2022-11-15 16:12:26.550 [main] INFO  s.d.s.web.plugins.DocumentationPluginsBootstrapper - Context refreshed
2022-11-15 16:12:26.559 [main] INFO  s.d.s.web.plugins.DocumentationPluginsBootstrapper - Found 1 custom documentation plugin(s)
2022-11-15 16:12:26.575 [main] INFO  s.d.spring.web.scanners.ApiListingReferenceScanner - Scanning for api listing references
2022-11-15 16:12:26.677 [main] INFO  com.zhangyun.filecloud.server.ServerApplication - Started ServerApplication in 3.103 seconds (JVM running for 3.495)
2022-11-15 16:12:26.680 [main] INFO  com.zhangyun.filecloud.server.service.NettyServer - netty server starting...
2022-11-15 16:12:26.682 [main] INFO  com.zhangyun.filecloud.server.service.NettyServer - netty server start success
2022-11-15 16:12:55.309 [nioEventLoopGroup-5-1] INFO  c.zhangyun.filecloud.common.aspect.TraceLogAspect - 执行方法: SessionService.unbind, 参数: channel:{"active":false,"inputShutdown":true,"open":false,"outputShutdown":true,"registered":true,"shutdown":true,"writable":false} ====> null, 时间: 3ms
2022-11-15 16:12:55.311 [nioEventLoopGroup-5-1] INFO  c.zhangyun.filecloud.common.aspect.TraceLogAspect - 执行方法: SessionService.unbind, 参数: channel:{"active":false,"inputShutdown":true,"open":false,"outputShutdown":true,"registered":true,"shutdown":true,"writable":false} ====> null, 时间: 0ms
2022-11-15 16:12:55.312 [nioEventLoopGroup-5-1] INFO  com.zhangyun.filecloud.server.handler.QuitHandler - 连接 [id: 0x428f1a64, L:0.0.0.0/0.0.0.0:8090 ! R:/127.0.0.1:59847] 断开
2022-11-15 16:13:24.836 [nioEventLoopGroup-5-2] INFO  c.z.filecloud.common.protocol.MessageCodecSharable - 接收消息: {"deviceId":"933883a0-e655-49c8-a126-24166d0a2432","deviceName":"macbook air m1","messageType":5,"msgDesc":"LoginMessage","password":"1120","rootPath":"/Users/zhangyun/Documents/javaProject/FileCloud/rootPath","username":"zhangyun"}
2022-11-15 16:13:24.849 [nioEventLoopGroup-5-2] INFO  com.zaxxer.hikari.HikariDataSource - HikariPool-1 - Starting...
2022-11-15 16:13:24.931 [nioEventLoopGroup-5-2] INFO  com.zaxxer.hikari.HikariDataSource - HikariPool-1 - Start completed.
2022-11-15 16:13:24.964 [nioEventLoopGroup-5-2] INFO  c.zhangyun.filecloud.common.aspect.TraceLogAspect - 执行方法: UserServiceImpl.selectUserByName, 参数: username:"zhangyun" ====> User{userId=1, username=zhangyun, password=c6036a69be21cb660499b75718a3ef24, createTime=Thu Nov 03 11:03:15 CST 2022, modifiedTime=Thu Nov 03 11:03:15 CST 2022}, 时间: 127ms
2022-11-15 16:13:24.969 [nioEventLoopGroup-5-2] INFO  c.zhangyun.filecloud.common.aspect.TraceLogAspect - 执行方法: SessionService.bind, 参数: channel:{"active":true,"inputShutdown":false,"open":true,"outputShutdown":false,"registered":true,"shutdown":false,"writable":true}deviceId:"933883a0-e655-49c8-a126-24166d0a2432" ====> null, 时间: 0ms
2022-11-15 16:13:25.120 [nioEventLoopGroup-5-2] INFO  c.z.filecloud.common.protocol.MessageCodecSharable - 发送消息: {"code":200,"isRegister":true,"messageType":6,"msg":"登录成功！","msgDesc":"LoginResponseMessage","token":"a821bbb4-0ed2-4d77-be1f-5640644a223c"}
2022-11-15 16:14:22.786 [nioEventLoopGroup-5-2] INFO  c.zhangyun.filecloud.common.aspect.TraceLogAspect - 执行方法: SessionService.unbind, 参数: channel:{"active":false,"inputShutdown":true,"open":false,"outputShutdown":true,"registered":true,"shutdown":true,"writable":false} ====> null, 时间: 0ms
2022-11-15 16:14:22.786 [nioEventLoopGroup-5-2] INFO  com.zhangyun.filecloud.server.handler.QuitHandler - 连接 [id: 0x9ea54fd6, L:0.0.0.0/0.0.0.0:8090 ! R:/127.0.0.1:59867] 断开
2022-11-15 16:14:32.434 [nioEventLoopGroup-5-3] INFO  c.z.filecloud.common.protocol.MessageCodecSharable - 接收消息: {"deviceId":"933883a0-e655-49c8-a126-24166d0a2432","deviceName":"macbook air m1","messageType":5,"msgDesc":"LoginMessage","password":"1120","rootPath":"/Users/zhangyun/Documents/javaProject/FileCloud/rootPath","username":"zhangyun"}
2022-11-15 16:14:32.436 [nioEventLoopGroup-5-3] INFO  c.zhangyun.filecloud.common.aspect.TraceLogAspect - 执行方法: UserServiceImpl.selectUserByName, 参数: username:"zhangyun" ====> User{userId=1, username=zhangyun, password=c6036a69be21cb660499b75718a3ef24, createTime=Thu Nov 03 11:03:15 CST 2022, modifiedTime=Thu Nov 03 11:03:15 CST 2022}, 时间: 2ms
2022-11-15 16:14:32.436 [nioEventLoopGroup-5-3] INFO  c.zhangyun.filecloud.common.aspect.TraceLogAspect - 执行方法: SessionService.bind, 参数: channel:{"active":true,"inputShutdown":false,"open":true,"outputShutdown":false,"registered":true,"shutdown":false,"writable":true}deviceId:"933883a0-e655-49c8-a126-24166d0a2432" ====> null, 时间: 0ms
2022-11-15 16:14:32.438 [nioEventLoopGroup-5-3] INFO  c.z.filecloud.common.protocol.MessageCodecSharable - 发送消息: {"code":200,"isRegister":true,"messageType":6,"msg":"登录成功！","msgDesc":"LoginResponseMessage","token":"597ed072-7704-457b-ab7b-000d5c446356"}
2022-11-15 16:14:37.440 [nioEventLoopGroup-5-3] INFO  c.zhangyun.filecloud.common.aspect.TraceLogAspect - 执行方法: SessionService.unbind, 参数: channel:{"active":false,"inputShutdown":true,"open":false,"outputShutdown":true,"registered":true,"shutdown":true,"writable":false} ====> null, 时间: 0ms
2022-11-15 16:14:37.441 [nioEventLoopGroup-5-3] INFO  c.zhangyun.filecloud.common.aspect.TraceLogAspect - 执行方法: SessionService.unbind, 参数: channel:{"active":false,"inputShutdown":true,"open":false,"outputShutdown":true,"registered":true,"shutdown":true,"writable":false} ====> null, 时间: 0ms
2022-11-15 16:14:37.441 [nioEventLoopGroup-5-3] INFO  com.zhangyun.filecloud.server.handler.QuitHandler - 连接 [id: 0x05bf64e6, L:0.0.0.0/0.0.0.0:8090 ! R:/127.0.0.1:59918] 断开
2022-11-15 16:15:31.721 [nioEventLoopGroup-5-4] INFO  c.z.filecloud.common.protocol.MessageCodecSharable - 接收消息: {"deviceId":"933883a0-e655-49c8-a126-24166d0a2432","deviceName":"macbook air m1","messageType":5,"msgDesc":"LoginMessage","password":"1120","rootPath":"/Users/zhangyun/Documents/javaProject/FileCloud/rootPath","username":"zhangyun"}
2022-11-15 16:15:31.725 [nioEventLoopGroup-5-4] INFO  c.zhangyun.filecloud.common.aspect.TraceLogAspect - 执行方法: UserServiceImpl.selectUserByName, 参数: username:"zhangyun" ====> User{userId=1, username=zhangyun, password=c6036a69be21cb660499b75718a3ef24, createTime=Thu Nov 03 11:03:15 CST 2022, modifiedTime=Thu Nov 03 11:03:15 CST 2022}, 时间: 3ms
2022-11-15 16:15:31.725 [nioEventLoopGroup-5-4] INFO  c.zhangyun.filecloud.common.aspect.TraceLogAspect - 执行方法: SessionService.bind, 参数: channel:{"active":true,"inputShutdown":false,"open":true,"outputShutdown":false,"registered":true,"shutdown":false,"writable":true}deviceId:"933883a0-e655-49c8-a126-24166d0a2432" ====> null, 时间: 0ms
2022-11-15 16:15:31.728 [nioEventLoopGroup-5-4] INFO  c.z.filecloud.common.protocol.MessageCodecSharable - 发送消息: {"code":200,"isRegister":true,"messageType":6,"msg":"登录成功！","msgDesc":"LoginResponseMessage","token":"7f75a546-1969-4690-844a-f103cdfa0773"}
2022-11-15 16:15:43.117 [nioEventLoopGroup-5-4] INFO  c.zhangyun.filecloud.common.aspect.TraceLogAspect - 执行方法: SessionService.unbind, 参数: channel:{"active":false,"inputShutdown":true,"open":false,"outputShutdown":true,"registered":true,"shutdown":true,"writable":false} ====> null, 时间: 0ms
2022-11-15 16:15:43.117 [nioEventLoopGroup-5-4] INFO  com.zhangyun.filecloud.server.handler.QuitHandler - 连接 [id: 0x4efd0deb, L:0.0.0.0/0.0.0.0:8090 ! R:/127.0.0.1:59951] 断开
2022-11-15 16:15:55.401 [nioEventLoopGroup-5-5] INFO  c.z.filecloud.common.protocol.MessageCodecSharable - 接收消息: {"deviceId":"933883a0-e655-49c8-a126-24166d0a2432","deviceName":"macbook air m1","messageType":5,"msgDesc":"LoginMessage","password":"1120","rootPath":"/Users/zhangyun/Documents/javaProject/FileCloud/rootPath","username":"zhangyun"}
2022-11-15 16:15:55.402 [nioEventLoopGroup-5-5] INFO  c.zhangyun.filecloud.common.aspect.TraceLogAspect - 执行方法: UserServiceImpl.selectUserByName, 参数: username:"zhangyun" ====> User{userId=1, username=zhangyun, password=c6036a69be21cb660499b75718a3ef24, createTime=Thu Nov 03 11:03:15 CST 2022, modifiedTime=Thu Nov 03 11:03:15 CST 2022}, 时间: 1ms
2022-11-15 16:15:55.403 [nioEventLoopGroup-5-5] INFO  c.zhangyun.filecloud.common.aspect.TraceLogAspect - 执行方法: SessionService.bind, 参数: channel:{"active":true,"inputShutdown":false,"open":true,"outputShutdown":false,"registered":true,"shutdown":false,"writable":true}deviceId:"933883a0-e655-49c8-a126-24166d0a2432" ====> null, 时间: 0ms
2022-11-15 16:15:55.404 [nioEventLoopGroup-5-5] INFO  c.z.filecloud.common.protocol.MessageCodecSharable - 发送消息: {"code":200,"isRegister":true,"messageType":6,"msg":"登录成功！","msgDesc":"LoginResponseMessage","token":"329aa564-2feb-4781-9ec7-d9395568cd77"}
2022-11-15 16:15:59.523 [nioEventLoopGroup-5-5] INFO  c.z.filecloud.common.protocol.MessageCodecSharable - 接收消息: {"deviceId":"933883a0-e655-49c8-a126-24166d0a2432","messageType":10,"msgDesc":"LogoutMessage","token":"329aa564-2feb-4781-9ec7-d9395568cd77","username":"zhangyun"}
2022-11-15 16:15:59.532 [nioEventLoopGroup-5-5] INFO  c.zhangyun.filecloud.common.aspect.TraceLogAspect - 执行方法: SessionService.unbind, 参数: channel:{"active":true,"inputShutdown":false,"open":true,"outputShutdown":false,"registered":true,"shutdown":false,"writable":true} ====> null, 时间: 0ms
2022-11-15 16:15:59.533 [nioEventLoopGroup-5-5] INFO  c.zhangyun.filecloud.server.handler.LogoutHandler - zhangyun 退出登录
2022-11-15 16:15:59.534 [nioEventLoopGroup-5-5] INFO  c.zhangyun.filecloud.common.aspect.TraceLogAspect - 执行方法: SessionService.unbind, 参数: channel:{"active":false,"inputShutdown":true,"open":false,"outputShutdown":true,"registered":true,"shutdown":true,"writable":false} ====> null, 时间: 0ms
2022-11-15 16:15:59.534 [nioEventLoopGroup-5-5] INFO  com.zhangyun.filecloud.server.handler.QuitHandler - 连接 [id: 0x21f93d7f, L:0.0.0.0/0.0.0.0:8090 ! R:/127.0.0.1:59973] 断开
2022-11-15 16:16:26.303 [nioEventLoopGroup-5-6] INFO  c.z.filecloud.common.protocol.MessageCodecSharable - 接收消息: {"deviceId":"933883a0-e655-49c8-a126-24166d0a2432","deviceName":"macbook air m1","messageType":5,"msgDesc":"LoginMessage","password":"1120","rootPath":"/Users/zhangyun/Documents/javaProject/FileCloud/rootPath","username":"zhangyun"}
2022-11-15 16:16:26.307 [nioEventLoopGroup-5-6] INFO  c.zhangyun.filecloud.common.aspect.TraceLogAspect - 执行方法: UserServiceImpl.selectUserByName, 参数: username:"zhangyun" ====> User{userId=1, username=zhangyun, password=c6036a69be21cb660499b75718a3ef24, createTime=Thu Nov 03 11:03:15 CST 2022, modifiedTime=Thu Nov 03 11:03:15 CST 2022}, 时间: 3ms
2022-11-15 16:16:26.308 [nioEventLoopGroup-5-6] INFO  c.zhangyun.filecloud.common.aspect.TraceLogAspect - 执行方法: SessionService.bind, 参数: channel:{"active":true,"inputShutdown":false,"open":true,"outputShutdown":false,"registered":true,"shutdown":false,"writable":true}deviceId:"933883a0-e655-49c8-a126-24166d0a2432" ====> null, 时间: 0ms
2022-11-15 16:16:26.312 [nioEventLoopGroup-5-6] INFO  c.z.filecloud.common.protocol.MessageCodecSharable - 发送消息: {"code":200,"isRegister":true,"messageType":6,"msg":"登录成功！","msgDesc":"LoginResponseMessage","token":"f6074f6a-dc80-4574-b28b-ea6e3b901586"}
2022-11-15 16:17:23.501 [SpringApplicationShutdownHook] INFO  com.zaxxer.hikari.HikariDataSource - HikariPool-1 - Shutdown initiated...
2022-11-15 16:17:23.508 [SpringApplicationShutdownHook] INFO  com.zaxxer.hikari.HikariDataSource - HikariPool-1 - Shutdown completed.
2022-11-15 17:10:14.925 [main] INFO  com.zhangyun.filecloud.server.ServerApplication - Starting ServerApplication using Java 1.8.0_342 on zhangyundeAir.lan with PID 74515 (/Users/zhangyun/Documents/javaProject/FileCloud/server/target/classes started by zhangyun in /Users/zhangyun/Documents/javaProject/FileCloud)
2022-11-15 17:10:14.927 [main] INFO  com.zhangyun.filecloud.server.ServerApplication - The following profiles are active: dev
2022-11-15 17:10:15.425 [main] INFO  o.s.d.r.config.RepositoryConfigurationDelegate - Multiple Spring Data modules found, entering strict repository configuration mode!
2022-11-15 17:10:15.426 [main] INFO  o.s.d.r.config.RepositoryConfigurationDelegate - Bootstrapping Spring Data Redis repositories in DEFAULT mode.
2022-11-15 17:10:15.444 [main] INFO  o.s.d.r.config.RepositoryConfigurationDelegate - Finished Spring Data repository scanning in 7 ms. Found 0 Redis repository interfaces.
2022-11-15 17:10:15.831 [main] INFO  o.s.boot.web.embedded.tomcat.TomcatWebServer - Tomcat initialized with port(s): 8080 (http)
2022-11-15 17:10:15.837 [main] INFO  org.apache.catalina.core.StandardService - Starting service [Tomcat]
2022-11-15 17:10:15.837 [main] INFO  org.apache.catalina.core.StandardEngine - Starting Servlet engine: [Apache Tomcat/9.0.54]
2022-11-15 17:10:15.911 [main] INFO  o.a.c.core.ContainerBase.[Tomcat].[localhost].[/] - Initializing Spring embedded WebApplicationContext
2022-11-15 17:10:15.911 [main] INFO  o.s.b.w.s.c.ServletWebServerApplicationContext - Root WebApplicationContext: initialization completed in 957 ms
2022-11-15 17:10:17.614 [main] INFO  s.d.s.w.PropertySourcedRequestMappingHandlerMapping - Mapped URL path [/v2/api-docs] onto method [springfox.documentation.swagger2.web.Swagger2Controller#getDocumentation(String, HttpServletRequest)]
2022-11-15 17:10:17.895 [main] WARN  o.s.b.a.freemarker.FreeMarkerAutoConfiguration - Cannot find template location(s): [classpath:/templates/] (please add some templates, check your FreeMarker configuration, or set spring.freemarker.checkTemplateLocation=false)
2022-11-15 17:10:17.992 [main] INFO  o.s.boot.web.embedded.tomcat.TomcatWebServer - Tomcat started on port(s): 8080 (http) with context path ''
2022-11-15 17:10:17.993 [main] INFO  s.d.s.web.plugins.DocumentationPluginsBootstrapper - Context refreshed
2022-11-15 17:10:18.002 [main] INFO  s.d.s.web.plugins.DocumentationPluginsBootstrapper - Found 1 custom documentation plugin(s)
2022-11-15 17:10:18.015 [main] INFO  s.d.spring.web.scanners.ApiListingReferenceScanner - Scanning for api listing references
2022-11-15 17:10:18.073 [main] INFO  com.zhangyun.filecloud.server.ServerApplication - Started ServerApplication in 3.439 seconds (JVM running for 3.97)
2022-11-15 17:10:18.074 [main] INFO  com.zhangyun.filecloud.server.service.NettyServer - netty server starting...
2022-11-15 17:10:18.075 [main] INFO  com.zhangyun.filecloud.server.service.NettyServer - netty server start success
2022-11-15 17:10:26.883 [nioEventLoopGroup-5-1] INFO  c.z.filecloud.common.protocol.MessageCodecSharable - 接收消息: {"deviceId":"933883a0-e655-49c8-a126-24166d0a2432","deviceName":"macbook air m1","messageType":5,"msgDesc":"LoginMessage","password":"1120","rootPath":"/Users/zhangyun/Documents/javaProject/FileCloud/rootPath","username":"zhangyun"}
2022-11-15 17:10:26.980 [nioEventLoopGroup-5-1] INFO  com.zaxxer.hikari.HikariDataSource - HikariPool-1 - Starting...
2022-11-15 17:10:27.057 [nioEventLoopGroup-5-1] INFO  com.zaxxer.hikari.HikariDataSource - HikariPool-1 - Start completed.
2022-11-15 17:10:27.096 [nioEventLoopGroup-5-1] INFO  c.zhangyun.filecloud.common.aspect.TraceLogAspect - 执行方法: UserServiceImpl.selectUserByName, 参数: username:"zhangyun" ====> User{userId=1, username=zhangyun, password=c6036a69be21cb660499b75718a3ef24, createTime=Thu Nov 03 11:03:15 CST 2022, modifiedTime=Thu Nov 03 11:03:15 CST 2022}, 时间: 207ms
2022-11-15 17:10:27.105 [nioEventLoopGroup-5-1] INFO  c.zhangyun.filecloud.common.aspect.TraceLogAspect - 执行方法: SessionService.bind, 参数: channel:{"active":true,"inputShutdown":false,"open":true,"outputShutdown":false,"registered":true,"shutdown":false,"writable":true}deviceId:"933883a0-e655-49c8-a126-24166d0a2432" ====> null, 时间: 1ms
2022-11-15 17:10:27.251 [nioEventLoopGroup-5-1] INFO  c.z.filecloud.common.protocol.MessageCodecSharable - 发送消息: {"code":200,"isRegister":true,"messageType":6,"msg":"登录成功！","msgDesc":"LoginResponseMessage","token":"822b5f05-771d-41ba-87a4-1cbc3a4ea1e7"}
2022-11-15 17:10:55.008 [nioEventLoopGroup-5-1] INFO  c.zhangyun.filecloud.common.aspect.TraceLogAspect - 执行方法: SessionService.unbind, 参数: channel:{"active":false,"inputShutdown":true,"open":false,"outputShutdown":true,"registered":true,"shutdown":true,"writable":false} ====> null, 时间: 0ms
2022-11-15 17:10:55.009 [nioEventLoopGroup-5-1] INFO  com.zhangyun.filecloud.server.handler.QuitHandler - 连接 [id: 0x6571aacb, L:0.0.0.0/0.0.0.0:8090 ! R:/127.0.0.1:61036] 断开
2022-11-15 17:11:00.715 [nioEventLoopGroup-5-2] INFO  c.z.filecloud.common.protocol.MessageCodecSharable - 接收消息: {"deviceId":"933883a0-e655-49c8-a126-24166d0a2432","deviceName":"macbook air m1","messageType":5,"msgDesc":"LoginMessage","password":"1120","rootPath":"/Users/zhangyun/Documents/javaProject/FileCloud/rootPath","username":"zhangyun"}
2022-11-15 17:11:00.716 [nioEventLoopGroup-5-2] INFO  c.zhangyun.filecloud.common.aspect.TraceLogAspect - 执行方法: UserServiceImpl.selectUserByName, 参数: username:"zhangyun" ====> User{userId=1, username=zhangyun, password=c6036a69be21cb660499b75718a3ef24, createTime=Thu Nov 03 11:03:15 CST 2022, modifiedTime=Thu Nov 03 11:03:15 CST 2022}, 时间: 1ms
2022-11-15 17:11:00.718 [nioEventLoopGroup-5-2] INFO  c.zhangyun.filecloud.common.aspect.TraceLogAspect - 执行方法: SessionService.bind, 参数: channel:{"active":true,"inputShutdown":false,"open":true,"outputShutdown":false,"registered":true,"shutdown":false,"writable":true}deviceId:"933883a0-e655-49c8-a126-24166d0a2432" ====> null, 时间: 0ms
2022-11-15 17:11:00.720 [nioEventLoopGroup-5-2] INFO  c.z.filecloud.common.protocol.MessageCodecSharable - 发送消息: {"code":200,"isRegister":true,"messageType":6,"msg":"登录成功！","msgDesc":"LoginResponseMessage","token":"e92e9cd8-1975-4f67-924f-edcba4411446"}
2022-11-15 17:12:07.023 [nioEventLoopGroup-5-2] INFO  c.z.filecloud.common.protocol.MessageCodecSharable - 接收消息: {"deviceId":"933883a0-e655-49c8-a126-24166d0a2432","fileChangeBO":{"fileChangeModeEnum":"CREATE","filePath":"/Users/zhangyun/Documents/javaProject/FileCloud/rootPath/txt","lastModified":1668503526999},"messageType":12,"msgDesc":"FileChangeMessage","token":"e92e9cd8-1975-4f67-924f-edcba4411446","username":"zhangyun"}
2022-11-15 17:12:07.064 [nioEventLoopGroup-5-2] INFO  o.s.a.rabbit.connection.CachingConnectionFactory - Attempting to connect to: [localhost:5672]
2022-11-15 17:12:07.094 [nioEventLoopGroup-5-2] INFO  o.s.a.rabbit.connection.CachingConnectionFactory - Created new connection: rabbitConnectionFactory#35787726:0/SimpleConnection@4a38f6e [delegate=amqp://guest@127.0.0.1:5672/, localPort= 61099]
2022-11-15 17:12:07.111 [nioEventLoopGroup-5-2] INFO  c.zhangyun.filecloud.common.aspect.TraceLogAspect - 执行方法: RabbitMqService.sendFileChangeMessage, 参数: fileChangeMessage:{"deviceId":"933883a0-e655-49c8-a126-24166d0a2432","fileChangeBO":{"fileChangeModeEnum":"CREATE","filePath":"/Users/zhangyun/Documents/javaProject/FileCloud/rootPath/txt","lastModified":1668503526999},"messageType":12,"msgDesc":"FileChangeMessage","token":"e92e9cd8-1975-4f67-924f-edcba4411446","username":"zhangyun"} ====> null, 时间: 82ms
2022-11-15 17:12:58.656 [SpringApplicationShutdownHook] INFO  com.zaxxer.hikari.HikariDataSource - HikariPool-1 - Shutdown initiated...
2022-11-15 17:12:58.664 [SpringApplicationShutdownHook] INFO  com.zaxxer.hikari.HikariDataSource - HikariPool-1 - Shutdown completed.
2022-11-15 17:13:05.176 [main] INFO  com.zhangyun.filecloud.server.ServerApplication - Starting ServerApplication using Java 1.8.0_342 on zhangyundeAir.lan with PID 75114 (/Users/zhangyun/Documents/javaProject/FileCloud/server/target/classes started by zhangyun in /Users/zhangyun/Documents/javaProject/FileCloud)
2022-11-15 17:13:05.178 [main] INFO  com.zhangyun.filecloud.server.ServerApplication - The following profiles are active: dev
2022-11-15 17:13:05.650 [main] INFO  o.s.d.r.config.RepositoryConfigurationDelegate - Multiple Spring Data modules found, entering strict repository configuration mode!
2022-11-15 17:13:05.651 [main] INFO  o.s.d.r.config.RepositoryConfigurationDelegate - Bootstrapping Spring Data Redis repositories in DEFAULT mode.
2022-11-15 17:13:05.665 [main] INFO  o.s.d.r.config.RepositoryConfigurationDelegate - Finished Spring Data repository scanning in 7 ms. Found 0 Redis repository interfaces.
2022-11-15 17:13:06.014 [main] INFO  o.s.boot.web.embedded.tomcat.TomcatWebServer - Tomcat initialized with port(s): 8080 (http)
2022-11-15 17:13:06.019 [main] INFO  org.apache.catalina.core.StandardService - Starting service [Tomcat]
2022-11-15 17:13:06.019 [main] INFO  org.apache.catalina.core.StandardEngine - Starting Servlet engine: [Apache Tomcat/9.0.54]
2022-11-15 17:13:06.086 [main] INFO  o.a.c.core.ContainerBase.[Tomcat].[localhost].[/] - Initializing Spring embedded WebApplicationContext
2022-11-15 17:13:06.087 [main] INFO  o.s.b.w.s.c.ServletWebServerApplicationContext - Root WebApplicationContext: initialization completed in 883 ms
2022-11-15 17:13:07.349 [main] INFO  s.d.s.w.PropertySourcedRequestMappingHandlerMapping - Mapped URL path [/v2/api-docs] onto method [springfox.documentation.swagger2.web.Swagger2Controller#getDocumentation(String, HttpServletRequest)]
2022-11-15 17:13:07.614 [main] WARN  o.s.b.a.freemarker.FreeMarkerAutoConfiguration - Cannot find template location(s): [classpath:/templates/] (please add some templates, check your FreeMarker configuration, or set spring.freemarker.checkTemplateLocation=false)
2022-11-15 17:13:07.695 [main] INFO  o.s.boot.web.embedded.tomcat.TomcatWebServer - Tomcat started on port(s): 8080 (http) with context path ''
2022-11-15 17:13:07.696 [main] INFO  s.d.s.web.plugins.DocumentationPluginsBootstrapper - Context refreshed
2022-11-15 17:13:07.703 [main] INFO  s.d.s.web.plugins.DocumentationPluginsBootstrapper - Found 1 custom documentation plugin(s)
2022-11-15 17:13:07.716 [main] INFO  s.d.spring.web.scanners.ApiListingReferenceScanner - Scanning for api listing references
2022-11-15 17:13:07.784 [main] INFO  com.zhangyun.filecloud.server.ServerApplication - Started ServerApplication in 2.925 seconds (JVM running for 3.557)
2022-11-15 17:13:07.786 [main] INFO  com.zhangyun.filecloud.server.service.NettyServer - netty server starting...
2022-11-15 17:13:07.787 [main] INFO  com.zhangyun.filecloud.server.service.NettyServer - netty server start success
2022-11-15 17:17:00.182 [main] INFO  com.zhangyun.filecloud.server.ServerApplication - Starting ServerApplication using Java 1.8.0_342 on zhangyundeAir.lan with PID 75890 (/Users/zhangyun/Documents/javaProject/FileCloud/server/target/classes started by zhangyun in /Users/zhangyun/Documents/javaProject/FileCloud)
2022-11-15 17:17:00.183 [main] INFO  com.zhangyun.filecloud.server.ServerApplication - The following profiles are active: dev
2022-11-15 17:17:00.695 [main] INFO  o.s.d.r.config.RepositoryConfigurationDelegate - Multiple Spring Data modules found, entering strict repository configuration mode!
2022-11-15 17:17:00.697 [main] INFO  o.s.d.r.config.RepositoryConfigurationDelegate - Bootstrapping Spring Data Redis repositories in DEFAULT mode.
2022-11-15 17:17:00.713 [main] INFO  o.s.d.r.config.RepositoryConfigurationDelegate - Finished Spring Data repository scanning in 8 ms. Found 0 Redis repository interfaces.
2022-11-15 17:17:01.078 [main] INFO  o.s.boot.web.embedded.tomcat.TomcatWebServer - Tomcat initialized with port(s): 8080 (http)
2022-11-15 17:17:01.083 [main] INFO  org.apache.catalina.core.StandardService - Starting service [Tomcat]
2022-11-15 17:17:01.083 [main] INFO  org.apache.catalina.core.StandardEngine - Starting Servlet engine: [Apache Tomcat/9.0.54]
2022-11-15 17:17:01.150 [main] INFO  o.a.c.core.ContainerBase.[Tomcat].[localhost].[/] - Initializing Spring embedded WebApplicationContext
2022-11-15 17:17:01.151 [main] INFO  o.s.b.w.s.c.ServletWebServerApplicationContext - Root WebApplicationContext: initialization completed in 940 ms
2022-11-15 17:17:02.422 [main] INFO  s.d.s.w.PropertySourcedRequestMappingHandlerMapping - Mapped URL path [/v2/api-docs] onto method [springfox.documentation.swagger2.web.Swagger2Controller#getDocumentation(String, HttpServletRequest)]
2022-11-15 17:17:02.696 [main] WARN  o.s.b.a.freemarker.FreeMarkerAutoConfiguration - Cannot find template location(s): [classpath:/templates/] (please add some templates, check your FreeMarker configuration, or set spring.freemarker.checkTemplateLocation=false)
2022-11-15 17:17:02.808 [main] INFO  o.s.boot.web.embedded.tomcat.TomcatWebServer - Tomcat started on port(s): 8080 (http) with context path ''
2022-11-15 17:17:02.810 [main] INFO  s.d.s.web.plugins.DocumentationPluginsBootstrapper - Context refreshed
2022-11-15 17:17:02.818 [main] INFO  s.d.s.web.plugins.DocumentationPluginsBootstrapper - Found 1 custom documentation plugin(s)
2022-11-15 17:17:02.833 [main] INFO  s.d.spring.web.scanners.ApiListingReferenceScanner - Scanning for api listing references
2022-11-15 17:17:02.889 [main] INFO  o.s.a.rabbit.connection.CachingConnectionFactory - Attempting to connect to: [localhost:5672]
2022-11-15 17:17:02.922 [main] INFO  o.s.a.rabbit.connection.CachingConnectionFactory - Created new connection: rabbitConnectionFactory#29f3c438:0/SimpleConnection@7440265c [delegate=amqp://guest@127.0.0.1:5672/, localPort= 61271]
2022-11-15 17:17:02.955 [main] INFO  com.zhangyun.filecloud.server.ServerApplication - Started ServerApplication in 3.08 seconds (JVM running for 3.495)
2022-11-15 17:17:02.956 [main] INFO  com.zhangyun.filecloud.server.service.NettyServer - netty server starting...
2022-11-15 17:17:02.958 [main] INFO  com.zhangyun.filecloud.server.service.NettyServer - netty server start success
2022-11-15 17:17:02.975 [org.springframework.amqp.rabbit.RabbitListenerEndpointContainer#0-1] INFO  c.z.f.s.service.listener.FileChangeMsgListener - FileChangeMessage(fileChangeBO=FileChangeBO(filePath=/Users/zhangyun/Documents/javaProject/FileCloud/rootPath/txt, fileChangeModeEnum=CREATE, lastModified=1668503526999))
2022-11-15 17:26:49.510 [SpringApplicationShutdownHook] INFO  o.s.a.r.listener.SimpleMessageListenerContainer - Waiting for workers to finish.
2022-11-15 17:26:49.989 [SpringApplicationShutdownHook] INFO  o.s.a.r.listener.SimpleMessageListenerContainer - Successfully waited for workers to finish.
