2022-11-09 00:02:26.351 [SpringApplicationShutdownHook] INFO  com.zaxxer.hikari.HikariDataSource - HikariPool-1 - Shutdown initiated...
2022-11-09 00:02:26.362 [SpringApplicationShutdownHook] INFO  com.zaxxer.hikari.HikariDataSource - HikariPool-1 - Shutdown completed.
2022-11-09 00:02:29.857 [main] INFO  com.zhangyun.filecloud.server.ServerApplication - Starting ServerApplication using Java 1.8.0_342 on zhangyundeMacBook-Air.local with PID 44569 (/Users/zhangyun/Documents/javaProject/FileCloud/server/target/classes started by zhangyun in /Users/zhangyun/Documents/javaProject/FileCloud)
2022-11-09 00:02:29.859 [main] INFO  com.zhangyun.filecloud.server.ServerApplication - The following profiles are active: dev
2022-11-09 00:02:30.343 [main] INFO  o.s.d.r.config.RepositoryConfigurationDelegate - Multiple Spring Data modules found, entering strict repository configuration mode!
2022-11-09 00:02:30.345 [main] INFO  o.s.d.r.config.RepositoryConfigurationDelegate - Bootstrapping Spring Data Redis repositories in DEFAULT mode.
2022-11-09 00:02:30.362 [main] INFO  o.s.d.r.config.RepositoryConfigurationDelegate - Finished Spring Data repository scanning in 7 ms. Found 0 Redis repository interfaces.
2022-11-09 00:02:30.691 [main] INFO  o.s.boot.web.embedded.tomcat.TomcatWebServer - Tomcat initialized with port(s): 8080 (http)
2022-11-09 00:02:30.696 [main] INFO  org.apache.catalina.core.StandardService - Starting service [Tomcat]
2022-11-09 00:02:30.696 [main] INFO  org.apache.catalina.core.StandardEngine - Starting Servlet engine: [Apache Tomcat/9.0.54]
2022-11-09 00:02:30.738 [main] INFO  o.a.c.core.ContainerBase.[Tomcat].[localhost].[/] - Initializing Spring embedded WebApplicationContext
2022-11-09 00:02:30.739 [main] INFO  o.s.b.w.s.c.ServletWebServerApplicationContext - Root WebApplicationContext: initialization completed in 849 ms
2022-11-09 00:02:32.331 [main] INFO  s.d.s.w.PropertySourcedRequestMappingHandlerMapping - Mapped URL path [/v2/api-docs] onto method [springfox.documentation.swagger2.web.Swagger2Controller#getDocumentation(String, HttpServletRequest)]
2022-11-09 00:02:32.555 [main] WARN  o.s.b.a.freemarker.FreeMarkerAutoConfiguration - Cannot find template location(s): [classpath:/templates/] (please add some templates, check your FreeMarker configuration, or set spring.freemarker.checkTemplateLocation=false)
2022-11-09 00:02:32.602 [main] INFO  o.s.boot.web.embedded.tomcat.TomcatWebServer - Tomcat started on port(s): 8080 (http) with context path ''
2022-11-09 00:02:32.603 [main] INFO  s.d.s.web.plugins.DocumentationPluginsBootstrapper - Context refreshed
2022-11-09 00:02:32.608 [main] INFO  s.d.s.web.plugins.DocumentationPluginsBootstrapper - Found 1 custom documentation plugin(s)
2022-11-09 00:02:32.619 [main] INFO  s.d.spring.web.scanners.ApiListingReferenceScanner - Scanning for api listing references
2022-11-09 00:02:32.668 [main] INFO  com.zhangyun.filecloud.server.ServerApplication - Started ServerApplication in 3.044 seconds (JVM running for 3.51)
2022-11-09 00:02:32.670 [main] INFO  com.zhangyun.filecloud.server.service.NettyServer - netty server starting...
2022-11-09 00:02:32.671 [main] INFO  com.zhangyun.filecloud.server.service.NettyServer - netty server start success
2022-11-09 00:02:51.119 [nioEventLoopGroup-5-1] INFO  c.z.filecloud.common.protocol.MessageCodecSharable - 接收消息: {"deviceId":"933883a0-e655-49c8-a126-24166d0a2432","deviceName":"macbook air m1","messageType":5,"msgDesc":"LoginMessage","password":"1120","rootPath":"/Users/zhangyun/Documents/javaProject/FileCloud/rootPath","username":"zhangyun"}
2022-11-09 00:02:56.149 [nioEventLoopGroup-5-1] INFO  com.zaxxer.hikari.HikariDataSource - HikariPool-1 - Starting...
2022-11-09 00:02:56.218 [nioEventLoopGroup-5-1] INFO  com.zaxxer.hikari.HikariDataSource - HikariPool-1 - Start completed.
2022-11-09 00:02:56.249 [nioEventLoopGroup-5-1] INFO  c.zhangyun.filecloud.common.aspect.TraceLogAspect - 执行方法: UserServiceImpl.selectUserByName, 参数: username:"zhangyun" ====> User{userId=1, username=zhangyun, password=c6036a69be21cb660499b75718a3ef24, createTime=Thu Nov 03 11:03:15 CST 2022, modifiedTime=Thu Nov 03 11:03:15 CST 2022}, 时间: 118ms
2022-11-09 00:02:56.486 [nioEventLoopGroup-5-1] INFO  c.zhangyun.filecloud.common.aspect.TraceLogAspect - 执行方法: SessionService.bind, 参数: channel:{"active":true,"inputShutdown":false,"open":true,"outputShutdown":false,"registered":true,"shutdown":false,"writable":true}username:"zhangyun" ====> null, 时间: 0ms
2022-11-09 00:02:56.502 [nioEventLoopGroup-5-1] INFO  c.z.filecloud.common.protocol.MessageCodecSharable - 发送消息: {"code":200,"isRegister":true,"messageType":6,"msg":"登录成功！","msgDesc":"LoginResponseMessage","token":"4285d04f-5255-4521-b552-78356c9873ac"}
2022-11-09 00:02:56.504 [nioEventLoopGroup-5-1] WARN  io.netty.channel.DefaultChannelPipeline - An exceptionCaught() event was fired, and it reached at the tail of the pipeline. It usually means the last handler in the pipeline did not handle the exception.
java.io.IOException: Connection reset by peer
	at sun.nio.ch.FileDispatcherImpl.read0(Native Method)
	at sun.nio.ch.SocketDispatcher.read(SocketDispatcher.java:39)
	at sun.nio.ch.IOUtil.readIntoNativeBuffer(IOUtil.java:223)
	at sun.nio.ch.IOUtil.read(IOUtil.java:192)
	at sun.nio.ch.SocketChannelImpl.read(SocketChannelImpl.java:379)
	at io.netty.buffer.PooledByteBuf.setBytes(PooledByteBuf.java:253)
	at io.netty.buffer.AbstractByteBuf.writeBytes(AbstractByteBuf.java:1132)
	at io.netty.channel.socket.nio.NioSocketChannel.doReadBytes(NioSocketChannel.java:350)
	at io.netty.channel.nio.AbstractNioByteChannel$NioByteUnsafe.read(AbstractNioByteChannel.java:151)
	at io.netty.channel.nio.NioEventLoop.processSelectedKey(NioEventLoop.java:719)
	at io.netty.channel.nio.NioEventLoop.processSelectedKeysOptimized(NioEventLoop.java:655)
	at io.netty.channel.nio.NioEventLoop.processSelectedKeys(NioEventLoop.java:581)
	at io.netty.channel.nio.NioEventLoop.run(NioEventLoop.java:493)
	at io.netty.util.concurrent.SingleThreadEventExecutor$4.run(SingleThreadEventExecutor.java:986)
	at io.netty.util.internal.ThreadExecutorMap$2.run(ThreadExecutorMap.java:74)
	at io.netty.util.concurrent.FastThreadLocalRunnable.run(FastThreadLocalRunnable.java:30)
	at java.lang.Thread.run(Thread.java:750)
2022-11-09 00:05:41.462 [SpringApplicationShutdownHook] INFO  com.zaxxer.hikari.HikariDataSource - HikariPool-1 - Shutdown initiated...
2022-11-09 00:05:41.469 [SpringApplicationShutdownHook] INFO  com.zaxxer.hikari.HikariDataSource - HikariPool-1 - Shutdown completed.
2022-11-09 00:05:44.865 [main] INFO  com.zhangyun.filecloud.server.ServerApplication - Starting ServerApplication using Java 1.8.0_342 on zhangyundeMacBook-Air.local with PID 45202 (/Users/zhangyun/Documents/javaProject/FileCloud/server/target/classes started by zhangyun in /Users/zhangyun/Documents/javaProject/FileCloud)
2022-11-09 00:05:44.866 [main] INFO  com.zhangyun.filecloud.server.ServerApplication - The following profiles are active: dev
2022-11-09 00:05:45.331 [main] INFO  o.s.d.r.config.RepositoryConfigurationDelegate - Multiple Spring Data modules found, entering strict repository configuration mode!
2022-11-09 00:05:45.333 [main] INFO  o.s.d.r.config.RepositoryConfigurationDelegate - Bootstrapping Spring Data Redis repositories in DEFAULT mode.
2022-11-09 00:05:45.347 [main] INFO  o.s.d.r.config.RepositoryConfigurationDelegate - Finished Spring Data repository scanning in 6 ms. Found 0 Redis repository interfaces.
2022-11-09 00:05:45.687 [main] INFO  o.s.boot.web.embedded.tomcat.TomcatWebServer - Tomcat initialized with port(s): 8080 (http)
2022-11-09 00:05:45.692 [main] INFO  org.apache.catalina.core.StandardService - Starting service [Tomcat]
2022-11-09 00:05:45.692 [main] INFO  org.apache.catalina.core.StandardEngine - Starting Servlet engine: [Apache Tomcat/9.0.54]
2022-11-09 00:05:45.737 [main] INFO  o.a.c.core.ContainerBase.[Tomcat].[localhost].[/] - Initializing Spring embedded WebApplicationContext
2022-11-09 00:05:45.738 [main] INFO  o.s.b.w.s.c.ServletWebServerApplicationContext - Root WebApplicationContext: initialization completed in 834 ms
2022-11-09 00:05:46.873 [main] INFO  s.d.s.w.PropertySourcedRequestMappingHandlerMapping - Mapped URL path [/v2/api-docs] onto method [springfox.documentation.swagger2.web.Swagger2Controller#getDocumentation(String, HttpServletRequest)]
2022-11-09 00:05:47.102 [main] WARN  o.s.b.a.freemarker.FreeMarkerAutoConfiguration - Cannot find template location(s): [classpath:/templates/] (please add some templates, check your FreeMarker configuration, or set spring.freemarker.checkTemplateLocation=false)
2022-11-09 00:05:47.151 [main] INFO  o.s.boot.web.embedded.tomcat.TomcatWebServer - Tomcat started on port(s): 8080 (http) with context path ''
2022-11-09 00:05:47.152 [main] INFO  s.d.s.web.plugins.DocumentationPluginsBootstrapper - Context refreshed
2022-11-09 00:05:47.158 [main] INFO  s.d.s.web.plugins.DocumentationPluginsBootstrapper - Found 1 custom documentation plugin(s)
2022-11-09 00:05:47.170 [main] INFO  s.d.spring.web.scanners.ApiListingReferenceScanner - Scanning for api listing references
2022-11-09 00:05:47.223 [main] INFO  com.zhangyun.filecloud.server.ServerApplication - Started ServerApplication in 2.728 seconds (JVM running for 3.416)
2022-11-09 00:05:47.225 [main] INFO  com.zhangyun.filecloud.server.service.NettyServer - netty server starting...
2022-11-09 00:05:47.226 [main] INFO  com.zhangyun.filecloud.server.service.NettyServer - netty server start success
2022-11-09 00:05:54.622 [main] INFO  com.zhangyun.filecloud.server.ServerApplication - Starting ServerApplication using Java 1.8.0_342 on zhangyundeMacBook-Air.local with PID 45239 (/Users/zhangyun/Documents/javaProject/FileCloud/server/target/classes started by zhangyun in /Users/zhangyun/Documents/javaProject/FileCloud)
2022-11-09 00:05:54.623 [main] INFO  com.zhangyun.filecloud.server.ServerApplication - The following profiles are active: dev
2022-11-09 00:05:55.074 [main] INFO  o.s.d.r.config.RepositoryConfigurationDelegate - Multiple Spring Data modules found, entering strict repository configuration mode!
2022-11-09 00:05:55.076 [main] INFO  o.s.d.r.config.RepositoryConfigurationDelegate - Bootstrapping Spring Data Redis repositories in DEFAULT mode.
2022-11-09 00:05:55.089 [main] INFO  o.s.d.r.config.RepositoryConfigurationDelegate - Finished Spring Data repository scanning in 6 ms. Found 0 Redis repository interfaces.
2022-11-09 00:05:55.488 [main] INFO  o.s.boot.web.embedded.tomcat.TomcatWebServer - Tomcat initialized with port(s): 8080 (http)
2022-11-09 00:05:55.493 [main] INFO  org.apache.catalina.core.StandardService - Starting service [Tomcat]
2022-11-09 00:05:55.493 [main] INFO  org.apache.catalina.core.StandardEngine - Starting Servlet engine: [Apache Tomcat/9.0.54]
2022-11-09 00:05:55.530 [main] INFO  o.a.c.core.ContainerBase.[Tomcat].[localhost].[/] - Initializing Spring embedded WebApplicationContext
2022-11-09 00:05:55.530 [main] INFO  o.s.b.w.s.c.ServletWebServerApplicationContext - Root WebApplicationContext: initialization completed in 876 ms
2022-11-09 00:05:56.837 [main] INFO  s.d.s.w.PropertySourcedRequestMappingHandlerMapping - Mapped URL path [/v2/api-docs] onto method [springfox.documentation.swagger2.web.Swagger2Controller#getDocumentation(String, HttpServletRequest)]
2022-11-09 00:05:57.083 [main] WARN  o.s.b.a.freemarker.FreeMarkerAutoConfiguration - Cannot find template location(s): [classpath:/templates/] (please add some templates, check your FreeMarker configuration, or set spring.freemarker.checkTemplateLocation=false)
2022-11-09 00:05:57.146 [main] INFO  o.s.boot.web.embedded.tomcat.TomcatWebServer - Tomcat started on port(s): 8080 (http) with context path ''
2022-11-09 00:05:57.146 [main] INFO  s.d.s.web.plugins.DocumentationPluginsBootstrapper - Context refreshed
2022-11-09 00:05:57.152 [main] INFO  s.d.s.web.plugins.DocumentationPluginsBootstrapper - Found 1 custom documentation plugin(s)
2022-11-09 00:05:57.163 [main] INFO  s.d.spring.web.scanners.ApiListingReferenceScanner - Scanning for api listing references
2022-11-09 00:05:57.220 [main] INFO  com.zhangyun.filecloud.server.ServerApplication - Started ServerApplication in 2.852 seconds (JVM running for 3.137)
2022-11-09 00:05:57.223 [main] INFO  com.zhangyun.filecloud.server.service.NettyServer - netty server starting...
2022-11-09 00:05:57.225 [main] INFO  com.zhangyun.filecloud.server.service.NettyServer - netty server start success
2022-11-09 00:06:02.024 [nioEventLoopGroup-5-1] INFO  c.z.filecloud.common.protocol.MessageCodecSharable - 接收消息: {"deviceId":"933883a0-e655-49c8-a126-24166d0a2432","deviceName":"macbook air m1","messageType":5,"msgDesc":"LoginMessage","password":"1120","rootPath":"/Users/zhangyun/Documents/javaProject/FileCloud/rootPath","username":"zhangyun"}
2022-11-09 00:06:07.064 [nioEventLoopGroup-5-1] INFO  com.zaxxer.hikari.HikariDataSource - HikariPool-1 - Starting...
2022-11-09 00:06:07.142 [nioEventLoopGroup-5-1] INFO  com.zaxxer.hikari.HikariDataSource - HikariPool-1 - Start completed.
2022-11-09 00:06:07.173 [nioEventLoopGroup-5-1] INFO  c.zhangyun.filecloud.common.aspect.TraceLogAspect - 执行方法: UserServiceImpl.selectUserByName, 参数: username:"zhangyun" ====> User{userId=1, username=zhangyun, password=c6036a69be21cb660499b75718a3ef24, createTime=Thu Nov 03 11:03:15 CST 2022, modifiedTime=Thu Nov 03 11:03:15 CST 2022}, 时间: 133ms
2022-11-09 00:06:07.381 [nioEventLoopGroup-5-1] INFO  c.zhangyun.filecloud.common.aspect.TraceLogAspect - 执行方法: SessionService.bind, 参数: channel:{"active":true,"inputShutdown":false,"open":true,"outputShutdown":false,"registered":true,"shutdown":false,"writable":true}username:"zhangyun" ====> null, 时间: 1ms
2022-11-09 00:06:07.396 [nioEventLoopGroup-5-1] INFO  c.z.filecloud.common.protocol.MessageCodecSharable - 发送消息: {"code":200,"isRegister":true,"messageType":6,"msg":"登录成功！","msgDesc":"LoginResponseMessage","token":"c4711862-3d47-4363-b40e-98d69bc45bcc"}
2022-11-09 00:06:07.397 [nioEventLoopGroup-5-1] INFO  c.zhangyun.filecloud.common.aspect.TraceLogAspect - 执行方法: SessionService.unbind, 参数: channel:{"active":true,"inputShutdown":false,"open":true,"outputShutdown":false,"registered":true,"shutdown":false,"writable":true} ====> null, 时间: 0ms
2022-11-09 00:06:07.397 [nioEventLoopGroup-5-1] INFO  com.zhangyun.filecloud.server.handler.QuitHandler - 连接 [id: 0x38d4587e, L:/127.0.0.1:8090 - R:/127.0.0.1:62764] 意外断开, Connection reset by peer
2022-11-09 00:06:07.403 [nioEventLoopGroup-5-1] WARN  io.netty.channel.AbstractChannelHandlerContext - An exception 'java.lang.NullPointerException' [enable DEBUG level for full stacktrace] was thrown by a user handler's exceptionCaught() method while handling the following exception:
java.lang.NullPointerException: null
	at java.util.concurrent.ConcurrentHashMap.replaceNode(ConcurrentHashMap.java:1106)
	at java.util.concurrent.ConcurrentHashMap.remove(ConcurrentHashMap.java:1097)
	at com.zhangyun.filecloud.server.service.session.SessionService.unbind(SessionService.java:33)
	at com.zhangyun.filecloud.server.service.session.SessionService$$FastClassBySpringCGLIB$$a0fbfc6b.invoke(<generated>)
	at org.springframework.cglib.proxy.MethodProxy.invoke(MethodProxy.java:218)
	at org.springframework.aop.framework.CglibAopProxy$CglibMethodInvocation.invokeJoinpoint(CglibAopProxy.java:783)
	at org.springframework.aop.framework.ReflectiveMethodInvocation.proceed(ReflectiveMethodInvocation.java:163)
	at org.springframework.aop.framework.CglibAopProxy$CglibMethodInvocation.proceed(CglibAopProxy.java:753)
	at org.springframework.aop.aspectj.MethodInvocationProceedingJoinPoint.proceed(MethodInvocationProceedingJoinPoint.java:89)
	at com.zhangyun.filecloud.common.aspect.TraceLogAspect.methodTimer(TraceLogAspect.java:33)
	at sun.reflect.NativeMethodAccessorImpl.invoke0(Native Method)
	at sun.reflect.NativeMethodAccessorImpl.invoke(NativeMethodAccessorImpl.java:62)
	at sun.reflect.DelegatingMethodAccessorImpl.invoke(DelegatingMethodAccessorImpl.java:43)
	at java.lang.reflect.Method.invoke(Method.java:498)
	at org.springframework.aop.aspectj.AbstractAspectJAdvice.invokeAdviceMethodWithGivenArgs(AbstractAspectJAdvice.java:634)
	at org.springframework.aop.aspectj.AbstractAspectJAdvice.invokeAdviceMethod(AbstractAspectJAdvice.java:624)
	at org.springframework.aop.aspectj.AspectJAroundAdvice.invoke(AspectJAroundAdvice.java:72)
	at org.springframework.aop.framework.ReflectiveMethodInvocation.proceed(ReflectiveMethodInvocation.java:175)
	at org.springframework.aop.framework.CglibAopProxy$CglibMethodInvocation.proceed(CglibAopProxy.java:753)
	at org.springframework.aop.interceptor.ExposeInvocationInterceptor.invoke(ExposeInvocationInterceptor.java:97)
	at org.springframework.aop.framework.ReflectiveMethodInvocation.proceed(ReflectiveMethodInvocation.java:186)
	at org.springframework.aop.framework.CglibAopProxy$CglibMethodInvocation.proceed(CglibAopProxy.java:753)
	at org.springframework.aop.framework.CglibAopProxy$DynamicAdvisedInterceptor.intercept(CglibAopProxy.java:698)
	at com.zhangyun.filecloud.server.service.session.SessionService$$EnhancerBySpringCGLIB$$c38443bc.unbind(<generated>)
	at com.zhangyun.filecloud.server.handler.QuitHandler.channelInactive(QuitHandler.java:27)
	at io.netty.channel.AbstractChannelHandlerContext.invokeChannelInactive(AbstractChannelHandlerContext.java:262)
	at io.netty.channel.AbstractChannelHandlerContext.invokeChannelInactive(AbstractChannelHandlerContext.java:248)
	at io.netty.channel.AbstractChannelHandlerContext.fireChannelInactive(AbstractChannelHandlerContext.java:241)
	at io.netty.channel.ChannelInboundHandlerAdapter.channelInactive(ChannelInboundHandlerAdapter.java:81)
	at io.netty.channel.ChannelInboundHandlerAdapter$$FastClassBySpringCGLIB$$b7bda7ba.invoke(<generated>)
	at org.springframework.cglib.proxy.MethodProxy.invoke(MethodProxy.java:218)
	at org.springframework.aop.framework.CglibAopProxy$CglibMethodInvocation.invokeJoinpoint(CglibAopProxy.java:783)
	at org.springframework.aop.framework.ReflectiveMethodInvocation.proceed(ReflectiveMethodInvocation.java:163)
	at org.springframework.aop.framework.CglibAopProxy$CglibMethodInvocation.proceed(CglibAopProxy.java:753)
	at org.springframework.aop.interceptor.ExposeInvocationInterceptor.invoke(ExposeInvocationInterceptor.java:97)
	at org.springframework.aop.framework.ReflectiveMethodInvocation.proceed(ReflectiveMethodInvocation.java:186)
	at org.springframework.aop.framework.CglibAopProxy$CglibMethodInvocation.proceed(CglibAopProxy.java:753)
	at org.springframework.aop.framework.CglibAopProxy$DynamicAdvisedInterceptor.intercept(CglibAopProxy.java:698)
	at com.zhangyun.filecloud.server.handler.RegisterDeviceHandler$$EnhancerBySpringCGLIB$$a26fd1f1.channelInactive(<generated>)
	at io.netty.channel.AbstractChannelHandlerContext.invokeChannelInactive(AbstractChannelHandlerContext.java:262)
	at io.netty.channel.AbstractChannelHandlerContext.invokeChannelInactive(AbstractChannelHandlerContext.java:248)
	at io.netty.channel.AbstractChannelHandlerContext.fireChannelInactive(AbstractChannelHandlerContext.java:241)
	at io.netty.channel.ChannelInboundHandlerAdapter.channelInactive(ChannelInboundHandlerAdapter.java:81)
	at io.netty.channel.ChannelInboundHandlerAdapter$$FastClassBySpringCGLIB$$b7bda7ba.invoke(<generated>)
	at org.springframework.cglib.proxy.MethodProxy.invoke(MethodProxy.java:218)
	at org.springframework.aop.framework.CglibAopProxy$CglibMethodInvocation.invokeJoinpoint(CglibAopProxy.java:783)
	at org.springframework.aop.framework.ReflectiveMethodInvocation.proceed(ReflectiveMethodInvocation.java:163)
	at org.springframework.aop.framework.CglibAopProxy$CglibMethodInvocation.proceed(CglibAopProxy.java:753)
	at org.springframework.aop.interceptor.ExposeInvocationInterceptor.invoke(ExposeInvocationInterceptor.java:97)
	at org.springframework.aop.framework.ReflectiveMethodInvocation.proceed(ReflectiveMethodInvocation.java:186)
	at org.springframework.aop.framework.CglibAopProxy$CglibMethodInvocation.proceed(CglibAopProxy.java:753)
	at org.springframework.aop.framework.CglibAopProxy$DynamicAdvisedInterceptor.intercept(CglibAopProxy.java:698)
	at com.zhangyun.filecloud.server.handler.LoginHandler$$EnhancerBySpringCGLIB$$d2e54e9b.channelInactive(<generated>)
	at io.netty.channel.AbstractChannelHandlerContext.invokeChannelInactive(AbstractChannelHandlerContext.java:262)
	at io.netty.channel.AbstractChannelHandlerContext.invokeChannelInactive(AbstractChannelHandlerContext.java:248)
	at io.netty.channel.AbstractChannelHandlerContext.fireChannelInactive(AbstractChannelHandlerContext.java:241)
	at io.netty.channel.ChannelInboundHandlerAdapter.channelInactive(ChannelInboundHandlerAdapter.java:81)
	at io.netty.channel.ChannelInboundHandlerAdapter$$FastClassBySpringCGLIB$$b7bda7ba.invoke(<generated>)
	at org.springframework.cglib.proxy.MethodProxy.invoke(MethodProxy.java:218)
	at org.springframework.aop.framework.CglibAopProxy$CglibMethodInvocation.invokeJoinpoint(CglibAopProxy.java:783)
	at org.springframework.aop.framework.ReflectiveMethodInvocation.proceed(ReflectiveMethodInvocation.java:163)
	at org.springframework.aop.framework.CglibAopProxy$CglibMethodInvocation.proceed(CglibAopProxy.java:753)
	at org.springframework.aop.interceptor.ExposeInvocationInterceptor.invoke(ExposeInvocationInterceptor.java:97)
	at org.springframework.aop.framework.ReflectiveMethodInvocation.proceed(ReflectiveMethodInvocation.java:186)
	at org.springframework.aop.framework.CglibAopProxy$CglibMethodInvocation.proceed(CglibAopProxy.java:753)
	at org.springframework.aop.framework.CglibAopProxy$DynamicAdvisedInterceptor.intercept(CglibAopProxy.java:698)
	at com.zhangyun.filecloud.server.handler.CompareHandler$$EnhancerBySpringCGLIB$$1bec52e7.channelInactive(<generated>)
	at io.netty.channel.AbstractChannelHandlerContext.invokeChannelInactive(AbstractChannelHandlerContext.java:262)
	at io.netty.channel.AbstractChannelHandlerContext.invokeChannelInactive(AbstractChannelHandlerContext.java:248)
	at io.netty.channel.AbstractChannelHandlerContext.fireChannelInactive(AbstractChannelHandlerContext.java:241)
	at io.netty.channel.ChannelInboundHandlerAdapter.channelInactive(ChannelInboundHandlerAdapter.java:81)
	at io.netty.channel.ChannelInboundHandlerAdapter$$FastClassBySpringCGLIB$$b7bda7ba.invoke(<generated>)
	at org.springframework.cglib.proxy.MethodProxy.invoke(MethodProxy.java:218)
	at org.springframework.aop.framework.CglibAopProxy$CglibMethodInvocation.invokeJoinpoint(CglibAopProxy.java:783)
	at org.springframework.aop.framework.ReflectiveMethodInvocation.proceed(ReflectiveMethodInvocation.java:163)
	at org.springframework.aop.framework.CglibAopProxy$CglibMethodInvocation.proceed(CglibAopProxy.java:753)
	at org.springframework.aop.interceptor.ExposeInvocationInterceptor.invoke(ExposeInvocationInterceptor.java:97)
	at org.springframework.aop.framework.ReflectiveMethodInvocation.proceed(ReflectiveMethodInvocation.java:186)
	at org.springframework.aop.framework.CglibAopProxy$CglibMethodInvocation.proceed(CglibAopProxy.java:753)
	at org.springframework.aop.framework.CglibAopProxy$DynamicAdvisedInterceptor.intercept(CglibAopProxy.java:698)
	at com.zhangyun.filecloud.server.handler.UploadHandler$$EnhancerBySpringCGLIB$$cc46379.channelInactive(<generated>)
	at io.netty.channel.AbstractChannelHandlerContext.invokeChannelInactive(AbstractChannelHandlerContext.java:262)
	at io.netty.channel.AbstractChannelHandlerContext.invokeChannelInactive(AbstractChannelHandlerContext.java:248)
	at io.netty.channel.AbstractChannelHandlerContext.fireChannelInactive(AbstractChannelHandlerContext.java:241)
	at io.netty.channel.ChannelInboundHandlerAdapter.channelInactive(ChannelInboundHandlerAdapter.java:81)
	at io.netty.channel.ChannelInboundHandlerAdapter$$FastClassBySpringCGLIB$$b7bda7ba.invoke(<generated>)
	at org.springframework.cglib.proxy.MethodProxy.invoke(MethodProxy.java:218)
	at org.springframework.aop.framework.CglibAopProxy$CglibMethodInvocation.invokeJoinpoint(CglibAopProxy.java:783)
	at org.springframework.aop.framework.ReflectiveMethodInvocation.proceed(ReflectiveMethodInvocation.java:163)
	at org.springframework.aop.framework.CglibAopProxy$CglibMethodInvocation.proceed(CglibAopProxy.java:753)
	at org.springframework.aop.interceptor.ExposeInvocationInterceptor.invoke(ExposeInvocationInterceptor.java:97)
	at org.springframework.aop.framework.ReflectiveMethodInvocation.proceed(ReflectiveMethodInvocation.java:186)
	at org.springframework.aop.framework.CglibAopProxy$CglibMethodInvocation.proceed(CglibAopProxy.java:753)
	at org.springframework.aop.framework.CglibAopProxy$DynamicAdvisedInterceptor.intercept(CglibAopProxy.java:698)
	at com.zhangyun.filecloud.server.handler.MessageFilterHandler$$EnhancerBySpringCGLIB$$98a4e8b9.channelInactive(<generated>)
	at io.netty.channel.AbstractChannelHandlerContext.invokeChannelInactive(AbstractChannelHandlerContext.java:262)
	at io.netty.channel.AbstractChannelHandlerContext.invokeChannelInactive(AbstractChannelHandlerContext.java:248)
	at io.netty.channel.AbstractChannelHandlerContext.fireChannelInactive(AbstractChannelHandlerContext.java:241)
	at io.netty.handler.logging.LoggingHandler.channelInactive(LoggingHandler.java:206)
	at io.netty.channel.AbstractChannelHandlerContext.invokeChannelInactive(AbstractChannelHandlerContext.java:262)
	at io.netty.channel.AbstractChannelHandlerContext.invokeChannelInactive(AbstractChannelHandlerContext.java:248)
	at io.netty.channel.AbstractChannelHandlerContext.fireChannelInactive(AbstractChannelHandlerContext.java:241)
	at io.netty.handler.codec.ByteToMessageDecoder.channelInputClosed(ByteToMessageDecoder.java:389)
	at io.netty.handler.codec.ByteToMessageDecoder.channelInactive(ByteToMessageDecoder.java:354)
	at io.netty.channel.AbstractChannelHandlerContext.invokeChannelInactive(AbstractChannelHandlerContext.java:262)
	at io.netty.channel.AbstractChannelHandlerContext.invokeChannelInactive(AbstractChannelHandlerContext.java:248)
	at io.netty.channel.AbstractChannelHandlerContext.fireChannelInactive(AbstractChannelHandlerContext.java:241)
	at io.netty.channel.DefaultChannelPipeline$HeadContext.channelInactive(DefaultChannelPipeline.java:1405)
	at io.netty.channel.AbstractChannelHandlerContext.invokeChannelInactive(AbstractChannelHandlerContext.java:262)
	at io.netty.channel.AbstractChannelHandlerContext.invokeChannelInactive(AbstractChannelHandlerContext.java:248)
	at io.netty.channel.DefaultChannelPipeline.fireChannelInactive(DefaultChannelPipeline.java:901)
	at io.netty.channel.AbstractChannel$AbstractUnsafe$8.run(AbstractChannel.java:831)
	at io.netty.util.concurrent.AbstractEventExecutor.safeExecute(AbstractEventExecutor.java:164)
	at io.netty.util.concurrent.SingleThreadEventExecutor.runAllTasks(SingleThreadEventExecutor.java:469)
	at io.netty.channel.nio.NioEventLoop.run(NioEventLoop.java:497)
	at io.netty.util.concurrent.SingleThreadEventExecutor$4.run(SingleThreadEventExecutor.java:986)
	at io.netty.util.internal.ThreadExecutorMap$2.run(ThreadExecutorMap.java:74)
	at io.netty.util.concurrent.FastThreadLocalRunnable.run(FastThreadLocalRunnable.java:30)
	at java.lang.Thread.run(Thread.java:750)
2022-11-09 00:18:00.575 [SpringApplicationShutdownHook] INFO  com.zaxxer.hikari.HikariDataSource - HikariPool-1 - Shutdown initiated...
2022-11-09 00:18:00.583 [SpringApplicationShutdownHook] INFO  com.zaxxer.hikari.HikariDataSource - HikariPool-1 - Shutdown completed.
2022-11-09 00:18:03.805 [main] INFO  com.zhangyun.filecloud.server.ServerApplication - Starting ServerApplication using Java 1.8.0_342 on zhangyundeMacBook-Air.local with PID 47582 (/Users/zhangyun/Documents/javaProject/FileCloud/server/target/classes started by zhangyun in /Users/zhangyun/Documents/javaProject/FileCloud)
2022-11-09 00:18:03.811 [main] INFO  com.zhangyun.filecloud.server.ServerApplication - The following profiles are active: dev
2022-11-09 00:18:04.270 [main] INFO  o.s.d.r.config.RepositoryConfigurationDelegate - Multiple Spring Data modules found, entering strict repository configuration mode!
2022-11-09 00:18:04.272 [main] INFO  o.s.d.r.config.RepositoryConfigurationDelegate - Bootstrapping Spring Data Redis repositories in DEFAULT mode.
2022-11-09 00:18:04.293 [main] INFO  o.s.d.r.config.RepositoryConfigurationDelegate - Finished Spring Data repository scanning in 11 ms. Found 0 Redis repository interfaces.
2022-11-09 00:18:04.674 [main] INFO  o.s.boot.web.embedded.tomcat.TomcatWebServer - Tomcat initialized with port(s): 8080 (http)
2022-11-09 00:18:04.680 [main] INFO  org.apache.catalina.core.StandardService - Starting service [Tomcat]
2022-11-09 00:18:04.681 [main] INFO  org.apache.catalina.core.StandardEngine - Starting Servlet engine: [Apache Tomcat/9.0.54]
2022-11-09 00:18:04.721 [main] INFO  o.a.c.core.ContainerBase.[Tomcat].[localhost].[/] - Initializing Spring embedded WebApplicationContext
2022-11-09 00:18:04.721 [main] INFO  o.s.b.w.s.c.ServletWebServerApplicationContext - Root WebApplicationContext: initialization completed in 886 ms
2022-11-09 00:18:06.864 [main] INFO  s.d.s.w.PropertySourcedRequestMappingHandlerMapping - Mapped URL path [/v2/api-docs] onto method [springfox.documentation.swagger2.web.Swagger2Controller#getDocumentation(String, HttpServletRequest)]
2022-11-09 00:18:07.120 [main] WARN  o.s.b.a.freemarker.FreeMarkerAutoConfiguration - Cannot find template location(s): [classpath:/templates/] (please add some templates, check your FreeMarker configuration, or set spring.freemarker.checkTemplateLocation=false)
2022-11-09 00:18:07.177 [main] INFO  o.s.boot.web.embedded.tomcat.TomcatWebServer - Tomcat started on port(s): 8080 (http) with context path ''
2022-11-09 00:18:07.178 [main] INFO  s.d.s.web.plugins.DocumentationPluginsBootstrapper - Context refreshed
2022-11-09 00:18:07.185 [main] INFO  s.d.s.web.plugins.DocumentationPluginsBootstrapper - Found 1 custom documentation plugin(s)
2022-11-09 00:18:07.202 [main] INFO  s.d.spring.web.scanners.ApiListingReferenceScanner - Scanning for api listing references
2022-11-09 00:18:07.262 [main] INFO  com.zhangyun.filecloud.server.ServerApplication - Started ServerApplication in 3.755 seconds (JVM running for 4.101)
2022-11-09 00:18:07.264 [main] INFO  com.zhangyun.filecloud.server.service.NettyServer - netty server starting...
2022-11-09 00:18:07.265 [main] INFO  com.zhangyun.filecloud.server.service.NettyServer - netty server start success
2022-11-09 00:18:12.294 [nioEventLoopGroup-5-1] INFO  c.z.filecloud.common.protocol.MessageCodecSharable - 接收消息: {"deviceId":"933883a0-e655-49c8-a126-24166d0a2432","deviceName":"macbook air m1","messageType":5,"msgDesc":"LoginMessage","password":"1120","rootPath":"/Users/zhangyun/Documents/javaProject/FileCloud/rootPath","username":"zhangyun"}
2022-11-09 00:18:17.324 [nioEventLoopGroup-5-1] INFO  com.zaxxer.hikari.HikariDataSource - HikariPool-1 - Starting...
2022-11-09 00:18:17.406 [nioEventLoopGroup-5-1] INFO  com.zaxxer.hikari.HikariDataSource - HikariPool-1 - Start completed.
2022-11-09 00:18:17.437 [nioEventLoopGroup-5-1] INFO  c.zhangyun.filecloud.common.aspect.TraceLogAspect - 执行方法: UserServiceImpl.selectUserByName, 参数: username:"zhangyun" ====> User{userId=1, username=zhangyun, password=c6036a69be21cb660499b75718a3ef24, createTime=Thu Nov 03 11:03:15 CST 2022, modifiedTime=Thu Nov 03 11:03:15 CST 2022}, 时间: 129ms
2022-11-09 00:18:17.677 [nioEventLoopGroup-5-1] INFO  c.zhangyun.filecloud.common.aspect.TraceLogAspect - 执行方法: SessionService.bind, 参数: channel:{"active":true,"inputShutdown":false,"open":true,"outputShutdown":false,"registered":true,"shutdown":false,"writable":true}username:"zhangyun" ====> null, 时间: 1ms
2022-11-09 00:18:17.699 [nioEventLoopGroup-5-1] INFO  c.z.filecloud.common.protocol.MessageCodecSharable - 发送消息: {"code":200,"isRegister":true,"messageType":6,"msg":"登录成功！","msgDesc":"LoginResponseMessage","token":"c77cfc79-4987-41e5-9cde-3e6079e5a4c2"}
2022-11-09 00:19:04.759 [HikariPool-1 housekeeper] WARN  com.zaxxer.hikari.pool.HikariPool - HikariPool-1 - Thread starvation or clock leap detected (housekeeper delta=47s221ms).
2022-11-09 00:19:24.787 [nioEventLoopGroup-5-1] INFO  c.zhangyun.filecloud.common.aspect.TraceLogAspect - 执行方法: SessionService.unbind, 参数: channel:{"active":true,"inputShutdown":false,"open":true,"outputShutdown":false,"registered":true,"shutdown":false,"writable":true} ====> null, 时间: 67087ms
2022-11-09 00:19:24.788 [nioEventLoopGroup-5-1] INFO  com.zhangyun.filecloud.server.handler.QuitHandler - 连接 [id: 0xad58ec63, L:/127.0.0.1:8090 - R:/127.0.0.1:63768] 意外断开, Connection reset by peer
2022-11-09 00:19:24.796 [nioEventLoopGroup-5-1] WARN  io.netty.channel.AbstractChannelHandlerContext - An exception 'java.lang.NullPointerException' [enable DEBUG level for full stacktrace] was thrown by a user handler's exceptionCaught() method while handling the following exception:
java.lang.NullPointerException: null
	at java.util.concurrent.ConcurrentHashMap.replaceNode(ConcurrentHashMap.java:1106)
	at java.util.concurrent.ConcurrentHashMap.remove(ConcurrentHashMap.java:1097)
	at com.zhangyun.filecloud.server.service.session.SessionService.unbind(SessionService.java:33)
	at com.zhangyun.filecloud.server.service.session.SessionService$$FastClassBySpringCGLIB$$a0fbfc6b.invoke(<generated>)
	at org.springframework.cglib.proxy.MethodProxy.invoke(MethodProxy.java:218)
	at org.springframework.aop.framework.CglibAopProxy$CglibMethodInvocation.invokeJoinpoint(CglibAopProxy.java:783)
	at org.springframework.aop.framework.ReflectiveMethodInvocation.proceed(ReflectiveMethodInvocation.java:163)
	at org.springframework.aop.framework.CglibAopProxy$CglibMethodInvocation.proceed(CglibAopProxy.java:753)
	at org.springframework.aop.aspectj.MethodInvocationProceedingJoinPoint.proceed(MethodInvocationProceedingJoinPoint.java:89)
	at com.zhangyun.filecloud.common.aspect.TraceLogAspect.methodTimer(TraceLogAspect.java:33)
	at sun.reflect.NativeMethodAccessorImpl.invoke0(Native Method)
	at sun.reflect.NativeMethodAccessorImpl.invoke(NativeMethodAccessorImpl.java:62)
	at sun.reflect.DelegatingMethodAccessorImpl.invoke(DelegatingMethodAccessorImpl.java:43)
	at java.lang.reflect.Method.invoke(Method.java:498)
	at org.springframework.aop.aspectj.AbstractAspectJAdvice.invokeAdviceMethodWithGivenArgs(AbstractAspectJAdvice.java:634)
	at org.springframework.aop.aspectj.AbstractAspectJAdvice.invokeAdviceMethod(AbstractAspectJAdvice.java:624)
	at org.springframework.aop.aspectj.AspectJAroundAdvice.invoke(AspectJAroundAdvice.java:72)
	at org.springframework.aop.framework.ReflectiveMethodInvocation.proceed(ReflectiveMethodInvocation.java:175)
	at org.springframework.aop.framework.CglibAopProxy$CglibMethodInvocation.proceed(CglibAopProxy.java:753)
	at org.springframework.aop.interceptor.ExposeInvocationInterceptor.invoke(ExposeInvocationInterceptor.java:97)
	at org.springframework.aop.framework.ReflectiveMethodInvocation.proceed(ReflectiveMethodInvocation.java:186)
	at org.springframework.aop.framework.CglibAopProxy$CglibMethodInvocation.proceed(CglibAopProxy.java:753)
	at org.springframework.aop.framework.CglibAopProxy$DynamicAdvisedInterceptor.intercept(CglibAopProxy.java:698)
	at com.zhangyun.filecloud.server.service.session.SessionService$$EnhancerBySpringCGLIB$$498918ec.unbind(<generated>)
	at com.zhangyun.filecloud.server.handler.QuitHandler.channelInactive(QuitHandler.java:27)
	at io.netty.channel.AbstractChannelHandlerContext.invokeChannelInactive(AbstractChannelHandlerContext.java:262)
	at io.netty.channel.AbstractChannelHandlerContext.invokeChannelInactive(AbstractChannelHandlerContext.java:248)
	at io.netty.channel.AbstractChannelHandlerContext.fireChannelInactive(AbstractChannelHandlerContext.java:241)
	at io.netty.channel.ChannelInboundHandlerAdapter.channelInactive(ChannelInboundHandlerAdapter.java:81)
	at io.netty.channel.ChannelInboundHandlerAdapter$$FastClassBySpringCGLIB$$b7bda7ba.invoke(<generated>)
	at org.springframework.cglib.proxy.MethodProxy.invoke(MethodProxy.java:218)
	at org.springframework.aop.framework.CglibAopProxy$CglibMethodInvocation.invokeJoinpoint(CglibAopProxy.java:783)
	at org.springframework.aop.framework.ReflectiveMethodInvocation.proceed(ReflectiveMethodInvocation.java:163)
	at org.springframework.aop.framework.CglibAopProxy$CglibMethodInvocation.proceed(CglibAopProxy.java:753)
	at org.springframework.aop.interceptor.ExposeInvocationInterceptor.invoke(ExposeInvocationInterceptor.java:97)
	at org.springframework.aop.framework.ReflectiveMethodInvocation.proceed(ReflectiveMethodInvocation.java:186)
	at org.springframework.aop.framework.CglibAopProxy$CglibMethodInvocation.proceed(CglibAopProxy.java:753)
	at org.springframework.aop.framework.CglibAopProxy$DynamicAdvisedInterceptor.intercept(CglibAopProxy.java:698)
	at com.zhangyun.filecloud.server.handler.RegisterDeviceHandler$$EnhancerBySpringCGLIB$$2874a721.channelInactive(<generated>)
	at io.netty.channel.AbstractChannelHandlerContext.invokeChannelInactive(AbstractChannelHandlerContext.java:262)
	at io.netty.channel.AbstractChannelHandlerContext.invokeChannelInactive(AbstractChannelHandlerContext.java:248)
	at io.netty.channel.AbstractChannelHandlerContext.fireChannelInactive(AbstractChannelHandlerContext.java:241)
	at io.netty.channel.ChannelInboundHandlerAdapter.channelInactive(ChannelInboundHandlerAdapter.java:81)
	at io.netty.channel.ChannelInboundHandlerAdapter$$FastClassBySpringCGLIB$$b7bda7ba.invoke(<generated>)
	at org.springframework.cglib.proxy.MethodProxy.invoke(MethodProxy.java:218)
	at org.springframework.aop.framework.CglibAopProxy$CglibMethodInvocation.invokeJoinpoint(CglibAopProxy.java:783)
	at org.springframework.aop.framework.ReflectiveMethodInvocation.proceed(ReflectiveMethodInvocation.java:163)
	at org.springframework.aop.framework.CglibAopProxy$CglibMethodInvocation.proceed(CglibAopProxy.java:753)
	at org.springframework.aop.interceptor.ExposeInvocationInterceptor.invoke(ExposeInvocationInterceptor.java:97)
	at org.springframework.aop.framework.ReflectiveMethodInvocation.proceed(ReflectiveMethodInvocation.java:186)
	at org.springframework.aop.framework.CglibAopProxy$CglibMethodInvocation.proceed(CglibAopProxy.java:753)
	at org.springframework.aop.framework.CglibAopProxy$DynamicAdvisedInterceptor.intercept(CglibAopProxy.java:698)
	at com.zhangyun.filecloud.server.handler.LoginHandler$$EnhancerBySpringCGLIB$$58ea23cb.channelInactive(<generated>)
	at io.netty.channel.AbstractChannelHandlerContext.invokeChannelInactive(AbstractChannelHandlerContext.java:262)
	at io.netty.channel.AbstractChannelHandlerContext.invokeChannelInactive(AbstractChannelHandlerContext.java:248)
	at io.netty.channel.AbstractChannelHandlerContext.fireChannelInactive(AbstractChannelHandlerContext.java:241)
	at io.netty.channel.ChannelInboundHandlerAdapter.channelInactive(ChannelInboundHandlerAdapter.java:81)
	at io.netty.channel.ChannelInboundHandlerAdapter$$FastClassBySpringCGLIB$$b7bda7ba.invoke(<generated>)
	at org.springframework.cglib.proxy.MethodProxy.invoke(MethodProxy.java:218)
	at org.springframework.aop.framework.CglibAopProxy$CglibMethodInvocation.invokeJoinpoint(CglibAopProxy.java:783)
	at org.springframework.aop.framework.ReflectiveMethodInvocation.proceed(ReflectiveMethodInvocation.java:163)
	at org.springframework.aop.framework.CglibAopProxy$CglibMethodInvocation.proceed(CglibAopProxy.java:753)
	at org.springframework.aop.interceptor.ExposeInvocationInterceptor.invoke(ExposeInvocationInterceptor.java:97)
	at org.springframework.aop.framework.ReflectiveMethodInvocation.proceed(ReflectiveMethodInvocation.java:186)
	at org.springframework.aop.framework.CglibAopProxy$CglibMethodInvocation.proceed(CglibAopProxy.java:753)
	at org.springframework.aop.framework.CglibAopProxy$DynamicAdvisedInterceptor.intercept(CglibAopProxy.java:698)
	at com.zhangyun.filecloud.server.handler.CompareHandler$$EnhancerBySpringCGLIB$$a1f12817.channelInactive(<generated>)
	at io.netty.channel.AbstractChannelHandlerContext.invokeChannelInactive(AbstractChannelHandlerContext.java:262)
	at io.netty.channel.AbstractChannelHandlerContext.invokeChannelInactive(AbstractChannelHandlerContext.java:248)
	at io.netty.channel.AbstractChannelHandlerContext.fireChannelInactive(AbstractChannelHandlerContext.java:241)
	at io.netty.channel.ChannelInboundHandlerAdapter.channelInactive(ChannelInboundHandlerAdapter.java:81)
	at io.netty.channel.ChannelInboundHandlerAdapter$$FastClassBySpringCGLIB$$b7bda7ba.invoke(<generated>)
	at org.springframework.cglib.proxy.MethodProxy.invoke(MethodProxy.java:218)
	at org.springframework.aop.framework.CglibAopProxy$CglibMethodInvocation.invokeJoinpoint(CglibAopProxy.java:783)
	at org.springframework.aop.framework.ReflectiveMethodInvocation.proceed(ReflectiveMethodInvocation.java:163)
	at org.springframework.aop.framework.CglibAopProxy$CglibMethodInvocation.proceed(CglibAopProxy.java:753)
	at org.springframework.aop.interceptor.ExposeInvocationInterceptor.invoke(ExposeInvocationInterceptor.java:97)
	at org.springframework.aop.framework.ReflectiveMethodInvocation.proceed(ReflectiveMethodInvocation.java:186)
	at org.springframework.aop.framework.CglibAopProxy$CglibMethodInvocation.proceed(CglibAopProxy.java:753)
	at org.springframework.aop.framework.CglibAopProxy$DynamicAdvisedInterceptor.intercept(CglibAopProxy.java:698)
	at com.zhangyun.filecloud.server.handler.UploadHandler$$EnhancerBySpringCGLIB$$92c938a9.channelInactive(<generated>)
	at io.netty.channel.AbstractChannelHandlerContext.invokeChannelInactive(AbstractChannelHandlerContext.java:262)
	at io.netty.channel.AbstractChannelHandlerContext.invokeChannelInactive(AbstractChannelHandlerContext.java:248)
	at io.netty.channel.AbstractChannelHandlerContext.fireChannelInactive(AbstractChannelHandlerContext.java:241)
	at io.netty.channel.ChannelInboundHandlerAdapter.channelInactive(ChannelInboundHandlerAdapter.java:81)
	at io.netty.channel.ChannelInboundHandlerAdapter$$FastClassBySpringCGLIB$$b7bda7ba.invoke(<generated>)
	at org.springframework.cglib.proxy.MethodProxy.invoke(MethodProxy.java:218)
	at org.springframework.aop.framework.CglibAopProxy$CglibMethodInvocation.invokeJoinpoint(CglibAopProxy.java:783)
	at org.springframework.aop.framework.ReflectiveMethodInvocation.proceed(ReflectiveMethodInvocation.java:163)
	at org.springframework.aop.framework.CglibAopProxy$CglibMethodInvocation.proceed(CglibAopProxy.java:753)
	at org.springframework.aop.interceptor.ExposeInvocationInterceptor.invoke(ExposeInvocationInterceptor.java:97)
	at org.springframework.aop.framework.ReflectiveMethodInvocation.proceed(ReflectiveMethodInvocation.java:186)
	at org.springframework.aop.framework.CglibAopProxy$CglibMethodInvocation.proceed(CglibAopProxy.java:753)
	at org.springframework.aop.framework.CglibAopProxy$DynamicAdvisedInterceptor.intercept(CglibAopProxy.java:698)
	at com.zhangyun.filecloud.server.handler.MessageFilterHandler$$EnhancerBySpringCGLIB$$1ea9bde9.channelInactive(<generated>)
	at io.netty.channel.AbstractChannelHandlerContext.invokeChannelInactive(AbstractChannelHandlerContext.java:262)
	at io.netty.channel.AbstractChannelHandlerContext.invokeChannelInactive(AbstractChannelHandlerContext.java:248)
	at io.netty.channel.AbstractChannelHandlerContext.fireChannelInactive(AbstractChannelHandlerContext.java:241)
	at io.netty.handler.logging.LoggingHandler.channelInactive(LoggingHandler.java:206)
	at io.netty.channel.AbstractChannelHandlerContext.invokeChannelInactive(AbstractChannelHandlerContext.java:262)
	at io.netty.channel.AbstractChannelHandlerContext.invokeChannelInactive(AbstractChannelHandlerContext.java:248)
	at io.netty.channel.AbstractChannelHandlerContext.fireChannelInactive(AbstractChannelHandlerContext.java:241)
	at io.netty.handler.codec.ByteToMessageDecoder.channelInputClosed(ByteToMessageDecoder.java:389)
	at io.netty.handler.codec.ByteToMessageDecoder.channelInactive(ByteToMessageDecoder.java:354)
	at io.netty.channel.AbstractChannelHandlerContext.invokeChannelInactive(AbstractChannelHandlerContext.java:262)
	at io.netty.channel.AbstractChannelHandlerContext.invokeChannelInactive(AbstractChannelHandlerContext.java:248)
	at io.netty.channel.AbstractChannelHandlerContext.fireChannelInactive(AbstractChannelHandlerContext.java:241)
	at io.netty.channel.DefaultChannelPipeline$HeadContext.channelInactive(DefaultChannelPipeline.java:1405)
	at io.netty.channel.AbstractChannelHandlerContext.invokeChannelInactive(AbstractChannelHandlerContext.java:262)
	at io.netty.channel.AbstractChannelHandlerContext.invokeChannelInactive(AbstractChannelHandlerContext.java:248)
	at io.netty.channel.DefaultChannelPipeline.fireChannelInactive(DefaultChannelPipeline.java:901)
	at io.netty.channel.AbstractChannel$AbstractUnsafe$8.run(AbstractChannel.java:831)
	at io.netty.util.concurrent.AbstractEventExecutor.safeExecute$$$capture(AbstractEventExecutor.java:164)
	at io.netty.util.concurrent.AbstractEventExecutor.safeExecute(AbstractEventExecutor.java)
	at io.netty.util.concurrent.SingleThreadEventExecutor.runAllTasks(SingleThreadEventExecutor.java:469)
	at io.netty.channel.nio.NioEventLoop.run(NioEventLoop.java:497)
	at io.netty.util.concurrent.SingleThreadEventExecutor$4.run(SingleThreadEventExecutor.java:986)
	at io.netty.util.internal.ThreadExecutorMap$2.run(ThreadExecutorMap.java:74)
	at io.netty.util.concurrent.FastThreadLocalRunnable.run(FastThreadLocalRunnable.java:30)
	at java.lang.Thread.run(Thread.java:750)
2022-11-09 00:21:02.550 [SpringApplicationShutdownHook] INFO  com.zaxxer.hikari.HikariDataSource - HikariPool-1 - Shutdown initiated...
2022-11-09 00:21:02.557 [SpringApplicationShutdownHook] INFO  com.zaxxer.hikari.HikariDataSource - HikariPool-1 - Shutdown completed.
2022-11-09 00:21:05.805 [main] INFO  com.zhangyun.filecloud.server.ServerApplication - Starting ServerApplication using Java 1.8.0_342 on zhangyundeMacBook-Air.local with PID 48167 (/Users/zhangyun/Documents/javaProject/FileCloud/server/target/classes started by zhangyun in /Users/zhangyun/Documents/javaProject/FileCloud)
2022-11-09 00:21:05.815 [main] INFO  com.zhangyun.filecloud.server.ServerApplication - The following profiles are active: dev
2022-11-09 00:21:06.336 [main] INFO  o.s.d.r.config.RepositoryConfigurationDelegate - Multiple Spring Data modules found, entering strict repository configuration mode!
2022-11-09 00:21:06.337 [main] INFO  o.s.d.r.config.RepositoryConfigurationDelegate - Bootstrapping Spring Data Redis repositories in DEFAULT mode.
2022-11-09 00:21:06.352 [main] INFO  o.s.d.r.config.RepositoryConfigurationDelegate - Finished Spring Data repository scanning in 7 ms. Found 0 Redis repository interfaces.
2022-11-09 00:21:06.736 [main] INFO  o.s.boot.web.embedded.tomcat.TomcatWebServer - Tomcat initialized with port(s): 8080 (http)
2022-11-09 00:21:06.742 [main] INFO  org.apache.catalina.core.StandardService - Starting service [Tomcat]
2022-11-09 00:21:06.742 [main] INFO  org.apache.catalina.core.StandardEngine - Starting Servlet engine: [Apache Tomcat/9.0.54]
2022-11-09 00:21:06.786 [main] INFO  o.a.c.core.ContainerBase.[Tomcat].[localhost].[/] - Initializing Spring embedded WebApplicationContext
2022-11-09 00:21:06.786 [main] INFO  o.s.b.w.s.c.ServletWebServerApplicationContext - Root WebApplicationContext: initialization completed in 937 ms
2022-11-09 00:21:08.486 [main] INFO  s.d.s.w.PropertySourcedRequestMappingHandlerMapping - Mapped URL path [/v2/api-docs] onto method [springfox.documentation.swagger2.web.Swagger2Controller#getDocumentation(String, HttpServletRequest)]
2022-11-09 00:21:08.809 [main] WARN  o.s.b.a.freemarker.FreeMarkerAutoConfiguration - Cannot find template location(s): [classpath:/templates/] (please add some templates, check your FreeMarker configuration, or set spring.freemarker.checkTemplateLocation=false)
2022-11-09 00:21:08.882 [main] INFO  o.s.boot.web.embedded.tomcat.TomcatWebServer - Tomcat started on port(s): 8080 (http) with context path ''
2022-11-09 00:21:08.883 [main] INFO  s.d.s.web.plugins.DocumentationPluginsBootstrapper - Context refreshed
2022-11-09 00:21:08.890 [main] INFO  s.d.s.web.plugins.DocumentationPluginsBootstrapper - Found 1 custom documentation plugin(s)
2022-11-09 00:21:08.917 [main] INFO  s.d.spring.web.scanners.ApiListingReferenceScanner - Scanning for api listing references
2022-11-09 00:21:08.996 [main] INFO  com.zhangyun.filecloud.server.ServerApplication - Started ServerApplication in 3.693 seconds (JVM running for 4.115)
2022-11-09 00:21:08.998 [main] INFO  com.zhangyun.filecloud.server.service.NettyServer - netty server starting...
2022-11-09 00:21:09.000 [main] INFO  com.zhangyun.filecloud.server.service.NettyServer - netty server start success
2022-11-09 00:21:12.731 [nioEventLoopGroup-5-1] INFO  c.z.filecloud.common.protocol.MessageCodecSharable - 接收消息: {"deviceId":"933883a0-e655-49c8-a126-24166d0a2432","deviceName":"macbook air m1","messageType":5,"msgDesc":"LoginMessage","password":"1120","rootPath":"/Users/zhangyun/Documents/javaProject/FileCloud/rootPath","username":"zhangyun"}
2022-11-09 00:21:17.774 [nioEventLoopGroup-5-1] INFO  com.zaxxer.hikari.HikariDataSource - HikariPool-1 - Starting...
2022-11-09 00:21:17.857 [nioEventLoopGroup-5-1] INFO  com.zaxxer.hikari.HikariDataSource - HikariPool-1 - Start completed.
2022-11-09 00:21:17.890 [nioEventLoopGroup-5-1] INFO  c.zhangyun.filecloud.common.aspect.TraceLogAspect - 执行方法: UserServiceImpl.selectUserByName, 参数: username:"zhangyun" ====> User{userId=1, username=zhangyun, password=c6036a69be21cb660499b75718a3ef24, createTime=Thu Nov 03 11:03:15 CST 2022, modifiedTime=Thu Nov 03 11:03:15 CST 2022}, 时间: 142ms
2022-11-09 00:21:18.106 [nioEventLoopGroup-5-1] INFO  c.zhangyun.filecloud.common.aspect.TraceLogAspect - 执行方法: SessionService.bind, 参数: channel:{"active":true,"inputShutdown":false,"open":true,"outputShutdown":false,"registered":true,"shutdown":false,"writable":true}username:"zhangyun" ====> null, 时间: 1ms
2022-11-09 00:21:18.123 [nioEventLoopGroup-5-1] INFO  c.z.filecloud.common.protocol.MessageCodecSharable - 发送消息: {"code":200,"isRegister":true,"messageType":6,"msg":"登录成功！","msgDesc":"LoginResponseMessage","token":"162a569f-71d1-41a2-8a43-9e2fd0ab8168"}
2022-11-09 00:21:18.124 [nioEventLoopGroup-5-1] INFO  com.zhangyun.filecloud.server.handler.QuitHandler - 连接 [id: 0x08172897, L:/127.0.0.1:8090 - R:/127.0.0.1:64053] 意外断开, Connection reset by peer
2022-11-09 00:21:18.130 [nioEventLoopGroup-5-1] INFO  com.zhangyun.filecloud.server.handler.QuitHandler - 连接 [id: 0x08172897, L:/127.0.0.1:8090 ! R:/127.0.0.1:64053] 断开
2022-11-09 00:21:39.881 [SpringApplicationShutdownHook] INFO  com.zaxxer.hikari.HikariDataSource - HikariPool-1 - Shutdown initiated...
2022-11-09 00:21:39.887 [SpringApplicationShutdownHook] INFO  com.zaxxer.hikari.HikariDataSource - HikariPool-1 - Shutdown completed.
2022-11-09 16:47:11.540 [main] INFO  com.zhangyun.filecloud.server.ServerApplication - Starting ServerApplication using Java 1.8.0_342 on zhangyundeMacBook-Air.local with PID 22150 (/Users/zhangyun/Documents/javaProject/FileCloud/server/target/classes started by zhangyun in /Users/zhangyun/Documents/javaProject/FileCloud)
2022-11-09 16:47:11.542 [main] INFO  com.zhangyun.filecloud.server.ServerApplication - The following profiles are active: dev
2022-11-09 16:47:12.056 [main] INFO  o.s.d.r.config.RepositoryConfigurationDelegate - Multiple Spring Data modules found, entering strict repository configuration mode!
2022-11-09 16:47:12.057 [main] INFO  o.s.d.r.config.RepositoryConfigurationDelegate - Bootstrapping Spring Data Redis repositories in DEFAULT mode.
2022-11-09 16:47:12.073 [main] INFO  o.s.d.r.config.RepositoryConfigurationDelegate - Finished Spring Data repository scanning in 7 ms. Found 0 Redis repository interfaces.
2022-11-09 16:47:12.449 [main] INFO  o.s.boot.web.embedded.tomcat.TomcatWebServer - Tomcat initialized with port(s): 8080 (http)
2022-11-09 16:47:12.456 [main] INFO  org.apache.catalina.core.StandardService - Starting service [Tomcat]
2022-11-09 16:47:12.456 [main] INFO  org.apache.catalina.core.StandardEngine - Starting Servlet engine: [Apache Tomcat/9.0.54]
2022-11-09 16:47:12.499 [main] INFO  o.a.c.core.ContainerBase.[Tomcat].[localhost].[/] - Initializing Spring embedded WebApplicationContext
2022-11-09 16:47:12.499 [main] INFO  o.s.b.w.s.c.ServletWebServerApplicationContext - Root WebApplicationContext: initialization completed in 921 ms
2022-11-09 16:47:13.974 [main] INFO  s.d.s.w.PropertySourcedRequestMappingHandlerMapping - Mapped URL path [/v2/api-docs] onto method [springfox.documentation.swagger2.web.Swagger2Controller#getDocumentation(String, HttpServletRequest)]
2022-11-09 16:47:14.240 [main] WARN  o.s.b.a.freemarker.FreeMarkerAutoConfiguration - Cannot find template location(s): [classpath:/templates/] (please add some templates, check your FreeMarker configuration, or set spring.freemarker.checkTemplateLocation=false)
2022-11-09 16:47:14.294 [main] INFO  o.s.boot.web.embedded.tomcat.TomcatWebServer - Tomcat started on port(s): 8080 (http) with context path ''
2022-11-09 16:47:14.294 [main] INFO  s.d.s.web.plugins.DocumentationPluginsBootstrapper - Context refreshed
2022-11-09 16:47:14.302 [main] INFO  s.d.s.web.plugins.DocumentationPluginsBootstrapper - Found 1 custom documentation plugin(s)
2022-11-09 16:47:14.315 [main] INFO  s.d.spring.web.scanners.ApiListingReferenceScanner - Scanning for api listing references
2022-11-09 16:47:14.379 [main] INFO  com.zhangyun.filecloud.server.ServerApplication - Started ServerApplication in 3.138 seconds (JVM running for 3.51)
2022-11-09 16:47:14.380 [main] INFO  com.zhangyun.filecloud.server.service.NettyServer - netty server starting...
2022-11-09 16:47:14.381 [main] INFO  com.zhangyun.filecloud.server.service.NettyServer - netty server start success
2022-11-09 20:15:03.153 [main] INFO  com.zhangyun.filecloud.server.ServerApplication - Starting ServerApplication using Java 1.8.0_342 on zhangyundeAir.lan with PID 61477 (/Users/zhangyun/Documents/javaProject/FileCloud/server/target/classes started by zhangyun in /Users/zhangyun/Documents/javaProject/FileCloud)
2022-11-09 20:15:03.156 [main] INFO  com.zhangyun.filecloud.server.ServerApplication - The following profiles are active: dev
2022-11-09 20:15:03.650 [main] INFO  o.s.d.r.config.RepositoryConfigurationDelegate - Multiple Spring Data modules found, entering strict repository configuration mode!
2022-11-09 20:15:03.652 [main] INFO  o.s.d.r.config.RepositoryConfigurationDelegate - Bootstrapping Spring Data Redis repositories in DEFAULT mode.
2022-11-09 20:15:03.666 [main] INFO  o.s.d.r.config.RepositoryConfigurationDelegate - Finished Spring Data repository scanning in 7 ms. Found 0 Redis repository interfaces.
2022-11-09 20:15:04.024 [main] INFO  o.s.boot.web.embedded.tomcat.TomcatWebServer - Tomcat initialized with port(s): 8080 (http)
2022-11-09 20:15:04.029 [main] INFO  org.apache.catalina.core.StandardService - Starting service [Tomcat]
2022-11-09 20:15:04.029 [main] INFO  org.apache.catalina.core.StandardEngine - Starting Servlet engine: [Apache Tomcat/9.0.54]
2022-11-09 20:15:04.072 [main] INFO  o.a.c.core.ContainerBase.[Tomcat].[localhost].[/] - Initializing Spring embedded WebApplicationContext
2022-11-09 20:15:04.072 [main] INFO  o.s.b.w.s.c.ServletWebServerApplicationContext - Root WebApplicationContext: initialization completed in 870 ms
2022-11-09 20:15:05.472 [main] INFO  s.d.s.w.PropertySourcedRequestMappingHandlerMapping - Mapped URL path [/v2/api-docs] onto method [springfox.documentation.swagger2.web.Swagger2Controller#getDocumentation(String, HttpServletRequest)]
2022-11-09 20:15:05.727 [main] WARN  o.s.b.a.freemarker.FreeMarkerAutoConfiguration - Cannot find template location(s): [classpath:/templates/] (please add some templates, check your FreeMarker configuration, or set spring.freemarker.checkTemplateLocation=false)
2022-11-09 20:15:05.779 [main] INFO  o.s.boot.web.embedded.tomcat.TomcatWebServer - Tomcat started on port(s): 8080 (http) with context path ''
2022-11-09 20:15:05.780 [main] INFO  s.d.s.web.plugins.DocumentationPluginsBootstrapper - Context refreshed
2022-11-09 20:15:05.786 [main] INFO  s.d.s.web.plugins.DocumentationPluginsBootstrapper - Found 1 custom documentation plugin(s)
2022-11-09 20:15:05.799 [main] INFO  s.d.spring.web.scanners.ApiListingReferenceScanner - Scanning for api listing references
2022-11-09 20:15:05.853 [main] INFO  com.zhangyun.filecloud.server.ServerApplication - Started ServerApplication in 3.193 seconds (JVM running for 3.585)
2022-11-09 20:15:05.854 [main] INFO  com.zhangyun.filecloud.server.service.NettyServer - netty server starting...
2022-11-09 20:15:05.856 [main] INFO  com.zhangyun.filecloud.server.service.NettyServer - netty server start success
2022-11-09 20:15:23.813 [nioEventLoopGroup-5-1] INFO  c.z.filecloud.common.protocol.MessageCodecSharable - 接收消息: {"deviceId":"933883a0-e655-49c8-a126-24166d0a2432","deviceName":"macbook air m1","messageType":5,"msgDesc":"LoginMessage","password":"1120","rootPath":"/Users/zhangyun/Documents/javaProject/FileCloud/rootPath","username":"zhangyun"}
2022-11-09 20:15:23.829 [nioEventLoopGroup-5-1] INFO  com.zaxxer.hikari.HikariDataSource - HikariPool-1 - Starting...
2022-11-09 20:15:23.944 [nioEventLoopGroup-5-1] INFO  com.zaxxer.hikari.HikariDataSource - HikariPool-1 - Start completed.
2022-11-09 20:15:23.994 [nioEventLoopGroup-5-1] INFO  c.zhangyun.filecloud.common.aspect.TraceLogAspect - 执行方法: UserServiceImpl.selectUserByName, 参数: username:"zhangyun" ====> User{userId=1, username=zhangyun, password=c6036a69be21cb660499b75718a3ef24, createTime=Thu Nov 03 11:03:15 CST 2022, modifiedTime=Thu Nov 03 11:03:15 CST 2022}, 时间: 176ms
2022-11-09 20:15:24.233 [nioEventLoopGroup-5-1] INFO  c.zhangyun.filecloud.common.aspect.TraceLogAspect - 执行方法: SessionService.bind, 参数: channel:{"active":true,"inputShutdown":false,"open":true,"outputShutdown":false,"registered":true,"shutdown":false,"writable":true}username:"zhangyun" ====> null, 时间: 1ms
2022-11-09 20:15:24.250 [nioEventLoopGroup-5-1] INFO  c.z.filecloud.common.protocol.MessageCodecSharable - 发送消息: {"code":200,"isRegister":true,"messageType":6,"msg":"登录成功！","msgDesc":"LoginResponseMessage","token":"0f34516f-e8dc-44e0-8a15-adfdeb10a43e"}
2022-11-09 20:15:29.257 [nioEventLoopGroup-5-1] INFO  c.zhangyun.filecloud.common.aspect.TraceLogAspect - 执行方法: SessionService.unbind, 参数: channel:{"active":false,"inputShutdown":true,"open":false,"outputShutdown":true,"registered":true,"shutdown":true,"writable":false} ====> null, 时间: 0ms
2022-11-09 20:15:29.260 [nioEventLoopGroup-5-1] INFO  com.zhangyun.filecloud.server.handler.QuitHandler - 连接 [id: 0x20263750, L:0.0.0.0/0.0.0.0:8090 ! R:/127.0.0.1:64004] 异常, null
2022-11-09 20:16:25.495 [nioEventLoopGroup-5-2] INFO  c.z.filecloud.common.protocol.MessageCodecSharable - 接收消息: {"messageType":10,"msgDesc":"LogoutMessage","token":"0f34516f-e8dc-44e0-8a15-adfdeb10a43e","username":"zhangyun"}
2022-11-09 20:16:25.507 [nioEventLoopGroup-5-2] INFO  com.zhangyun.filecloud.server.handler.QuitHandler - 连接 [id: 0x899b60dd, L:/127.0.0.1:8090 - R:/127.0.0.1:64826] 异常, null
2022-11-09 20:16:30.510 [nioEventLoopGroup-5-2] INFO  com.zhangyun.filecloud.server.handler.QuitHandler - 连接 [id: 0x899b60dd, L:/127.0.0.1:8090 ! R:/127.0.0.1:64826] 异常, null
2022-11-09 20:16:30.511 [nioEventLoopGroup-5-2] INFO  com.zhangyun.filecloud.server.handler.QuitHandler - 连接 [id: 0x899b60dd, L:/127.0.0.1:8090 ! R:/127.0.0.1:64826] 异常, null
2022-11-09 20:16:55.034 [nioEventLoopGroup-5-3] INFO  c.z.filecloud.common.protocol.MessageCodecSharable - 接收消息: {"deviceId":"933883a0-e655-49c8-a126-24166d0a2432","deviceName":"macbook air m1","messageType":5,"msgDesc":"LoginMessage","password":"1120","rootPath":"/Users/zhangyun/Documents/javaProject/FileCloud/rootPath","username":"zhangyun"}
2022-11-09 20:16:55.039 [nioEventLoopGroup-5-3] INFO  c.zhangyun.filecloud.common.aspect.TraceLogAspect - 执行方法: UserServiceImpl.selectUserByName, 参数: username:"zhangyun" ====> User{userId=1, username=zhangyun, password=c6036a69be21cb660499b75718a3ef24, createTime=Thu Nov 03 11:03:15 CST 2022, modifiedTime=Thu Nov 03 11:03:15 CST 2022}, 时间: 4ms
2022-11-09 20:16:55.041 [nioEventLoopGroup-5-3] INFO  c.zhangyun.filecloud.common.aspect.TraceLogAspect - 执行方法: SessionService.bind, 参数: channel:{"active":true,"inputShutdown":false,"open":true,"outputShutdown":false,"registered":true,"shutdown":false,"writable":true}username:"zhangyun" ====> null, 时间: 0ms
2022-11-09 20:16:55.046 [nioEventLoopGroup-5-3] INFO  c.z.filecloud.common.protocol.MessageCodecSharable - 发送消息: {"code":200,"isRegister":true,"messageType":6,"msg":"登录成功！","msgDesc":"LoginResponseMessage","token":"c4d7f0cf-2fe6-412a-8083-39b3e36fa6b9"}
2022-11-09 20:17:00.048 [nioEventLoopGroup-5-3] INFO  c.zhangyun.filecloud.common.aspect.TraceLogAspect - 执行方法: SessionService.unbind, 参数: channel:{"active":false,"inputShutdown":true,"open":false,"outputShutdown":true,"registered":true,"shutdown":true,"writable":false} ====> null, 时间: 0ms
2022-11-09 20:17:00.050 [nioEventLoopGroup-5-3] INFO  com.zhangyun.filecloud.server.handler.QuitHandler - 连接 [id: 0x2629434e, L:0.0.0.0/0.0.0.0:8090 ! R:/127.0.0.1:65209] 异常, null
2022-11-09 20:20:33.320 [SpringApplicationShutdownHook] INFO  com.zaxxer.hikari.HikariDataSource - HikariPool-1 - Shutdown initiated...
2022-11-09 20:20:33.327 [SpringApplicationShutdownHook] INFO  com.zaxxer.hikari.HikariDataSource - HikariPool-1 - Shutdown completed.
2022-11-09 20:20:36.432 [main] INFO  com.zhangyun.filecloud.server.ServerApplication - Starting ServerApplication using Java 1.8.0_342 on zhangyundeAir.lan with PID 62548 (/Users/zhangyun/Documents/javaProject/FileCloud/server/target/classes started by zhangyun in /Users/zhangyun/Documents/javaProject/FileCloud)
2022-11-09 20:20:36.436 [main] INFO  com.zhangyun.filecloud.server.ServerApplication - The following profiles are active: dev
2022-11-09 20:20:36.939 [main] INFO  o.s.d.r.config.RepositoryConfigurationDelegate - Multiple Spring Data modules found, entering strict repository configuration mode!
2022-11-09 20:20:36.941 [main] INFO  o.s.d.r.config.RepositoryConfigurationDelegate - Bootstrapping Spring Data Redis repositories in DEFAULT mode.
2022-11-09 20:20:36.955 [main] INFO  o.s.d.r.config.RepositoryConfigurationDelegate - Finished Spring Data repository scanning in 7 ms. Found 0 Redis repository interfaces.
2022-11-09 20:20:37.296 [main] INFO  o.s.boot.web.embedded.tomcat.TomcatWebServer - Tomcat initialized with port(s): 8080 (http)
2022-11-09 20:20:37.301 [main] INFO  org.apache.catalina.core.StandardService - Starting service [Tomcat]
2022-11-09 20:20:37.301 [main] INFO  org.apache.catalina.core.StandardEngine - Starting Servlet engine: [Apache Tomcat/9.0.54]
2022-11-09 20:20:37.343 [main] INFO  o.a.c.core.ContainerBase.[Tomcat].[localhost].[/] - Initializing Spring embedded WebApplicationContext
2022-11-09 20:20:37.343 [main] INFO  o.s.b.w.s.c.ServletWebServerApplicationContext - Root WebApplicationContext: initialization completed in 850 ms
2022-11-09 20:20:39.303 [main] INFO  s.d.s.w.PropertySourcedRequestMappingHandlerMapping - Mapped URL path [/v2/api-docs] onto method [springfox.documentation.swagger2.web.Swagger2Controller#getDocumentation(String, HttpServletRequest)]
2022-11-09 20:20:39.550 [main] WARN  o.s.b.a.freemarker.FreeMarkerAutoConfiguration - Cannot find template location(s): [classpath:/templates/] (please add some templates, check your FreeMarker configuration, or set spring.freemarker.checkTemplateLocation=false)
2022-11-09 20:20:39.600 [main] INFO  o.s.boot.web.embedded.tomcat.TomcatWebServer - Tomcat started on port(s): 8080 (http) with context path ''
2022-11-09 20:20:39.600 [main] INFO  s.d.s.web.plugins.DocumentationPluginsBootstrapper - Context refreshed
2022-11-09 20:20:39.607 [main] INFO  s.d.s.web.plugins.DocumentationPluginsBootstrapper - Found 1 custom documentation plugin(s)
2022-11-09 20:20:39.619 [main] INFO  s.d.spring.web.scanners.ApiListingReferenceScanner - Scanning for api listing references
2022-11-09 20:20:39.670 [main] INFO  com.zhangyun.filecloud.server.ServerApplication - Started ServerApplication in 3.701 seconds (JVM running for 4.09)
2022-11-09 20:20:39.671 [main] INFO  com.zhangyun.filecloud.server.service.NettyServer - netty server starting...
2022-11-09 20:20:39.672 [main] INFO  com.zhangyun.filecloud.server.service.NettyServer - netty server start success
2022-11-09 20:20:58.599 [nioEventLoopGroup-5-1] INFO  c.z.filecloud.common.protocol.MessageCodecSharable - 接收消息: {"deviceId":"933883a0-e655-49c8-a126-24166d0a2432","deviceName":"macbook air m1","messageType":5,"msgDesc":"LoginMessage","password":"1120","rootPath":"/Users/zhangyun/Documents/javaProject/FileCloud/rootPath","username":"zhangyun"}
2022-11-09 20:20:58.613 [nioEventLoopGroup-5-1] INFO  com.zaxxer.hikari.HikariDataSource - HikariPool-1 - Starting...
2022-11-09 20:20:58.674 [nioEventLoopGroup-5-1] INFO  com.zaxxer.hikari.HikariDataSource - HikariPool-1 - Start completed.
2022-11-09 20:20:58.703 [nioEventLoopGroup-5-1] INFO  c.zhangyun.filecloud.common.aspect.TraceLogAspect - 执行方法: UserServiceImpl.selectUserByName, 参数: username:"zhangyun" ====> User{userId=1, username=zhangyun, password=c6036a69be21cb660499b75718a3ef24, createTime=Thu Nov 03 11:03:15 CST 2022, modifiedTime=Thu Nov 03 11:03:15 CST 2022}, 时间: 100ms
2022-11-09 20:20:58.908 [nioEventLoopGroup-5-1] INFO  c.zhangyun.filecloud.common.aspect.TraceLogAspect - 执行方法: SessionService.bind, 参数: channel:{"active":true,"inputShutdown":false,"open":true,"outputShutdown":false,"registered":true,"shutdown":false,"writable":true}username:"zhangyun" ====> null, 时间: 1ms
2022-11-09 20:20:58.924 [nioEventLoopGroup-5-1] INFO  c.z.filecloud.common.protocol.MessageCodecSharable - 发送消息: {"code":200,"isRegister":true,"messageType":6,"msg":"登录成功！","msgDesc":"LoginResponseMessage","token":"9ae0a2d9-91d7-4890-b40d-37a02333587f"}
2022-11-09 20:21:01.575 [nioEventLoopGroup-5-1] INFO  c.z.filecloud.common.protocol.MessageCodecSharable - 接收消息: {"messageType":11,"msgDesc":"PingMessage"}
2022-11-09 20:21:01.578 [nioEventLoopGroup-5-1] INFO  c.z.filecloud.common.protocol.MessageCodecSharable - 发送消息: {"code":301,"messageType":7,"msg":"消息内容不完整","msgDesc":"AuthFailResponseMessage"}
2022-11-09 20:21:04.575 [nioEventLoopGroup-5-1] INFO  c.z.filecloud.common.protocol.MessageCodecSharable - 接收消息: {"messageType":11,"msgDesc":"PingMessage"}
2022-11-09 20:21:04.575 [nioEventLoopGroup-5-1] INFO  c.z.filecloud.common.protocol.MessageCodecSharable - 发送消息: {"code":301,"messageType":7,"msg":"消息内容不完整","msgDesc":"AuthFailResponseMessage"}
2022-11-09 20:21:07.577 [nioEventLoopGroup-5-1] INFO  c.z.filecloud.common.protocol.MessageCodecSharable - 接收消息: {"messageType":11,"msgDesc":"PingMessage"}
2022-11-09 20:21:07.578 [nioEventLoopGroup-5-1] INFO  c.z.filecloud.common.protocol.MessageCodecSharable - 发送消息: {"code":301,"messageType":7,"msg":"消息内容不完整","msgDesc":"AuthFailResponseMessage"}
2022-11-09 20:21:10.578 [nioEventLoopGroup-5-1] INFO  c.z.filecloud.common.protocol.MessageCodecSharable - 接收消息: {"messageType":11,"msgDesc":"PingMessage"}
2022-11-09 20:21:10.579 [nioEventLoopGroup-5-1] INFO  c.z.filecloud.common.protocol.MessageCodecSharable - 发送消息: {"code":301,"messageType":7,"msg":"消息内容不完整","msgDesc":"AuthFailResponseMessage"}
2022-11-09 20:21:13.582 [nioEventLoopGroup-5-1] INFO  c.z.filecloud.common.protocol.MessageCodecSharable - 接收消息: {"messageType":11,"msgDesc":"PingMessage"}
2022-11-09 20:21:13.583 [nioEventLoopGroup-5-1] INFO  c.z.filecloud.common.protocol.MessageCodecSharable - 发送消息: {"code":301,"messageType":7,"msg":"消息内容不完整","msgDesc":"AuthFailResponseMessage"}
2022-11-09 20:21:16.585 [nioEventLoopGroup-5-1] INFO  c.z.filecloud.common.protocol.MessageCodecSharable - 接收消息: {"messageType":11,"msgDesc":"PingMessage"}
2022-11-09 20:21:16.586 [nioEventLoopGroup-5-1] INFO  c.z.filecloud.common.protocol.MessageCodecSharable - 发送消息: {"code":301,"messageType":7,"msg":"消息内容不完整","msgDesc":"AuthFailResponseMessage"}
2022-11-09 20:21:19.588 [nioEventLoopGroup-5-1] INFO  c.z.filecloud.common.protocol.MessageCodecSharable - 接收消息: {"messageType":11,"msgDesc":"PingMessage"}
2022-11-09 20:21:19.589 [nioEventLoopGroup-5-1] INFO  c.z.filecloud.common.protocol.MessageCodecSharable - 发送消息: {"code":301,"messageType":7,"msg":"消息内容不完整","msgDesc":"AuthFailResponseMessage"}
2022-11-09 20:21:22.590 [nioEventLoopGroup-5-1] INFO  c.z.filecloud.common.protocol.MessageCodecSharable - 接收消息: {"messageType":11,"msgDesc":"PingMessage"}
2022-11-09 20:21:22.590 [nioEventLoopGroup-5-1] INFO  c.z.filecloud.common.protocol.MessageCodecSharable - 发送消息: {"code":301,"messageType":7,"msg":"消息内容不完整","msgDesc":"AuthFailResponseMessage"}
2022-11-09 20:21:25.592 [nioEventLoopGroup-5-1] INFO  c.z.filecloud.common.protocol.MessageCodecSharable - 接收消息: {"messageType":11,"msgDesc":"PingMessage"}
2022-11-09 20:21:25.592 [nioEventLoopGroup-5-1] INFO  c.z.filecloud.common.protocol.MessageCodecSharable - 发送消息: {"code":301,"messageType":7,"msg":"消息内容不完整","msgDesc":"AuthFailResponseMessage"}
2022-11-09 20:21:28.593 [nioEventLoopGroup-5-1] INFO  c.z.filecloud.common.protocol.MessageCodecSharable - 接收消息: {"messageType":11,"msgDesc":"PingMessage"}
2022-11-09 20:21:28.594 [nioEventLoopGroup-5-1] INFO  c.z.filecloud.common.protocol.MessageCodecSharable - 发送消息: {"code":301,"messageType":7,"msg":"消息内容不完整","msgDesc":"AuthFailResponseMessage"}
2022-11-09 20:21:28.764 [SpringApplicationShutdownHook] INFO  com.zaxxer.hikari.HikariDataSource - HikariPool-1 - Shutdown initiated...
2022-11-09 20:21:28.769 [SpringApplicationShutdownHook] INFO  com.zaxxer.hikari.HikariDataSource - HikariPool-1 - Shutdown completed.
2022-11-09 20:21:40.572 [main] INFO  com.zhangyun.filecloud.server.ServerApplication - Starting ServerApplication using Java 1.8.0_342 on zhangyundeAir.lan with PID 62777 (/Users/zhangyun/Documents/javaProject/FileCloud/server/target/classes started by zhangyun in /Users/zhangyun/Documents/javaProject/FileCloud)
2022-11-09 20:21:40.577 [main] INFO  com.zhangyun.filecloud.server.ServerApplication - The following profiles are active: dev
2022-11-09 20:21:41.126 [main] INFO  o.s.d.r.config.RepositoryConfigurationDelegate - Multiple Spring Data modules found, entering strict repository configuration mode!
2022-11-09 20:21:41.127 [main] INFO  o.s.d.r.config.RepositoryConfigurationDelegate - Bootstrapping Spring Data Redis repositories in DEFAULT mode.
2022-11-09 20:21:41.144 [main] INFO  o.s.d.r.config.RepositoryConfigurationDelegate - Finished Spring Data repository scanning in 9 ms. Found 0 Redis repository interfaces.
2022-11-09 20:21:41.537 [main] INFO  o.s.boot.web.embedded.tomcat.TomcatWebServer - Tomcat initialized with port(s): 8080 (http)
2022-11-09 20:21:41.543 [main] INFO  org.apache.catalina.core.StandardService - Starting service [Tomcat]
2022-11-09 20:21:41.543 [main] INFO  org.apache.catalina.core.StandardEngine - Starting Servlet engine: [Apache Tomcat/9.0.54]
2022-11-09 20:21:41.583 [main] INFO  o.a.c.core.ContainerBase.[Tomcat].[localhost].[/] - Initializing Spring embedded WebApplicationContext
2022-11-09 20:21:41.583 [main] INFO  o.s.b.w.s.c.ServletWebServerApplicationContext - Root WebApplicationContext: initialization completed in 973 ms
2022-11-09 20:21:43.196 [main] INFO  s.d.s.w.PropertySourcedRequestMappingHandlerMapping - Mapped URL path [/v2/api-docs] onto method [springfox.documentation.swagger2.web.Swagger2Controller#getDocumentation(String, HttpServletRequest)]
2022-11-09 20:21:43.470 [main] WARN  o.s.b.a.freemarker.FreeMarkerAutoConfiguration - Cannot find template location(s): [classpath:/templates/] (please add some templates, check your FreeMarker configuration, or set spring.freemarker.checkTemplateLocation=false)
2022-11-09 20:21:43.527 [main] INFO  o.s.boot.web.embedded.tomcat.TomcatWebServer - Tomcat started on port(s): 8080 (http) with context path ''
2022-11-09 20:21:43.528 [main] INFO  s.d.s.web.plugins.DocumentationPluginsBootstrapper - Context refreshed
2022-11-09 20:21:43.534 [main] INFO  s.d.s.web.plugins.DocumentationPluginsBootstrapper - Found 1 custom documentation plugin(s)
2022-11-09 20:21:43.547 [main] INFO  s.d.spring.web.scanners.ApiListingReferenceScanner - Scanning for api listing references
2022-11-09 20:21:43.601 [main] INFO  com.zhangyun.filecloud.server.ServerApplication - Started ServerApplication in 3.452 seconds (JVM running for 3.811)
2022-11-09 20:21:43.603 [main] INFO  com.zhangyun.filecloud.server.service.NettyServer - netty server starting...
2022-11-09 20:21:43.605 [main] INFO  com.zhangyun.filecloud.server.service.NettyServer - netty server start success
2022-11-09 20:26:52.688 [main] INFO  com.zhangyun.filecloud.server.ServerApplication - Starting ServerApplication using Java 1.8.0_342 on zhangyundeAir.lan with PID 63784 (/Users/zhangyun/Documents/javaProject/FileCloud/server/target/classes started by zhangyun in /Users/zhangyun/Documents/javaProject/FileCloud)
2022-11-09 20:26:52.689 [main] INFO  com.zhangyun.filecloud.server.ServerApplication - The following profiles are active: dev
2022-11-09 20:26:53.166 [main] INFO  o.s.d.r.config.RepositoryConfigurationDelegate - Multiple Spring Data modules found, entering strict repository configuration mode!
2022-11-09 20:26:53.167 [main] INFO  o.s.d.r.config.RepositoryConfigurationDelegate - Bootstrapping Spring Data Redis repositories in DEFAULT mode.
2022-11-09 20:26:53.181 [main] INFO  o.s.d.r.config.RepositoryConfigurationDelegate - Finished Spring Data repository scanning in 6 ms. Found 0 Redis repository interfaces.
2022-11-09 20:26:53.547 [main] INFO  o.s.boot.web.embedded.tomcat.TomcatWebServer - Tomcat initialized with port(s): 8080 (http)
2022-11-09 20:26:53.553 [main] INFO  org.apache.catalina.core.StandardService - Starting service [Tomcat]
2022-11-09 20:26:53.553 [main] INFO  org.apache.catalina.core.StandardEngine - Starting Servlet engine: [Apache Tomcat/9.0.54]
2022-11-09 20:26:53.595 [main] INFO  o.a.c.core.ContainerBase.[Tomcat].[localhost].[/] - Initializing Spring embedded WebApplicationContext
2022-11-09 20:26:53.596 [main] INFO  o.s.b.w.s.c.ServletWebServerApplicationContext - Root WebApplicationContext: initialization completed in 875 ms
2022-11-09 20:26:54.812 [main] INFO  s.d.s.w.PropertySourcedRequestMappingHandlerMapping - Mapped URL path [/v2/api-docs] onto method [springfox.documentation.swagger2.web.Swagger2Controller#getDocumentation(String, HttpServletRequest)]
2022-11-09 20:26:55.094 [main] WARN  o.s.b.a.freemarker.FreeMarkerAutoConfiguration - Cannot find template location(s): [classpath:/templates/] (please add some templates, check your FreeMarker configuration, or set spring.freemarker.checkTemplateLocation=false)
2022-11-09 20:26:55.153 [main] INFO  o.s.boot.web.embedded.tomcat.TomcatWebServer - Tomcat started on port(s): 8080 (http) with context path ''
2022-11-09 20:26:55.153 [main] INFO  s.d.s.web.plugins.DocumentationPluginsBootstrapper - Context refreshed
2022-11-09 20:26:55.160 [main] INFO  s.d.s.web.plugins.DocumentationPluginsBootstrapper - Found 1 custom documentation plugin(s)
2022-11-09 20:26:55.175 [main] INFO  s.d.spring.web.scanners.ApiListingReferenceScanner - Scanning for api listing references
2022-11-09 20:26:55.236 [main] INFO  com.zhangyun.filecloud.server.ServerApplication - Started ServerApplication in 2.87 seconds (JVM running for 3.215)
2022-11-09 20:26:55.237 [main] INFO  com.zhangyun.filecloud.server.service.NettyServer - netty server starting...
2022-11-09 20:26:55.239 [main] INFO  com.zhangyun.filecloud.server.service.NettyServer - netty server start success
2022-11-09 20:27:03.371 [nioEventLoopGroup-5-1] INFO  c.z.filecloud.common.protocol.MessageCodecSharable - 接收消息: {"deviceId":"933883a0-e655-49c8-a126-24166d0a2432","deviceName":"macbook air m1","messageType":5,"msgDesc":"LoginMessage","password":"1120","rootPath":"/Users/zhangyun/Documents/javaProject/FileCloud/rootPath","username":"zhangyun"}
2022-11-09 20:27:03.386 [nioEventLoopGroup-5-1] INFO  com.zaxxer.hikari.HikariDataSource - HikariPool-1 - Starting...
2022-11-09 20:27:03.460 [nioEventLoopGroup-5-1] INFO  com.zaxxer.hikari.HikariDataSource - HikariPool-1 - Start completed.
2022-11-09 20:27:03.492 [nioEventLoopGroup-5-1] INFO  c.zhangyun.filecloud.common.aspect.TraceLogAspect - 执行方法: UserServiceImpl.selectUserByName, 参数: username:"zhangyun" ====> User{userId=1, username=zhangyun, password=c6036a69be21cb660499b75718a3ef24, createTime=Thu Nov 03 11:03:15 CST 2022, modifiedTime=Thu Nov 03 11:03:15 CST 2022}, 时间: 116ms
2022-11-09 20:27:03.708 [nioEventLoopGroup-5-1] INFO  c.zhangyun.filecloud.common.aspect.TraceLogAspect - 执行方法: SessionService.bind, 参数: channel:{"active":true,"inputShutdown":false,"open":true,"outputShutdown":false,"registered":true,"shutdown":false,"writable":true}username:"zhangyun" ====> null, 时间: 1ms
2022-11-09 20:27:03.726 [nioEventLoopGroup-5-1] INFO  c.z.filecloud.common.protocol.MessageCodecSharable - 发送消息: {"code":200,"isRegister":true,"messageType":6,"msg":"登录成功！","msgDesc":"LoginResponseMessage","token":"e00bd452-e078-4935-9c90-4a80ec528a32"}
2022-11-09 20:27:06.343 [nioEventLoopGroup-5-1] INFO  c.z.filecloud.common.protocol.MessageCodecSharable - 接收消息: {"messageType":11,"msgDesc":"PingMessage"}
2022-11-09 20:27:09.346 [nioEventLoopGroup-5-1] INFO  c.z.filecloud.common.protocol.MessageCodecSharable - 接收消息: {"messageType":11,"msgDesc":"PingMessage"}
2022-11-09 20:27:12.344 [nioEventLoopGroup-5-1] INFO  c.z.filecloud.common.protocol.MessageCodecSharable - 接收消息: {"messageType":11,"msgDesc":"PingMessage"}
2022-11-09 20:27:15.346 [nioEventLoopGroup-5-1] INFO  c.z.filecloud.common.protocol.MessageCodecSharable - 接收消息: {"messageType":11,"msgDesc":"PingMessage"}
2022-11-09 20:27:18.348 [nioEventLoopGroup-5-1] INFO  c.z.filecloud.common.protocol.MessageCodecSharable - 接收消息: {"messageType":11,"msgDesc":"PingMessage"}
2022-11-09 20:27:21.352 [nioEventLoopGroup-5-1] INFO  c.z.filecloud.common.protocol.MessageCodecSharable - 接收消息: {"messageType":11,"msgDesc":"PingMessage"}
2022-11-09 20:27:24.353 [nioEventLoopGroup-5-1] INFO  c.z.filecloud.common.protocol.MessageCodecSharable - 接收消息: {"messageType":11,"msgDesc":"PingMessage"}
2022-11-09 20:27:27.361 [nioEventLoopGroup-5-1] INFO  c.z.filecloud.common.protocol.MessageCodecSharable - 接收消息: {"messageType":11,"msgDesc":"PingMessage"}
2022-11-09 20:27:30.359 [nioEventLoopGroup-5-1] INFO  c.z.filecloud.common.protocol.MessageCodecSharable - 接收消息: {"messageType":11,"msgDesc":"PingMessage"}
2022-11-09 20:27:33.361 [nioEventLoopGroup-5-1] INFO  c.z.filecloud.common.protocol.MessageCodecSharable - 接收消息: {"messageType":11,"msgDesc":"PingMessage"}
2022-11-09 20:27:36.362 [nioEventLoopGroup-5-1] INFO  c.z.filecloud.common.protocol.MessageCodecSharable - 接收消息: {"messageType":11,"msgDesc":"PingMessage"}
2022-11-09 20:27:39.366 [nioEventLoopGroup-5-1] INFO  c.z.filecloud.common.protocol.MessageCodecSharable - 接收消息: {"messageType":11,"msgDesc":"PingMessage"}
2022-11-09 20:27:42.367 [nioEventLoopGroup-5-1] INFO  c.z.filecloud.common.protocol.MessageCodecSharable - 接收消息: {"messageType":11,"msgDesc":"PingMessage"}
2022-11-09 20:27:45.369 [nioEventLoopGroup-5-1] INFO  c.z.filecloud.common.protocol.MessageCodecSharable - 接收消息: {"messageType":11,"msgDesc":"PingMessage"}
2022-11-09 20:27:48.374 [nioEventLoopGroup-5-1] INFO  c.z.filecloud.common.protocol.MessageCodecSharable - 接收消息: {"messageType":11,"msgDesc":"PingMessage"}
2022-11-09 20:27:51.376 [nioEventLoopGroup-5-1] INFO  c.z.filecloud.common.protocol.MessageCodecSharable - 接收消息: {"messageType":11,"msgDesc":"PingMessage"}
2022-11-09 20:27:54.378 [nioEventLoopGroup-5-1] INFO  c.z.filecloud.common.protocol.MessageCodecSharable - 接收消息: {"messageType":11,"msgDesc":"PingMessage"}
2022-11-09 20:27:57.380 [nioEventLoopGroup-5-1] INFO  c.z.filecloud.common.protocol.MessageCodecSharable - 接收消息: {"messageType":11,"msgDesc":"PingMessage"}
2022-11-09 20:28:00.381 [nioEventLoopGroup-5-1] INFO  c.z.filecloud.common.protocol.MessageCodecSharable - 接收消息: {"messageType":11,"msgDesc":"PingMessage"}
2022-11-09 20:28:03.384 [nioEventLoopGroup-5-1] INFO  c.z.filecloud.common.protocol.MessageCodecSharable - 接收消息: {"messageType":11,"msgDesc":"PingMessage"}
2022-11-09 20:28:06.387 [nioEventLoopGroup-5-1] INFO  c.z.filecloud.common.protocol.MessageCodecSharable - 接收消息: {"messageType":11,"msgDesc":"PingMessage"}
2022-11-09 20:28:09.389 [nioEventLoopGroup-5-1] INFO  c.z.filecloud.common.protocol.MessageCodecSharable - 接收消息: {"messageType":11,"msgDesc":"PingMessage"}
2022-11-09 20:28:12.389 [nioEventLoopGroup-5-1] INFO  c.z.filecloud.common.protocol.MessageCodecSharable - 接收消息: {"messageType":11,"msgDesc":"PingMessage"}
2022-11-09 20:28:15.392 [nioEventLoopGroup-5-1] INFO  c.z.filecloud.common.protocol.MessageCodecSharable - 接收消息: {"messageType":11,"msgDesc":"PingMessage"}
2022-11-09 20:28:18.394 [nioEventLoopGroup-5-1] INFO  c.z.filecloud.common.protocol.MessageCodecSharable - 接收消息: {"messageType":11,"msgDesc":"PingMessage"}
2022-11-09 20:28:21.397 [nioEventLoopGroup-5-1] INFO  c.z.filecloud.common.protocol.MessageCodecSharable - 接收消息: {"messageType":11,"msgDesc":"PingMessage"}
2022-11-09 20:28:24.399 [nioEventLoopGroup-5-1] INFO  c.z.filecloud.common.protocol.MessageCodecSharable - 接收消息: {"messageType":11,"msgDesc":"PingMessage"}
2022-11-09 20:28:27.401 [nioEventLoopGroup-5-1] INFO  c.z.filecloud.common.protocol.MessageCodecSharable - 接收消息: {"messageType":11,"msgDesc":"PingMessage"}
2022-11-09 20:28:30.403 [nioEventLoopGroup-5-1] INFO  c.z.filecloud.common.protocol.MessageCodecSharable - 接收消息: {"messageType":11,"msgDesc":"PingMessage"}
2022-11-09 20:28:33.407 [nioEventLoopGroup-5-1] INFO  c.z.filecloud.common.protocol.MessageCodecSharable - 接收消息: {"messageType":11,"msgDesc":"PingMessage"}
2022-11-09 20:28:36.408 [nioEventLoopGroup-5-1] INFO  c.z.filecloud.common.protocol.MessageCodecSharable - 接收消息: {"messageType":11,"msgDesc":"PingMessage"}
2022-11-09 20:28:39.411 [nioEventLoopGroup-5-1] INFO  c.z.filecloud.common.protocol.MessageCodecSharable - 接收消息: {"messageType":11,"msgDesc":"PingMessage"}
2022-11-09 20:28:42.412 [nioEventLoopGroup-5-1] INFO  c.z.filecloud.common.protocol.MessageCodecSharable - 接收消息: {"messageType":11,"msgDesc":"PingMessage"}
2022-11-09 20:28:45.414 [nioEventLoopGroup-5-1] INFO  c.z.filecloud.common.protocol.MessageCodecSharable - 接收消息: {"messageType":11,"msgDesc":"PingMessage"}
2022-11-09 20:28:48.415 [nioEventLoopGroup-5-1] INFO  c.z.filecloud.common.protocol.MessageCodecSharable - 接收消息: {"messageType":11,"msgDesc":"PingMessage"}
2022-11-09 20:28:51.417 [nioEventLoopGroup-5-1] INFO  c.z.filecloud.common.protocol.MessageCodecSharable - 接收消息: {"messageType":11,"msgDesc":"PingMessage"}
2022-11-09 20:28:54.420 [nioEventLoopGroup-5-1] INFO  c.z.filecloud.common.protocol.MessageCodecSharable - 接收消息: {"messageType":11,"msgDesc":"PingMessage"}
2022-11-09 20:28:57.421 [nioEventLoopGroup-5-1] INFO  c.z.filecloud.common.protocol.MessageCodecSharable - 接收消息: {"messageType":11,"msgDesc":"PingMessage"}
2022-11-09 20:29:00.423 [nioEventLoopGroup-5-1] INFO  c.z.filecloud.common.protocol.MessageCodecSharable - 接收消息: {"messageType":11,"msgDesc":"PingMessage"}
2022-11-09 20:29:03.424 [nioEventLoopGroup-5-1] INFO  c.z.filecloud.common.protocol.MessageCodecSharable - 接收消息: {"messageType":11,"msgDesc":"PingMessage"}
2022-11-09 20:29:06.428 [nioEventLoopGroup-5-1] INFO  c.z.filecloud.common.protocol.MessageCodecSharable - 接收消息: {"messageType":11,"msgDesc":"PingMessage"}
2022-11-09 20:29:09.431 [nioEventLoopGroup-5-1] INFO  c.z.filecloud.common.protocol.MessageCodecSharable - 接收消息: {"messageType":11,"msgDesc":"PingMessage"}
2022-11-09 20:29:12.432 [nioEventLoopGroup-5-1] INFO  c.z.filecloud.common.protocol.MessageCodecSharable - 接收消息: {"messageType":11,"msgDesc":"PingMessage"}
2022-11-09 20:29:15.436 [nioEventLoopGroup-5-1] INFO  c.z.filecloud.common.protocol.MessageCodecSharable - 接收消息: {"messageType":11,"msgDesc":"PingMessage"}
2022-11-09 20:29:18.268 [nioEventLoopGroup-5-1] INFO  c.z.filecloud.common.protocol.MessageCodecSharable - 接收消息: {"messageType":10,"msgDesc":"LogoutMessage","token":"e00bd452-e078-4935-9c90-4a80ec528a32","username":"zhangyun"}
2022-11-09 20:29:18.282 [nioEventLoopGroup-5-1] INFO  c.zhangyun.filecloud.common.aspect.TraceLogAspect - 执行方法: SessionService.unbind, 参数: channel:{"active":true,"inputShutdown":false,"open":true,"outputShutdown":false,"registered":true,"shutdown":false,"writable":true} ====> null, 时间: 0ms
2022-11-09 20:29:18.284 [nioEventLoopGroup-5-1] INFO  c.zhangyun.filecloud.server.handler.LogoutHandler - zhangyun 退出登录
2022-11-09 20:29:18.285 [nioEventLoopGroup-5-1] INFO  c.zhangyun.filecloud.common.aspect.TraceLogAspect - 执行方法: SessionService.unbind, 参数: channel:{"active":false,"inputShutdown":true,"open":false,"outputShutdown":true,"registered":true,"shutdown":true,"writable":false} ====> null, 时间: 0ms
2022-11-09 20:29:18.286 [nioEventLoopGroup-5-1] INFO  com.zhangyun.filecloud.server.handler.QuitHandler - 连接 [id: 0x146af26c, L:0.0.0.0/0.0.0.0:8090 ! R:/127.0.0.1:56830] 断开
2022-11-09 20:33:04.847 [SpringApplicationShutdownHook] INFO  com.zaxxer.hikari.HikariDataSource - HikariPool-1 - Shutdown initiated...
2022-11-09 20:33:04.854 [SpringApplicationShutdownHook] INFO  com.zaxxer.hikari.HikariDataSource - HikariPool-1 - Shutdown completed.
2022-11-09 20:33:13.985 [main] INFO  com.zhangyun.filecloud.server.ServerApplication - Starting ServerApplication using Java 1.8.0_342 on zhangyundeMacBook-Air.local with PID 65041 (/Users/zhangyun/Documents/javaProject/FileCloud/server/target/classes started by zhangyun in /Users/zhangyun/Documents/javaProject/FileCloud)
2022-11-09 20:33:13.986 [main] INFO  com.zhangyun.filecloud.server.ServerApplication - The following profiles are active: dev
2022-11-09 20:33:14.430 [main] INFO  o.s.d.r.config.RepositoryConfigurationDelegate - Multiple Spring Data modules found, entering strict repository configuration mode!
2022-11-09 20:33:14.432 [main] INFO  o.s.d.r.config.RepositoryConfigurationDelegate - Bootstrapping Spring Data Redis repositories in DEFAULT mode.
2022-11-09 20:33:14.447 [main] INFO  o.s.d.r.config.RepositoryConfigurationDelegate - Finished Spring Data repository scanning in 7 ms. Found 0 Redis repository interfaces.
2022-11-09 20:33:14.841 [main] INFO  o.s.boot.web.embedded.tomcat.TomcatWebServer - Tomcat initialized with port(s): 8080 (http)
2022-11-09 20:33:14.847 [main] INFO  org.apache.catalina.core.StandardService - Starting service [Tomcat]
2022-11-09 20:33:14.847 [main] INFO  org.apache.catalina.core.StandardEngine - Starting Servlet engine: [Apache Tomcat/9.0.54]
2022-11-09 20:33:14.889 [main] INFO  o.a.c.core.ContainerBase.[Tomcat].[localhost].[/] - Initializing Spring embedded WebApplicationContext
2022-11-09 20:33:14.889 [main] INFO  o.s.b.w.s.c.ServletWebServerApplicationContext - Root WebApplicationContext: initialization completed in 874 ms
2022-11-09 20:33:16.550 [main] INFO  s.d.s.w.PropertySourcedRequestMappingHandlerMapping - Mapped URL path [/v2/api-docs] onto method [springfox.documentation.swagger2.web.Swagger2Controller#getDocumentation(String, HttpServletRequest)]
2022-11-09 20:33:16.857 [main] WARN  o.s.b.a.freemarker.FreeMarkerAutoConfiguration - Cannot find template location(s): [classpath:/templates/] (please add some templates, check your FreeMarker configuration, or set spring.freemarker.checkTemplateLocation=false)
2022-11-09 20:33:16.938 [main] INFO  o.s.boot.web.embedded.tomcat.TomcatWebServer - Tomcat started on port(s): 8080 (http) with context path ''
2022-11-09 20:33:16.939 [main] INFO  s.d.s.web.plugins.DocumentationPluginsBootstrapper - Context refreshed
2022-11-09 20:33:16.949 [main] INFO  s.d.s.web.plugins.DocumentationPluginsBootstrapper - Found 1 custom documentation plugin(s)
2022-11-09 20:33:16.967 [main] INFO  s.d.spring.web.scanners.ApiListingReferenceScanner - Scanning for api listing references
2022-11-09 20:33:17.036 [main] INFO  com.zhangyun.filecloud.server.ServerApplication - Started ServerApplication in 3.338 seconds (JVM running for 3.709)
2022-11-09 20:33:17.039 [main] INFO  com.zhangyun.filecloud.server.service.NettyServer - netty server starting...
2022-11-09 20:33:17.040 [main] INFO  com.zhangyun.filecloud.server.service.NettyServer - netty server start success
2022-11-09 20:33:22.297 [nioEventLoopGroup-5-1] INFO  c.z.filecloud.common.protocol.MessageCodecSharable - 接收消息: {"deviceId":"933883a0-e655-49c8-a126-24166d0a2432","deviceName":"macbook air m1","messageType":5,"msgDesc":"LoginMessage","password":"1120","rootPath":"/Users/zhangyun/Documents/javaProject/FileCloud/rootPath","username":"zhangyun"}
2022-11-09 20:33:22.314 [nioEventLoopGroup-5-1] INFO  com.zaxxer.hikari.HikariDataSource - HikariPool-1 - Starting...
2022-11-09 20:33:22.384 [nioEventLoopGroup-5-1] INFO  com.zaxxer.hikari.HikariDataSource - HikariPool-1 - Start completed.
2022-11-09 20:33:22.417 [nioEventLoopGroup-5-1] INFO  c.zhangyun.filecloud.common.aspect.TraceLogAspect - 执行方法: UserServiceImpl.selectUserByName, 参数: username:"zhangyun" ====> User{userId=1, username=zhangyun, password=c6036a69be21cb660499b75718a3ef24, createTime=Thu Nov 03 11:03:15 CST 2022, modifiedTime=Thu Nov 03 11:03:15 CST 2022}, 时间: 114ms
2022-11-09 20:33:22.645 [nioEventLoopGroup-5-1] INFO  c.zhangyun.filecloud.common.aspect.TraceLogAspect - 执行方法: SessionService.bind, 参数: channel:{"active":true,"inputShutdown":false,"open":true,"outputShutdown":false,"registered":true,"shutdown":false,"writable":true}username:"zhangyun" ====> null, 时间: 1ms
2022-11-09 20:33:22.661 [nioEventLoopGroup-5-1] INFO  c.z.filecloud.common.protocol.MessageCodecSharable - 发送消息: {"code":200,"isRegister":true,"messageType":6,"msg":"登录成功！","msgDesc":"LoginResponseMessage","token":"ee7181a8-3c24-4508-a2ec-70dfb0e905c5"}
2022-11-09 20:43:35.860 [nioEventLoopGroup-5-1] INFO  c.zhangyun.filecloud.common.aspect.TraceLogAspect - 执行方法: SessionService.unbind, 参数: channel:{"active":false,"inputShutdown":true,"open":false,"outputShutdown":true,"registered":true,"shutdown":true,"writable":false} ====> null, 时间: 0ms
2022-11-09 20:43:35.861 [nioEventLoopGroup-5-1] INFO  com.zhangyun.filecloud.server.handler.QuitHandler - 连接 [id: 0x0b8fd9ad, L:0.0.0.0/0.0.0.0:8090 ! R:/127.0.0.1:61802] 断开
2022-11-09 20:56:53.601 [SpringApplicationShutdownHook] INFO  com.zaxxer.hikari.HikariDataSource - HikariPool-1 - Shutdown initiated...
2022-11-09 20:56:53.609 [SpringApplicationShutdownHook] INFO  com.zaxxer.hikari.HikariDataSource - HikariPool-1 - Shutdown completed.
